[ 2017-02-12T08:05:08+08:00 ] ::1 /PShunt/index.php/Home/Login/login.html
INFO: [ app_init ] --START--
INFO: Run Behavior\BuildLiteBehavior [ RunTime:0.000000s ]
INFO: [ app_init ] --END-- [ RunTime:0.014001s ]
INFO: [ app_begin ] --START--
INFO: Run Behavior\ReadHtmlCacheBehavior [ RunTime:0.018001s ]
INFO: [ app_begin ] --END-- [ RunTime:0.018001s ]
INFO: [ view_parse ] --START--
INFO: [ template_filter ] --START--
INFO: Run Behavior\ContentReplaceBehavior [ RunTime:0.000000s ]
INFO: [ template_filter ] --END-- [ RunTime:0.000000s ]
INFO: Run Behavior\ParseTemplateBehavior [ RunTime:0.051003s ]
INFO: [ view_parse ] --END-- [ RunTime:0.051003s ]
INFO: [ view_filter ] --START--
INFO: Run Behavior\WriteHtmlCacheBehavior [ RunTime:0.001000s ]
INFO: [ view_filter ] --END-- [ RunTime:0.001000s ]
INFO: [ app_end ] --START--
INFO: Run Behavior\ShowPageTraceBehavior [ RunTime:0.000000s ]
INFO: [ app_end ] --END-- [ RunTime:0.000000s ]

[ 2017-02-12T08:05:09+08:00 ] ::1 /PShunt/index.php/Home/Login/verifyImg
INFO: [ app_init ] --START--
INFO: Run Behavior\BuildLiteBehavior [ RunTime:0.000000s ]
INFO: [ app_init ] --END-- [ RunTime:0.000000s ]
INFO: [ app_begin ] --START--
INFO: Run Behavior\ReadHtmlCacheBehavior [ RunTime:0.001000s ]
INFO: [ app_begin ] --END-- [ RunTime:0.001000s ]
INFO: [ app_end ] --START--
INFO: Run Behavior\ShowPageTraceBehavior [ RunTime:0.001000s ]
INFO: [ app_end ] --END-- [ RunTime:0.001000s ]

[ 2017-02-12T08:05:30+08:00 ] ::1 /PShunt/index.php/Home/Login/doLogin
INFO: [ app_init ] --START--
INFO: Run Behavior\BuildLiteBehavior [ RunTime:0.000000s ]
INFO: [ app_init ] --END-- [ RunTime:0.000000s ]
INFO: [ app_begin ] --START--
INFO: Run Behavior\ReadHtmlCacheBehavior [ RunTime:0.001000s ]
INFO: [ app_begin ] --END-- [ RunTime:0.001000s ]
SQL: SHOW COLUMNS FROM `ps_student` [ RunTime:0.0020s ]
INFO: [ app_end ] --START--
INFO: Run Behavior\ShowPageTraceBehavior [ RunTime:0.000000s ]
INFO: [ app_end ] --END-- [ RunTime:0.000000s ]

[ 2017-02-12T08:05:30+08:00 ] ::1 /PShunt/index.php/Home/Login/verifyImg?0.18830587646054808
INFO: [ app_init ] --START--
INFO: Run Behavior\BuildLiteBehavior [ RunTime:0.000000s ]
INFO: [ app_init ] --END-- [ RunTime:0.001000s ]
INFO: [ app_begin ] --START--
INFO: Run Behavior\ReadHtmlCacheBehavior [ RunTime:0.001000s ]
INFO: [ app_begin ] --END-- [ RunTime:0.001000s ]
INFO: [ app_end ] --START--
INFO: Run Behavior\ShowPageTraceBehavior [ RunTime:0.000000s ]
INFO: [ app_end ] --END-- [ RunTime:0.000000s ]

[ 2017-02-12T08:05:33+08:00 ] ::1 /PShunt/index.php/Home/Login/verifyImg?0.5732736187094987
INFO: [ app_init ] --START--
INFO: Run Behavior\BuildLiteBehavior [ RunTime:0.000000s ]
INFO: [ app_init ] --END-- [ RunTime:0.001000s ]
INFO: [ app_begin ] --START--
INFO: Run Behavior\ReadHtmlCacheBehavior [ RunTime:0.001001s ]
INFO: [ app_begin ] --END-- [ RunTime:0.001001s ]
INFO: [ app_end ] --START--
INFO: Run Behavior\ShowPageTraceBehavior [ RunTime:0.001000s ]
INFO: [ app_end ] --END-- [ RunTime:0.001000s ]

[ 2017-02-12T08:05:38+08:00 ] ::1 /PShunt/index.php/Home/Login/doLogin
INFO: [ app_init ] --START--
INFO: Run Behavior\BuildLiteBehavior [ RunTime:0.000000s ]
INFO: [ app_init ] --END-- [ RunTime:0.001000s ]
INFO: [ app_begin ] --START--
INFO: Run Behavior\ReadHtmlCacheBehavior [ RunTime:0.001000s ]
INFO: [ app_begin ] --END-- [ RunTime:0.001000s ]
SQL: SHOW COLUMNS FROM `ps_student` [ RunTime:0.0010s ]
SQL: SELECT * FROM `ps_student` WHERE ( si_number=123 )  [ RunTime:0.0140s ]
INFO: [ app_end ] --START--
INFO: Run Behavior\ShowPageTraceBehavior [ RunTime:0.001000s ]
INFO: [ app_end ] --END-- [ RunTime:0.001000s ]

[ 2017-02-12T08:05:38+08:00 ] ::1 /PShunt/index.php/Home/User/choice
INFO: [ app_init ] --START--
INFO: Run Behavior\BuildLiteBehavior [ RunTime:0.001000s ]
INFO: [ app_init ] --END-- [ RunTime:0.001000s ]
INFO: [ app_begin ] --START--
INFO: Run Behavior\ReadHtmlCacheBehavior [ RunTime:0.001000s ]
INFO: [ app_begin ] --END-- [ RunTime:0.001000s ]
SQL: SHOW COLUMNS FROM `ps_course` [ RunTime:0.0020s ]
SQL: SHOW COLUMNS FROM `ps_tree` [ RunTime:0.0040s ]
SQL: SHOW COLUMNS FROM `ps_student` [ RunTime:0.0020s ]
SQL: SELECT `si_name`,`si_grade`,`si_profession`,`si_class` FROM `ps_student` WHERE ( si_number = 123 )  [ RunTime:0.0000s ]
SQL: SHOW COLUMNS FROM `ps_student` [ RunTime:0.0020s ]
SQL: SELECT `si_name`,`si_grade`,`si_profession`,`si_class` FROM `ps_student` WHERE ( si_number = 123 )  [ RunTime:0.0010s ]
INFO: [ view_parse ] --START--
INFO: [ template_filter ] --START--
INFO: Run Behavior\ContentReplaceBehavior [ RunTime:0.000000s ]
INFO: [ template_filter ] --END-- [ RunTime:0.000000s ]
INFO: Run Behavior\ParseTemplateBehavior [ RunTime:0.005001s ]
INFO: [ view_parse ] --END-- [ RunTime:0.005001s ]
INFO: [ view_filter ] --START--
INFO: Run Behavior\WriteHtmlCacheBehavior [ RunTime:0.000000s ]
INFO: [ view_filter ] --END-- [ RunTime:0.000000s ]
INFO: [ app_end ] --START--
INFO: Run Behavior\ShowPageTraceBehavior [ RunTime:0.001000s ]
INFO: [ app_end ] --END-- [ RunTime:0.001000s ]

[ 2017-02-12T08:05:38+08:00 ] ::1 /PShunt/index.php/Home/Login/verifyImg?0.4470584764521175
INFO: [ app_init ] --START--
INFO: Run Behavior\BuildLiteBehavior [ RunTime:0.000000s ]
INFO: [ app_init ] --END-- [ RunTime:0.001000s ]
INFO: [ app_begin ] --START--
INFO: Run Behavior\ReadHtmlCacheBehavior [ RunTime:0.001000s ]
INFO: [ app_begin ] --END-- [ RunTime:0.001000s ]
INFO: [ app_end ] --START--
INFO: Run Behavior\ShowPageTraceBehavior [ RunTime:0.000000s ]
INFO: [ app_end ] --END-- [ RunTime:0.000000s ]

[ 2017-02-12T08:05:38+08:00 ] ::1 /PShunt/index.php/Home/User/getChoice
INFO: [ app_init ] --START--
INFO: Run Behavior\BuildLiteBehavior [ RunTime:0.000000s ]
INFO: [ app_init ] --END-- [ RunTime:0.000000s ]
INFO: [ app_begin ] --START--
INFO: Run Behavior\ReadHtmlCacheBehavior [ RunTime:0.000000s ]
INFO: [ app_begin ] --END-- [ RunTime:0.000000s ]
SQL: SHOW COLUMNS FROM `ps_course` [ RunTime:0.0020s ]
SQL: SHOW COLUMNS FROM `ps_tree` [ RunTime:0.0010s ]
SQL: SHOW COLUMNS FROM `ps_student` [ RunTime:0.0010s ]
SQL: SELECT `si_name`,`si_grade`,`si_profession`,`si_class` FROM `ps_student` WHERE ( si_number = 123 )  [ RunTime:0.0000s ]
SQL: SELECT branch_id AS id,parent_id AS pid,`name`,`course_id`,tlevel AS level FROM `ps_tree` WHERE ( name = '计算机科学与技术' )  [ RunTime:0.0000s ]
SQL: SELECT branch_id AS id,parent_id AS pid,`name`,`course_id`,tlevel AS level FROM `ps_tree` WHERE ( parent_id = 2 )  [ RunTime:0.0000s ]
SQL: SELECT branch_id AS id,parent_id AS pid,`name`,`course_id`,tlevel AS level FROM `ps_tree` WHERE ( parent_id = 5 )  [ RunTime:0.0000s ]
SQL: SELECT branch_id AS id,parent_id AS pid,`name`,`course_id`,tlevel AS level FROM `ps_tree` WHERE ( parent_id = 7 )  [ RunTime:0.0000s ]
SQL: SELECT branch_id AS id,parent_id AS pid,`name`,`course_id`,tlevel AS level FROM `ps_tree` WHERE ( parent_id = 14 )  [ RunTime:0.0000s ]
SQL: SELECT branch_id AS id,parent_id AS pid,`name`,`course_id`,tlevel AS level FROM `ps_tree` WHERE ( parent_id = 25 )  [ RunTime:0.0000s ]
SQL: SELECT branch_id AS id,parent_id AS pid,`name`,`course_id`,tlevel AS level FROM `ps_tree` WHERE ( parent_id = 8 )  [ RunTime:0.0000s ]
SQL: SELECT branch_id AS id,parent_id AS pid,`name`,`course_id`,tlevel AS level FROM `ps_tree` WHERE ( parent_id = 15 )  [ RunTime:0.0010s ]
SQL: SELECT branch_id AS id,parent_id AS pid,`name`,`course_id`,tlevel AS level FROM `ps_tree` WHERE ( parent_id = 16 )  [ RunTime:0.0000s ]
SQL: SELECT branch_id AS id,parent_id AS pid,`name`,`course_id`,tlevel AS level FROM `ps_tree` WHERE ( parent_id = 6 )  [ RunTime:0.0000s ]
SQL: SELECT branch_id AS id,parent_id AS pid,`name`,`course_id`,tlevel AS level FROM `ps_tree` WHERE ( parent_id = 9 )  [ RunTime:0.0000s ]
SQL: SELECT branch_id AS id,parent_id AS pid,`name`,`course_id`,tlevel AS level FROM `ps_tree` WHERE ( parent_id = 17 )  [ RunTime:0.0000s ]
SQL: SELECT branch_id AS id,parent_id AS pid,`name`,`course_id`,tlevel AS level FROM `ps_tree` WHERE ( parent_id = 18 )  [ RunTime:0.0000s ]
SQL: SELECT branch_id AS id,parent_id AS pid,`name`,`course_id`,tlevel AS level FROM `ps_tree` WHERE ( parent_id = 10 )  [ RunTime:0.0000s ]
SQL: SELECT branch_id AS id,parent_id AS pid,`name`,`course_id`,tlevel AS level FROM `ps_tree` WHERE ( parent_id = 19 )  [ RunTime:0.0000s ]
SQL: SELECT branch_id AS id,parent_id AS pid,`name`,`course_id`,tlevel AS level FROM `ps_tree` WHERE ( parent_id = 20 )  [ RunTime:0.0000s ]
SQL: SELECT branch_id AS id,parent_id AS pid,`name`,`course_id`,tlevel AS level FROM `ps_tree` WHERE ( parent_id = 11 )  [ RunTime:0.0000s ]
SQL: SELECT branch_id AS id,parent_id AS pid,`name`,`course_id`,tlevel AS level FROM `ps_tree` WHERE ( parent_id = 21 )  [ RunTime:0.0000s ]
SQL: SELECT branch_id AS id,parent_id AS pid,`name`,`course_id`,tlevel AS level FROM `ps_tree` WHERE ( parent_id = 22 )  [ RunTime:0.0000s ]
SQL: SELECT branch_id AS id,parent_id AS pid,`name`,`course_id`,tlevel AS level FROM `ps_tree` WHERE ( parent_id = 12 )  [ RunTime:0.0000s ]
SQL: SELECT branch_id AS id,parent_id AS pid,`name`,`course_id`,tlevel AS level FROM `ps_tree` WHERE ( parent_id = 23 )  [ RunTime:0.0000s ]
SQL: SELECT branch_id AS id,parent_id AS pid,`name`,`course_id`,tlevel AS level FROM `ps_tree` WHERE ( parent_id = 24 )  [ RunTime:0.0000s ]
INFO: [ app_end ] --START--
INFO: Run Behavior\ShowPageTraceBehavior [ RunTime:0.001000s ]
INFO: [ app_end ] --END-- [ RunTime:0.001000s ]

[ 2017-02-12T08:05:41+08:00 ] ::1 /PShunt/index.php/Home/User/getCourse
INFO: [ app_init ] --START--
INFO: Run Behavior\BuildLiteBehavior [ RunTime:0.000000s ]
INFO: [ app_init ] --END-- [ RunTime:0.000000s ]
INFO: [ app_begin ] --START--
INFO: Run Behavior\ReadHtmlCacheBehavior [ RunTime:0.000000s ]
INFO: [ app_begin ] --END-- [ RunTime:0.000000s ]
SQL: SHOW COLUMNS FROM `ps_course` [ RunTime:0.0020s ]
SQL: SHOW COLUMNS FROM `ps_tree` [ RunTime:0.0050s ]
SQL: SHOW COLUMNS FROM `ps_student` [ RunTime:0.0030s ]
SQL: SELECT `si_name`,`si_grade`,`si_profession`,`si_class` FROM `ps_student` WHERE ( si_number = 123 )  [ RunTime:0.0000s ]
SQL: SELECT `c_teacher`,`c_introduce` FROM `ps_course` WHERE ( c_id = 9 )  [ RunTime:0.0010s ]
NOTIC: [8] Undefined index: c_name D:\xampp\htdocs\PShunt\App\Home\Controller\UserController.class.php 第 83 行.
INFO: [ app_end ] --START--
INFO: Run Behavior\ShowPageTraceBehavior [ RunTime:0.003000s ]
INFO: [ app_end ] --END-- [ RunTime:0.003000s ]

[ 2017-02-12T08:05:44+08:00 ] ::1 /PShunt/index.php/Home/User/getCourse
INFO: [ app_init ] --START--
INFO: Run Behavior\BuildLiteBehavior [ RunTime:0.000000s ]
INFO: [ app_init ] --END-- [ RunTime:0.000000s ]
INFO: [ app_begin ] --START--
INFO: Run Behavior\ReadHtmlCacheBehavior [ RunTime:0.000000s ]
INFO: [ app_begin ] --END-- [ RunTime:0.000000s ]
SQL: SHOW COLUMNS FROM `ps_course` [ RunTime:0.0010s ]
SQL: SHOW COLUMNS FROM `ps_tree` [ RunTime:0.0020s ]
SQL: SHOW COLUMNS FROM `ps_student` [ RunTime:0.0010s ]
SQL: SELECT `si_name`,`si_grade`,`si_profession`,`si_class` FROM `ps_student` WHERE ( si_number = 123 )  [ RunTime:0.0000s ]
SQL: SELECT `c_teacher`,`c_introduce` FROM `ps_course` WHERE ( c_id = 10 )  [ RunTime:0.0000s ]
NOTIC: [8] Undefined index: c_name D:\xampp\htdocs\PShunt\App\Home\Controller\UserController.class.php 第 83 行.
INFO: [ app_end ] --START--
INFO: Run Behavior\ShowPageTraceBehavior [ RunTime:0.001001s ]
INFO: [ app_end ] --END-- [ RunTime:0.001001s ]

[ 2017-02-12T08:05:45+08:00 ] ::1 /PShunt/index.php/Home/User/getCourse
INFO: [ app_init ] --START--
INFO: Run Behavior\BuildLiteBehavior [ RunTime:0.000000s ]
INFO: [ app_init ] --END-- [ RunTime:0.000000s ]
INFO: [ app_begin ] --START--
INFO: Run Behavior\ReadHtmlCacheBehavior [ RunTime:0.000000s ]
INFO: [ app_begin ] --END-- [ RunTime:0.000000s ]
SQL: SHOW COLUMNS FROM `ps_course` [ RunTime:0.0020s ]
SQL: SHOW COLUMNS FROM `ps_tree` [ RunTime:0.0020s ]
SQL: SHOW COLUMNS FROM `ps_student` [ RunTime:0.0020s ]
SQL: SELECT `si_name`,`si_grade`,`si_profession`,`si_class` FROM `ps_student` WHERE ( si_number = 123 )  [ RunTime:0.0000s ]
SQL: SELECT `c_teacher`,`c_introduce` FROM `ps_course` WHERE ( c_id = 11 )  [ RunTime:0.0010s ]
NOTIC: [8] Undefined index: c_name D:\xampp\htdocs\PShunt\App\Home\Controller\UserController.class.php 第 83 行.
INFO: [ app_end ] --START--
INFO: Run Behavior\ShowPageTraceBehavior [ RunTime:0.000000s ]
INFO: [ app_end ] --END-- [ RunTime:0.000000s ]

[ 2017-02-12T08:05:46+08:00 ] ::1 /PShunt/index.php/Home/User/getCourse
INFO: [ app_init ] --START--
INFO: Run Behavior\BuildLiteBehavior [ RunTime:0.000000s ]
INFO: [ app_init ] --END-- [ RunTime:0.000000s ]
INFO: [ app_begin ] --START--
INFO: Run Behavior\ReadHtmlCacheBehavior [ RunTime:0.001000s ]
INFO: [ app_begin ] --END-- [ RunTime:0.001000s ]
SQL: SHOW COLUMNS FROM `ps_course` [ RunTime:0.0020s ]
SQL: SHOW COLUMNS FROM `ps_tree` [ RunTime:0.0010s ]
SQL: SHOW COLUMNS FROM `ps_student` [ RunTime:0.0010s ]
SQL: SELECT `si_name`,`si_grade`,`si_profession`,`si_class` FROM `ps_student` WHERE ( si_number = 123 )  [ RunTime:0.0000s ]
SQL: SELECT `c_teacher`,`c_introduce` FROM `ps_course` WHERE ( c_id = 12 )  [ RunTime:0.0000s ]
NOTIC: [8] Undefined index: c_name D:\xampp\htdocs\PShunt\App\Home\Controller\UserController.class.php 第 83 行.
INFO: [ app_end ] --START--
INFO: Run Behavior\ShowPageTraceBehavior [ RunTime:0.001000s ]
INFO: [ app_end ] --END-- [ RunTime:0.001000s ]

[ 2017-02-12T08:18:07+08:00 ] ::1 /PShunt/index.php/Home/User/choice
INFO: [ app_init ] --START--
INFO: Run Behavior\BuildLiteBehavior [ RunTime:0.000000s ]
INFO: [ app_init ] --END-- [ RunTime:0.001000s ]
INFO: [ app_begin ] --START--
INFO: Run Behavior\ReadHtmlCacheBehavior [ RunTime:0.001000s ]
INFO: [ app_begin ] --END-- [ RunTime:0.001000s ]
SQL: SHOW COLUMNS FROM `ps_course` [ RunTime:0.0010s ]
SQL: SHOW COLUMNS FROM `ps_tree` [ RunTime:0.0010s ]
SQL: SHOW COLUMNS FROM `ps_student` [ RunTime:0.0020s ]
SQL: SELECT `si_name`,`si_grade`,`si_profession`,`si_class` FROM `ps_student` WHERE ( si_number = 123 )  [ RunTime:0.0000s ]
SQL: SHOW COLUMNS FROM `ps_student` [ RunTime:0.0020s ]
SQL: SELECT `si_name`,`si_grade`,`si_profession`,`si_class` FROM `ps_student` WHERE ( si_number = 123 )  [ RunTime:0.0000s ]
INFO: [ view_parse ] --START--
INFO: [ template_filter ] --START--
INFO: Run Behavior\ContentReplaceBehavior [ RunTime:0.000000s ]
INFO: [ template_filter ] --END-- [ RunTime:0.000000s ]
INFO: Run Behavior\ParseTemplateBehavior [ RunTime:0.007000s ]
INFO: [ view_parse ] --END-- [ RunTime:0.007000s ]
INFO: [ view_filter ] --START--
INFO: Run Behavior\WriteHtmlCacheBehavior [ RunTime:0.000000s ]
INFO: [ view_filter ] --END-- [ RunTime:0.000000s ]
INFO: [ app_end ] --START--
INFO: Run Behavior\ShowPageTraceBehavior [ RunTime:0.001000s ]
INFO: [ app_end ] --END-- [ RunTime:0.001000s ]

[ 2017-02-12T08:18:07+08:00 ] ::1 /PShunt/index.php/Home/User/getChoice
INFO: [ app_init ] --START--
INFO: Run Behavior\BuildLiteBehavior [ RunTime:0.000000s ]
INFO: [ app_init ] --END-- [ RunTime:0.001000s ]
INFO: [ app_begin ] --START--
INFO: Run Behavior\ReadHtmlCacheBehavior [ RunTime:0.000000s ]
INFO: [ app_begin ] --END-- [ RunTime:0.000000s ]
SQL: SHOW COLUMNS FROM `ps_course` [ RunTime:0.0080s ]
SQL: SHOW COLUMNS FROM `ps_tree` [ RunTime:0.0020s ]
SQL: SHOW COLUMNS FROM `ps_student` [ RunTime:0.0020s ]
SQL: SELECT `si_name`,`si_grade`,`si_profession`,`si_class` FROM `ps_student` WHERE ( si_number = 123 )  [ RunTime:0.0000s ]
SQL: SELECT branch_id AS id,parent_id AS pid,`name`,`course_id`,tlevel AS level FROM `ps_tree` WHERE ( name = '计算机科学与技术' )  [ RunTime:0.0000s ]
SQL: SELECT branch_id AS id,parent_id AS pid,`name`,`course_id`,tlevel AS level FROM `ps_tree` WHERE ( parent_id = 2 )  [ RunTime:0.0000s ]
SQL: SELECT branch_id AS id,parent_id AS pid,`name`,`course_id`,tlevel AS level FROM `ps_tree` WHERE ( parent_id = 5 )  [ RunTime:0.0010s ]
SQL: SELECT branch_id AS id,parent_id AS pid,`name`,`course_id`,tlevel AS level FROM `ps_tree` WHERE ( parent_id = 7 )  [ RunTime:0.0000s ]
SQL: SELECT branch_id AS id,parent_id AS pid,`name`,`course_id`,tlevel AS level FROM `ps_tree` WHERE ( parent_id = 14 )  [ RunTime:0.0000s ]
SQL: SELECT branch_id AS id,parent_id AS pid,`name`,`course_id`,tlevel AS level FROM `ps_tree` WHERE ( parent_id = 25 )  [ RunTime:0.0000s ]
SQL: SELECT branch_id AS id,parent_id AS pid,`name`,`course_id`,tlevel AS level FROM `ps_tree` WHERE ( parent_id = 8 )  [ RunTime:0.0000s ]
SQL: SELECT branch_id AS id,parent_id AS pid,`name`,`course_id`,tlevel AS level FROM `ps_tree` WHERE ( parent_id = 15 )  [ RunTime:0.0000s ]
SQL: SELECT branch_id AS id,parent_id AS pid,`name`,`course_id`,tlevel AS level FROM `ps_tree` WHERE ( parent_id = 16 )  [ RunTime:0.0000s ]
SQL: SELECT branch_id AS id,parent_id AS pid,`name`,`course_id`,tlevel AS level FROM `ps_tree` WHERE ( parent_id = 6 )  [ RunTime:0.0000s ]
SQL: SELECT branch_id AS id,parent_id AS pid,`name`,`course_id`,tlevel AS level FROM `ps_tree` WHERE ( parent_id = 9 )  [ RunTime:0.0000s ]
SQL: SELECT branch_id AS id,parent_id AS pid,`name`,`course_id`,tlevel AS level FROM `ps_tree` WHERE ( parent_id = 17 )  [ RunTime:0.0000s ]
SQL: SELECT branch_id AS id,parent_id AS pid,`name`,`course_id`,tlevel AS level FROM `ps_tree` WHERE ( parent_id = 18 )  [ RunTime:0.0000s ]
SQL: SELECT branch_id AS id,parent_id AS pid,`name`,`course_id`,tlevel AS level FROM `ps_tree` WHERE ( parent_id = 10 )  [ RunTime:0.0010s ]
SQL: SELECT branch_id AS id,parent_id AS pid,`name`,`course_id`,tlevel AS level FROM `ps_tree` WHERE ( parent_id = 19 )  [ RunTime:0.0000s ]
SQL: SELECT branch_id AS id,parent_id AS pid,`name`,`course_id`,tlevel AS level FROM `ps_tree` WHERE ( parent_id = 20 )  [ RunTime:0.0000s ]
SQL: SELECT branch_id AS id,parent_id AS pid,`name`,`course_id`,tlevel AS level FROM `ps_tree` WHERE ( parent_id = 11 )  [ RunTime:0.0000s ]
SQL: SELECT branch_id AS id,parent_id AS pid,`name`,`course_id`,tlevel AS level FROM `ps_tree` WHERE ( parent_id = 21 )  [ RunTime:0.0000s ]
SQL: SELECT branch_id AS id,parent_id AS pid,`name`,`course_id`,tlevel AS level FROM `ps_tree` WHERE ( parent_id = 22 )  [ RunTime:0.0000s ]
SQL: SELECT branch_id AS id,parent_id AS pid,`name`,`course_id`,tlevel AS level FROM `ps_tree` WHERE ( parent_id = 12 )  [ RunTime:0.0000s ]
SQL: SELECT branch_id AS id,parent_id AS pid,`name`,`course_id`,tlevel AS level FROM `ps_tree` WHERE ( parent_id = 23 )  [ RunTime:0.0010s ]
SQL: SELECT branch_id AS id,parent_id AS pid,`name`,`course_id`,tlevel AS level FROM `ps_tree` WHERE ( parent_id = 24 )  [ RunTime:0.0000s ]
INFO: [ app_end ] --START--
INFO: Run Behavior\ShowPageTraceBehavior [ RunTime:0.000000s ]
INFO: [ app_end ] --END-- [ RunTime:0.001001s ]

[ 2017-02-12T08:19:59+08:00 ] ::1 /PShunt/index.php/Home/User/choice
INFO: [ app_init ] --START--
INFO: Run Behavior\BuildLiteBehavior [ RunTime:0.000000s ]
INFO: [ app_init ] --END-- [ RunTime:0.000000s ]
INFO: [ app_begin ] --START--
INFO: Run Behavior\ReadHtmlCacheBehavior [ RunTime:0.001000s ]
INFO: [ app_begin ] --END-- [ RunTime:0.001000s ]
SQL: SHOW COLUMNS FROM `ps_course` [ RunTime:0.0020s ]
SQL: SHOW COLUMNS FROM `ps_tree` [ RunTime:0.0020s ]
SQL: SHOW COLUMNS FROM `ps_student` [ RunTime:0.0020s ]
SQL: SELECT `si_name`,`si_grade`,`si_profession`,`si_class` FROM `ps_student` WHERE ( si_number = 123 )  [ RunTime:0.0000s ]
SQL: SHOW COLUMNS FROM `ps_student` [ RunTime:0.0020s ]
SQL: SELECT `si_name`,`si_grade`,`si_profession`,`si_class` FROM `ps_student` WHERE ( si_number = 123 )  [ RunTime:0.0000s ]
INFO: [ view_parse ] --START--
INFO: [ template_filter ] --START--
INFO: Run Behavior\ContentReplaceBehavior [ RunTime:0.000000s ]
INFO: [ template_filter ] --END-- [ RunTime:0.000000s ]
INFO: Run Behavior\ParseTemplateBehavior [ RunTime:0.007001s ]
INFO: [ view_parse ] --END-- [ RunTime:0.007001s ]
INFO: [ view_filter ] --START--
INFO: Run Behavior\WriteHtmlCacheBehavior [ RunTime:0.000000s ]
INFO: [ view_filter ] --END-- [ RunTime:0.000000s ]
INFO: [ app_end ] --START--
INFO: Run Behavior\ShowPageTraceBehavior [ RunTime:0.000000s ]
INFO: [ app_end ] --END-- [ RunTime:0.000000s ]

[ 2017-02-12T08:20:00+08:00 ] ::1 /PShunt/index.php/Home/User/getChoice
INFO: [ app_init ] --START--
INFO: Run Behavior\BuildLiteBehavior [ RunTime:0.000000s ]
INFO: [ app_init ] --END-- [ RunTime:0.000000s ]
INFO: [ app_begin ] --START--
INFO: Run Behavior\ReadHtmlCacheBehavior [ RunTime:0.000000s ]
INFO: [ app_begin ] --END-- [ RunTime:0.000000s ]
SQL: SHOW COLUMNS FROM `ps_course` [ RunTime:0.0010s ]
SQL: SHOW COLUMNS FROM `ps_tree` [ RunTime:0.0010s ]
SQL: SHOW COLUMNS FROM `ps_student` [ RunTime:0.0030s ]
SQL: SELECT `si_name`,`si_grade`,`si_profession`,`si_class` FROM `ps_student` WHERE ( si_number = 123 )  [ RunTime:0.0010s ]
SQL: SELECT branch_id AS id,parent_id AS pid,`name`,`course_id`,tlevel AS level FROM `ps_tree` WHERE ( name = '计算机科学与技术' )  [ RunTime:0.0000s ]
SQL: SELECT branch_id AS id,parent_id AS pid,`name`,`course_id`,tlevel AS level FROM `ps_tree` WHERE ( parent_id = 2 )  [ RunTime:0.0010s ]
SQL: SELECT branch_id AS id,parent_id AS pid,`name`,`course_id`,tlevel AS level FROM `ps_tree` WHERE ( parent_id = 5 )  [ RunTime:0.0000s ]
SQL: SELECT branch_id AS id,parent_id AS pid,`name`,`course_id`,tlevel AS level FROM `ps_tree` WHERE ( parent_id = 7 )  [ RunTime:0.0000s ]
SQL: SELECT branch_id AS id,parent_id AS pid,`name`,`course_id`,tlevel AS level FROM `ps_tree` WHERE ( parent_id = 14 )  [ RunTime:0.0000s ]
SQL: SELECT branch_id AS id,parent_id AS pid,`name`,`course_id`,tlevel AS level FROM `ps_tree` WHERE ( parent_id = 25 )  [ RunTime:0.0000s ]
SQL: SELECT branch_id AS id,parent_id AS pid,`name`,`course_id`,tlevel AS level FROM `ps_tree` WHERE ( parent_id = 8 )  [ RunTime:0.0000s ]
SQL: SELECT branch_id AS id,parent_id AS pid,`name`,`course_id`,tlevel AS level FROM `ps_tree` WHERE ( parent_id = 15 )  [ RunTime:0.0000s ]
SQL: SELECT branch_id AS id,parent_id AS pid,`name`,`course_id`,tlevel AS level FROM `ps_tree` WHERE ( parent_id = 16 )  [ RunTime:0.0000s ]
SQL: SELECT branch_id AS id,parent_id AS pid,`name`,`course_id`,tlevel AS level FROM `ps_tree` WHERE ( parent_id = 6 )  [ RunTime:0.0000s ]
SQL: SELECT branch_id AS id,parent_id AS pid,`name`,`course_id`,tlevel AS level FROM `ps_tree` WHERE ( parent_id = 9 )  [ RunTime:0.0000s ]
SQL: SELECT branch_id AS id,parent_id AS pid,`name`,`course_id`,tlevel AS level FROM `ps_tree` WHERE ( parent_id = 17 )  [ RunTime:0.0000s ]
SQL: SELECT branch_id AS id,parent_id AS pid,`name`,`course_id`,tlevel AS level FROM `ps_tree` WHERE ( parent_id = 18 )  [ RunTime:0.0010s ]
SQL: SELECT branch_id AS id,parent_id AS pid,`name`,`course_id`,tlevel AS level FROM `ps_tree` WHERE ( parent_id = 10 )  [ RunTime:0.0000s ]
SQL: SELECT branch_id AS id,parent_id AS pid,`name`,`course_id`,tlevel AS level FROM `ps_tree` WHERE ( parent_id = 19 )  [ RunTime:0.0000s ]
SQL: SELECT branch_id AS id,parent_id AS pid,`name`,`course_id`,tlevel AS level FROM `ps_tree` WHERE ( parent_id = 20 )  [ RunTime:0.0000s ]
SQL: SELECT branch_id AS id,parent_id AS pid,`name`,`course_id`,tlevel AS level FROM `ps_tree` WHERE ( parent_id = 11 )  [ RunTime:0.0010s ]
SQL: SELECT branch_id AS id,parent_id AS pid,`name`,`course_id`,tlevel AS level FROM `ps_tree` WHERE ( parent_id = 21 )  [ RunTime:0.0000s ]
SQL: SELECT branch_id AS id,parent_id AS pid,`name`,`course_id`,tlevel AS level FROM `ps_tree` WHERE ( parent_id = 22 )  [ RunTime:0.0000s ]
SQL: SELECT branch_id AS id,parent_id AS pid,`name`,`course_id`,tlevel AS level FROM `ps_tree` WHERE ( parent_id = 12 )  [ RunTime:0.0000s ]
SQL: SELECT branch_id AS id,parent_id AS pid,`name`,`course_id`,tlevel AS level FROM `ps_tree` WHERE ( parent_id = 23 )  [ RunTime:0.0000s ]
SQL: SELECT branch_id AS id,parent_id AS pid,`name`,`course_id`,tlevel AS level FROM `ps_tree` WHERE ( parent_id = 24 )  [ RunTime:0.0000s ]
INFO: [ app_end ] --START--
INFO: Run Behavior\ShowPageTraceBehavior [ RunTime:0.000000s ]
INFO: [ app_end ] --END-- [ RunTime:0.000000s ]

[ 2017-02-12T22:11:49+08:00 ] ::1 /PShunt/index.php
INFO: [ app_init ] --START--
INFO: Run Behavior\BuildLiteBehavior [ RunTime:0.000000s ]
INFO: [ app_init ] --END-- [ RunTime:0.016001s ]
INFO: [ app_begin ] --START--
INFO: Run Behavior\ReadHtmlCacheBehavior [ RunTime:0.016001s ]
INFO: [ app_begin ] --END-- [ RunTime:0.016001s ]
INFO: [ view_parse ] --START--
INFO: Run Behavior\ParseTemplateBehavior [ RunTime:0.022002s ]
INFO: [ view_parse ] --END-- [ RunTime:0.022002s ]
INFO: [ view_filter ] --START--
INFO: Run Behavior\WriteHtmlCacheBehavior [ RunTime:0.001000s ]
INFO: [ view_filter ] --END-- [ RunTime:0.001000s ]
INFO: [ app_end ] --START--
INFO: Run Behavior\ShowPageTraceBehavior [ RunTime:0.000000s ]
INFO: [ app_end ] --END-- [ RunTime:0.000000s ]

[ 2017-02-12T22:12:10+08:00 ] ::1 /PShunt/index.php/Home/Login/login.html
INFO: [ app_init ] --START--
INFO: Run Behavior\BuildLiteBehavior [ RunTime:0.000000s ]
INFO: [ app_init ] --END-- [ RunTime:0.000000s ]
INFO: [ app_begin ] --START--
INFO: Run Behavior\ReadHtmlCacheBehavior [ RunTime:0.001000s ]
INFO: [ app_begin ] --END-- [ RunTime:0.001000s ]
INFO: [ view_parse ] --START--
INFO: [ template_filter ] --START--
INFO: Run Behavior\ContentReplaceBehavior [ RunTime:0.024001s ]
INFO: [ template_filter ] --END-- [ RunTime:0.024001s ]
INFO: Run Behavior\ParseTemplateBehavior [ RunTime:0.083005s ]
INFO: [ view_parse ] --END-- [ RunTime:0.083005s ]
INFO: [ view_filter ] --START--
INFO: Run Behavior\WriteHtmlCacheBehavior [ RunTime:0.000000s ]
INFO: [ view_filter ] --END-- [ RunTime:0.000000s ]
INFO: [ app_end ] --START--
INFO: Run Behavior\ShowPageTraceBehavior [ RunTime:0.001000s ]
INFO: [ app_end ] --END-- [ RunTime:0.001000s ]

[ 2017-02-12T22:12:11+08:00 ] ::1 /PShunt/index.php/Home/Login/verifyImg
INFO: [ app_init ] --START--
INFO: Run Behavior\BuildLiteBehavior [ RunTime:0.000000s ]
INFO: [ app_init ] --END-- [ RunTime:0.001000s ]
INFO: [ app_begin ] --START--
INFO: Run Behavior\ReadHtmlCacheBehavior [ RunTime:0.001000s ]
INFO: [ app_begin ] --END-- [ RunTime:0.001000s ]
INFO: [ app_end ] --START--
INFO: Run Behavior\ShowPageTraceBehavior [ RunTime:0.001000s ]
INFO: [ app_end ] --END-- [ RunTime:0.001000s ]

[ 2017-02-12T22:12:22+08:00 ] ::1 /PShunt/index.php/Home/Login/doLogin
INFO: [ app_init ] --START--
INFO: Run Behavior\BuildLiteBehavior [ RunTime:0.000000s ]
INFO: [ app_init ] --END-- [ RunTime:0.000000s ]
INFO: [ app_begin ] --START--
INFO: Run Behavior\ReadHtmlCacheBehavior [ RunTime:0.001000s ]
INFO: [ app_begin ] --END-- [ RunTime:0.001000s ]
SQL: SHOW COLUMNS FROM `ps_student` [ RunTime:0.0170s ]
SQL: SELECT * FROM `ps_student` WHERE ( si_number=123 )  [ RunTime:0.0240s ]
INFO: [ app_end ] --START--
INFO: Run Behavior\ShowPageTraceBehavior [ RunTime:0.000000s ]
INFO: [ app_end ] --END-- [ RunTime:0.000000s ]

[ 2017-02-12T22:12:22+08:00 ] ::1 /PShunt/index.php/Home/Login/verifyImg?0.09004600850543432
INFO: [ app_init ] --START--
INFO: Run Behavior\BuildLiteBehavior [ RunTime:0.000000s ]
INFO: [ app_init ] --END-- [ RunTime:0.000000s ]
INFO: [ app_begin ] --START--
INFO: Run Behavior\ReadHtmlCacheBehavior [ RunTime:0.000000s ]
INFO: [ app_begin ] --END-- [ RunTime:0.001001s ]
INFO: [ app_end ] --START--
INFO: Run Behavior\ShowPageTraceBehavior [ RunTime:0.000000s ]
INFO: [ app_end ] --END-- [ RunTime:0.000000s ]

[ 2017-02-12T22:12:22+08:00 ] ::1 /PShunt/index.php/Home/User/choice
INFO: [ app_init ] --START--
INFO: Run Behavior\BuildLiteBehavior [ RunTime:0.000000s ]
INFO: [ app_init ] --END-- [ RunTime:0.001000s ]
INFO: [ app_begin ] --START--
INFO: Run Behavior\ReadHtmlCacheBehavior [ RunTime:0.000000s ]
INFO: [ app_begin ] --END-- [ RunTime:0.000000s ]
SQL: SHOW COLUMNS FROM `ps_course` [ RunTime:0.0250s ]
SQL: SHOW COLUMNS FROM `ps_tree` [ RunTime:0.0110s ]
SQL: SHOW COLUMNS FROM `ps_student` [ RunTime:0.0010s ]
SQL: SELECT `si_name`,`si_grade`,`si_profession`,`si_class` FROM `ps_student` WHERE ( si_number = 123 )  [ RunTime:0.0010s ]
SQL: SHOW COLUMNS FROM `ps_student` [ RunTime:0.0030s ]
SQL: SELECT `si_name`,`si_grade`,`si_profession`,`si_class` FROM `ps_student` WHERE ( si_number = 123 )  [ RunTime:0.0000s ]
INFO: [ view_parse ] --START--
INFO: [ template_filter ] --START--
INFO: Run Behavior\ContentReplaceBehavior [ RunTime:0.000000s ]
INFO: [ template_filter ] --END-- [ RunTime:0.000000s ]
INFO: Run Behavior\ParseTemplateBehavior [ RunTime:0.004001s ]
INFO: [ view_parse ] --END-- [ RunTime:0.004001s ]
INFO: [ view_filter ] --START--
INFO: Run Behavior\WriteHtmlCacheBehavior [ RunTime:0.000000s ]
INFO: [ view_filter ] --END-- [ RunTime:0.000000s ]
INFO: [ app_end ] --START--
INFO: Run Behavior\ShowPageTraceBehavior [ RunTime:0.000000s ]
INFO: [ app_end ] --END-- [ RunTime:0.000000s ]

[ 2017-02-12T22:12:22+08:00 ] ::1 /PShunt/index.php/Home/User/getChoice
INFO: [ app_init ] --START--
INFO: Run Behavior\BuildLiteBehavior [ RunTime:0.000000s ]
INFO: [ app_init ] --END-- [ RunTime:0.000000s ]
INFO: [ app_begin ] --START--
INFO: Run Behavior\ReadHtmlCacheBehavior [ RunTime:0.000000s ]
INFO: [ app_begin ] --END-- [ RunTime:0.000000s ]
SQL: SHOW COLUMNS FROM `ps_course` [ RunTime:0.0020s ]
SQL: SHOW COLUMNS FROM `ps_tree` [ RunTime:0.0020s ]
SQL: SHOW COLUMNS FROM `ps_student` [ RunTime:0.0010s ]
SQL: SELECT `si_name`,`si_grade`,`si_profession`,`si_class` FROM `ps_student` WHERE ( si_number = 123 )  [ RunTime:0.0000s ]
SQL: SELECT branch_id AS id,parent_id AS pid,`name`,`course_id`,tlevel AS level FROM `ps_tree` WHERE ( name = '计算机科学与技术' )  [ RunTime:0.0000s ]
SQL: SELECT branch_id AS id,parent_id AS pid,`name`,`course_id`,tlevel AS level FROM `ps_tree` WHERE ( parent_id = 2 )  [ RunTime:0.0010s ]
SQL: SELECT branch_id AS id,parent_id AS pid,`name`,`course_id`,tlevel AS level FROM `ps_tree` WHERE ( parent_id = 5 )  [ RunTime:0.0010s ]
SQL: SELECT branch_id AS id,parent_id AS pid,`name`,`course_id`,tlevel AS level FROM `ps_tree` WHERE ( parent_id = 7 )  [ RunTime:0.0000s ]
SQL: SELECT branch_id AS id,parent_id AS pid,`name`,`course_id`,tlevel AS level FROM `ps_tree` WHERE ( parent_id = 14 )  [ RunTime:0.0000s ]
SQL: SELECT branch_id AS id,parent_id AS pid,`name`,`course_id`,tlevel AS level FROM `ps_tree` WHERE ( parent_id = 25 )  [ RunTime:0.0000s ]
SQL: SELECT branch_id AS id,parent_id AS pid,`name`,`course_id`,tlevel AS level FROM `ps_tree` WHERE ( parent_id = 8 )  [ RunTime:0.0010s ]
SQL: SELECT branch_id AS id,parent_id AS pid,`name`,`course_id`,tlevel AS level FROM `ps_tree` WHERE ( parent_id = 15 )  [ RunTime:0.0000s ]
SQL: SELECT branch_id AS id,parent_id AS pid,`name`,`course_id`,tlevel AS level FROM `ps_tree` WHERE ( parent_id = 16 )  [ RunTime:0.0000s ]
SQL: SELECT branch_id AS id,parent_id AS pid,`name`,`course_id`,tlevel AS level FROM `ps_tree` WHERE ( parent_id = 6 )  [ RunTime:0.0010s ]
SQL: SELECT branch_id AS id,parent_id AS pid,`name`,`course_id`,tlevel AS level FROM `ps_tree` WHERE ( parent_id = 9 )  [ RunTime:0.0000s ]
SQL: SELECT branch_id AS id,parent_id AS pid,`name`,`course_id`,tlevel AS level FROM `ps_tree` WHERE ( parent_id = 17 )  [ RunTime:0.0000s ]
SQL: SELECT branch_id AS id,parent_id AS pid,`name`,`course_id`,tlevel AS level FROM `ps_tree` WHERE ( parent_id = 18 )  [ RunTime:0.0000s ]
SQL: SELECT branch_id AS id,parent_id AS pid,`name`,`course_id`,tlevel AS level FROM `ps_tree` WHERE ( parent_id = 10 )  [ RunTime:0.0010s ]
SQL: SELECT branch_id AS id,parent_id AS pid,`name`,`course_id`,tlevel AS level FROM `ps_tree` WHERE ( parent_id = 19 )  [ RunTime:0.0000s ]
SQL: SELECT branch_id AS id,parent_id AS pid,`name`,`course_id`,tlevel AS level FROM `ps_tree` WHERE ( parent_id = 20 )  [ RunTime:0.0000s ]
SQL: SELECT branch_id AS id,parent_id AS pid,`name`,`course_id`,tlevel AS level FROM `ps_tree` WHERE ( parent_id = 11 )  [ RunTime:0.0000s ]
SQL: SELECT branch_id AS id,parent_id AS pid,`name`,`course_id`,tlevel AS level FROM `ps_tree` WHERE ( parent_id = 21 )  [ RunTime:0.0000s ]
SQL: SELECT branch_id AS id,parent_id AS pid,`name`,`course_id`,tlevel AS level FROM `ps_tree` WHERE ( parent_id = 22 )  [ RunTime:0.0000s ]
SQL: SELECT branch_id AS id,parent_id AS pid,`name`,`course_id`,tlevel AS level FROM `ps_tree` WHERE ( parent_id = 12 )  [ RunTime:0.0000s ]
SQL: SELECT branch_id AS id,parent_id AS pid,`name`,`course_id`,tlevel AS level FROM `ps_tree` WHERE ( parent_id = 23 )  [ RunTime:0.0000s ]
SQL: SELECT branch_id AS id,parent_id AS pid,`name`,`course_id`,tlevel AS level FROM `ps_tree` WHERE ( parent_id = 24 )  [ RunTime:0.0000s ]
INFO: [ app_end ] --START--
INFO: Run Behavior\ShowPageTraceBehavior [ RunTime:0.000000s ]
INFO: [ app_end ] --END-- [ RunTime:0.000000s ]

[ 2017-02-12T22:12:25+08:00 ] ::1 /PShunt/index.php/Home/User/getCourse
INFO: [ app_init ] --START--
INFO: Run Behavior\BuildLiteBehavior [ RunTime:0.000000s ]
INFO: [ app_init ] --END-- [ RunTime:0.001000s ]
INFO: [ app_begin ] --START--
INFO: Run Behavior\ReadHtmlCacheBehavior [ RunTime:0.001000s ]
INFO: [ app_begin ] --END-- [ RunTime:0.001000s ]
SQL: SHOW COLUMNS FROM `ps_course` [ RunTime:0.0010s ]
SQL: SHOW COLUMNS FROM `ps_tree` [ RunTime:0.0020s ]
SQL: SHOW COLUMNS FROM `ps_student` [ RunTime:0.0020s ]
SQL: SELECT `si_name`,`si_grade`,`si_profession`,`si_class` FROM `ps_student` WHERE ( si_number = 123 )  [ RunTime:0.0000s ]
SQL: SELECT `c_teacher`,`c_introduce` FROM `ps_course` WHERE ( c_id = 18 )  [ RunTime:0.0000s ]
NOTIC: [8] Undefined index: c_name D:\xampp\htdocs\PShunt\App\Home\Controller\UserController.class.php 第 83 行.
INFO: [ app_end ] --START--
INFO: Run Behavior\ShowPageTraceBehavior [ RunTime:0.001000s ]
INFO: [ app_end ] --END-- [ RunTime:0.002000s ]

[ 2017-02-12T22:35:52+08:00 ] ::1 /PShunt/index.php/Home/Login/login
INFO: [ app_init ] --START--
INFO: Run Behavior\BuildLiteBehavior [ RunTime:0.000000s ]
INFO: [ app_init ] --END-- [ RunTime:0.000000s ]
INFO: [ app_begin ] --START--
INFO: Run Behavior\ReadHtmlCacheBehavior [ RunTime:0.000000s ]
INFO: [ app_begin ] --END-- [ RunTime:0.000000s ]
INFO: [ view_parse ] --START--
INFO: [ template_filter ] --START--
INFO: Run Behavior\ContentReplaceBehavior [ RunTime:0.000000s ]
INFO: [ template_filter ] --END-- [ RunTime:0.000000s ]
INFO: Run Behavior\ParseTemplateBehavior [ RunTime:0.004000s ]
INFO: [ view_parse ] --END-- [ RunTime:0.004000s ]
INFO: [ view_filter ] --START--
INFO: Run Behavior\WriteHtmlCacheBehavior [ RunTime:0.000000s ]
INFO: [ view_filter ] --END-- [ RunTime:0.000000s ]
INFO: [ app_end ] --START--
INFO: Run Behavior\ShowPageTraceBehavior [ RunTime:0.001000s ]
INFO: [ app_end ] --END-- [ RunTime:0.001000s ]

[ 2017-02-12T22:35:52+08:00 ] ::1 /PShunt/index.php/Home/Login/verifyImg
INFO: [ app_init ] --START--
INFO: Run Behavior\BuildLiteBehavior [ RunTime:0.000000s ]
INFO: [ app_init ] --END-- [ RunTime:0.001000s ]
INFO: [ app_begin ] --START--
INFO: Run Behavior\ReadHtmlCacheBehavior [ RunTime:0.001000s ]
INFO: [ app_begin ] --END-- [ RunTime:0.001000s ]
INFO: [ app_end ] --START--
INFO: Run Behavior\ShowPageTraceBehavior [ RunTime:0.000000s ]
INFO: [ app_end ] --END-- [ RunTime:0.000000s ]

[ 2017-02-12T22:35:56+08:00 ] ::1 /PShunt/index.php/Home/Login/login
INFO: [ app_init ] --START--
INFO: Run Behavior\BuildLiteBehavior [ RunTime:0.000000s ]
INFO: [ app_init ] --END-- [ RunTime:0.000000s ]
INFO: [ app_begin ] --START--
INFO: Run Behavior\ReadHtmlCacheBehavior [ RunTime:0.000000s ]
INFO: [ app_begin ] --END-- [ RunTime:0.000000s ]
INFO: [ view_parse ] --START--
INFO: [ template_filter ] --START--
INFO: Run Behavior\ContentReplaceBehavior [ RunTime:0.000000s ]
INFO: [ template_filter ] --END-- [ RunTime:0.000000s ]
INFO: Run Behavior\ParseTemplateBehavior [ RunTime:0.004000s ]
INFO: [ view_parse ] --END-- [ RunTime:0.004000s ]
INFO: [ view_filter ] --START--
INFO: Run Behavior\WriteHtmlCacheBehavior [ RunTime:0.000000s ]
INFO: [ view_filter ] --END-- [ RunTime:0.000000s ]
INFO: [ app_end ] --START--
INFO: Run Behavior\ShowPageTraceBehavior [ RunTime:0.000000s ]
INFO: [ app_end ] --END-- [ RunTime:0.000000s ]

[ 2017-02-12T22:35:57+08:00 ] ::1 /PShunt/index.php/Home/Login/verifyImg
INFO: [ app_init ] --START--
INFO: Run Behavior\BuildLiteBehavior [ RunTime:0.000000s ]
INFO: [ app_init ] --END-- [ RunTime:0.000000s ]
INFO: [ app_begin ] --START--
INFO: Run Behavior\ReadHtmlCacheBehavior [ RunTime:0.000000s ]
INFO: [ app_begin ] --END-- [ RunTime:0.000000s ]
INFO: [ app_end ] --START--
INFO: Run Behavior\ShowPageTraceBehavior [ RunTime:0.000000s ]
INFO: [ app_end ] --END-- [ RunTime:0.001000s ]

[ 2017-02-12T23:46:41+08:00 ] ::1 /PShunt/index.php/Home/User/getCourse
INFO: [ app_init ] --START--
INFO: Run Behavior\BuildLiteBehavior [ RunTime:0.000000s ]
INFO: [ app_init ] --END-- [ RunTime:0.000000s ]
INFO: [ app_begin ] --START--
INFO: Run Behavior\ReadHtmlCacheBehavior [ RunTime:0.000000s ]
INFO: [ app_begin ] --END-- [ RunTime:0.000000s ]
SQL: SHOW COLUMNS FROM `ps_course` [ RunTime:0.0010s ]
SQL: SHOW COLUMNS FROM `ps_tree` [ RunTime:0.0040s ]
SQL: SHOW COLUMNS FROM `ps_student` [ RunTime:0.0020s ]
SQL: SELECT `si_name`,`si_grade`,`si_profession`,`si_class` FROM `ps_student` WHERE ( si_number = 123 )  [ RunTime:0.0000s ]
SQL: SELECT `c_teacher`,`c_introduce` FROM `ps_course` WHERE ( c_id = 13 )  [ RunTime:0.0000s ]
NOTIC: [8] Undefined index: c_name D:\xampp\htdocs\PShunt\App\Home\Controller\UserController.class.php 第 83 行.
INFO: [ app_end ] --START--
INFO: Run Behavior\ShowPageTraceBehavior [ RunTime:0.000000s ]
INFO: [ app_end ] --END-- [ RunTime:0.000000s ]

[ 2017-02-12T23:48:01+08:00 ] ::1 /PShunt/index.php/Home/User/choice
INFO: [ app_init ] --START--
INFO: Run Behavior\BuildLiteBehavior [ RunTime:0.000000s ]
INFO: [ app_init ] --END-- [ RunTime:0.000000s ]
INFO: [ app_begin ] --START--
INFO: Run Behavior\ReadHtmlCacheBehavior [ RunTime:0.001000s ]
INFO: [ app_begin ] --END-- [ RunTime:0.001000s ]
SQL: SHOW COLUMNS FROM `ps_course` [ RunTime:0.0020s ]
SQL: SHOW COLUMNS FROM `ps_tree` [ RunTime:0.0040s ]
SQL: SHOW COLUMNS FROM `ps_student` [ RunTime:0.0010s ]
SQL: SELECT `si_name`,`si_grade`,`si_profession`,`si_class` FROM `ps_student` WHERE ( si_number = 123 )  [ RunTime:0.0010s ]
SQL: SHOW COLUMNS FROM `ps_student` [ RunTime:0.0010s ]
SQL: SELECT `si_name`,`si_grade`,`si_profession`,`si_class` FROM `ps_student` WHERE ( si_number = 123 )  [ RunTime:0.0000s ]
INFO: [ view_parse ] --START--
INFO: [ template_filter ] --START--
INFO: Run Behavior\ContentReplaceBehavior [ RunTime:0.000000s ]
INFO: [ template_filter ] --END-- [ RunTime:0.001000s ]
INFO: Run Behavior\ParseTemplateBehavior [ RunTime:0.004000s ]
INFO: [ view_parse ] --END-- [ RunTime:0.004000s ]
INFO: [ view_filter ] --START--
INFO: Run Behavior\WriteHtmlCacheBehavior [ RunTime:0.001001s ]
INFO: [ view_filter ] --END-- [ RunTime:0.001001s ]
INFO: [ app_end ] --START--
INFO: Run Behavior\ShowPageTraceBehavior [ RunTime:0.000000s ]
INFO: [ app_end ] --END-- [ RunTime:0.000000s ]

[ 2017-02-12T23:48:01+08:00 ] ::1 /PShunt/index.php/Home/User/getChoice
INFO: [ app_init ] --START--
INFO: Run Behavior\BuildLiteBehavior [ RunTime:0.000000s ]
INFO: [ app_init ] --END-- [ RunTime:0.001000s ]
INFO: [ app_begin ] --START--
INFO: Run Behavior\ReadHtmlCacheBehavior [ RunTime:0.000000s ]
INFO: [ app_begin ] --END-- [ RunTime:0.000000s ]
SQL: SHOW COLUMNS FROM `ps_course` [ RunTime:0.0010s ]
SQL: SHOW COLUMNS FROM `ps_tree` [ RunTime:0.0010s ]
SQL: SHOW COLUMNS FROM `ps_student` [ RunTime:0.0020s ]
SQL: SELECT `si_name`,`si_grade`,`si_profession`,`si_class` FROM `ps_student` WHERE ( si_number = 123 )  [ RunTime:0.0000s ]
SQL: SELECT branch_id AS id,parent_id AS pid,`name`,`course_id`,tlevel AS level FROM `ps_tree` WHERE ( name = '计算机科学与技术' )  [ RunTime:0.0000s ]
SQL: SELECT branch_id AS id,parent_id AS pid,`name`,`course_id`,tlevel AS level FROM `ps_tree` WHERE ( parent_id = 2 )  [ RunTime:0.0000s ]
SQL: SELECT branch_id AS id,parent_id AS pid,`name`,`course_id`,tlevel AS level FROM `ps_tree` WHERE ( parent_id = 5 )  [ RunTime:0.0000s ]
SQL: SELECT branch_id AS id,parent_id AS pid,`name`,`course_id`,tlevel AS level FROM `ps_tree` WHERE ( parent_id = 7 )  [ RunTime:0.0000s ]
SQL: SELECT branch_id AS id,parent_id AS pid,`name`,`course_id`,tlevel AS level FROM `ps_tree` WHERE ( parent_id = 14 )  [ RunTime:0.0000s ]
SQL: SELECT branch_id AS id,parent_id AS pid,`name`,`course_id`,tlevel AS level FROM `ps_tree` WHERE ( parent_id = 25 )  [ RunTime:0.0000s ]
SQL: SELECT branch_id AS id,parent_id AS pid,`name`,`course_id`,tlevel AS level FROM `ps_tree` WHERE ( parent_id = 8 )  [ RunTime:0.0000s ]
SQL: SELECT branch_id AS id,parent_id AS pid,`name`,`course_id`,tlevel AS level FROM `ps_tree` WHERE ( parent_id = 15 )  [ RunTime:0.0000s ]
SQL: SELECT branch_id AS id,parent_id AS pid,`name`,`course_id`,tlevel AS level FROM `ps_tree` WHERE ( parent_id = 16 )  [ RunTime:0.0000s ]
SQL: SELECT branch_id AS id,parent_id AS pid,`name`,`course_id`,tlevel AS level FROM `ps_tree` WHERE ( parent_id = 6 )  [ RunTime:0.0000s ]
SQL: SELECT branch_id AS id,parent_id AS pid,`name`,`course_id`,tlevel AS level FROM `ps_tree` WHERE ( parent_id = 9 )  [ RunTime:0.0000s ]
SQL: SELECT branch_id AS id,parent_id AS pid,`name`,`course_id`,tlevel AS level FROM `ps_tree` WHERE ( parent_id = 17 )  [ RunTime:0.0010s ]
SQL: SELECT branch_id AS id,parent_id AS pid,`name`,`course_id`,tlevel AS level FROM `ps_tree` WHERE ( parent_id = 18 )  [ RunTime:0.0000s ]
SQL: SELECT branch_id AS id,parent_id AS pid,`name`,`course_id`,tlevel AS level FROM `ps_tree` WHERE ( parent_id = 10 )  [ RunTime:0.0000s ]
SQL: SELECT branch_id AS id,parent_id AS pid,`name`,`course_id`,tlevel AS level FROM `ps_tree` WHERE ( parent_id = 19 )  [ RunTime:0.0000s ]
SQL: SELECT branch_id AS id,parent_id AS pid,`name`,`course_id`,tlevel AS level FROM `ps_tree` WHERE ( parent_id = 20 )  [ RunTime:0.0000s ]
SQL: SELECT branch_id AS id,parent_id AS pid,`name`,`course_id`,tlevel AS level FROM `ps_tree` WHERE ( parent_id = 11 )  [ RunTime:0.0000s ]
SQL: SELECT branch_id AS id,parent_id AS pid,`name`,`course_id`,tlevel AS level FROM `ps_tree` WHERE ( parent_id = 21 )  [ RunTime:0.0000s ]
SQL: SELECT branch_id AS id,parent_id AS pid,`name`,`course_id`,tlevel AS level FROM `ps_tree` WHERE ( parent_id = 22 )  [ RunTime:0.0000s ]
SQL: SELECT branch_id AS id,parent_id AS pid,`name`,`course_id`,tlevel AS level FROM `ps_tree` WHERE ( parent_id = 12 )  [ RunTime:0.0000s ]
SQL: SELECT branch_id AS id,parent_id AS pid,`name`,`course_id`,tlevel AS level FROM `ps_tree` WHERE ( parent_id = 23 )  [ RunTime:0.0000s ]
SQL: SELECT branch_id AS id,parent_id AS pid,`name`,`course_id`,tlevel AS level FROM `ps_tree` WHERE ( parent_id = 24 )  [ RunTime:0.0000s ]
INFO: [ app_end ] --START--
INFO: Run Behavior\ShowPageTraceBehavior [ RunTime:0.000000s ]
INFO: [ app_end ] --END-- [ RunTime:0.000000s ]

[ 2017-02-12T23:48:15+08:00 ] ::1 /PShunt/index.php/Home/User/choice
INFO: [ app_init ] --START--
INFO: Run Behavior\BuildLiteBehavior [ RunTime:0.000000s ]
INFO: [ app_init ] --END-- [ RunTime:0.000000s ]
INFO: [ app_begin ] --START--
INFO: Run Behavior\ReadHtmlCacheBehavior [ RunTime:0.001000s ]
INFO: [ app_begin ] --END-- [ RunTime:0.001000s ]
SQL: SHOW COLUMNS FROM `ps_course` [ RunTime:0.0020s ]
SQL: SHOW COLUMNS FROM `ps_tree` [ RunTime:0.0030s ]
SQL: SHOW COLUMNS FROM `ps_student` [ RunTime:0.0030s ]
SQL: SELECT `si_name`,`si_grade`,`si_profession`,`si_class` FROM `ps_student` WHERE ( si_number = 123 )  [ RunTime:0.0000s ]
SQL: SHOW COLUMNS FROM `ps_student` [ RunTime:0.0010s ]
SQL: SELECT `si_name`,`si_grade`,`si_profession`,`si_class` FROM `ps_student` WHERE ( si_number = 123 )  [ RunTime:0.0000s ]
INFO: [ view_parse ] --START--
INFO: [ template_filter ] --START--
INFO: Run Behavior\ContentReplaceBehavior [ RunTime:0.000000s ]
INFO: [ template_filter ] --END-- [ RunTime:0.001000s ]
INFO: Run Behavior\ParseTemplateBehavior [ RunTime:0.004000s ]
INFO: [ view_parse ] --END-- [ RunTime:0.004000s ]
INFO: [ view_filter ] --START--
INFO: Run Behavior\WriteHtmlCacheBehavior [ RunTime:0.000000s ]
INFO: [ view_filter ] --END-- [ RunTime:0.000000s ]
INFO: [ app_end ] --START--
INFO: Run Behavior\ShowPageTraceBehavior [ RunTime:0.001000s ]
INFO: [ app_end ] --END-- [ RunTime:0.001000s ]

[ 2017-02-12T23:48:15+08:00 ] ::1 /PShunt/index.php/Home/User/choice
INFO: [ app_init ] --START--
INFO: Run Behavior\BuildLiteBehavior [ RunTime:0.000000s ]
INFO: [ app_init ] --END-- [ RunTime:0.001000s ]
INFO: [ app_begin ] --START--
INFO: Run Behavior\ReadHtmlCacheBehavior [ RunTime:0.000000s ]
INFO: [ app_begin ] --END-- [ RunTime:0.000000s ]
SQL: SHOW COLUMNS FROM `ps_course` [ RunTime:0.0010s ]
SQL: SHOW COLUMNS FROM `ps_tree` [ RunTime:0.0010s ]
SQL: SHOW COLUMNS FROM `ps_student` [ RunTime:0.0130s ]
SQL: SELECT `si_name`,`si_grade`,`si_profession`,`si_class` FROM `ps_student` WHERE ( si_number = 123 )  [ RunTime:0.0000s ]
SQL: SHOW COLUMNS FROM `ps_student` [ RunTime:0.0020s ]
SQL: SELECT `si_name`,`si_grade`,`si_profession`,`si_class` FROM `ps_student` WHERE ( si_number = 123 )  [ RunTime:0.0010s ]
INFO: [ view_parse ] --START--
INFO: [ template_filter ] --START--
INFO: Run Behavior\ContentReplaceBehavior [ RunTime:0.000000s ]
INFO: [ template_filter ] --END-- [ RunTime:0.000000s ]
INFO: Run Behavior\ParseTemplateBehavior [ RunTime:0.006001s ]
INFO: [ view_parse ] --END-- [ RunTime:0.006001s ]
INFO: [ view_filter ] --START--
INFO: Run Behavior\WriteHtmlCacheBehavior [ RunTime:0.000000s ]
INFO: [ view_filter ] --END-- [ RunTime:0.000000s ]
INFO: [ app_end ] --START--
INFO: Run Behavior\ShowPageTraceBehavior [ RunTime:0.000000s ]
INFO: [ app_end ] --END-- [ RunTime:0.000000s ]

[ 2017-02-12T23:48:16+08:00 ] ::1 /PShunt/index.php/Home/User/getChoice
INFO: [ app_init ] --START--
INFO: Run Behavior\BuildLiteBehavior [ RunTime:0.000000s ]
INFO: [ app_init ] --END-- [ RunTime:0.001000s ]
INFO: [ app_begin ] --START--
INFO: Run Behavior\ReadHtmlCacheBehavior [ RunTime:0.000000s ]
INFO: [ app_begin ] --END-- [ RunTime:0.000000s ]
SQL: SHOW COLUMNS FROM `ps_course` [ RunTime:0.0020s ]
SQL: SHOW COLUMNS FROM `ps_tree` [ RunTime:0.0030s ]
SQL: SHOW COLUMNS FROM `ps_student` [ RunTime:0.0020s ]
SQL: SELECT `si_name`,`si_grade`,`si_profession`,`si_class` FROM `ps_student` WHERE ( si_number = 123 )  [ RunTime:0.0000s ]
SQL: SELECT branch_id AS id,parent_id AS pid,`name`,`course_id`,tlevel AS level FROM `ps_tree` WHERE ( name = '计算机科学与技术' )  [ RunTime:0.0010s ]
SQL: SELECT branch_id AS id,parent_id AS pid,`name`,`course_id`,tlevel AS level FROM `ps_tree` WHERE ( parent_id = 2 )  [ RunTime:0.0000s ]
SQL: SELECT branch_id AS id,parent_id AS pid,`name`,`course_id`,tlevel AS level FROM `ps_tree` WHERE ( parent_id = 5 )  [ RunTime:0.0000s ]
SQL: SELECT branch_id AS id,parent_id AS pid,`name`,`course_id`,tlevel AS level FROM `ps_tree` WHERE ( parent_id = 7 )  [ RunTime:0.0000s ]
SQL: SELECT branch_id AS id,parent_id AS pid,`name`,`course_id`,tlevel AS level FROM `ps_tree` WHERE ( parent_id = 14 )  [ RunTime:0.0000s ]
SQL: SELECT branch_id AS id,parent_id AS pid,`name`,`course_id`,tlevel AS level FROM `ps_tree` WHERE ( parent_id = 25 )  [ RunTime:0.0010s ]
SQL: SELECT branch_id AS id,parent_id AS pid,`name`,`course_id`,tlevel AS level FROM `ps_tree` WHERE ( parent_id = 8 )  [ RunTime:0.0000s ]
SQL: SELECT branch_id AS id,parent_id AS pid,`name`,`course_id`,tlevel AS level FROM `ps_tree` WHERE ( parent_id = 15 )  [ RunTime:0.0000s ]
SQL: SELECT branch_id AS id,parent_id AS pid,`name`,`course_id`,tlevel AS level FROM `ps_tree` WHERE ( parent_id = 16 )  [ RunTime:0.0000s ]
SQL: SELECT branch_id AS id,parent_id AS pid,`name`,`course_id`,tlevel AS level FROM `ps_tree` WHERE ( parent_id = 6 )  [ RunTime:0.0000s ]
SQL: SELECT branch_id AS id,parent_id AS pid,`name`,`course_id`,tlevel AS level FROM `ps_tree` WHERE ( parent_id = 9 )  [ RunTime:0.0010s ]
SQL: SELECT branch_id AS id,parent_id AS pid,`name`,`course_id`,tlevel AS level FROM `ps_tree` WHERE ( parent_id = 17 )  [ RunTime:0.0000s ]
SQL: SELECT branch_id AS id,parent_id AS pid,`name`,`course_id`,tlevel AS level FROM `ps_tree` WHERE ( parent_id = 18 )  [ RunTime:0.0000s ]
SQL: SELECT branch_id AS id,parent_id AS pid,`name`,`course_id`,tlevel AS level FROM `ps_tree` WHERE ( parent_id = 10 )  [ RunTime:0.0000s ]
SQL: SELECT branch_id AS id,parent_id AS pid,`name`,`course_id`,tlevel AS level FROM `ps_tree` WHERE ( parent_id = 19 )  [ RunTime:0.0000s ]
SQL: SELECT branch_id AS id,parent_id AS pid,`name`,`course_id`,tlevel AS level FROM `ps_tree` WHERE ( parent_id = 20 )  [ RunTime:0.0010s ]
SQL: SELECT branch_id AS id,parent_id AS pid,`name`,`course_id`,tlevel AS level FROM `ps_tree` WHERE ( parent_id = 11 )  [ RunTime:0.0000s ]
SQL: SELECT branch_id AS id,parent_id AS pid,`name`,`course_id`,tlevel AS level FROM `ps_tree` WHERE ( parent_id = 21 )  [ RunTime:0.0000s ]
SQL: SELECT branch_id AS id,parent_id AS pid,`name`,`course_id`,tlevel AS level FROM `ps_tree` WHERE ( parent_id = 22 )  [ RunTime:0.0000s ]
SQL: SELECT branch_id AS id,parent_id AS pid,`name`,`course_id`,tlevel AS level FROM `ps_tree` WHERE ( parent_id = 12 )  [ RunTime:0.0000s ]
SQL: SELECT branch_id AS id,parent_id AS pid,`name`,`course_id`,tlevel AS level FROM `ps_tree` WHERE ( parent_id = 23 )  [ RunTime:0.0010s ]
SQL: SELECT branch_id AS id,parent_id AS pid,`name`,`course_id`,tlevel AS level FROM `ps_tree` WHERE ( parent_id = 24 )  [ RunTime:0.0000s ]
INFO: [ app_end ] --START--
INFO: Run Behavior\ShowPageTraceBehavior [ RunTime:0.000000s ]
INFO: [ app_end ] --END-- [ RunTime:0.000000s ]

