[ 2017-03-16T00:39:50+08:00 ] ::1 /PShunt/index.php/Choice/choice?number=123
INFO: [ app_init ] --START--
INFO: Run Behavior\BuildLiteBehavior [ RunTime:0.000000s ]
INFO: [ app_init ] --END-- [ RunTime:0.001000s ]
INFO: [ app_begin ] --START--
INFO: Run Behavior\ReadHtmlCacheBehavior [ RunTime:0.001001s ]
INFO: [ app_begin ] --END-- [ RunTime:0.001001s ]
ERR: 无法加载控制器:Choice

[ 2017-03-16T01:02:18+08:00 ] ::1 /PShunt/index.php/Home/Login/login.html
INFO: [ app_init ] --START--
INFO: Run Behavior\BuildLiteBehavior [ RunTime:0.000000s ]
INFO: [ app_init ] --END-- [ RunTime:0.000000s ]
INFO: [ app_begin ] --START--
INFO: Run Behavior\ReadHtmlCacheBehavior [ RunTime:0.000000s ]
INFO: [ app_begin ] --END-- [ RunTime:0.000000s ]
SQL: SHOW COLUMNS FROM `ps_s_course` [ RunTime:0.0020s ]
INFO: [ view_parse ] --START--
INFO: [ template_filter ] --START--
INFO: Run Behavior\ContentReplaceBehavior [ RunTime:0.000000s ]
INFO: [ template_filter ] --END-- [ RunTime:0.001000s ]
INFO: Run Behavior\ParseTemplateBehavior [ RunTime:0.005001s ]
INFO: [ view_parse ] --END-- [ RunTime:0.005001s ]
INFO: [ view_filter ] --START--
INFO: Run Behavior\WriteHtmlCacheBehavior [ RunTime:0.001000s ]
INFO: [ view_filter ] --END-- [ RunTime:0.001000s ]
INFO: [ app_end ] --START--
INFO: Run Behavior\ShowPageTraceBehavior [ RunTime:0.000000s ]
INFO: [ app_end ] --END-- [ RunTime:0.000000s ]

[ 2017-03-16T01:02:18+08:00 ] ::1 /PShunt/index.php/Home/Login/verifyImg
INFO: [ app_init ] --START--
INFO: Run Behavior\BuildLiteBehavior [ RunTime:0.000000s ]
INFO: [ app_init ] --END-- [ RunTime:0.000000s ]
INFO: [ app_begin ] --START--
INFO: Run Behavior\ReadHtmlCacheBehavior [ RunTime:0.000000s ]
INFO: [ app_begin ] --END-- [ RunTime:0.000000s ]
SQL: SHOW COLUMNS FROM `ps_s_course` [ RunTime:0.0020s ]
INFO: [ app_end ] --START--
INFO: Run Behavior\ShowPageTraceBehavior [ RunTime:0.000000s ]
INFO: [ app_end ] --END-- [ RunTime:0.001000s ]

[ 2017-03-16T01:02:30+08:00 ] ::1 /PShunt/index.php/Home/Login/doLogin
INFO: [ app_init ] --START--
INFO: Run Behavior\BuildLiteBehavior [ RunTime:0.000000s ]
INFO: [ app_init ] --END-- [ RunTime:0.000000s ]
INFO: [ app_begin ] --START--
INFO: Run Behavior\ReadHtmlCacheBehavior [ RunTime:0.000000s ]
INFO: [ app_begin ] --END-- [ RunTime:0.000000s ]
SQL: SHOW COLUMNS FROM `ps_s_course` [ RunTime:0.0020s ]
SQL: SHOW COLUMNS FROM `ps_student` [ RunTime:0.0020s ]
INFO: [ app_end ] --START--
INFO: Run Behavior\ShowPageTraceBehavior [ RunTime:0.000000s ]
INFO: [ app_end ] --END-- [ RunTime:0.000000s ]

[ 2017-03-16T01:02:30+08:00 ] ::1 /PShunt/index.php/Home/Login/verifyImg?0.7716791368929317
INFO: [ app_init ] --START--
INFO: Run Behavior\BuildLiteBehavior [ RunTime:0.000000s ]
INFO: [ app_init ] --END-- [ RunTime:0.000000s ]
INFO: [ app_begin ] --START--
INFO: Run Behavior\ReadHtmlCacheBehavior [ RunTime:0.000000s ]
INFO: [ app_begin ] --END-- [ RunTime:0.000000s ]
SQL: SHOW COLUMNS FROM `ps_s_course` [ RunTime:0.0010s ]
INFO: [ app_end ] --START--
INFO: Run Behavior\ShowPageTraceBehavior [ RunTime:0.001000s ]
INFO: [ app_end ] --END-- [ RunTime:0.001000s ]

[ 2017-03-16T01:02:35+08:00 ] ::1 /PShunt/index.php/Home/Login/doLogin
INFO: [ app_init ] --START--
INFO: Run Behavior\BuildLiteBehavior [ RunTime:0.000000s ]
INFO: [ app_init ] --END-- [ RunTime:0.000000s ]
INFO: [ app_begin ] --START--
INFO: Run Behavior\ReadHtmlCacheBehavior [ RunTime:0.000000s ]
INFO: [ app_begin ] --END-- [ RunTime:0.000000s ]
SQL: SHOW COLUMNS FROM `ps_s_course` [ RunTime:0.0020s ]
SQL: SHOW COLUMNS FROM `ps_student` [ RunTime:0.0020s ]
SQL: SELECT * FROM `ps_student` WHERE ( si_number=123 )  [ RunTime:0.0000s ]
INFO: [ app_end ] --START--
INFO: Run Behavior\ShowPageTraceBehavior [ RunTime:0.000000s ]
INFO: [ app_end ] --END-- [ RunTime:0.000000s ]

[ 2017-03-16T01:02:35+08:00 ] ::1 /PShunt/index.php/Home/Login/verifyImg?0.4368536751221347
INFO: [ app_init ] --START--
INFO: Run Behavior\BuildLiteBehavior [ RunTime:0.000000s ]
INFO: [ app_init ] --END-- [ RunTime:0.001000s ]
INFO: [ app_begin ] --START--
INFO: Run Behavior\ReadHtmlCacheBehavior [ RunTime:0.000000s ]
INFO: [ app_begin ] --END-- [ RunTime:0.000000s ]
SQL: SHOW COLUMNS FROM `ps_s_course` [ RunTime:0.0020s ]
INFO: [ app_end ] --START--
INFO: Run Behavior\ShowPageTraceBehavior [ RunTime:0.000000s ]
INFO: [ app_end ] --END-- [ RunTime:0.000000s ]

[ 2017-03-16T01:02:56+08:00 ] ::1 /PShunt/index.php/Home/Login/verifyImg?0.01744145782504747
INFO: [ app_init ] --START--
INFO: Run Behavior\BuildLiteBehavior [ RunTime:0.000000s ]
INFO: [ app_init ] --END-- [ RunTime:0.000000s ]
INFO: [ app_begin ] --START--
INFO: Run Behavior\ReadHtmlCacheBehavior [ RunTime:0.001001s ]
INFO: [ app_begin ] --END-- [ RunTime:0.001001s ]
SQL: SHOW COLUMNS FROM `ps_s_course` [ RunTime:0.0020s ]
INFO: [ app_end ] --START--
INFO: Run Behavior\ShowPageTraceBehavior [ RunTime:0.001001s ]
INFO: [ app_end ] --END-- [ RunTime:0.001001s ]

[ 2017-03-16T01:03:01+08:00 ] ::1 /PShunt/index.php/Home/Login/doLogin
INFO: [ app_init ] --START--
INFO: Run Behavior\BuildLiteBehavior [ RunTime:0.000000s ]
INFO: [ app_init ] --END-- [ RunTime:0.000000s ]
INFO: [ app_begin ] --START--
INFO: Run Behavior\ReadHtmlCacheBehavior [ RunTime:0.001000s ]
INFO: [ app_begin ] --END-- [ RunTime:0.001000s ]
SQL: SHOW COLUMNS FROM `ps_s_course` [ RunTime:0.0010s ]
SQL: SHOW COLUMNS FROM `ps_student` [ RunTime:0.0020s ]
SQL: SELECT * FROM `ps_student` WHERE ( si_number=123 )  [ RunTime:0.0010s ]
SQL: SELECT * FROM `ps_s_course` WHERE ( SNumber = 123 )  [ RunTime:0.0000s ]
INFO: [ app_end ] --START--
INFO: Run Behavior\ShowPageTraceBehavior [ RunTime:0.001000s ]
INFO: [ app_end ] --END-- [ RunTime:0.001000s ]

[ 2017-03-16T01:03:01+08:00 ] ::1 /PShunt/index.php/Home/Login/verifyImg?0.31506987666960606
INFO: [ app_init ] --START--
INFO: Run Behavior\BuildLiteBehavior [ RunTime:0.000000s ]
INFO: [ app_init ] --END-- [ RunTime:0.000000s ]
INFO: [ app_begin ] --START--
INFO: Run Behavior\ReadHtmlCacheBehavior [ RunTime:0.001001s ]
INFO: [ app_begin ] --END-- [ RunTime:0.001001s ]
SQL: SHOW COLUMNS FROM `ps_s_course` [ RunTime:0.0050s ]
INFO: [ app_end ] --START--
INFO: Run Behavior\ShowPageTraceBehavior [ RunTime:0.001001s ]
INFO: [ app_end ] --END-- [ RunTime:0.001001s ]

[ 2017-03-16T01:03:01+08:00 ] ::1 /PShunt/index.php/Home/User/choice
INFO: [ app_init ] --START--
INFO: Run Behavior\BuildLiteBehavior [ RunTime:0.000000s ]
INFO: [ app_init ] --END-- [ RunTime:0.000000s ]
INFO: [ app_begin ] --START--
INFO: Run Behavior\ReadHtmlCacheBehavior [ RunTime:0.002000s ]
INFO: [ app_begin ] --END-- [ RunTime:0.002000s ]
SQL: SHOW COLUMNS FROM `ps_course` [ RunTime:0.0010s ]
SQL: SHOW COLUMNS FROM `ps_tree` [ RunTime:0.0030s ]
SQL: SHOW COLUMNS FROM `ps_s_course` [ RunTime:0.0020s ]
SQL: SHOW COLUMNS FROM `ps_student` [ RunTime:0.0020s ]
SQL: SELECT `si_name`,`si_grade`,`si_profession`,`si_class` FROM `ps_student` WHERE ( si_number = 123 )  [ RunTime:0.0000s ]
SQL: SELECT * FROM `ps_s_course` WHERE ( SNumber = 123 )  [ RunTime:0.0000s ]
SQL: SHOW COLUMNS FROM `ps_student` [ RunTime:0.0010s ]
SQL: SELECT `si_name`,`si_grade`,`si_profession`,`si_class` FROM `ps_student` WHERE ( si_number = 123 )  [ RunTime:0.0010s ]
INFO: [ view_parse ] --START--
INFO: [ template_filter ] --START--
INFO: Run Behavior\ContentReplaceBehavior [ RunTime:0.000000s ]
INFO: [ template_filter ] --END-- [ RunTime:0.000000s ]
INFO: Run Behavior\ParseTemplateBehavior [ RunTime:0.040002s ]
INFO: [ view_parse ] --END-- [ RunTime:0.040002s ]
INFO: [ view_filter ] --START--
INFO: Run Behavior\WriteHtmlCacheBehavior [ RunTime:0.001000s ]
INFO: [ view_filter ] --END-- [ RunTime:0.001000s ]
INFO: [ app_end ] --START--
INFO: Run Behavior\ShowPageTraceBehavior [ RunTime:0.002000s ]
INFO: [ app_end ] --END-- [ RunTime:0.002000s ]

[ 2017-03-16T01:03:01+08:00 ] ::1 /PShunt/index.php/Home/User/getChoice
INFO: [ app_init ] --START--
INFO: Run Behavior\BuildLiteBehavior [ RunTime:0.000000s ]
INFO: [ app_init ] --END-- [ RunTime:0.000000s ]
INFO: [ app_begin ] --START--
INFO: Run Behavior\ReadHtmlCacheBehavior [ RunTime:0.000000s ]
INFO: [ app_begin ] --END-- [ RunTime:0.000000s ]
SQL: SHOW COLUMNS FROM `ps_course` [ RunTime:0.0030s ]
SQL: SHOW COLUMNS FROM `ps_tree` [ RunTime:0.0010s ]
SQL: SHOW COLUMNS FROM `ps_s_course` [ RunTime:0.0010s ]
SQL: SHOW COLUMNS FROM `ps_student` [ RunTime:0.0010s ]
SQL: SELECT `si_name`,`si_grade`,`si_profession`,`si_class` FROM `ps_student` WHERE ( si_number = 123 )  [ RunTime:0.0000s ]
SQL: SELECT * FROM `ps_s_course` WHERE ( SNumber = 123 )  [ RunTime:0.0000s ]
SQL: SELECT branch_id AS id,parent_id AS pid,`name`,`course_id`,tlevel AS level FROM `ps_tree` WHERE ( name = '计算机科学与技术' )  [ RunTime:0.0000s ]
SQL: SELECT branch_id AS id,parent_id AS pid,`name`,`course_id`,tlevel AS level FROM `ps_tree` WHERE ( parent_id = 2 )  [ RunTime:0.0010s ]
SQL: SELECT branch_id AS id,parent_id AS pid,`name`,`course_id`,tlevel AS level FROM `ps_tree` WHERE ( parent_id = 5 )  [ RunTime:0.0000s ]
SQL: SELECT branch_id AS id,parent_id AS pid,`name`,`course_id`,tlevel AS level FROM `ps_tree` WHERE ( parent_id = 7 )  [ RunTime:0.0000s ]
SQL: SELECT branch_id AS id,parent_id AS pid,`name`,`course_id`,tlevel AS level FROM `ps_tree` WHERE ( parent_id = 25 )  [ RunTime:0.0000s ]
SQL: SELECT branch_id AS id,parent_id AS pid,`name`,`course_id`,tlevel AS level FROM `ps_tree` WHERE ( parent_id = 26 )  [ RunTime:0.0000s ]
SQL: SELECT branch_id AS id,parent_id AS pid,`name`,`course_id`,tlevel AS level FROM `ps_tree` WHERE ( parent_id = 8 )  [ RunTime:0.0010s ]
SQL: SELECT branch_id AS id,parent_id AS pid,`name`,`course_id`,tlevel AS level FROM `ps_tree` WHERE ( parent_id = 15 )  [ RunTime:0.0000s ]
SQL: SELECT branch_id AS id,parent_id AS pid,`name`,`course_id`,tlevel AS level FROM `ps_tree` WHERE ( parent_id = 16 )  [ RunTime:0.0000s ]
SQL: SELECT branch_id AS id,parent_id AS pid,`name`,`course_id`,tlevel AS level FROM `ps_tree` WHERE ( parent_id = 6 )  [ RunTime:0.0000s ]
SQL: SELECT branch_id AS id,parent_id AS pid,`name`,`course_id`,tlevel AS level FROM `ps_tree` WHERE ( parent_id = 9 )  [ RunTime:0.0000s ]
SQL: SELECT branch_id AS id,parent_id AS pid,`name`,`course_id`,tlevel AS level FROM `ps_tree` WHERE ( parent_id = 17 )  [ RunTime:0.0000s ]
SQL: SELECT branch_id AS id,parent_id AS pid,`name`,`course_id`,tlevel AS level FROM `ps_tree` WHERE ( parent_id = 18 )  [ RunTime:0.0000s ]
SQL: SELECT branch_id AS id,parent_id AS pid,`name`,`course_id`,tlevel AS level FROM `ps_tree` WHERE ( parent_id = 10 )  [ RunTime:0.0000s ]
SQL: SELECT branch_id AS id,parent_id AS pid,`name`,`course_id`,tlevel AS level FROM `ps_tree` WHERE ( parent_id = 19 )  [ RunTime:0.0000s ]
SQL: SELECT branch_id AS id,parent_id AS pid,`name`,`course_id`,tlevel AS level FROM `ps_tree` WHERE ( parent_id = 20 )  [ RunTime:0.0000s ]
SQL: SELECT branch_id AS id,parent_id AS pid,`name`,`course_id`,tlevel AS level FROM `ps_tree` WHERE ( parent_id = 11 )  [ RunTime:0.0000s ]
SQL: SELECT branch_id AS id,parent_id AS pid,`name`,`course_id`,tlevel AS level FROM `ps_tree` WHERE ( parent_id = 21 )  [ RunTime:0.0000s ]
SQL: SELECT branch_id AS id,parent_id AS pid,`name`,`course_id`,tlevel AS level FROM `ps_tree` WHERE ( parent_id = 22 )  [ RunTime:0.0000s ]
SQL: SELECT branch_id AS id,parent_id AS pid,`name`,`course_id`,tlevel AS level FROM `ps_tree` WHERE ( parent_id = 12 )  [ RunTime:0.0000s ]
SQL: SELECT branch_id AS id,parent_id AS pid,`name`,`course_id`,tlevel AS level FROM `ps_tree` WHERE ( parent_id = 23 )  [ RunTime:0.0000s ]
SQL: SELECT branch_id AS id,parent_id AS pid,`name`,`course_id`,tlevel AS level FROM `ps_tree` WHERE ( parent_id = 24 )  [ RunTime:0.0010s ]
INFO: [ app_end ] --START--
INFO: Run Behavior\ShowPageTraceBehavior [ RunTime:0.000000s ]
INFO: [ app_end ] --END-- [ RunTime:0.000000s ]

[ 2017-03-16T01:03:07+08:00 ] ::1 /PShunt/index.php/Home/User/setChoice
INFO: [ app_init ] --START--
INFO: Run Behavior\BuildLiteBehavior [ RunTime:0.000000s ]
INFO: [ app_init ] --END-- [ RunTime:0.000000s ]
INFO: [ app_begin ] --START--
INFO: Run Behavior\ReadHtmlCacheBehavior [ RunTime:0.001000s ]
INFO: [ app_begin ] --END-- [ RunTime:0.001000s ]
SQL: SHOW COLUMNS FROM `ps_course` [ RunTime:0.0010s ]
SQL: SHOW COLUMNS FROM `ps_tree` [ RunTime:0.0010s ]
SQL: SHOW COLUMNS FROM `ps_s_course` [ RunTime:0.0010s ]
SQL: SHOW COLUMNS FROM `ps_student` [ RunTime:0.0020s ]
SQL: SELECT `si_name`,`si_grade`,`si_profession`,`si_class` FROM `ps_student` WHERE ( si_number = 123 )  [ RunTime:0.0010s ]
SQL: SELECT * FROM `ps_s_course` WHERE ( SNumber = 123 )  [ RunTime:0.0000s ]
SQL: SELECT count(ID) as count FROM `ps_s_course` WHERE ( SNumber = 123 )  [ RunTime:0.0000s ]
SQL: INSERT INTO `ps_s_course` (`SNumber`,`courseID`) VALUES ('123','10') [ RunTime:0.0930s ]
SQL: INSERT INTO `ps_s_course` (`SNumber`,`courseID`) VALUES ('123','23') [ RunTime:0.0530s ]
SQL: INSERT INTO `ps_s_course` (`SNumber`,`courseID`) VALUES ('123','13') [ RunTime:0.1680s ]
SQL: INSERT INTO `ps_s_course` (`SNumber`,`courseID`) VALUES ('123','14') [ RunTime:0.0670s ]
INFO: [ app_end ] --START--
INFO: Run Behavior\ShowPageTraceBehavior [ RunTime:0.000000s ]
INFO: [ app_end ] --END-- [ RunTime:0.000000s ]

[ 2017-03-16T01:03:07+08:00 ] ::1 /PShunt/index.php/Home/User/choice
INFO: [ app_init ] --START--
INFO: Run Behavior\BuildLiteBehavior [ RunTime:0.000000s ]
INFO: [ app_init ] --END-- [ RunTime:0.000000s ]
INFO: [ app_begin ] --START--
INFO: Run Behavior\ReadHtmlCacheBehavior [ RunTime:0.001000s ]
INFO: [ app_begin ] --END-- [ RunTime:0.001000s ]
SQL: SHOW COLUMNS FROM `ps_course` [ RunTime:0.0010s ]
SQL: SHOW COLUMNS FROM `ps_tree` [ RunTime:0.0010s ]
SQL: SHOW COLUMNS FROM `ps_s_course` [ RunTime:0.0010s ]
SQL: SHOW COLUMNS FROM `ps_student` [ RunTime:0.0020s ]
SQL: SELECT `si_name`,`si_grade`,`si_profession`,`si_class` FROM `ps_student` WHERE ( si_number = 123 )  [ RunTime:0.0010s ]
SQL: SELECT * FROM `ps_s_course` WHERE ( SNumber = 123 )  [ RunTime:0.0000s ]

[ 2017-03-16T01:03:07+08:00 ] ::1 /PShunt/index.php/User/choiced.html
INFO: [ app_init ] --START--
INFO: Run Behavior\BuildLiteBehavior [ RunTime:0.000000s ]
INFO: [ app_init ] --END-- [ RunTime:0.001000s ]
INFO: [ app_begin ] --START--
INFO: Run Behavior\ReadHtmlCacheBehavior [ RunTime:0.001000s ]
INFO: [ app_begin ] --END-- [ RunTime:0.001000s ]
SQL: SHOW COLUMNS FROM `ps_course` [ RunTime:0.0020s ]
SQL: SHOW COLUMNS FROM `ps_tree` [ RunTime:0.0010s ]
SQL: SHOW COLUMNS FROM `ps_s_course` [ RunTime:0.0010s ]
SQL: SHOW COLUMNS FROM `ps_student` [ RunTime:0.0010s ]
SQL: SELECT `si_name`,`si_grade`,`si_profession`,`si_class` FROM `ps_student` WHERE ( si_number = 123 )  [ RunTime:0.0010s ]
SQL: SELECT * FROM `ps_s_course` WHERE ( SNumber = 123 )  [ RunTime:0.0000s ]
SQL: SHOW COLUMNS FROM `ps_student` [ RunTime:0.0010s ]
SQL: SELECT `si_name`,`si_grade`,`si_profession`,`si_class` FROM `ps_student` WHERE ( si_number = 123 )  [ RunTime:0.0010s ]
SQL: SELECT courseID AS c_id FROM `ps_s_course` WHERE ( SNumber = 123 )  [ RunTime:0.0000s ]
SQL: SELECT * FROM `ps_course` WHERE (  `c_id` = '10' ) OR (  `c_id` = '23' ) OR (  `c_id` = '13' ) OR (  `c_id` = '14' )  [ RunTime:0.0000s ]
SQL: SELECT count('SNumber') AS count FROM `ps_s_course` WHERE ( courseID = 10 )  [ RunTime:0.0000s ]
NOTIC: [8] Undefined variable: temp E:\DevelopTools\xampp\htdocs\PShunt\App\Home\Controller\UserController.class.php 第 86 行.
SQL: SELECT count('SNumber') AS count FROM `ps_s_course` WHERE ( courseID = 13 )  [ RunTime:0.0010s ]
SQL: SELECT count('SNumber') AS count FROM `ps_s_course` WHERE ( courseID = 14 )  [ RunTime:0.0000s ]
SQL: SELECT count('SNumber') AS count FROM `ps_s_course` WHERE ( courseID = 23 )  [ RunTime:0.0000s ]
INFO: [ view_parse ] --START--
INFO: [ template_filter ] --START--
INFO: Run Behavior\ContentReplaceBehavior [ RunTime:0.000000s ]
INFO: [ template_filter ] --END-- [ RunTime:0.000000s ]
INFO: Run Behavior\ParseTemplateBehavior [ RunTime:0.005000s ]
INFO: [ view_parse ] --END-- [ RunTime:0.005000s ]
INFO: [ view_filter ] --START--
INFO: Run Behavior\WriteHtmlCacheBehavior [ RunTime:0.000000s ]
INFO: [ view_filter ] --END-- [ RunTime:0.000000s ]
INFO: [ app_end ] --START--
INFO: Run Behavior\ShowPageTraceBehavior [ RunTime:0.000000s ]
INFO: [ app_end ] --END-- [ RunTime:0.000000s ]

