[ 2017-02-16T18:24:37+08:00 ] ::1 /PShunt/index.php/Home/Login/login
INFO: [ app_init ] --START--
INFO: Run Behavior\BuildLiteBehavior [ RunTime:0.000000s ]
INFO: [ app_init ] --END-- [ RunTime:0.013001s ]
INFO: [ app_begin ] --START--
INFO: Run Behavior\ReadHtmlCacheBehavior [ RunTime:0.008000s ]
INFO: [ app_begin ] --END-- [ RunTime:0.008000s ]
SQL: SHOW COLUMNS FROM `ps_s_course` [ RunTime:0.0010s ]
INFO: [ view_parse ] --START--
INFO: [ template_filter ] --START--
INFO: Run Behavior\ContentReplaceBehavior [ RunTime:0.000000s ]
INFO: [ template_filter ] --END-- [ RunTime:0.000000s ]
INFO: Run Behavior\ParseTemplateBehavior [ RunTime:0.037002s ]
INFO: [ view_parse ] --END-- [ RunTime:0.038002s ]
INFO: [ view_filter ] --START--
INFO: Run Behavior\WriteHtmlCacheBehavior [ RunTime:0.015001s ]
INFO: [ view_filter ] --END-- [ RunTime:0.015001s ]
INFO: [ app_end ] --START--
INFO: Run Behavior\ShowPageTraceBehavior [ RunTime:0.005000s ]
INFO: [ app_end ] --END-- [ RunTime:0.005000s ]

[ 2017-02-16T18:24:37+08:00 ] ::1 /PShunt/index.php/Home/Login/verifyImg
INFO: [ app_init ] --START--
INFO: Run Behavior\BuildLiteBehavior [ RunTime:0.000000s ]
INFO: [ app_init ] --END-- [ RunTime:0.001000s ]
INFO: [ app_begin ] --START--
INFO: Run Behavior\ReadHtmlCacheBehavior [ RunTime:0.001000s ]
INFO: [ app_begin ] --END-- [ RunTime:0.001000s ]
SQL: SHOW COLUMNS FROM `ps_s_course` [ RunTime:0.0040s ]
INFO: [ app_end ] --START--
INFO: Run Behavior\ShowPageTraceBehavior [ RunTime:0.002001s ]
INFO: [ app_end ] --END-- [ RunTime:0.002001s ]

[ 2017-02-16T18:25:06+08:00 ] ::1 /PShunt/index.php/Home/Login/doLogin
INFO: [ app_init ] --START--
INFO: Run Behavior\BuildLiteBehavior [ RunTime:0.000000s ]
INFO: [ app_init ] --END-- [ RunTime:0.001000s ]
INFO: [ app_begin ] --START--
INFO: Run Behavior\ReadHtmlCacheBehavior [ RunTime:0.000000s ]
INFO: [ app_begin ] --END-- [ RunTime:0.000000s ]
SQL: SHOW COLUMNS FROM `ps_s_course` [ RunTime:0.0020s ]
SQL: SHOW COLUMNS FROM `ps_student` [ RunTime:0.0040s ]
SQL: SELECT * FROM `ps_student` WHERE ( si_number=123 )  [ RunTime:0.0010s ]
SQL: SELECT * FROM `ps_s_course` WHERE ( SNumber = 123 )  [ RunTime:0.0000s ]
INFO: [ app_end ] --START--
INFO: Run Behavior\ShowPageTraceBehavior [ RunTime:0.001000s ]
INFO: [ app_end ] --END-- [ RunTime:0.001000s ]

[ 2017-02-16T18:25:06+08:00 ] ::1 /PShunt/index.php/Home/User/choice
INFO: [ app_init ] --START--
INFO: Run Behavior\BuildLiteBehavior [ RunTime:0.000000s ]
INFO: [ app_init ] --END-- [ RunTime:0.001000s ]
INFO: [ app_begin ] --START--
INFO: Run Behavior\ReadHtmlCacheBehavior [ RunTime:0.001000s ]
INFO: [ app_begin ] --END-- [ RunTime:0.001000s ]
SQL: SHOW COLUMNS FROM `ps_course` [ RunTime:0.0070s ]
SQL: SHOW COLUMNS FROM `ps_tree` [ RunTime:0.0020s ]
SQL: SHOW COLUMNS FROM `ps_s_course` [ RunTime:0.0010s ]
SQL: SHOW COLUMNS FROM `ps_student` [ RunTime:0.0020s ]
SQL: SELECT `si_name`,`si_grade`,`si_profession`,`si_class` FROM `ps_student` WHERE ( si_number = 123 )  [ RunTime:0.0000s ]
SQL: SELECT * FROM `ps_s_course` WHERE ( SNumber = 123 )  [ RunTime:0.0010s ]
SQL: SHOW COLUMNS FROM `ps_student` [ RunTime:0.0030s ]
SQL: SELECT `si_name`,`si_grade`,`si_profession`,`si_class` FROM `ps_student` WHERE ( si_number = 123 )  [ RunTime:0.0010s ]
INFO: [ view_parse ] --START--
INFO: [ template_filter ] --START--
INFO: Run Behavior\ContentReplaceBehavior [ RunTime:0.000000s ]
INFO: [ template_filter ] --END-- [ RunTime:0.000000s ]
INFO: Run Behavior\ParseTemplateBehavior [ RunTime:0.008000s ]
INFO: [ view_parse ] --END-- [ RunTime:0.008000s ]
INFO: [ view_filter ] --START--
INFO: Run Behavior\WriteHtmlCacheBehavior [ RunTime:0.000000s ]
INFO: [ view_filter ] --END-- [ RunTime:0.000000s ]
INFO: [ app_end ] --START--
INFO: Run Behavior\ShowPageTraceBehavior [ RunTime:0.000000s ]
INFO: [ app_end ] --END-- [ RunTime:0.001000s ]

[ 2017-02-16T18:25:06+08:00 ] ::1 /PShunt/index.php/Home/Login/verifyImg?0.9845467091627558
INFO: [ app_init ] --START--
INFO: Run Behavior\BuildLiteBehavior [ RunTime:0.000000s ]
INFO: [ app_init ] --END-- [ RunTime:0.001000s ]
INFO: [ app_begin ] --START--
INFO: Run Behavior\ReadHtmlCacheBehavior [ RunTime:0.003000s ]
INFO: [ app_begin ] --END-- [ RunTime:0.003000s ]
SQL: SHOW COLUMNS FROM `ps_s_course` [ RunTime:0.0020s ]
INFO: [ app_end ] --START--
INFO: Run Behavior\ShowPageTraceBehavior [ RunTime:0.001000s ]
INFO: [ app_end ] --END-- [ RunTime:0.001000s ]

[ 2017-02-16T18:25:07+08:00 ] ::1 /PShunt/index.php/Home/User/getChoice
INFO: [ app_init ] --START--
INFO: Run Behavior\BuildLiteBehavior [ RunTime:0.000000s ]
INFO: [ app_init ] --END-- [ RunTime:0.000000s ]
INFO: [ app_begin ] --START--
INFO: Run Behavior\ReadHtmlCacheBehavior [ RunTime:0.001000s ]
INFO: [ app_begin ] --END-- [ RunTime:0.001000s ]
SQL: SHOW COLUMNS FROM `ps_course` [ RunTime:0.0010s ]
SQL: SHOW COLUMNS FROM `ps_tree` [ RunTime:0.0020s ]
SQL: SHOW COLUMNS FROM `ps_s_course` [ RunTime:0.0010s ]
SQL: SHOW COLUMNS FROM `ps_student` [ RunTime:0.0020s ]
SQL: SELECT `si_name`,`si_grade`,`si_profession`,`si_class` FROM `ps_student` WHERE ( si_number = 123 )  [ RunTime:0.0000s ]
SQL: SELECT * FROM `ps_s_course` WHERE ( SNumber = 123 )  [ RunTime:0.0000s ]
SQL: SELECT branch_id AS id,parent_id AS pid,`name`,`course_id`,tlevel AS level FROM `ps_tree` WHERE ( name = '计算机科学与技术' )  [ RunTime:0.0010s ]
SQL: SELECT branch_id AS id,parent_id AS pid,`name`,`course_id`,tlevel AS level FROM `ps_tree` WHERE ( parent_id = 2 )  [ RunTime:0.0000s ]
SQL: SELECT branch_id AS id,parent_id AS pid,`name`,`course_id`,tlevel AS level FROM `ps_tree` WHERE ( parent_id = 5 )  [ RunTime:0.0000s ]
SQL: SELECT branch_id AS id,parent_id AS pid,`name`,`course_id`,tlevel AS level FROM `ps_tree` WHERE ( parent_id = 7 )  [ RunTime:0.0000s ]
SQL: SELECT branch_id AS id,parent_id AS pid,`name`,`course_id`,tlevel AS level FROM `ps_tree` WHERE ( parent_id = 25 )  [ RunTime:0.0000s ]
SQL: SELECT branch_id AS id,parent_id AS pid,`name`,`course_id`,tlevel AS level FROM `ps_tree` WHERE ( parent_id = 26 )  [ RunTime:0.0000s ]
SQL: SELECT branch_id AS id,parent_id AS pid,`name`,`course_id`,tlevel AS level FROM `ps_tree` WHERE ( parent_id = 8 )  [ RunTime:0.0000s ]
SQL: SELECT branch_id AS id,parent_id AS pid,`name`,`course_id`,tlevel AS level FROM `ps_tree` WHERE ( parent_id = 15 )  [ RunTime:0.0000s ]
SQL: SELECT branch_id AS id,parent_id AS pid,`name`,`course_id`,tlevel AS level FROM `ps_tree` WHERE ( parent_id = 16 )  [ RunTime:0.0000s ]
SQL: SELECT branch_id AS id,parent_id AS pid,`name`,`course_id`,tlevel AS level FROM `ps_tree` WHERE ( parent_id = 6 )  [ RunTime:0.0000s ]
SQL: SELECT branch_id AS id,parent_id AS pid,`name`,`course_id`,tlevel AS level FROM `ps_tree` WHERE ( parent_id = 9 )  [ RunTime:0.0000s ]
SQL: SELECT branch_id AS id,parent_id AS pid,`name`,`course_id`,tlevel AS level FROM `ps_tree` WHERE ( parent_id = 17 )  [ RunTime:0.0000s ]
SQL: SELECT branch_id AS id,parent_id AS pid,`name`,`course_id`,tlevel AS level FROM `ps_tree` WHERE ( parent_id = 18 )  [ RunTime:0.0010s ]
SQL: SELECT branch_id AS id,parent_id AS pid,`name`,`course_id`,tlevel AS level FROM `ps_tree` WHERE ( parent_id = 10 )  [ RunTime:0.0000s ]
SQL: SELECT branch_id AS id,parent_id AS pid,`name`,`course_id`,tlevel AS level FROM `ps_tree` WHERE ( parent_id = 19 )  [ RunTime:0.0000s ]
SQL: SELECT branch_id AS id,parent_id AS pid,`name`,`course_id`,tlevel AS level FROM `ps_tree` WHERE ( parent_id = 20 )  [ RunTime:0.0010s ]
SQL: SELECT branch_id AS id,parent_id AS pid,`name`,`course_id`,tlevel AS level FROM `ps_tree` WHERE ( parent_id = 11 )  [ RunTime:0.0000s ]
SQL: SELECT branch_id AS id,parent_id AS pid,`name`,`course_id`,tlevel AS level FROM `ps_tree` WHERE ( parent_id = 21 )  [ RunTime:0.0000s ]
SQL: SELECT branch_id AS id,parent_id AS pid,`name`,`course_id`,tlevel AS level FROM `ps_tree` WHERE ( parent_id = 22 )  [ RunTime:0.0010s ]
SQL: SELECT branch_id AS id,parent_id AS pid,`name`,`course_id`,tlevel AS level FROM `ps_tree` WHERE ( parent_id = 12 )  [ RunTime:0.0000s ]
SQL: SELECT branch_id AS id,parent_id AS pid,`name`,`course_id`,tlevel AS level FROM `ps_tree` WHERE ( parent_id = 23 )  [ RunTime:0.0000s ]
SQL: SELECT branch_id AS id,parent_id AS pid,`name`,`course_id`,tlevel AS level FROM `ps_tree` WHERE ( parent_id = 24 )  [ RunTime:0.0010s ]
INFO: [ app_end ] --START--
INFO: Run Behavior\ShowPageTraceBehavior [ RunTime:0.001000s ]
INFO: [ app_end ] --END-- [ RunTime:0.001000s ]

[ 2017-02-16T18:25:28+08:00 ] ::1 /PShunt/index.php/Home/User/getCourse
INFO: [ app_init ] --START--
INFO: Run Behavior\BuildLiteBehavior [ RunTime:0.000000s ]
INFO: [ app_init ] --END-- [ RunTime:0.001000s ]
INFO: [ app_begin ] --START--
INFO: Run Behavior\ReadHtmlCacheBehavior [ RunTime:0.001000s ]
INFO: [ app_begin ] --END-- [ RunTime:0.001000s ]
SQL: SHOW COLUMNS FROM `ps_course` [ RunTime:0.0020s ]
SQL: SHOW COLUMNS FROM `ps_tree` [ RunTime:0.0020s ]
SQL: SHOW COLUMNS FROM `ps_s_course` [ RunTime:0.0010s ]
SQL: SHOW COLUMNS FROM `ps_student` [ RunTime:0.0020s ]
SQL: SELECT `si_name`,`si_grade`,`si_profession`,`si_class` FROM `ps_student` WHERE ( si_number = 123 )  [ RunTime:0.0000s ]
SQL: SELECT * FROM `ps_s_course` WHERE ( SNumber = 123 )  [ RunTime:0.0000s ]
SQL: SELECT `c_teacher`,`c_introduce` FROM `ps_course` WHERE ( c_id = 13 )  [ RunTime:0.0000s ]
SQL: SELECT count('SNumber') AS count FROM `ps_s_course` WHERE ( courseID = 13 )  [ RunTime:0.0000s ]
NOTIC: [8] Undefined index: c_name D:\xampp\htdocs\PShunt\App\Home\Controller\UserController.class.php 第 127 行.
INFO: [ app_end ] --START--
INFO: Run Behavior\ShowPageTraceBehavior [ RunTime:0.001000s ]
INFO: [ app_end ] --END-- [ RunTime:0.001000s ]

[ 2017-02-16T18:25:30+08:00 ] ::1 /PShunt/index.php/Home/User/getCourse
INFO: [ app_init ] --START--
INFO: Run Behavior\BuildLiteBehavior [ RunTime:0.000000s ]
INFO: [ app_init ] --END-- [ RunTime:0.001000s ]
INFO: [ app_begin ] --START--
INFO: Run Behavior\ReadHtmlCacheBehavior [ RunTime:0.001000s ]
INFO: [ app_begin ] --END-- [ RunTime:0.001000s ]
SQL: SHOW COLUMNS FROM `ps_course` [ RunTime:0.0020s ]
SQL: SHOW COLUMNS FROM `ps_tree` [ RunTime:0.0030s ]
SQL: SHOW COLUMNS FROM `ps_s_course` [ RunTime:0.0020s ]
SQL: SHOW COLUMNS FROM `ps_student` [ RunTime:0.0020s ]
SQL: SELECT `si_name`,`si_grade`,`si_profession`,`si_class` FROM `ps_student` WHERE ( si_number = 123 )  [ RunTime:0.0000s ]
SQL: SELECT * FROM `ps_s_course` WHERE ( SNumber = 123 )  [ RunTime:0.0000s ]
SQL: SELECT `c_teacher`,`c_introduce` FROM `ps_course` WHERE ( c_id = 14 )  [ RunTime:0.0010s ]
SQL: SELECT count('SNumber') AS count FROM `ps_s_course` WHERE ( courseID = 14 )  [ RunTime:0.0010s ]
NOTIC: [8] Undefined index: c_name D:\xampp\htdocs\PShunt\App\Home\Controller\UserController.class.php 第 127 行.
INFO: [ app_end ] --START--
INFO: Run Behavior\ShowPageTraceBehavior [ RunTime:0.001000s ]
INFO: [ app_end ] --END-- [ RunTime:0.001000s ]

[ 2017-02-16T18:25:32+08:00 ] ::1 /PShunt/index.php/Home/User/getCourse
INFO: [ app_init ] --START--
INFO: Run Behavior\BuildLiteBehavior [ RunTime:0.000000s ]
INFO: [ app_init ] --END-- [ RunTime:0.001000s ]
INFO: [ app_begin ] --START--
INFO: Run Behavior\ReadHtmlCacheBehavior [ RunTime:0.001000s ]
INFO: [ app_begin ] --END-- [ RunTime:0.001000s ]
SQL: SHOW COLUMNS FROM `ps_course` [ RunTime:0.0020s ]
SQL: SHOW COLUMNS FROM `ps_tree` [ RunTime:0.0010s ]
SQL: SHOW COLUMNS FROM `ps_s_course` [ RunTime:0.0020s ]
SQL: SHOW COLUMNS FROM `ps_student` [ RunTime:0.0020s ]
SQL: SELECT `si_name`,`si_grade`,`si_profession`,`si_class` FROM `ps_student` WHERE ( si_number = 123 )  [ RunTime:0.0010s ]
SQL: SELECT * FROM `ps_s_course` WHERE ( SNumber = 123 )  [ RunTime:0.0000s ]
SQL: SELECT `c_teacher`,`c_introduce` FROM `ps_course` WHERE ( c_id = 15 )  [ RunTime:0.0010s ]
SQL: SELECT count('SNumber') AS count FROM `ps_s_course` WHERE ( courseID = 15 )  [ RunTime:0.0010s ]
NOTIC: [8] Undefined index: c_name D:\xampp\htdocs\PShunt\App\Home\Controller\UserController.class.php 第 127 行.
INFO: [ app_end ] --START--
INFO: Run Behavior\ShowPageTraceBehavior [ RunTime:0.001000s ]
INFO: [ app_end ] --END-- [ RunTime:0.001000s ]

[ 2017-02-16T18:25:33+08:00 ] ::1 /PShunt/index.php/Home/User/getCourse
INFO: [ app_init ] --START--
INFO: Run Behavior\BuildLiteBehavior [ RunTime:0.000000s ]
INFO: [ app_init ] --END-- [ RunTime:0.000000s ]
INFO: [ app_begin ] --START--
INFO: Run Behavior\ReadHtmlCacheBehavior [ RunTime:0.001000s ]
INFO: [ app_begin ] --END-- [ RunTime:0.001000s ]
SQL: SHOW COLUMNS FROM `ps_course` [ RunTime:0.0020s ]
SQL: SHOW COLUMNS FROM `ps_tree` [ RunTime:0.0020s ]
SQL: SHOW COLUMNS FROM `ps_s_course` [ RunTime:0.0010s ]
SQL: SHOW COLUMNS FROM `ps_student` [ RunTime:0.0020s ]
SQL: SELECT `si_name`,`si_grade`,`si_profession`,`si_class` FROM `ps_student` WHERE ( si_number = 123 )  [ RunTime:0.0000s ]
SQL: SELECT * FROM `ps_s_course` WHERE ( SNumber = 123 )  [ RunTime:0.0010s ]
SQL: SELECT `c_teacher`,`c_introduce` FROM `ps_course` WHERE ( c_id = 16 )  [ RunTime:0.0000s ]
SQL: SELECT count('SNumber') AS count FROM `ps_s_course` WHERE ( courseID = 16 )  [ RunTime:0.0000s ]
NOTIC: [8] Undefined index: c_name D:\xampp\htdocs\PShunt\App\Home\Controller\UserController.class.php 第 127 行.
INFO: [ app_end ] --START--
INFO: Run Behavior\ShowPageTraceBehavior [ RunTime:0.001000s ]
INFO: [ app_end ] --END-- [ RunTime:0.001000s ]

[ 2017-02-16T18:25:37+08:00 ] ::1 /PShunt/index.php/Home/User/getCourse
INFO: [ app_init ] --START--
INFO: Run Behavior\BuildLiteBehavior [ RunTime:0.000000s ]
INFO: [ app_init ] --END-- [ RunTime:0.000000s ]
INFO: [ app_begin ] --START--
INFO: Run Behavior\ReadHtmlCacheBehavior [ RunTime:0.001000s ]
INFO: [ app_begin ] --END-- [ RunTime:0.001000s ]
SQL: SHOW COLUMNS FROM `ps_course` [ RunTime:0.0010s ]
SQL: SHOW COLUMNS FROM `ps_tree` [ RunTime:0.0020s ]
SQL: SHOW COLUMNS FROM `ps_s_course` [ RunTime:0.0020s ]
SQL: SHOW COLUMNS FROM `ps_student` [ RunTime:0.0010s ]
SQL: SELECT `si_name`,`si_grade`,`si_profession`,`si_class` FROM `ps_student` WHERE ( si_number = 123 )  [ RunTime:0.0000s ]
SQL: SELECT * FROM `ps_s_course` WHERE ( SNumber = 123 )  [ RunTime:0.0010s ]
SQL: SELECT `c_teacher`,`c_introduce` FROM `ps_course` WHERE ( c_id = 19 )  [ RunTime:0.0000s ]
SQL: SELECT count('SNumber') AS count FROM `ps_s_course` WHERE ( courseID = 19 )  [ RunTime:0.0000s ]
NOTIC: [8] Undefined index: c_name D:\xampp\htdocs\PShunt\App\Home\Controller\UserController.class.php 第 127 行.
INFO: [ app_end ] --START--
INFO: Run Behavior\ShowPageTraceBehavior [ RunTime:0.001000s ]
INFO: [ app_end ] --END-- [ RunTime:0.001000s ]

[ 2017-02-16T18:25:38+08:00 ] ::1 /PShunt/index.php/Home/User/getCourse
INFO: [ app_init ] --START--
INFO: Run Behavior\BuildLiteBehavior [ RunTime:0.000000s ]
INFO: [ app_init ] --END-- [ RunTime:0.001000s ]
INFO: [ app_begin ] --START--
INFO: Run Behavior\ReadHtmlCacheBehavior [ RunTime:0.001000s ]
INFO: [ app_begin ] --END-- [ RunTime:0.001000s ]
SQL: SHOW COLUMNS FROM `ps_course` [ RunTime:0.0010s ]
SQL: SHOW COLUMNS FROM `ps_tree` [ RunTime:0.0020s ]
SQL: SHOW COLUMNS FROM `ps_s_course` [ RunTime:0.0010s ]
SQL: SHOW COLUMNS FROM `ps_student` [ RunTime:0.0030s ]
SQL: SELECT `si_name`,`si_grade`,`si_profession`,`si_class` FROM `ps_student` WHERE ( si_number = 123 )  [ RunTime:0.0000s ]
SQL: SELECT * FROM `ps_s_course` WHERE ( SNumber = 123 )  [ RunTime:0.0010s ]
SQL: SELECT `c_teacher`,`c_introduce` FROM `ps_course` WHERE ( c_id = 20 )  [ RunTime:0.0000s ]
SQL: SELECT count('SNumber') AS count FROM `ps_s_course` WHERE ( courseID = 20 )  [ RunTime:0.0000s ]
NOTIC: [8] Undefined index: c_name D:\xampp\htdocs\PShunt\App\Home\Controller\UserController.class.php 第 127 行.
INFO: [ app_end ] --START--
INFO: Run Behavior\ShowPageTraceBehavior [ RunTime:0.001000s ]
INFO: [ app_end ] --END-- [ RunTime:0.001000s ]

[ 2017-02-16T18:25:42+08:00 ] ::1 /PShunt/index.php/Home/User/setChoice
INFO: [ app_init ] --START--
INFO: Run Behavior\BuildLiteBehavior [ RunTime:0.000000s ]
INFO: [ app_init ] --END-- [ RunTime:0.000000s ]
INFO: [ app_begin ] --START--
INFO: Run Behavior\ReadHtmlCacheBehavior [ RunTime:0.002000s ]
INFO: [ app_begin ] --END-- [ RunTime:0.002000s ]
SQL: SHOW COLUMNS FROM `ps_course` [ RunTime:0.0020s ]
SQL: SHOW COLUMNS FROM `ps_tree` [ RunTime:0.0010s ]
SQL: SHOW COLUMNS FROM `ps_s_course` [ RunTime:0.0040s ]
SQL: SHOW COLUMNS FROM `ps_student` [ RunTime:0.0020s ]
SQL: SELECT `si_name`,`si_grade`,`si_profession`,`si_class` FROM `ps_student` WHERE ( si_number = 123 )  [ RunTime:0.0000s ]
SQL: SELECT * FROM `ps_s_course` WHERE ( SNumber = 123 )  [ RunTime:0.0000s ]
SQL: SELECT count(ID) as count FROM `ps_s_course` WHERE ( SNumber = 123 )  [ RunTime:0.0000s ]
SQL: INSERT INTO `ps_s_course` (`SNumber`,`courseID`) VALUES ('123','10') [ RunTime:0.0750s ]
SQL: INSERT INTO `ps_s_course` (`SNumber`,`courseID`) VALUES ('123','23') [ RunTime:0.0250s ]
SQL: INSERT INTO `ps_s_course` (`SNumber`,`courseID`) VALUES ('123','19') [ RunTime:0.0670s ]
SQL: INSERT INTO `ps_s_course` (`SNumber`,`courseID`) VALUES ('123','20') [ RunTime:0.0830s ]
INFO: [ app_end ] --START--
INFO: Run Behavior\ShowPageTraceBehavior [ RunTime:0.001000s ]
INFO: [ app_end ] --END-- [ RunTime:0.001000s ]

[ 2017-02-16T18:25:42+08:00 ] ::1 /PShunt/index.php/Home/User/choice
INFO: [ app_init ] --START--
INFO: Run Behavior\BuildLiteBehavior [ RunTime:0.000000s ]
INFO: [ app_init ] --END-- [ RunTime:0.001000s ]
INFO: [ app_begin ] --START--
INFO: Run Behavior\ReadHtmlCacheBehavior [ RunTime:0.002000s ]
INFO: [ app_begin ] --END-- [ RunTime:0.002000s ]
SQL: SHOW COLUMNS FROM `ps_course` [ RunTime:0.0020s ]
SQL: SHOW COLUMNS FROM `ps_tree` [ RunTime:0.0010s ]
SQL: SHOW COLUMNS FROM `ps_s_course` [ RunTime:0.0020s ]
SQL: SHOW COLUMNS FROM `ps_student` [ RunTime:0.0010s ]
SQL: SELECT `si_name`,`si_grade`,`si_profession`,`si_class` FROM `ps_student` WHERE ( si_number = 123 )  [ RunTime:0.0000s ]
SQL: SELECT * FROM `ps_s_course` WHERE ( SNumber = 123 )  [ RunTime:0.0000s ]

[ 2017-02-16T18:25:42+08:00 ] ::1 /PShunt/index.php/User/choiced.html
INFO: [ app_init ] --START--
INFO: Run Behavior\BuildLiteBehavior [ RunTime:0.000000s ]
INFO: [ app_init ] --END-- [ RunTime:0.000000s ]
INFO: [ app_begin ] --START--
INFO: Run Behavior\ReadHtmlCacheBehavior [ RunTime:0.001000s ]
INFO: [ app_begin ] --END-- [ RunTime:0.001000s ]
SQL: SHOW COLUMNS FROM `ps_course` [ RunTime:0.0010s ]
SQL: SHOW COLUMNS FROM `ps_tree` [ RunTime:0.0040s ]
SQL: SHOW COLUMNS FROM `ps_s_course` [ RunTime:0.0030s ]
SQL: SHOW COLUMNS FROM `ps_student` [ RunTime:0.0010s ]
SQL: SELECT `si_name`,`si_grade`,`si_profession`,`si_class` FROM `ps_student` WHERE ( si_number = 123 )  [ RunTime:0.0000s ]
SQL: SELECT * FROM `ps_s_course` WHERE ( SNumber = 123 )  [ RunTime:0.0000s ]
SQL: SHOW COLUMNS FROM `ps_student` [ RunTime:0.0020s ]
SQL: SELECT `si_name`,`si_grade`,`si_profession`,`si_class` FROM `ps_student` WHERE ( si_number = 123 )  [ RunTime:0.0010s ]
SQL: SELECT courseID AS c_id FROM `ps_s_course` WHERE ( SNumber = 123 )  [ RunTime:0.0000s ]
SQL: SELECT * FROM `ps_course` WHERE (  `c_id` = '10' ) OR (  `c_id` = '23' ) OR (  `c_id` = '19' ) OR (  `c_id` = '20' )  [ RunTime:0.0010s ]
SQL: SELECT count('SNumber') AS count FROM `ps_s_course` WHERE ( courseID = 10 )  [ RunTime:0.0000s ]
NOTIC: [8] Undefined variable: temp D:\xampp\htdocs\PShunt\App\Home\Controller\UserController.class.php 第 75 行.
SQL: SELECT count('SNumber') AS count FROM `ps_s_course` WHERE ( courseID = 19 )  [ RunTime:0.0000s ]
SQL: SELECT count('SNumber') AS count FROM `ps_s_course` WHERE ( courseID = 20 )  [ RunTime:0.0000s ]
SQL: SELECT count('SNumber') AS count FROM `ps_s_course` WHERE ( courseID = 23 )  [ RunTime:0.0000s ]
INFO: [ view_parse ] --START--
INFO: [ template_filter ] --START--
INFO: Run Behavior\ContentReplaceBehavior [ RunTime:0.000000s ]
INFO: [ template_filter ] --END-- [ RunTime:0.000000s ]
INFO: Run Behavior\ParseTemplateBehavior [ RunTime:0.019001s ]
INFO: [ view_parse ] --END-- [ RunTime:0.019001s ]
INFO: [ view_filter ] --START--
INFO: Run Behavior\WriteHtmlCacheBehavior [ RunTime:0.001000s ]
INFO: [ view_filter ] --END-- [ RunTime:0.001000s ]
INFO: [ app_end ] --START--
INFO: Run Behavior\ShowPageTraceBehavior [ RunTime:0.001000s ]
INFO: [ app_end ] --END-- [ RunTime:0.001000s ]

[ 2017-02-16T23:30:52+08:00 ] ::1 /PShunt/index.php/Home/Login/login.html
INFO: [ app_init ] --START--
INFO: Run Behavior\BuildLiteBehavior [ RunTime:0.000000s ]
INFO: [ app_init ] --END-- [ RunTime:0.010000s ]
INFO: [ app_begin ] --START--
INFO: Run Behavior\ReadHtmlCacheBehavior [ RunTime:0.012000s ]
INFO: [ app_begin ] --END-- [ RunTime:0.012000s ]
SQL: SHOW COLUMNS FROM `ps_s_course` [ RunTime:0.0020s ]
INFO: [ view_parse ] --START--
INFO: [ template_filter ] --START--
INFO: Run Behavior\ContentReplaceBehavior [ RunTime:0.001000s ]
INFO: [ template_filter ] --END-- [ RunTime:0.001000s ]
INFO: Run Behavior\ParseTemplateBehavior [ RunTime:0.015001s ]
INFO: [ view_parse ] --END-- [ RunTime:0.015001s ]
INFO: [ view_filter ] --START--
INFO: Run Behavior\WriteHtmlCacheBehavior [ RunTime:0.008000s ]
INFO: [ view_filter ] --END-- [ RunTime:0.008000s ]
INFO: [ app_end ] --START--
INFO: Run Behavior\ShowPageTraceBehavior [ RunTime:0.005000s ]
INFO: [ app_end ] --END-- [ RunTime:0.005000s ]

[ 2017-02-16T23:30:53+08:00 ] ::1 /PShunt/index.php/Home/Login/verifyImg
INFO: [ app_init ] --START--
INFO: Run Behavior\BuildLiteBehavior [ RunTime:0.000000s ]
INFO: [ app_init ] --END-- [ RunTime:0.001000s ]
INFO: [ app_begin ] --START--
INFO: Run Behavior\ReadHtmlCacheBehavior [ RunTime:0.000000s ]
INFO: [ app_begin ] --END-- [ RunTime:0.000000s ]
SQL: SHOW COLUMNS FROM `ps_s_course` [ RunTime:0.0020s ]
INFO: [ app_end ] --START--
INFO: Run Behavior\ShowPageTraceBehavior [ RunTime:0.013000s ]
INFO: [ app_end ] --END-- [ RunTime:0.013000s ]

