[ 2017-02-17T13:59:11+08:00 ] ::1 /PShunt/index.php/Admin/Login/login
INFO: [ app_init ] --START--
INFO: Run Behavior\BuildLiteBehavior [ RunTime:0.000000s ]
INFO: [ app_init ] --END-- [ RunTime:0.000000s ]
INFO: [ app_begin ] --START--
INFO: Run Behavior\ReadHtmlCacheBehavior [ RunTime:0.000000s ]
INFO: [ app_begin ] --END-- [ RunTime:0.000000s ]
INFO: [ view_parse ] --START--
INFO: [ template_filter ] --START--
INFO: Run Behavior\ContentReplaceBehavior [ RunTime:0.000000s ]
INFO: [ template_filter ] --END-- [ RunTime:0.000000s ]
INFO: Run Behavior\ParseTemplateBehavior [ RunTime:0.004000s ]
INFO: [ view_parse ] --END-- [ RunTime:0.004000s ]
INFO: [ view_filter ] --START--
INFO: Run Behavior\WriteHtmlCacheBehavior [ RunTime:0.000000s ]
INFO: [ view_filter ] --END-- [ RunTime:0.000000s ]
INFO: [ app_end ] --START--
INFO: Run Behavior\ShowPageTraceBehavior [ RunTime:0.000000s ]
INFO: [ app_end ] --END-- [ RunTime:0.000000s ]

[ 2017-02-17T13:59:14+08:00 ] ::1 /PShunt/index.php/Admin/Login/doLogin
INFO: [ app_init ] --START--
INFO: Run Behavior\BuildLiteBehavior [ RunTime:0.000000s ]
INFO: [ app_init ] --END-- [ RunTime:0.000000s ]
INFO: [ app_begin ] --START--
INFO: Run Behavior\ReadHtmlCacheBehavior [ RunTime:0.001000s ]
INFO: [ app_begin ] --END-- [ RunTime:0.001000s ]
SQL: SHOW COLUMNS FROM `ps_manger` [ RunTime:0.0020s ]
SQL: SELECT `m_id` FROM `ps_manger` WHERE `m_name` = 'Admin' AND `m_password` = '123456' LIMIT 1   [ RunTime:0.0000s ]
INFO: [ view_parse ] --START--
INFO: [ template_filter ] --START--
INFO: Run Behavior\ContentReplaceBehavior [ RunTime:0.000000s ]
INFO: [ template_filter ] --END-- [ RunTime:0.001000s ]
INFO: Run Behavior\ParseTemplateBehavior [ RunTime:0.057004s ]
INFO: [ view_parse ] --END-- [ RunTime:0.057004s ]
INFO: [ view_filter ] --START--
INFO: Run Behavior\WriteHtmlCacheBehavior [ RunTime:0.000000s ]
INFO: [ view_filter ] --END-- [ RunTime:0.000000s ]
INFO: [ app_end ] --START--
INFO: Run Behavior\ShowPageTraceBehavior [ RunTime:0.001000s ]
INFO: [ app_end ] --END-- [ RunTime:0.001000s ]

[ 2017-02-17T13:59:15+08:00 ] ::1 /PShunt/index.php/Admin/Student/student.html
INFO: [ app_init ] --START--
INFO: Run Behavior\BuildLiteBehavior [ RunTime:0.000000s ]
INFO: [ app_init ] --END-- [ RunTime:0.000000s ]
INFO: [ app_begin ] --START--
INFO: Run Behavior\ReadHtmlCacheBehavior [ RunTime:0.001000s ]
INFO: [ app_begin ] --END-- [ RunTime:0.001000s ]
SQL: SHOW COLUMNS FROM `ps_student` [ RunTime:0.0010s ]
SQL: SELECT DISTINCT `si_grade`,`si_profession`,`si_class` FROM `ps_student` WHERE 1   [ RunTime:0.0110s ]
NOTIC: [8] Undefined variable: str D:\xampp\htdocs\PShunt\App\Admin\Controller\StudentController.class.php 第 35 行.
INFO: [ view_parse ] --START--
INFO: [ template_filter ] --START--
INFO: Run Behavior\ContentReplaceBehavior [ RunTime:0.001000s ]
INFO: [ template_filter ] --END-- [ RunTime:0.001000s ]
INFO: Run Behavior\ParseTemplateBehavior [ RunTime:0.020002s ]
INFO: [ view_parse ] --END-- [ RunTime:0.020002s ]
INFO: [ view_filter ] --START--
INFO: Run Behavior\WriteHtmlCacheBehavior [ RunTime:0.000000s ]
INFO: [ view_filter ] --END-- [ RunTime:0.000000s ]
INFO: [ app_end ] --START--
INFO: Run Behavior\ShowPageTraceBehavior [ RunTime:0.001000s ]
INFO: [ app_end ] --END-- [ RunTime:0.001000s ]

[ 2017-02-17T13:59:16+08:00 ] ::1 /PShunt/index.php/Admin/Student/getAllStudentInfo?order=asc&offset=0&limit=20
INFO: [ app_init ] --START--
INFO: Run Behavior\BuildLiteBehavior [ RunTime:0.000000s ]
INFO: [ app_init ] --END-- [ RunTime:0.000000s ]
INFO: [ app_begin ] --START--
INFO: Run Behavior\ReadHtmlCacheBehavior [ RunTime:0.000000s ]
INFO: [ app_begin ] --END-- [ RunTime:0.000000s ]
SQL: SHOW COLUMNS FROM `ps_student` [ RunTime:0.0060s ]
SQL: SELECT `si_number`, `si_name`, `si_sex`, `si_grade`, `si_profession`, `si_class` FROM `ps_student` WHERE 1  [ RunTime:0.0060s ]
INFO: [ app_end ] --START--
INFO: Run Behavior\ShowPageTraceBehavior [ RunTime:0.000000s ]
INFO: [ app_end ] --END-- [ RunTime:0.000000s ]

[ 2017-02-17T14:05:01+08:00 ] ::1 /PShunt/index.php/Admin/Result/result
INFO: [ app_init ] --START--
INFO: Run Behavior\BuildLiteBehavior [ RunTime:0.000000s ]
INFO: [ app_init ] --END-- [ RunTime:0.001000s ]
INFO: [ app_begin ] --START--
INFO: Run Behavior\ReadHtmlCacheBehavior [ RunTime:0.001000s ]
INFO: [ app_begin ] --END-- [ RunTime:0.001000s ]
SQL: SHOW COLUMNS FROM `ps_tree` [ RunTime:0.0010s ]
SQL: SHOW COLUMNS FROM `ps_s_course` [ RunTime:0.0010s ]
SQL: SHOW COLUMNS FROM `ps_student` [ RunTime:0.0020s ]
INFO: [ view_parse ] --START--
INFO: [ template_filter ] --START--
INFO: Run Behavior\ContentReplaceBehavior [ RunTime:0.000000s ]
INFO: [ template_filter ] --END-- [ RunTime:0.000000s ]
INFO: Run Behavior\ParseTemplateBehavior [ RunTime:0.006000s ]
INFO: [ view_parse ] --END-- [ RunTime:0.006000s ]
INFO: [ view_filter ] --START--
INFO: Run Behavior\WriteHtmlCacheBehavior [ RunTime:0.000000s ]
INFO: [ view_filter ] --END-- [ RunTime:0.000000s ]
INFO: [ app_end ] --START--
INFO: Run Behavior\ShowPageTraceBehavior [ RunTime:0.000000s ]
INFO: [ app_end ] --END-- [ RunTime:0.000000s ]

[ 2017-02-17T14:05:01+08:00 ] ::1 /PShunt/index.php/Admin/Student/getAllStudentInfo?order=asc&offset=0&limit=20
INFO: [ app_init ] --START--
INFO: Run Behavior\BuildLiteBehavior [ RunTime:0.000000s ]
INFO: [ app_init ] --END-- [ RunTime:0.000000s ]
INFO: [ app_begin ] --START--
INFO: Run Behavior\ReadHtmlCacheBehavior [ RunTime:0.001000s ]
INFO: [ app_begin ] --END-- [ RunTime:0.001000s ]
SQL: SHOW COLUMNS FROM `ps_student` [ RunTime:0.0030s ]
SQL: SELECT `si_number`, `si_name`, `si_sex`, `si_grade`, `si_profession`, `si_class` FROM `ps_student` WHERE 1  [ RunTime:0.0050s ]
INFO: [ app_end ] --START--
INFO: Run Behavior\ShowPageTraceBehavior [ RunTime:0.000000s ]
INFO: [ app_end ] --END-- [ RunTime:0.000000s ]

[ 2017-02-17T14:05:03+08:00 ] ::1 /PShunt/index.php/Admin/Result/getCourseInfo
INFO: [ app_init ] --START--
INFO: Run Behavior\BuildLiteBehavior [ RunTime:0.000000s ]
INFO: [ app_init ] --END-- [ RunTime:0.000000s ]
INFO: [ app_begin ] --START--
INFO: Run Behavior\ReadHtmlCacheBehavior [ RunTime:0.000000s ]
INFO: [ app_begin ] --END-- [ RunTime:0.000000s ]
SQL: SHOW COLUMNS FROM `ps_tree` [ RunTime:0.0020s ]
SQL: SHOW COLUMNS FROM `ps_s_course` [ RunTime:0.0010s ]
SQL: SHOW COLUMNS FROM `ps_student` [ RunTime:0.0010s ]
SQL: SELECT `branch_id` FROM `ps_tree` WHERE ( name = '计算机科学与技术' )  [ RunTime:0.0010s ]
SQL: SELECT branch_id AS id,parent_id AS pid,`name`,`course_id`,tlevel AS level FROM `ps_tree` WHERE ( parent_id = 2 )  [ RunTime:0.0000s ]
SQL: SELECT branch_id AS id,parent_id AS pid,`name`,`course_id`,tlevel AS level FROM `ps_tree` WHERE ( parent_id = 5 )  [ RunTime:0.0010s ]
SQL: SELECT branch_id AS id,parent_id AS pid,`name`,`course_id`,tlevel AS level FROM `ps_tree` WHERE ( parent_id = 7 )  [ RunTime:0.0010s ]
SQL: SELECT branch_id AS id,parent_id AS pid,`name`,`course_id`,tlevel AS level FROM `ps_tree` WHERE ( parent_id = 25 )  [ RunTime:0.0000s ]
SQL: SELECT branch_id AS id,parent_id AS pid,`name`,`course_id`,tlevel AS level FROM `ps_tree` WHERE ( parent_id = 26 )  [ RunTime:0.0000s ]
SQL: SELECT branch_id AS id,parent_id AS pid,`name`,`course_id`,tlevel AS level FROM `ps_tree` WHERE ( parent_id = 8 )  [ RunTime:0.0000s ]
SQL: SELECT branch_id AS id,parent_id AS pid,`name`,`course_id`,tlevel AS level FROM `ps_tree` WHERE ( parent_id = 15 )  [ RunTime:0.0010s ]
SQL: SELECT branch_id AS id,parent_id AS pid,`name`,`course_id`,tlevel AS level FROM `ps_tree` WHERE ( parent_id = 16 )  [ RunTime:0.0000s ]
SQL: SELECT branch_id AS id,parent_id AS pid,`name`,`course_id`,tlevel AS level FROM `ps_tree` WHERE ( parent_id = 6 )  [ RunTime:0.0000s ]
SQL: SELECT branch_id AS id,parent_id AS pid,`name`,`course_id`,tlevel AS level FROM `ps_tree` WHERE ( parent_id = 9 )  [ RunTime:0.0000s ]
SQL: SELECT branch_id AS id,parent_id AS pid,`name`,`course_id`,tlevel AS level FROM `ps_tree` WHERE ( parent_id = 17 )  [ RunTime:0.0010s ]
SQL: SELECT branch_id AS id,parent_id AS pid,`name`,`course_id`,tlevel AS level FROM `ps_tree` WHERE ( parent_id = 18 )  [ RunTime:0.0000s ]
SQL: SELECT branch_id AS id,parent_id AS pid,`name`,`course_id`,tlevel AS level FROM `ps_tree` WHERE ( parent_id = 10 )  [ RunTime:0.0000s ]
SQL: SELECT branch_id AS id,parent_id AS pid,`name`,`course_id`,tlevel AS level FROM `ps_tree` WHERE ( parent_id = 19 )  [ RunTime:0.0000s ]
SQL: SELECT branch_id AS id,parent_id AS pid,`name`,`course_id`,tlevel AS level FROM `ps_tree` WHERE ( parent_id = 20 )  [ RunTime:0.0000s ]
SQL: SELECT branch_id AS id,parent_id AS pid,`name`,`course_id`,tlevel AS level FROM `ps_tree` WHERE ( parent_id = 11 )  [ RunTime:0.0000s ]
SQL: SELECT branch_id AS id,parent_id AS pid,`name`,`course_id`,tlevel AS level FROM `ps_tree` WHERE ( parent_id = 21 )  [ RunTime:0.0000s ]
SQL: SELECT branch_id AS id,parent_id AS pid,`name`,`course_id`,tlevel AS level FROM `ps_tree` WHERE ( parent_id = 22 )  [ RunTime:0.0000s ]
SQL: SELECT branch_id AS id,parent_id AS pid,`name`,`course_id`,tlevel AS level FROM `ps_tree` WHERE ( parent_id = 12 )  [ RunTime:0.0000s ]
SQL: SELECT branch_id AS id,parent_id AS pid,`name`,`course_id`,tlevel AS level FROM `ps_tree` WHERE ( parent_id = 23 )  [ RunTime:0.0000s ]
SQL: SELECT branch_id AS id,parent_id AS pid,`name`,`course_id`,tlevel AS level FROM `ps_tree` WHERE ( parent_id = 24 )  [ RunTime:0.0000s ]
NOTIC: [8] Undefined variable: temp D:\xampp\htdocs\PShunt\App\Admin\Controller\ResultController.class.php 第 54 行.
INFO: [ app_end ] --START--
INFO: Run Behavior\ShowPageTraceBehavior [ RunTime:0.001000s ]
INFO: [ app_end ] --END-- [ RunTime:0.001000s ]

[ 2017-02-17T14:05:04+08:00 ] ::1 /PShunt/index.php/Admin/Result/getCourseInfo
INFO: [ app_init ] --START--
INFO: Run Behavior\BuildLiteBehavior [ RunTime:0.000000s ]
INFO: [ app_init ] --END-- [ RunTime:0.001000s ]
INFO: [ app_begin ] --START--
INFO: Run Behavior\ReadHtmlCacheBehavior [ RunTime:0.000000s ]
INFO: [ app_begin ] --END-- [ RunTime:0.000000s ]
SQL: SHOW COLUMNS FROM `ps_tree` [ RunTime:0.0010s ]
SQL: SHOW COLUMNS FROM `ps_s_course` [ RunTime:0.0010s ]
SQL: SHOW COLUMNS FROM `ps_student` [ RunTime:0.0010s ]
SQL: SELECT `branch_id` FROM `ps_tree` WHERE ( name = '计算机科学与技术' )  [ RunTime:0.0000s ]
SQL: SELECT branch_id AS id,parent_id AS pid,`name`,`course_id`,tlevel AS level FROM `ps_tree` WHERE ( parent_id = 2 )  [ RunTime:0.0000s ]
SQL: SELECT branch_id AS id,parent_id AS pid,`name`,`course_id`,tlevel AS level FROM `ps_tree` WHERE ( parent_id = 5 )  [ RunTime:0.0010s ]
SQL: SELECT branch_id AS id,parent_id AS pid,`name`,`course_id`,tlevel AS level FROM `ps_tree` WHERE ( parent_id = 7 )  [ RunTime:0.0000s ]
SQL: SELECT branch_id AS id,parent_id AS pid,`name`,`course_id`,tlevel AS level FROM `ps_tree` WHERE ( parent_id = 25 )  [ RunTime:0.0000s ]
SQL: SELECT branch_id AS id,parent_id AS pid,`name`,`course_id`,tlevel AS level FROM `ps_tree` WHERE ( parent_id = 26 )  [ RunTime:0.0010s ]
SQL: SELECT branch_id AS id,parent_id AS pid,`name`,`course_id`,tlevel AS level FROM `ps_tree` WHERE ( parent_id = 8 )  [ RunTime:0.0000s ]
SQL: SELECT branch_id AS id,parent_id AS pid,`name`,`course_id`,tlevel AS level FROM `ps_tree` WHERE ( parent_id = 15 )  [ RunTime:0.0000s ]
SQL: SELECT branch_id AS id,parent_id AS pid,`name`,`course_id`,tlevel AS level FROM `ps_tree` WHERE ( parent_id = 16 )  [ RunTime:0.0000s ]
SQL: SELECT branch_id AS id,parent_id AS pid,`name`,`course_id`,tlevel AS level FROM `ps_tree` WHERE ( parent_id = 6 )  [ RunTime:0.0000s ]
SQL: SELECT branch_id AS id,parent_id AS pid,`name`,`course_id`,tlevel AS level FROM `ps_tree` WHERE ( parent_id = 9 )  [ RunTime:0.0000s ]
SQL: SELECT branch_id AS id,parent_id AS pid,`name`,`course_id`,tlevel AS level FROM `ps_tree` WHERE ( parent_id = 17 )  [ RunTime:0.0000s ]
SQL: SELECT branch_id AS id,parent_id AS pid,`name`,`course_id`,tlevel AS level FROM `ps_tree` WHERE ( parent_id = 18 )  [ RunTime:0.0010s ]
SQL: SELECT branch_id AS id,parent_id AS pid,`name`,`course_id`,tlevel AS level FROM `ps_tree` WHERE ( parent_id = 10 )  [ RunTime:0.0000s ]
SQL: SELECT branch_id AS id,parent_id AS pid,`name`,`course_id`,tlevel AS level FROM `ps_tree` WHERE ( parent_id = 19 )  [ RunTime:0.0000s ]
SQL: SELECT branch_id AS id,parent_id AS pid,`name`,`course_id`,tlevel AS level FROM `ps_tree` WHERE ( parent_id = 20 )  [ RunTime:0.0010s ]
SQL: SELECT branch_id AS id,parent_id AS pid,`name`,`course_id`,tlevel AS level FROM `ps_tree` WHERE ( parent_id = 11 )  [ RunTime:0.0000s ]
SQL: SELECT branch_id AS id,parent_id AS pid,`name`,`course_id`,tlevel AS level FROM `ps_tree` WHERE ( parent_id = 21 )  [ RunTime:0.0000s ]
SQL: SELECT branch_id AS id,parent_id AS pid,`name`,`course_id`,tlevel AS level FROM `ps_tree` WHERE ( parent_id = 22 )  [ RunTime:0.0000s ]
SQL: SELECT branch_id AS id,parent_id AS pid,`name`,`course_id`,tlevel AS level FROM `ps_tree` WHERE ( parent_id = 12 )  [ RunTime:0.0000s ]
SQL: SELECT branch_id AS id,parent_id AS pid,`name`,`course_id`,tlevel AS level FROM `ps_tree` WHERE ( parent_id = 23 )  [ RunTime:0.0000s ]
SQL: SELECT branch_id AS id,parent_id AS pid,`name`,`course_id`,tlevel AS level FROM `ps_tree` WHERE ( parent_id = 24 )  [ RunTime:0.0000s ]
NOTIC: [8] Undefined variable: temp D:\xampp\htdocs\PShunt\App\Admin\Controller\ResultController.class.php 第 54 行.
INFO: [ app_end ] --START--
INFO: Run Behavior\ShowPageTraceBehavior [ RunTime:0.001001s ]
INFO: [ app_end ] --END-- [ RunTime:0.001001s ]

[ 2017-02-17T14:05:05+08:00 ] ::1 /PShunt/index.php/Admin/Result/getInfo?cId=10&order=asc&offset=0&limit=20
INFO: [ app_init ] --START--
INFO: Run Behavior\BuildLiteBehavior [ RunTime:0.000000s ]
INFO: [ app_init ] --END-- [ RunTime:0.000000s ]
INFO: [ app_begin ] --START--
INFO: Run Behavior\ReadHtmlCacheBehavior [ RunTime:0.001000s ]
INFO: [ app_begin ] --END-- [ RunTime:0.001000s ]
SQL: SHOW COLUMNS FROM `ps_tree` [ RunTime:0.0010s ]
SQL: SHOW COLUMNS FROM `ps_s_course` [ RunTime:0.0010s ]
SQL: SHOW COLUMNS FROM `ps_student` [ RunTime:0.0020s ]
SQL: SELECT SNumber as si_number FROM `ps_s_course` WHERE ( courseID = 10 )  [ RunTime:0.0010s ]
SQL: SELECT `si_number`,`si_name`,`si_sex`,`si_grade`,`si_profession`,`si_class` FROM `ps_student` WHERE (  `si_number` = '123' )  [ RunTime:0.0000s ]
INFO: [ app_end ] --START--
INFO: Run Behavior\ShowPageTraceBehavior [ RunTime:0.001000s ]
INFO: [ app_end ] --END-- [ RunTime:0.001000s ]

[ 2017-02-17T14:05:11+08:00 ] ::1 /PShunt/index.php/Admin/Result/getInfo?cId=23&order=asc&offset=0&limit=20
INFO: [ app_init ] --START--
INFO: Run Behavior\BuildLiteBehavior [ RunTime:0.000000s ]
INFO: [ app_init ] --END-- [ RunTime:0.000000s ]
INFO: [ app_begin ] --START--
INFO: Run Behavior\ReadHtmlCacheBehavior [ RunTime:0.001000s ]
INFO: [ app_begin ] --END-- [ RunTime:0.001000s ]
SQL: SHOW COLUMNS FROM `ps_tree` [ RunTime:0.0020s ]
SQL: SHOW COLUMNS FROM `ps_s_course` [ RunTime:0.0030s ]
SQL: SHOW COLUMNS FROM `ps_student` [ RunTime:0.0020s ]
SQL: SELECT SNumber as si_number FROM `ps_s_course` WHERE ( courseID = 23 )  [ RunTime:0.0000s ]
SQL: SELECT `si_number`,`si_name`,`si_sex`,`si_grade`,`si_profession`,`si_class` FROM `ps_student` WHERE (  `si_number` = '123' )  [ RunTime:0.0000s ]
INFO: [ app_end ] --START--
INFO: Run Behavior\ShowPageTraceBehavior [ RunTime:0.000000s ]
INFO: [ app_end ] --END-- [ RunTime:0.001000s ]

[ 2017-02-17T14:05:14+08:00 ] ::1 /PShunt/index.php/Admin/Result/getInfo?cId=11&order=asc&offset=0&limit=20
INFO: [ app_init ] --START--
INFO: Run Behavior\BuildLiteBehavior [ RunTime:0.000000s ]
INFO: [ app_init ] --END-- [ RunTime:0.000000s ]
INFO: [ app_begin ] --START--
INFO: Run Behavior\ReadHtmlCacheBehavior [ RunTime:0.000000s ]
INFO: [ app_begin ] --END-- [ RunTime:0.000000s ]
SQL: SHOW COLUMNS FROM `ps_tree` [ RunTime:0.0020s ]
SQL: SHOW COLUMNS FROM `ps_s_course` [ RunTime:0.0010s ]
SQL: SHOW COLUMNS FROM `ps_student` [ RunTime:0.0020s ]
SQL: SELECT SNumber as si_number FROM `ps_s_course` WHERE ( courseID = 11 )  [ RunTime:0.0010s ]
INFO: [ app_end ] --START--
INFO: Run Behavior\ShowPageTraceBehavior [ RunTime:0.001000s ]
INFO: [ app_end ] --END-- [ RunTime:0.001000s ]

[ 2017-02-17T15:34:02+08:00 ] ::1 /PShunt/index.php/Admin/Login/login
INFO: [ app_init ] --START--
INFO: Run Behavior\BuildLiteBehavior [ RunTime:0.000000s ]
INFO: [ app_init ] --END-- [ RunTime:0.000000s ]
INFO: [ app_begin ] --START--
INFO: Run Behavior\ReadHtmlCacheBehavior [ RunTime:0.000000s ]
INFO: [ app_begin ] --END-- [ RunTime:0.000000s ]
INFO: [ view_parse ] --START--
INFO: [ template_filter ] --START--
INFO: Run Behavior\ContentReplaceBehavior [ RunTime:0.000000s ]
INFO: [ template_filter ] --END-- [ RunTime:0.001000s ]
INFO: Run Behavior\ParseTemplateBehavior [ RunTime:0.004000s ]
INFO: [ view_parse ] --END-- [ RunTime:0.004000s ]
INFO: [ view_filter ] --START--
INFO: Run Behavior\WriteHtmlCacheBehavior [ RunTime:0.000000s ]
INFO: [ view_filter ] --END-- [ RunTime:0.000000s ]
INFO: [ app_end ] --START--
INFO: Run Behavior\ShowPageTraceBehavior [ RunTime:0.001000s ]
INFO: [ app_end ] --END-- [ RunTime:0.001000s ]

[ 2017-02-17T15:34:05+08:00 ] ::1 /PShunt/index.php/Admin/Login/doLogin
INFO: [ app_init ] --START--
INFO: Run Behavior\BuildLiteBehavior [ RunTime:0.000000s ]
INFO: [ app_init ] --END-- [ RunTime:0.001000s ]
INFO: [ app_begin ] --START--
INFO: Run Behavior\ReadHtmlCacheBehavior [ RunTime:0.000000s ]
INFO: [ app_begin ] --END-- [ RunTime:0.000000s ]
SQL: SHOW COLUMNS FROM `ps_manger` [ RunTime:0.0230s ]
SQL: SELECT `m_id` FROM `ps_manger` WHERE `m_name` = 'Admin' AND `m_password` = '123456' LIMIT 1   [ RunTime:0.0010s ]
INFO: [ view_parse ] --START--
INFO: [ template_filter ] --START--
INFO: Run Behavior\ContentReplaceBehavior [ RunTime:0.000000s ]
INFO: [ template_filter ] --END-- [ RunTime:0.000000s ]
INFO: Run Behavior\ParseTemplateBehavior [ RunTime:0.004001s ]
INFO: [ view_parse ] --END-- [ RunTime:0.004001s ]
INFO: [ view_filter ] --START--
INFO: Run Behavior\WriteHtmlCacheBehavior [ RunTime:0.000000s ]
INFO: [ view_filter ] --END-- [ RunTime:0.000000s ]
INFO: [ app_end ] --START--
INFO: Run Behavior\ShowPageTraceBehavior [ RunTime:0.001000s ]
INFO: [ app_end ] --END-- [ RunTime:0.001000s ]

[ 2017-02-17T15:34:06+08:00 ] ::1 /PShunt/index.php/Admin/Student/student.html
INFO: [ app_init ] --START--
INFO: Run Behavior\BuildLiteBehavior [ RunTime:0.000000s ]
INFO: [ app_init ] --END-- [ RunTime:0.000000s ]
INFO: [ app_begin ] --START--
INFO: Run Behavior\ReadHtmlCacheBehavior [ RunTime:0.000000s ]
INFO: [ app_begin ] --END-- [ RunTime:0.000000s ]
SQL: SHOW COLUMNS FROM `ps_student` [ RunTime:0.0010s ]
SQL: SELECT DISTINCT `si_grade`,`si_profession`,`si_class` FROM `ps_student` WHERE 1   [ RunTime:0.0000s ]
NOTIC: [8] Undefined variable: str D:\xampp\htdocs\PShunt\App\Admin\Controller\StudentController.class.php 第 35 行.
INFO: [ view_parse ] --START--
INFO: [ template_filter ] --START--
INFO: Run Behavior\ContentReplaceBehavior [ RunTime:0.000000s ]
INFO: [ template_filter ] --END-- [ RunTime:0.000000s ]
INFO: Run Behavior\ParseTemplateBehavior [ RunTime:0.005001s ]
INFO: [ view_parse ] --END-- [ RunTime:0.005001s ]
INFO: [ view_filter ] --START--
INFO: Run Behavior\WriteHtmlCacheBehavior [ RunTime:0.000000s ]
INFO: [ view_filter ] --END-- [ RunTime:0.000000s ]
INFO: [ app_end ] --START--
INFO: Run Behavior\ShowPageTraceBehavior [ RunTime:0.000000s ]
INFO: [ app_end ] --END-- [ RunTime:0.000000s ]

[ 2017-02-17T15:34:06+08:00 ] ::1 /PShunt/index.php/Admin/Student/getAllStudentInfo?order=asc&offset=0&limit=20
INFO: [ app_init ] --START--
INFO: Run Behavior\BuildLiteBehavior [ RunTime:0.000000s ]
INFO: [ app_init ] --END-- [ RunTime:0.000000s ]
INFO: [ app_begin ] --START--
INFO: Run Behavior\ReadHtmlCacheBehavior [ RunTime:0.000000s ]
INFO: [ app_begin ] --END-- [ RunTime:0.000000s ]
SQL: SHOW COLUMNS FROM `ps_student` [ RunTime:0.0020s ]
SQL: SELECT `si_number`, `si_name`, `si_sex`, `si_grade`, `si_profession`, `si_class` FROM `ps_student` WHERE 1  [ RunTime:0.0030s ]
INFO: [ app_end ] --START--
INFO: Run Behavior\ShowPageTraceBehavior [ RunTime:0.001000s ]
INFO: [ app_end ] --END-- [ RunTime:0.001000s ]

[ 2017-02-17T15:34:09+08:00 ] ::1 /PShunt/index.php/Admin/Project/project
INFO: [ app_init ] --START--
INFO: Run Behavior\BuildLiteBehavior [ RunTime:0.000000s ]
INFO: [ app_init ] --END-- [ RunTime:0.000000s ]
INFO: [ app_begin ] --START--
INFO: Run Behavior\ReadHtmlCacheBehavior [ RunTime:0.001000s ]
INFO: [ app_begin ] --END-- [ RunTime:0.001000s ]
SQL: SHOW COLUMNS FROM `ps_tree` [ RunTime:0.0010s ]
SQL: select max(`branch_id`) as maxid from `ps_tree [ RunTime:0.0000s ]
INFO: [ view_parse ] --START--
INFO: [ template_filter ] --START--
INFO: Run Behavior\ContentReplaceBehavior [ RunTime:0.000000s ]
INFO: [ template_filter ] --END-- [ RunTime:0.000000s ]
INFO: Run Behavior\ParseTemplateBehavior [ RunTime:0.005000s ]
INFO: [ view_parse ] --END-- [ RunTime:0.005000s ]
INFO: [ view_filter ] --START--
INFO: Run Behavior\WriteHtmlCacheBehavior [ RunTime:0.000000s ]
INFO: [ view_filter ] --END-- [ RunTime:0.000000s ]
INFO: [ app_end ] --START--
INFO: Run Behavior\ShowPageTraceBehavior [ RunTime:0.000000s ]
INFO: [ app_end ] --END-- [ RunTime:0.000000s ]

[ 2017-02-17T15:34:09+08:00 ] ::1 /PShunt/index.php/Admin/Project/getTree
INFO: [ app_init ] --START--
INFO: Run Behavior\BuildLiteBehavior [ RunTime:0.000000s ]
INFO: [ app_init ] --END-- [ RunTime:0.000000s ]
INFO: [ app_begin ] --START--
INFO: Run Behavior\ReadHtmlCacheBehavior [ RunTime:0.001000s ]
INFO: [ app_begin ] --END-- [ RunTime:0.001000s ]
SQL: SHOW COLUMNS FROM `ps_tree` [ RunTime:0.0010s ]
SQL: SELECT branch_id as id,parent_id as pId,`name`,`course_id` FROM `ps_tree`  [ RunTime:0.0000s ]
SQL: SELECT `branch_id` FROM `ps_tree` WHERE ( parent_id=1 )  [ RunTime:0.0010s ]
SQL: SELECT `branch_id` FROM `ps_tree` WHERE ( parent_id=2 )  [ RunTime:0.0000s ]
SQL: SELECT `branch_id` FROM `ps_tree` WHERE ( parent_id=3 )  [ RunTime:0.0000s ]
SQL: SELECT `branch_id` FROM `ps_tree` WHERE ( parent_id=4 )  [ RunTime:0.0000s ]
SQL: SELECT `branch_id` FROM `ps_tree` WHERE ( parent_id=5 )  [ RunTime:0.0000s ]
SQL: SELECT `branch_id` FROM `ps_tree` WHERE ( parent_id=6 )  [ RunTime:0.0000s ]
SQL: SELECT `branch_id` FROM `ps_tree` WHERE ( parent_id=7 )  [ RunTime:0.0000s ]
SQL: SELECT `branch_id` FROM `ps_tree` WHERE ( parent_id=8 )  [ RunTime:0.0000s ]
SQL: SELECT `branch_id` FROM `ps_tree` WHERE ( parent_id=9 )  [ RunTime:0.0000s ]
SQL: SELECT `branch_id` FROM `ps_tree` WHERE ( parent_id=10 )  [ RunTime:0.0000s ]
SQL: SELECT `branch_id` FROM `ps_tree` WHERE ( parent_id=11 )  [ RunTime:0.0000s ]
SQL: SELECT `branch_id` FROM `ps_tree` WHERE ( parent_id=12 )  [ RunTime:0.0000s ]
SQL: SELECT `branch_id` FROM `ps_tree` WHERE ( parent_id=15 )  [ RunTime:0.0000s ]
SQL: SELECT `branch_id` FROM `ps_tree` WHERE ( parent_id=16 )  [ RunTime:0.0000s ]
SQL: SELECT `branch_id` FROM `ps_tree` WHERE ( parent_id=17 )  [ RunTime:0.0000s ]
SQL: SELECT `branch_id` FROM `ps_tree` WHERE ( parent_id=18 )  [ RunTime:0.0000s ]
SQL: SELECT `branch_id` FROM `ps_tree` WHERE ( parent_id=19 )  [ RunTime:0.0000s ]
SQL: SELECT `branch_id` FROM `ps_tree` WHERE ( parent_id=20 )  [ RunTime:0.0000s ]
SQL: SELECT `branch_id` FROM `ps_tree` WHERE ( parent_id=21 )  [ RunTime:0.0000s ]
SQL: SELECT `branch_id` FROM `ps_tree` WHERE ( parent_id=22 )  [ RunTime:0.0010s ]
SQL: SELECT `branch_id` FROM `ps_tree` WHERE ( parent_id=23 )  [ RunTime:0.0000s ]
SQL: SELECT `branch_id` FROM `ps_tree` WHERE ( parent_id=24 )  [ RunTime:0.0000s ]
SQL: SELECT `branch_id` FROM `ps_tree` WHERE ( parent_id=25 )  [ RunTime:0.0000s ]
SQL: SELECT `branch_id` FROM `ps_tree` WHERE ( parent_id=26 )  [ RunTime:0.0000s ]
INFO: [ app_end ] --START--
INFO: Run Behavior\ShowPageTraceBehavior [ RunTime:0.001000s ]
INFO: [ app_end ] --END-- [ RunTime:0.001000s ]

[ 2017-02-17T15:34:11+08:00 ] ::1 /PShunt/index.php/Admin/Project/selectClass?c_id=17
INFO: [ app_init ] --START--
INFO: Run Behavior\BuildLiteBehavior [ RunTime:0.000000s ]
INFO: [ app_init ] --END-- [ RunTime:0.000000s ]
INFO: [ app_begin ] --START--
INFO: Run Behavior\ReadHtmlCacheBehavior [ RunTime:0.000000s ]
INFO: [ app_begin ] --END-- [ RunTime:0.000000s ]
SQL: SHOW COLUMNS FROM `ps_course` [ RunTime:0.0010s ]
SQL: SELECT `c_name`,`c_teacher`,`c_introduce` FROM `ps_course` WHERE `c_id` = 17  [ RunTime:0.0000s ]
INFO: [ app_end ] --START--
INFO: Run Behavior\ShowPageTraceBehavior [ RunTime:0.000000s ]
INFO: [ app_end ] --END-- [ RunTime:0.000000s ]

[ 2017-02-17T15:34:11+08:00 ] ::1 /PShunt/index.php/Admin/Project/selectClass?c_id=17
INFO: [ app_init ] --START--
INFO: Run Behavior\BuildLiteBehavior [ RunTime:0.000000s ]
INFO: [ app_init ] --END-- [ RunTime:0.000000s ]
INFO: [ app_begin ] --START--
INFO: Run Behavior\ReadHtmlCacheBehavior [ RunTime:0.000000s ]
INFO: [ app_begin ] --END-- [ RunTime:0.000000s ]
SQL: SHOW COLUMNS FROM `ps_course` [ RunTime:0.0010s ]
SQL: SELECT `c_name`,`c_teacher`,`c_introduce` FROM `ps_course` WHERE `c_id` = 17  [ RunTime:0.0000s ]
INFO: [ app_end ] --START--
INFO: Run Behavior\ShowPageTraceBehavior [ RunTime:0.000000s ]
INFO: [ app_end ] --END-- [ RunTime:0.000000s ]

[ 2017-02-17T15:34:11+08:00 ] ::1 /PShunt/index.php/Admin/Project/selectClass?c_id=17
INFO: [ app_init ] --START--
INFO: Run Behavior\BuildLiteBehavior [ RunTime:0.000000s ]
INFO: [ app_init ] --END-- [ RunTime:0.001000s ]
INFO: [ app_begin ] --START--
INFO: Run Behavior\ReadHtmlCacheBehavior [ RunTime:0.000000s ]
INFO: [ app_begin ] --END-- [ RunTime:0.000000s ]
SQL: SHOW COLUMNS FROM `ps_course` [ RunTime:0.0020s ]
SQL: SELECT `c_name`,`c_teacher`,`c_introduce` FROM `ps_course` WHERE `c_id` = 17  [ RunTime:0.0000s ]
INFO: [ app_end ] --START--
INFO: Run Behavior\ShowPageTraceBehavior [ RunTime:0.001000s ]
INFO: [ app_end ] --END-- [ RunTime:0.001000s ]

[ 2017-02-17T15:48:18+08:00 ] ::1 /PShunt/index.php/Admin/Project/project
INFO: [ app_init ] --START--
INFO: Run Behavior\BuildLiteBehavior [ RunTime:0.000000s ]
INFO: [ app_init ] --END-- [ RunTime:0.001000s ]
INFO: [ app_begin ] --START--
INFO: Run Behavior\ReadHtmlCacheBehavior [ RunTime:0.001000s ]
INFO: [ app_begin ] --END-- [ RunTime:0.001000s ]
SQL: SHOW COLUMNS FROM `ps_tree` [ RunTime:0.0010s ]
SQL: select max(`branch_id`) as maxid from `ps_tree [ RunTime:0.0010s ]
INFO: [ view_parse ] --START--
INFO: [ template_filter ] --START--
INFO: Run Behavior\ContentReplaceBehavior [ RunTime:0.000000s ]
INFO: [ template_filter ] --END-- [ RunTime:0.000000s ]
INFO: Run Behavior\ParseTemplateBehavior [ RunTime:0.005000s ]
INFO: [ view_parse ] --END-- [ RunTime:0.005000s ]
INFO: [ view_filter ] --START--
INFO: Run Behavior\WriteHtmlCacheBehavior [ RunTime:0.000000s ]
INFO: [ view_filter ] --END-- [ RunTime:0.000000s ]
INFO: [ app_end ] --START--
INFO: Run Behavior\ShowPageTraceBehavior [ RunTime:0.000000s ]
INFO: [ app_end ] --END-- [ RunTime:0.000000s ]

[ 2017-02-17T15:48:18+08:00 ] ::1 /PShunt/index.php/Admin/Project/getTree
INFO: [ app_init ] --START--
INFO: Run Behavior\BuildLiteBehavior [ RunTime:0.000000s ]
INFO: [ app_init ] --END-- [ RunTime:0.000000s ]
INFO: [ app_begin ] --START--
INFO: Run Behavior\ReadHtmlCacheBehavior [ RunTime:0.000000s ]
INFO: [ app_begin ] --END-- [ RunTime:0.000000s ]
SQL: SHOW COLUMNS FROM `ps_tree` [ RunTime:0.0020s ]
SQL: SELECT branch_id as id,parent_id as pId,`name`,`course_id` FROM `ps_tree`  [ RunTime:0.0010s ]
SQL: SELECT `branch_id` FROM `ps_tree` WHERE ( parent_id=1 )  [ RunTime:0.0000s ]
SQL: SELECT `branch_id` FROM `ps_tree` WHERE ( parent_id=2 )  [ RunTime:0.0000s ]
SQL: SELECT `branch_id` FROM `ps_tree` WHERE ( parent_id=3 )  [ RunTime:0.0000s ]
SQL: SELECT `branch_id` FROM `ps_tree` WHERE ( parent_id=4 )  [ RunTime:0.0010s ]
SQL: SELECT `branch_id` FROM `ps_tree` WHERE ( parent_id=5 )  [ RunTime:0.0000s ]
SQL: SELECT `branch_id` FROM `ps_tree` WHERE ( parent_id=6 )  [ RunTime:0.0000s ]
SQL: SELECT `branch_id` FROM `ps_tree` WHERE ( parent_id=7 )  [ RunTime:0.0000s ]
SQL: SELECT `branch_id` FROM `ps_tree` WHERE ( parent_id=8 )  [ RunTime:0.0000s ]
SQL: SELECT `branch_id` FROM `ps_tree` WHERE ( parent_id=9 )  [ RunTime:0.0010s ]
SQL: SELECT `branch_id` FROM `ps_tree` WHERE ( parent_id=10 )  [ RunTime:0.0000s ]
SQL: SELECT `branch_id` FROM `ps_tree` WHERE ( parent_id=11 )  [ RunTime:0.0000s ]
SQL: SELECT `branch_id` FROM `ps_tree` WHERE ( parent_id=12 )  [ RunTime:0.0000s ]
SQL: SELECT `branch_id` FROM `ps_tree` WHERE ( parent_id=15 )  [ RunTime:0.0000s ]
SQL: SELECT `branch_id` FROM `ps_tree` WHERE ( parent_id=16 )  [ RunTime:0.0000s ]
SQL: SELECT `branch_id` FROM `ps_tree` WHERE ( parent_id=17 )  [ RunTime:0.0000s ]
SQL: SELECT `branch_id` FROM `ps_tree` WHERE ( parent_id=18 )  [ RunTime:0.0000s ]
SQL: SELECT `branch_id` FROM `ps_tree` WHERE ( parent_id=19 )  [ RunTime:0.0000s ]
SQL: SELECT `branch_id` FROM `ps_tree` WHERE ( parent_id=20 )  [ RunTime:0.0000s ]
SQL: SELECT `branch_id` FROM `ps_tree` WHERE ( parent_id=21 )  [ RunTime:0.0000s ]
SQL: SELECT `branch_id` FROM `ps_tree` WHERE ( parent_id=22 )  [ RunTime:0.0010s ]
SQL: SELECT `branch_id` FROM `ps_tree` WHERE ( parent_id=23 )  [ RunTime:0.0000s ]
SQL: SELECT `branch_id` FROM `ps_tree` WHERE ( parent_id=24 )  [ RunTime:0.0000s ]
SQL: SELECT `branch_id` FROM `ps_tree` WHERE ( parent_id=25 )  [ RunTime:0.0000s ]
SQL: SELECT `branch_id` FROM `ps_tree` WHERE ( parent_id=26 )  [ RunTime:0.0000s ]
INFO: [ app_end ] --START--
INFO: Run Behavior\ShowPageTraceBehavior [ RunTime:0.001000s ]
INFO: [ app_end ] --END-- [ RunTime:0.001000s ]

[ 2017-02-17T15:48:22+08:00 ] ::1 /PShunt/index.php/Admin/Project/selectClass?c_id=17
INFO: [ app_init ] --START--
INFO: Run Behavior\BuildLiteBehavior [ RunTime:0.000000s ]
INFO: [ app_init ] --END-- [ RunTime:0.001000s ]
INFO: [ app_begin ] --START--
INFO: Run Behavior\ReadHtmlCacheBehavior [ RunTime:0.000000s ]
INFO: [ app_begin ] --END-- [ RunTime:0.000000s ]
SQL: SHOW COLUMNS FROM `ps_course` [ RunTime:0.0020s ]
SQL: SELECT `c_name`,`c_teacher`,`c_introduce` FROM `ps_course` WHERE `c_id` = 17  [ RunTime:0.0000s ]
INFO: [ app_end ] --START--
INFO: Run Behavior\ShowPageTraceBehavior [ RunTime:0.000000s ]
INFO: [ app_end ] --END-- [ RunTime:0.000000s ]

[ 2017-02-17T15:48:22+08:00 ] ::1 /PShunt/index.php/Admin/Project/selectClass?c_id=17
INFO: [ app_init ] --START--
INFO: Run Behavior\BuildLiteBehavior [ RunTime:0.000000s ]
INFO: [ app_init ] --END-- [ RunTime:0.000000s ]
INFO: [ app_begin ] --START--
INFO: Run Behavior\ReadHtmlCacheBehavior [ RunTime:0.000000s ]
INFO: [ app_begin ] --END-- [ RunTime:0.000000s ]
SQL: SHOW COLUMNS FROM `ps_course` [ RunTime:0.0020s ]
SQL: SELECT `c_name`,`c_teacher`,`c_introduce` FROM `ps_course` WHERE `c_id` = 17  [ RunTime:0.0010s ]
INFO: [ app_end ] --START--
INFO: Run Behavior\ShowPageTraceBehavior [ RunTime:0.000000s ]
INFO: [ app_end ] --END-- [ RunTime:0.000000s ]

[ 2017-02-17T15:48:22+08:00 ] ::1 /PShunt/index.php/Admin/Project/selectClass?c_id=17
INFO: [ app_init ] --START--
INFO: Run Behavior\BuildLiteBehavior [ RunTime:0.000000s ]
INFO: [ app_init ] --END-- [ RunTime:0.000000s ]
INFO: [ app_begin ] --START--
INFO: Run Behavior\ReadHtmlCacheBehavior [ RunTime:0.000000s ]
INFO: [ app_begin ] --END-- [ RunTime:0.000000s ]
SQL: SHOW COLUMNS FROM `ps_course` [ RunTime:0.0020s ]
SQL: SELECT `c_name`,`c_teacher`,`c_introduce` FROM `ps_course` WHERE `c_id` = 17  [ RunTime:0.0000s ]
INFO: [ app_end ] --START--
INFO: Run Behavior\ShowPageTraceBehavior [ RunTime:0.001000s ]
INFO: [ app_end ] --END-- [ RunTime:0.001000s ]

[ 2017-02-17T15:49:03+08:00 ] ::1 /PShunt/index.php/Admin/Project/selectClass?c_id=17
INFO: [ app_init ] --START--
INFO: Run Behavior\BuildLiteBehavior [ RunTime:0.000000s ]
INFO: [ app_init ] --END-- [ RunTime:0.000000s ]
INFO: [ app_begin ] --START--
INFO: Run Behavior\ReadHtmlCacheBehavior [ RunTime:0.000000s ]
INFO: [ app_begin ] --END-- [ RunTime:0.000000s ]
SQL: SHOW COLUMNS FROM `ps_course` [ RunTime:0.0020s ]
SQL: SELECT `c_name`,`c_teacher`,`c_introduce` FROM `ps_course` WHERE `c_id` = 17  [ RunTime:0.0010s ]
INFO: [ app_end ] --START--
INFO: Run Behavior\ShowPageTraceBehavior [ RunTime:0.000000s ]
INFO: [ app_end ] --END-- [ RunTime:0.000000s ]

[ 2017-02-17T15:49:03+08:00 ] ::1 /PShunt/index.php/Admin/Project/selectClass?c_id=17
INFO: [ app_init ] --START--
INFO: Run Behavior\BuildLiteBehavior [ RunTime:0.000000s ]
INFO: [ app_init ] --END-- [ RunTime:0.000000s ]
INFO: [ app_begin ] --START--
INFO: Run Behavior\ReadHtmlCacheBehavior [ RunTime:0.000000s ]
INFO: [ app_begin ] --END-- [ RunTime:0.000000s ]
SQL: SHOW COLUMNS FROM `ps_course` [ RunTime:0.0010s ]
SQL: SELECT `c_name`,`c_teacher`,`c_introduce` FROM `ps_course` WHERE `c_id` = 17  [ RunTime:0.0000s ]
INFO: [ app_end ] --START--
INFO: Run Behavior\ShowPageTraceBehavior [ RunTime:0.001000s ]
INFO: [ app_end ] --END-- [ RunTime:0.001000s ]

[ 2017-02-17T15:49:03+08:00 ] ::1 /PShunt/index.php/Admin/Project/selectClass?c_id=17
INFO: [ app_init ] --START--
INFO: Run Behavior\BuildLiteBehavior [ RunTime:0.000000s ]
INFO: [ app_init ] --END-- [ RunTime:0.000000s ]
INFO: [ app_begin ] --START--
INFO: Run Behavior\ReadHtmlCacheBehavior [ RunTime:0.000000s ]
INFO: [ app_begin ] --END-- [ RunTime:0.000000s ]
SQL: SHOW COLUMNS FROM `ps_course` [ RunTime:0.0020s ]
SQL: SELECT `c_name`,`c_teacher`,`c_introduce` FROM `ps_course` WHERE `c_id` = 17  [ RunTime:0.0000s ]
INFO: [ app_end ] --START--
INFO: Run Behavior\ShowPageTraceBehavior [ RunTime:0.001000s ]
INFO: [ app_end ] --END-- [ RunTime:0.001000s ]

[ 2017-02-17T15:49:06+08:00 ] ::1 /PShunt/index.php/Admin/Project/selectClass?c_id=15
INFO: [ app_init ] --START--
INFO: Run Behavior\BuildLiteBehavior [ RunTime:0.000000s ]
INFO: [ app_init ] --END-- [ RunTime:0.001000s ]
INFO: [ app_begin ] --START--
INFO: Run Behavior\ReadHtmlCacheBehavior [ RunTime:0.000000s ]
INFO: [ app_begin ] --END-- [ RunTime:0.000000s ]
SQL: SHOW COLUMNS FROM `ps_course` [ RunTime:0.0010s ]
SQL: SELECT `c_name`,`c_teacher`,`c_introduce` FROM `ps_course` WHERE `c_id` = 15  [ RunTime:0.0010s ]
INFO: [ app_end ] --START--
INFO: Run Behavior\ShowPageTraceBehavior [ RunTime:0.000000s ]
INFO: [ app_end ] --END-- [ RunTime:0.000000s ]

[ 2017-02-17T15:49:06+08:00 ] ::1 /PShunt/index.php/Admin/Project/selectClass?c_id=15
INFO: [ app_init ] --START--
INFO: Run Behavior\BuildLiteBehavior [ RunTime:0.000000s ]
INFO: [ app_init ] --END-- [ RunTime:0.000000s ]
INFO: [ app_begin ] --START--
INFO: Run Behavior\ReadHtmlCacheBehavior [ RunTime:0.001000s ]
INFO: [ app_begin ] --END-- [ RunTime:0.001000s ]
SQL: SHOW COLUMNS FROM `ps_course` [ RunTime:0.0010s ]
SQL: SELECT `c_name`,`c_teacher`,`c_introduce` FROM `ps_course` WHERE `c_id` = 15  [ RunTime:0.0000s ]
INFO: [ app_end ] --START--
INFO: Run Behavior\ShowPageTraceBehavior [ RunTime:0.000000s ]
INFO: [ app_end ] --END-- [ RunTime:0.000000s ]

