[ 2017-02-14T12:34:05+08:00 ] ::1 /PShunt/index.php/Admin/Login/login
INFO: [ app_init ] --START--
INFO: Run Behavior\BuildLiteBehavior [ RunTime:0.000000s ]
INFO: [ app_init ] --END-- [ RunTime:0.001000s ]
INFO: [ app_begin ] --START--
INFO: Run Behavior\ReadHtmlCacheBehavior [ RunTime:0.000000s ]
INFO: [ app_begin ] --END-- [ RunTime:0.000000s ]
INFO: [ view_parse ] --START--
INFO: [ template_filter ] --START--
INFO: Run Behavior\ContentReplaceBehavior [ RunTime:0.000000s ]
INFO: [ template_filter ] --END-- [ RunTime:0.001000s ]
INFO: Run Behavior\ParseTemplateBehavior [ RunTime:0.017001s ]
INFO: [ view_parse ] --END-- [ RunTime:0.017001s ]
INFO: [ view_filter ] --START--
INFO: Run Behavior\WriteHtmlCacheBehavior [ RunTime:0.001000s ]
INFO: [ view_filter ] --END-- [ RunTime:0.001000s ]
INFO: [ app_end ] --START--
INFO: Run Behavior\ShowPageTraceBehavior [ RunTime:0.000000s ]
INFO: [ app_end ] --END-- [ RunTime:0.000000s ]

[ 2017-02-14T12:34:08+08:00 ] ::1 /PShunt/index.php/Admin/Login/doLogin
INFO: [ app_init ] --START--
INFO: Run Behavior\BuildLiteBehavior [ RunTime:0.000000s ]
INFO: [ app_init ] --END-- [ RunTime:0.001000s ]
INFO: [ app_begin ] --START--
INFO: Run Behavior\ReadHtmlCacheBehavior [ RunTime:0.001000s ]
INFO: [ app_begin ] --END-- [ RunTime:0.001000s ]
SQL: SHOW COLUMNS FROM `ps_manger` [ RunTime:0.0010s ]
SQL: SELECT `m_id` FROM `ps_manger` WHERE `m_name` = 'Admin' AND `m_password` = '123456' LIMIT 1   [ RunTime:0.0000s ]
INFO: [ view_parse ] --START--
INFO: [ template_filter ] --START--
INFO: Run Behavior\ContentReplaceBehavior [ RunTime:0.000000s ]
INFO: [ template_filter ] --END-- [ RunTime:0.000000s ]
INFO: Run Behavior\ParseTemplateBehavior [ RunTime:0.041002s ]
INFO: [ view_parse ] --END-- [ RunTime:0.041002s ]
INFO: [ view_filter ] --START--
INFO: Run Behavior\WriteHtmlCacheBehavior [ RunTime:0.001001s ]
INFO: [ view_filter ] --END-- [ RunTime:0.001001s ]
INFO: [ app_end ] --START--
INFO: Run Behavior\ShowPageTraceBehavior [ RunTime:0.002000s ]
INFO: [ app_end ] --END-- [ RunTime:0.002000s ]

[ 2017-02-14T12:34:10+08:00 ] ::1 /PShunt/index.php/Admin/Student/student.html
INFO: [ app_init ] --START--
INFO: Run Behavior\BuildLiteBehavior [ RunTime:0.000000s ]
INFO: [ app_init ] --END-- [ RunTime:0.000000s ]
INFO: [ app_begin ] --START--
INFO: Run Behavior\ReadHtmlCacheBehavior [ RunTime:0.000000s ]
INFO: [ app_begin ] --END-- [ RunTime:0.000000s ]
SQL: SHOW COLUMNS FROM `ps_student` [ RunTime:0.0020s ]
SQL: SELECT DISTINCT `si_grade`,`si_profession`,`si_class` FROM `ps_student` WHERE 1   [ RunTime:0.0080s ]
NOTIC: [8] Undefined variable: str D:\xampp\htdocs\PShunt\App\Admin\Controller\StudentController.class.php 第 29 行.
INFO: [ view_parse ] --START--
INFO: [ template_filter ] --START--
INFO: Run Behavior\ContentReplaceBehavior [ RunTime:0.000000s ]
INFO: [ template_filter ] --END-- [ RunTime:0.000000s ]
INFO: Run Behavior\ParseTemplateBehavior [ RunTime:0.024001s ]
INFO: [ view_parse ] --END-- [ RunTime:0.024001s ]
INFO: [ view_filter ] --START--
INFO: Run Behavior\WriteHtmlCacheBehavior [ RunTime:0.001000s ]
INFO: [ view_filter ] --END-- [ RunTime:0.001000s ]
INFO: [ app_end ] --START--
INFO: Run Behavior\ShowPageTraceBehavior [ RunTime:0.000000s ]
INFO: [ app_end ] --END-- [ RunTime:0.000000s ]

[ 2017-02-14T12:34:10+08:00 ] ::1 /PShunt/index.php/Admin/Student/getAllStudentInfo?order=asc&offset=0&limit=20
INFO: [ app_init ] --START--
INFO: Run Behavior\BuildLiteBehavior [ RunTime:0.000000s ]
INFO: [ app_init ] --END-- [ RunTime:0.000000s ]
INFO: [ app_begin ] --START--
INFO: Run Behavior\ReadHtmlCacheBehavior [ RunTime:0.001000s ]
INFO: [ app_begin ] --END-- [ RunTime:0.001000s ]
SQL: SHOW COLUMNS FROM `ps_student` [ RunTime:0.0020s ]
SQL: SELECT `si_number`, `si_name`, `si_sex`, `si_grade`, `si_profession`, `si_class` FROM `ps_student` WHERE 1  [ RunTime:0.0040s ]
INFO: [ app_end ] --START--
INFO: Run Behavior\ShowPageTraceBehavior [ RunTime:0.001000s ]
INFO: [ app_end ] --END-- [ RunTime:0.001000s ]

[ 2017-02-14T12:34:24+08:00 ] ::1 /PShunt/index.php/Admin/Student/charts.html
INFO: [ app_init ] --START--
INFO: Run Behavior\BuildLiteBehavior [ RunTime:0.000000s ]
INFO: [ app_init ] --END-- [ RunTime:0.000000s ]
INFO: [ app_begin ] --START--
INFO: Run Behavior\ReadHtmlCacheBehavior [ RunTime:0.001000s ]
INFO: [ app_begin ] --END-- [ RunTime:0.001000s ]
ERR: 非法操作:charts

[ 2017-02-14T12:34:26+08:00 ] ::1 /PShunt/index.php/Admin/Student/getAllStudentInfo?order=asc&offset=0&limit=20
INFO: [ app_init ] --START--
INFO: Run Behavior\BuildLiteBehavior [ RunTime:0.000000s ]
INFO: [ app_init ] --END-- [ RunTime:0.000000s ]
INFO: [ app_begin ] --START--
INFO: Run Behavior\ReadHtmlCacheBehavior [ RunTime:0.001001s ]
INFO: [ app_begin ] --END-- [ RunTime:0.001001s ]
SQL: SHOW COLUMNS FROM `ps_student` [ RunTime:0.0030s ]
SQL: SELECT `si_number`, `si_name`, `si_sex`, `si_grade`, `si_profession`, `si_class` FROM `ps_student` WHERE 1  [ RunTime:0.0030s ]
INFO: [ app_end ] --START--
INFO: Run Behavior\ShowPageTraceBehavior [ RunTime:0.000000s ]
INFO: [ app_end ] --END-- [ RunTime:0.001000s ]

[ 2017-02-14T12:34:46+08:00 ] ::1 /PShunt/index.php/Admin/Project/project
INFO: [ app_init ] --START--
INFO: Run Behavior\BuildLiteBehavior [ RunTime:0.000000s ]
INFO: [ app_init ] --END-- [ RunTime:0.000000s ]
INFO: [ app_begin ] --START--
INFO: Run Behavior\ReadHtmlCacheBehavior [ RunTime:0.001000s ]
INFO: [ app_begin ] --END-- [ RunTime:0.001000s ]
SQL: SHOW COLUMNS FROM `ps_tree` [ RunTime:0.0010s ]
SQL: select max(`branch_id`) as maxid from `ps_tree [ RunTime:0.0000s ]
INFO: [ view_parse ] --START--
INFO: [ template_filter ] --START--
INFO: Run Behavior\ContentReplaceBehavior [ RunTime:0.000000s ]
INFO: [ template_filter ] --END-- [ RunTime:0.000000s ]
INFO: Run Behavior\ParseTemplateBehavior [ RunTime:0.015001s ]
INFO: [ view_parse ] --END-- [ RunTime:0.015001s ]
INFO: [ view_filter ] --START--
INFO: Run Behavior\WriteHtmlCacheBehavior [ RunTime:0.000000s ]
INFO: [ view_filter ] --END-- [ RunTime:0.000000s ]
INFO: [ app_end ] --START--
INFO: Run Behavior\ShowPageTraceBehavior [ RunTime:0.001000s ]
INFO: [ app_end ] --END-- [ RunTime:0.001000s ]

[ 2017-02-14T12:34:47+08:00 ] ::1 /PShunt/index.php/Admin/Project/getTree
INFO: [ app_init ] --START--
INFO: Run Behavior\BuildLiteBehavior [ RunTime:0.000000s ]
INFO: [ app_init ] --END-- [ RunTime:0.001000s ]
INFO: [ app_begin ] --START--
INFO: Run Behavior\ReadHtmlCacheBehavior [ RunTime:0.001000s ]
INFO: [ app_begin ] --END-- [ RunTime:0.001000s ]
SQL: SHOW COLUMNS FROM `ps_tree` [ RunTime:0.0010s ]
SQL: SELECT branch_id as id,parent_id as pId,`name`,`course_id` FROM `ps_tree`  [ RunTime:0.0010s ]
SQL: SELECT `branch_id` FROM `ps_tree` WHERE ( parent_id=1 )  [ RunTime:0.0000s ]
SQL: SELECT `branch_id` FROM `ps_tree` WHERE ( parent_id=2 )  [ RunTime:0.0000s ]
SQL: SELECT `branch_id` FROM `ps_tree` WHERE ( parent_id=3 )  [ RunTime:0.0000s ]
SQL: SELECT `branch_id` FROM `ps_tree` WHERE ( parent_id=4 )  [ RunTime:0.0000s ]
SQL: SELECT `branch_id` FROM `ps_tree` WHERE ( parent_id=5 )  [ RunTime:0.0000s ]
SQL: SELECT `branch_id` FROM `ps_tree` WHERE ( parent_id=6 )  [ RunTime:0.0000s ]
SQL: SELECT `branch_id` FROM `ps_tree` WHERE ( parent_id=7 )  [ RunTime:0.0000s ]
SQL: SELECT `branch_id` FROM `ps_tree` WHERE ( parent_id=8 )  [ RunTime:0.0000s ]
SQL: SELECT `branch_id` FROM `ps_tree` WHERE ( parent_id=9 )  [ RunTime:0.0000s ]
SQL: SELECT `branch_id` FROM `ps_tree` WHERE ( parent_id=10 )  [ RunTime:0.0000s ]
SQL: SELECT `branch_id` FROM `ps_tree` WHERE ( parent_id=11 )  [ RunTime:0.0000s ]
SQL: SELECT `branch_id` FROM `ps_tree` WHERE ( parent_id=12 )  [ RunTime:0.0000s ]
SQL: SELECT `branch_id` FROM `ps_tree` WHERE ( parent_id=15 )  [ RunTime:0.0000s ]
SQL: SELECT `branch_id` FROM `ps_tree` WHERE ( parent_id=16 )  [ RunTime:0.0000s ]
SQL: SELECT `branch_id` FROM `ps_tree` WHERE ( parent_id=17 )  [ RunTime:0.0000s ]
SQL: SELECT `branch_id` FROM `ps_tree` WHERE ( parent_id=18 )  [ RunTime:0.0000s ]
SQL: SELECT `branch_id` FROM `ps_tree` WHERE ( parent_id=19 )  [ RunTime:0.0010s ]
SQL: SELECT `branch_id` FROM `ps_tree` WHERE ( parent_id=20 )  [ RunTime:0.0000s ]
SQL: SELECT `branch_id` FROM `ps_tree` WHERE ( parent_id=21 )  [ RunTime:0.0000s ]
SQL: SELECT `branch_id` FROM `ps_tree` WHERE ( parent_id=22 )  [ RunTime:0.0010s ]
SQL: SELECT `branch_id` FROM `ps_tree` WHERE ( parent_id=23 )  [ RunTime:0.0010s ]
SQL: SELECT `branch_id` FROM `ps_tree` WHERE ( parent_id=24 )  [ RunTime:0.0000s ]
SQL: SELECT `branch_id` FROM `ps_tree` WHERE ( parent_id=25 )  [ RunTime:0.0000s ]
SQL: SELECT `branch_id` FROM `ps_tree` WHERE ( parent_id=26 )  [ RunTime:0.0000s ]
INFO: [ app_end ] --START--
INFO: Run Behavior\ShowPageTraceBehavior [ RunTime:0.001000s ]
INFO: [ app_end ] --END-- [ RunTime:0.001000s ]

[ 2017-02-14T14:00:32+08:00 ] ::1 /PShunt/index.php/Admin/Result/result
INFO: [ app_init ] --START--
INFO: Run Behavior\BuildLiteBehavior [ RunTime:0.000000s ]
INFO: [ app_init ] --END-- [ RunTime:0.000000s ]
INFO: [ app_begin ] --START--
INFO: Run Behavior\ReadHtmlCacheBehavior [ RunTime:0.000000s ]
INFO: [ app_begin ] --END-- [ RunTime:0.000000s ]
INFO: [ view_parse ] --START--
INFO: [ template_filter ] --START--
INFO: Run Behavior\ContentReplaceBehavior [ RunTime:0.000000s ]
INFO: [ template_filter ] --END-- [ RunTime:0.000000s ]
INFO: Run Behavior\ParseTemplateBehavior [ RunTime:0.004000s ]
INFO: [ view_parse ] --END-- [ RunTime:0.004000s ]
INFO: [ view_filter ] --START--
INFO: Run Behavior\WriteHtmlCacheBehavior [ RunTime:0.001000s ]
INFO: [ view_filter ] --END-- [ RunTime:0.001000s ]
INFO: [ app_end ] --START--
INFO: Run Behavior\ShowPageTraceBehavior [ RunTime:0.001000s ]
INFO: [ app_end ] --END-- [ RunTime:0.001000s ]

[ 2017-02-14T14:01:19+08:00 ] ::1 /PShunt/index.php/Admin/Project/
INFO: [ app_init ] --START--
INFO: Run Behavior\BuildLiteBehavior [ RunTime:0.000000s ]
INFO: [ app_init ] --END-- [ RunTime:0.000000s ]
INFO: [ app_begin ] --START--
INFO: Run Behavior\ReadHtmlCacheBehavior [ RunTime:0.000000s ]
INFO: [ app_begin ] --END-- [ RunTime:0.000000s ]
ERR: 非法操作:index

[ 2017-02-14T14:01:23+08:00 ] ::1 /PShunt/index.php/Admin/Project/getTree
INFO: [ app_init ] --START--
INFO: Run Behavior\BuildLiteBehavior [ RunTime:0.000000s ]
INFO: [ app_init ] --END-- [ RunTime:0.000000s ]
INFO: [ app_begin ] --START--
INFO: Run Behavior\ReadHtmlCacheBehavior [ RunTime:0.000000s ]
INFO: [ app_begin ] --END-- [ RunTime:0.000000s ]
SQL: SHOW COLUMNS FROM `ps_tree` [ RunTime:0.0010s ]
SQL: SELECT branch_id as id,parent_id as pId,`name`,`course_id` FROM `ps_tree`  [ RunTime:0.0000s ]
SQL: SELECT `branch_id` FROM `ps_tree` WHERE ( parent_id=1 )  [ RunTime:0.0010s ]
SQL: SELECT `branch_id` FROM `ps_tree` WHERE ( parent_id=2 )  [ RunTime:0.0000s ]
SQL: SELECT `branch_id` FROM `ps_tree` WHERE ( parent_id=3 )  [ RunTime:0.0010s ]
SQL: SELECT `branch_id` FROM `ps_tree` WHERE ( parent_id=4 )  [ RunTime:0.0000s ]
SQL: SELECT `branch_id` FROM `ps_tree` WHERE ( parent_id=5 )  [ RunTime:0.0000s ]
SQL: SELECT `branch_id` FROM `ps_tree` WHERE ( parent_id=6 )  [ RunTime:0.0000s ]
SQL: SELECT `branch_id` FROM `ps_tree` WHERE ( parent_id=7 )  [ RunTime:0.0000s ]
SQL: SELECT `branch_id` FROM `ps_tree` WHERE ( parent_id=8 )  [ RunTime:0.0000s ]
SQL: SELECT `branch_id` FROM `ps_tree` WHERE ( parent_id=9 )  [ RunTime:0.0010s ]
SQL: SELECT `branch_id` FROM `ps_tree` WHERE ( parent_id=10 )  [ RunTime:0.0000s ]
SQL: SELECT `branch_id` FROM `ps_tree` WHERE ( parent_id=11 )  [ RunTime:0.0000s ]
SQL: SELECT `branch_id` FROM `ps_tree` WHERE ( parent_id=12 )  [ RunTime:0.0000s ]
SQL: SELECT `branch_id` FROM `ps_tree` WHERE ( parent_id=15 )  [ RunTime:0.0010s ]
SQL: SELECT `branch_id` FROM `ps_tree` WHERE ( parent_id=16 )  [ RunTime:0.0000s ]
SQL: SELECT `branch_id` FROM `ps_tree` WHERE ( parent_id=17 )  [ RunTime:0.0000s ]
SQL: SELECT `branch_id` FROM `ps_tree` WHERE ( parent_id=18 )  [ RunTime:0.0000s ]
SQL: SELECT `branch_id` FROM `ps_tree` WHERE ( parent_id=19 )  [ RunTime:0.0010s ]
SQL: SELECT `branch_id` FROM `ps_tree` WHERE ( parent_id=20 )  [ RunTime:0.0000s ]
SQL: SELECT `branch_id` FROM `ps_tree` WHERE ( parent_id=21 )  [ RunTime:0.0000s ]
SQL: SELECT `branch_id` FROM `ps_tree` WHERE ( parent_id=22 )  [ RunTime:0.0000s ]
SQL: SELECT `branch_id` FROM `ps_tree` WHERE ( parent_id=23 )  [ RunTime:0.0000s ]
SQL: SELECT `branch_id` FROM `ps_tree` WHERE ( parent_id=24 )  [ RunTime:0.0000s ]
SQL: SELECT `branch_id` FROM `ps_tree` WHERE ( parent_id=25 )  [ RunTime:0.0000s ]
SQL: SELECT `branch_id` FROM `ps_tree` WHERE ( parent_id=26 )  [ RunTime:0.0000s ]
INFO: [ app_end ] --START--
INFO: Run Behavior\ShowPageTraceBehavior [ RunTime:0.001000s ]
INFO: [ app_end ] --END-- [ RunTime:0.001000s ]

[ 2017-02-14T14:01:38+08:00 ] ::1 /PShunt/index.php/Admin/Project/
INFO: [ app_init ] --START--
INFO: Run Behavior\BuildLiteBehavior [ RunTime:0.000000s ]
INFO: [ app_init ] --END-- [ RunTime:0.001000s ]
INFO: [ app_begin ] --START--
INFO: Run Behavior\ReadHtmlCacheBehavior [ RunTime:0.000000s ]
INFO: [ app_begin ] --END-- [ RunTime:0.000000s ]
ERR: 非法操作:index

[ 2017-02-14T14:05:09+08:00 ] ::1 /PShunt/index.php/Admin/Project/getTree
INFO: [ app_init ] --START--
INFO: Run Behavior\BuildLiteBehavior [ RunTime:0.000000s ]
INFO: [ app_init ] --END-- [ RunTime:0.001001s ]
INFO: [ app_begin ] --START--
INFO: Run Behavior\ReadHtmlCacheBehavior [ RunTime:0.000000s ]
INFO: [ app_begin ] --END-- [ RunTime:0.000000s ]
SQL: SHOW COLUMNS FROM `ps_tree` [ RunTime:0.0010s ]
SQL: SELECT branch_id as id,parent_id as pId,`name`,`course_id` FROM `ps_tree`  [ RunTime:0.0000s ]
SQL: SELECT `branch_id` FROM `ps_tree` WHERE ( parent_id=1 )  [ RunTime:0.0000s ]
SQL: SELECT `branch_id` FROM `ps_tree` WHERE ( parent_id=2 )  [ RunTime:0.0000s ]
SQL: SELECT `branch_id` FROM `ps_tree` WHERE ( parent_id=3 )  [ RunTime:0.0000s ]
SQL: SELECT `branch_id` FROM `ps_tree` WHERE ( parent_id=4 )  [ RunTime:0.0000s ]
SQL: SELECT `branch_id` FROM `ps_tree` WHERE ( parent_id=5 )  [ RunTime:0.0000s ]
SQL: SELECT `branch_id` FROM `ps_tree` WHERE ( parent_id=6 )  [ RunTime:0.0000s ]
SQL: SELECT `branch_id` FROM `ps_tree` WHERE ( parent_id=7 )  [ RunTime:0.0000s ]
SQL: SELECT `branch_id` FROM `ps_tree` WHERE ( parent_id=8 )  [ RunTime:0.0000s ]
SQL: SELECT `branch_id` FROM `ps_tree` WHERE ( parent_id=9 )  [ RunTime:0.0000s ]
SQL: SELECT `branch_id` FROM `ps_tree` WHERE ( parent_id=10 )  [ RunTime:0.0000s ]
SQL: SELECT `branch_id` FROM `ps_tree` WHERE ( parent_id=11 )  [ RunTime:0.0000s ]
SQL: SELECT `branch_id` FROM `ps_tree` WHERE ( parent_id=12 )  [ RunTime:0.0000s ]
SQL: SELECT `branch_id` FROM `ps_tree` WHERE ( parent_id=15 )  [ RunTime:0.0000s ]
SQL: SELECT `branch_id` FROM `ps_tree` WHERE ( parent_id=16 )  [ RunTime:0.0000s ]
SQL: SELECT `branch_id` FROM `ps_tree` WHERE ( parent_id=17 )  [ RunTime:0.0000s ]
SQL: SELECT `branch_id` FROM `ps_tree` WHERE ( parent_id=18 )  [ RunTime:0.0010s ]
SQL: SELECT `branch_id` FROM `ps_tree` WHERE ( parent_id=19 )  [ RunTime:0.0000s ]
SQL: SELECT `branch_id` FROM `ps_tree` WHERE ( parent_id=20 )  [ RunTime:0.0000s ]
SQL: SELECT `branch_id` FROM `ps_tree` WHERE ( parent_id=21 )  [ RunTime:0.0000s ]
SQL: SELECT `branch_id` FROM `ps_tree` WHERE ( parent_id=22 )  [ RunTime:0.0000s ]
SQL: SELECT `branch_id` FROM `ps_tree` WHERE ( parent_id=23 )  [ RunTime:0.0000s ]
SQL: SELECT `branch_id` FROM `ps_tree` WHERE ( parent_id=24 )  [ RunTime:0.0000s ]
SQL: SELECT `branch_id` FROM `ps_tree` WHERE ( parent_id=25 )  [ RunTime:0.0010s ]
SQL: SELECT `branch_id` FROM `ps_tree` WHERE ( parent_id=26 )  [ RunTime:0.0000s ]
INFO: [ app_end ] --START--
INFO: Run Behavior\ShowPageTraceBehavior [ RunTime:0.000000s ]
INFO: [ app_end ] --END-- [ RunTime:0.000000s ]

[ 2017-02-14T14:05:55+08:00 ] ::1 /PShunt/index.php/Admin/Project/project
INFO: [ app_init ] --START--
INFO: Run Behavior\BuildLiteBehavior [ RunTime:0.000000s ]
INFO: [ app_init ] --END-- [ RunTime:0.000000s ]
INFO: [ app_begin ] --START--
INFO: Run Behavior\ReadHtmlCacheBehavior [ RunTime:0.000000s ]
INFO: [ app_begin ] --END-- [ RunTime:0.000000s ]
SQL: SHOW COLUMNS FROM `ps_tree` [ RunTime:0.0030s ]
SQL: select max(`branch_id`) as maxid from `ps_tree [ RunTime:0.0000s ]
INFO: [ view_parse ] --START--
INFO: [ template_filter ] --START--
INFO: Run Behavior\ContentReplaceBehavior [ RunTime:0.000000s ]
INFO: [ template_filter ] --END-- [ RunTime:0.000000s ]
INFO: Run Behavior\ParseTemplateBehavior [ RunTime:0.005000s ]
INFO: [ view_parse ] --END-- [ RunTime:0.005000s ]
INFO: [ view_filter ] --START--
INFO: Run Behavior\WriteHtmlCacheBehavior [ RunTime:0.000000s ]
INFO: [ view_filter ] --END-- [ RunTime:0.000000s ]
INFO: [ app_end ] --START--
INFO: Run Behavior\ShowPageTraceBehavior [ RunTime:0.003000s ]
INFO: [ app_end ] --END-- [ RunTime:0.003000s ]

[ 2017-02-14T14:05:55+08:00 ] ::1 /PShunt/index.php/Admin/Project/getTree
INFO: [ app_init ] --START--
INFO: Run Behavior\BuildLiteBehavior [ RunTime:0.000000s ]
INFO: [ app_init ] --END-- [ RunTime:0.000000s ]
INFO: [ app_begin ] --START--
INFO: Run Behavior\ReadHtmlCacheBehavior [ RunTime:0.001000s ]
INFO: [ app_begin ] --END-- [ RunTime:0.001000s ]
SQL: SHOW COLUMNS FROM `ps_tree` [ RunTime:0.0020s ]
SQL: SELECT branch_id as id,parent_id as pId,`name`,`course_id` FROM `ps_tree`  [ RunTime:0.0000s ]
SQL: SELECT `branch_id` FROM `ps_tree` WHERE ( parent_id=1 )  [ RunTime:0.0010s ]
SQL: SELECT `branch_id` FROM `ps_tree` WHERE ( parent_id=2 )  [ RunTime:0.0000s ]
SQL: SELECT `branch_id` FROM `ps_tree` WHERE ( parent_id=3 )  [ RunTime:0.0000s ]
SQL: SELECT `branch_id` FROM `ps_tree` WHERE ( parent_id=4 )  [ RunTime:0.0000s ]
SQL: SELECT `branch_id` FROM `ps_tree` WHERE ( parent_id=5 )  [ RunTime:0.0010s ]
SQL: SELECT `branch_id` FROM `ps_tree` WHERE ( parent_id=6 )  [ RunTime:0.0000s ]
SQL: SELECT `branch_id` FROM `ps_tree` WHERE ( parent_id=7 )  [ RunTime:0.0000s ]
SQL: SELECT `branch_id` FROM `ps_tree` WHERE ( parent_id=8 )  [ RunTime:0.0000s ]
SQL: SELECT `branch_id` FROM `ps_tree` WHERE ( parent_id=9 )  [ RunTime:0.0000s ]
SQL: SELECT `branch_id` FROM `ps_tree` WHERE ( parent_id=10 )  [ RunTime:0.0000s ]
SQL: SELECT `branch_id` FROM `ps_tree` WHERE ( parent_id=11 )  [ RunTime:0.0000s ]
SQL: SELECT `branch_id` FROM `ps_tree` WHERE ( parent_id=12 )  [ RunTime:0.0000s ]
SQL: SELECT `branch_id` FROM `ps_tree` WHERE ( parent_id=15 )  [ RunTime:0.0000s ]
SQL: SELECT `branch_id` FROM `ps_tree` WHERE ( parent_id=16 )  [ RunTime:0.0010s ]
SQL: SELECT `branch_id` FROM `ps_tree` WHERE ( parent_id=17 )  [ RunTime:0.0000s ]
SQL: SELECT `branch_id` FROM `ps_tree` WHERE ( parent_id=18 )  [ RunTime:0.0000s ]
SQL: SELECT `branch_id` FROM `ps_tree` WHERE ( parent_id=19 )  [ RunTime:0.0000s ]
SQL: SELECT `branch_id` FROM `ps_tree` WHERE ( parent_id=20 )  [ RunTime:0.0000s ]
SQL: SELECT `branch_id` FROM `ps_tree` WHERE ( parent_id=21 )  [ RunTime:0.0000s ]
SQL: SELECT `branch_id` FROM `ps_tree` WHERE ( parent_id=22 )  [ RunTime:0.0000s ]
SQL: SELECT `branch_id` FROM `ps_tree` WHERE ( parent_id=23 )  [ RunTime:0.0000s ]
SQL: SELECT `branch_id` FROM `ps_tree` WHERE ( parent_id=24 )  [ RunTime:0.0000s ]
SQL: SELECT `branch_id` FROM `ps_tree` WHERE ( parent_id=25 )  [ RunTime:0.0000s ]
SQL: SELECT `branch_id` FROM `ps_tree` WHERE ( parent_id=26 )  [ RunTime:0.0000s ]
INFO: [ app_end ] --START--
INFO: Run Behavior\ShowPageTraceBehavior [ RunTime:0.000000s ]
INFO: [ app_end ] --END-- [ RunTime:0.001000s ]

[ 2017-02-14T14:28:30+08:00 ] ::1 /PShunt/index.php/Admin/Project/project
INFO: [ app_init ] --START--
INFO: Run Behavior\BuildLiteBehavior [ RunTime:0.000000s ]
INFO: [ app_init ] --END-- [ RunTime:0.001000s ]
INFO: [ app_begin ] --START--
INFO: Run Behavior\ReadHtmlCacheBehavior [ RunTime:0.001000s ]
INFO: [ app_begin ] --END-- [ RunTime:0.001000s ]
SQL: SHOW COLUMNS FROM `ps_tree` [ RunTime:0.0020s ]
SQL: select max(`branch_id`) as maxid from `ps_tree [ RunTime:0.0000s ]
INFO: [ view_parse ] --START--
INFO: [ template_filter ] --START--
INFO: Run Behavior\ContentReplaceBehavior [ RunTime:0.000000s ]
INFO: [ template_filter ] --END-- [ RunTime:0.001000s ]
INFO: Run Behavior\ParseTemplateBehavior [ RunTime:0.005000s ]
INFO: [ view_parse ] --END-- [ RunTime:0.005000s ]
INFO: [ view_filter ] --START--
INFO: Run Behavior\WriteHtmlCacheBehavior [ RunTime:0.000000s ]
INFO: [ view_filter ] --END-- [ RunTime:0.001000s ]
INFO: [ app_end ] --START--
INFO: Run Behavior\ShowPageTraceBehavior [ RunTime:0.000000s ]
INFO: [ app_end ] --END-- [ RunTime:0.000000s ]

[ 2017-02-14T14:28:30+08:00 ] ::1 /PShunt/index.php/Admin/Project/getTree
INFO: [ app_init ] --START--
INFO: Run Behavior\BuildLiteBehavior [ RunTime:0.000000s ]
INFO: [ app_init ] --END-- [ RunTime:0.001000s ]
INFO: [ app_begin ] --START--
INFO: Run Behavior\ReadHtmlCacheBehavior [ RunTime:0.000000s ]
INFO: [ app_begin ] --END-- [ RunTime:0.000000s ]
SQL: SHOW COLUMNS FROM `ps_tree` [ RunTime:0.0020s ]
SQL: SELECT branch_id as id,parent_id as pId,`name`,`course_id` FROM `ps_tree`  [ RunTime:0.0000s ]
SQL: SELECT `branch_id` FROM `ps_tree` WHERE ( parent_id=1 )  [ RunTime:0.0000s ]
SQL: SELECT `branch_id` FROM `ps_tree` WHERE ( parent_id=2 )  [ RunTime:0.0010s ]
SQL: SELECT `branch_id` FROM `ps_tree` WHERE ( parent_id=3 )  [ RunTime:0.0000s ]
SQL: SELECT `branch_id` FROM `ps_tree` WHERE ( parent_id=4 )  [ RunTime:0.0000s ]
SQL: SELECT `branch_id` FROM `ps_tree` WHERE ( parent_id=5 )  [ RunTime:0.0000s ]
SQL: SELECT `branch_id` FROM `ps_tree` WHERE ( parent_id=6 )  [ RunTime:0.0010s ]
SQL: SELECT `branch_id` FROM `ps_tree` WHERE ( parent_id=7 )  [ RunTime:0.0000s ]
SQL: SELECT `branch_id` FROM `ps_tree` WHERE ( parent_id=8 )  [ RunTime:0.0000s ]
SQL: SELECT `branch_id` FROM `ps_tree` WHERE ( parent_id=9 )  [ RunTime:0.0000s ]
SQL: SELECT `branch_id` FROM `ps_tree` WHERE ( parent_id=10 )  [ RunTime:0.0000s ]
SQL: SELECT `branch_id` FROM `ps_tree` WHERE ( parent_id=11 )  [ RunTime:0.0010s ]
SQL: SELECT `branch_id` FROM `ps_tree` WHERE ( parent_id=12 )  [ RunTime:0.0000s ]
SQL: SELECT `branch_id` FROM `ps_tree` WHERE ( parent_id=15 )  [ RunTime:0.0000s ]
SQL: SELECT `branch_id` FROM `ps_tree` WHERE ( parent_id=16 )  [ RunTime:0.0000s ]
SQL: SELECT `branch_id` FROM `ps_tree` WHERE ( parent_id=17 )  [ RunTime:0.0000s ]
SQL: SELECT `branch_id` FROM `ps_tree` WHERE ( parent_id=18 )  [ RunTime:0.0000s ]
SQL: SELECT `branch_id` FROM `ps_tree` WHERE ( parent_id=19 )  [ RunTime:0.0000s ]
SQL: SELECT `branch_id` FROM `ps_tree` WHERE ( parent_id=20 )  [ RunTime:0.0000s ]
SQL: SELECT `branch_id` FROM `ps_tree` WHERE ( parent_id=21 )  [ RunTime:0.0000s ]
SQL: SELECT `branch_id` FROM `ps_tree` WHERE ( parent_id=22 )  [ RunTime:0.0010s ]
SQL: SELECT `branch_id` FROM `ps_tree` WHERE ( parent_id=23 )  [ RunTime:0.0000s ]
SQL: SELECT `branch_id` FROM `ps_tree` WHERE ( parent_id=24 )  [ RunTime:0.0000s ]
SQL: SELECT `branch_id` FROM `ps_tree` WHERE ( parent_id=25 )  [ RunTime:0.0000s ]
SQL: SELECT `branch_id` FROM `ps_tree` WHERE ( parent_id=26 )  [ RunTime:0.0000s ]
INFO: [ app_end ] --START--
INFO: Run Behavior\ShowPageTraceBehavior [ RunTime:0.000000s ]
INFO: [ app_end ] --END-- [ RunTime:0.001000s ]

[ 2017-02-14T14:28:33+08:00 ] ::1 /PShunt/index.php/Admin/Result/result
INFO: [ app_init ] --START--
INFO: Run Behavior\BuildLiteBehavior [ RunTime:0.000000s ]
INFO: [ app_init ] --END-- [ RunTime:0.001000s ]
INFO: [ app_begin ] --START--
INFO: Run Behavior\ReadHtmlCacheBehavior [ RunTime:0.000000s ]
INFO: [ app_begin ] --END-- [ RunTime:0.000000s ]
INFO: [ view_parse ] --START--
INFO: [ template_filter ] --START--
INFO: Run Behavior\ContentReplaceBehavior [ RunTime:0.001000s ]
INFO: [ template_filter ] --END-- [ RunTime:0.001000s ]
INFO: Run Behavior\ParseTemplateBehavior [ RunTime:0.005000s ]
INFO: [ view_parse ] --END-- [ RunTime:0.005000s ]
INFO: [ view_filter ] --START--
INFO: Run Behavior\WriteHtmlCacheBehavior [ RunTime:0.000000s ]
INFO: [ view_filter ] --END-- [ RunTime:0.000000s ]
INFO: [ app_end ] --START--
INFO: Run Behavior\ShowPageTraceBehavior [ RunTime:0.000000s ]
INFO: [ app_end ] --END-- [ RunTime:0.000000s ]

[ 2017-02-14T14:30:56+08:00 ] ::1 /PShunt/index.php/Admin/Result/result
INFO: [ app_init ] --START--
INFO: Run Behavior\BuildLiteBehavior [ RunTime:0.000000s ]
INFO: [ app_init ] --END-- [ RunTime:0.000000s ]
INFO: [ app_begin ] --START--
INFO: Run Behavior\ReadHtmlCacheBehavior [ RunTime:0.001000s ]
INFO: [ app_begin ] --END-- [ RunTime:0.001000s ]
INFO: [ view_parse ] --START--
INFO: [ template_filter ] --START--
INFO: Run Behavior\ContentReplaceBehavior [ RunTime:0.000000s ]
INFO: [ template_filter ] --END-- [ RunTime:0.000000s ]
INFO: Run Behavior\ParseTemplateBehavior [ RunTime:0.005000s ]
INFO: [ view_parse ] --END-- [ RunTime:0.005000s ]
INFO: [ view_filter ] --START--
INFO: Run Behavior\WriteHtmlCacheBehavior [ RunTime:0.000000s ]
INFO: [ view_filter ] --END-- [ RunTime:0.000000s ]
INFO: [ app_end ] --START--
INFO: Run Behavior\ShowPageTraceBehavior [ RunTime:0.000000s ]
INFO: [ app_end ] --END-- [ RunTime:0.000000s ]

[ 2017-02-14T14:31:30+08:00 ] ::1 /PShunt/index.php/Admin/Result/result
INFO: [ app_init ] --START--
INFO: Run Behavior\BuildLiteBehavior [ RunTime:0.000000s ]
INFO: [ app_init ] --END-- [ RunTime:0.000000s ]
INFO: [ app_begin ] --START--
INFO: Run Behavior\ReadHtmlCacheBehavior [ RunTime:0.000000s ]
INFO: [ app_begin ] --END-- [ RunTime:0.000000s ]
INFO: [ view_parse ] --START--
INFO: [ template_filter ] --START--
INFO: Run Behavior\ContentReplaceBehavior [ RunTime:0.000000s ]
INFO: [ template_filter ] --END-- [ RunTime:0.001000s ]
INFO: Run Behavior\ParseTemplateBehavior [ RunTime:0.006000s ]
INFO: [ view_parse ] --END-- [ RunTime:0.006000s ]
INFO: [ view_filter ] --START--
INFO: Run Behavior\WriteHtmlCacheBehavior [ RunTime:0.001000s ]
INFO: [ view_filter ] --END-- [ RunTime:0.001000s ]
INFO: [ app_end ] --START--
INFO: Run Behavior\ShowPageTraceBehavior [ RunTime:0.001000s ]
INFO: [ app_end ] --END-- [ RunTime:0.001000s ]

[ 2017-02-14T14:31:31+08:00 ] ::1 /PShunt/index.php/Admin/Result/result
INFO: [ app_init ] --START--
INFO: Run Behavior\BuildLiteBehavior [ RunTime:0.000000s ]
INFO: [ app_init ] --END-- [ RunTime:0.000000s ]
INFO: [ app_begin ] --START--
INFO: Run Behavior\ReadHtmlCacheBehavior [ RunTime:0.001000s ]
INFO: [ app_begin ] --END-- [ RunTime:0.001000s ]
INFO: [ view_parse ] --START--
INFO: [ template_filter ] --START--
INFO: Run Behavior\ContentReplaceBehavior [ RunTime:0.000000s ]
INFO: [ template_filter ] --END-- [ RunTime:0.000000s ]
INFO: Run Behavior\ParseTemplateBehavior [ RunTime:0.005000s ]
INFO: [ view_parse ] --END-- [ RunTime:0.005000s ]
INFO: [ view_filter ] --START--
INFO: Run Behavior\WriteHtmlCacheBehavior [ RunTime:0.001000s ]
INFO: [ view_filter ] --END-- [ RunTime:0.001000s ]
INFO: [ app_end ] --START--
INFO: Run Behavior\ShowPageTraceBehavior [ RunTime:0.000000s ]
INFO: [ app_end ] --END-- [ RunTime:0.000000s ]

[ 2017-02-14T14:31:39+08:00 ] ::1 /PShunt/index.php/Admin/Student/student
INFO: [ app_init ] --START--
INFO: Run Behavior\BuildLiteBehavior [ RunTime:0.000000s ]
INFO: [ app_init ] --END-- [ RunTime:0.000000s ]
INFO: [ app_begin ] --START--
INFO: Run Behavior\ReadHtmlCacheBehavior [ RunTime:0.001001s ]
INFO: [ app_begin ] --END-- [ RunTime:0.001001s ]
SQL: SHOW COLUMNS FROM `ps_student` [ RunTime:0.0010s ]
SQL: SELECT DISTINCT `si_grade`,`si_profession`,`si_class` FROM `ps_student` WHERE 1   [ RunTime:0.0000s ]
NOTIC: [8] Undefined variable: str D:\xampp\htdocs\PShunt\App\Admin\Controller\StudentController.class.php 第 29 行.
INFO: [ view_parse ] --START--
INFO: [ template_filter ] --START--
INFO: Run Behavior\ContentReplaceBehavior [ RunTime:0.000000s ]
INFO: [ template_filter ] --END-- [ RunTime:0.000000s ]
INFO: Run Behavior\ParseTemplateBehavior [ RunTime:0.005000s ]
INFO: [ view_parse ] --END-- [ RunTime:0.005000s ]
INFO: [ view_filter ] --START--
INFO: Run Behavior\WriteHtmlCacheBehavior [ RunTime:0.000000s ]
INFO: [ view_filter ] --END-- [ RunTime:0.000000s ]
INFO: [ app_end ] --START--
INFO: Run Behavior\ShowPageTraceBehavior [ RunTime:0.001000s ]
INFO: [ app_end ] --END-- [ RunTime:0.001000s ]

[ 2017-02-14T14:31:39+08:00 ] ::1 /PShunt/index.php/Admin/Student/getAllStudentInfo?order=asc&offset=0&limit=20
INFO: [ app_init ] --START--
INFO: Run Behavior\BuildLiteBehavior [ RunTime:0.000000s ]
INFO: [ app_init ] --END-- [ RunTime:0.000000s ]
INFO: [ app_begin ] --START--
INFO: Run Behavior\ReadHtmlCacheBehavior [ RunTime:0.001000s ]
INFO: [ app_begin ] --END-- [ RunTime:0.001000s ]
SQL: SHOW COLUMNS FROM `ps_student` [ RunTime:0.0040s ]
SQL: SELECT `si_number`, `si_name`, `si_sex`, `si_grade`, `si_profession`, `si_class` FROM `ps_student` WHERE 1  [ RunTime:0.0030s ]
INFO: [ app_end ] --START--
INFO: Run Behavior\ShowPageTraceBehavior [ RunTime:0.001000s ]
INFO: [ app_end ] --END-- [ RunTime:0.002000s ]

[ 2017-02-14T14:31:42+08:00 ] ::1 /PShunt/index.php/Admin/Project/project
INFO: [ app_init ] --START--
INFO: Run Behavior\BuildLiteBehavior [ RunTime:0.000000s ]
INFO: [ app_init ] --END-- [ RunTime:0.000000s ]
INFO: [ app_begin ] --START--
INFO: Run Behavior\ReadHtmlCacheBehavior [ RunTime:0.001000s ]
INFO: [ app_begin ] --END-- [ RunTime:0.001000s ]
SQL: SHOW COLUMNS FROM `ps_tree` [ RunTime:0.0010s ]
SQL: select max(`branch_id`) as maxid from `ps_tree [ RunTime:0.0010s ]
INFO: [ view_parse ] --START--
INFO: [ template_filter ] --START--
INFO: Run Behavior\ContentReplaceBehavior [ RunTime:0.000000s ]
INFO: [ template_filter ] --END-- [ RunTime:0.000000s ]
INFO: Run Behavior\ParseTemplateBehavior [ RunTime:0.006001s ]
INFO: [ view_parse ] --END-- [ RunTime:0.006001s ]
INFO: [ view_filter ] --START--
INFO: Run Behavior\WriteHtmlCacheBehavior [ RunTime:0.000000s ]
INFO: [ view_filter ] --END-- [ RunTime:0.000000s ]
INFO: [ app_end ] --START--
INFO: Run Behavior\ShowPageTraceBehavior [ RunTime:0.000000s ]
INFO: [ app_end ] --END-- [ RunTime:0.000000s ]

[ 2017-02-14T14:31:42+08:00 ] ::1 /PShunt/index.php/Admin/Project/getTree
INFO: [ app_init ] --START--
INFO: Run Behavior\BuildLiteBehavior [ RunTime:0.000000s ]
INFO: [ app_init ] --END-- [ RunTime:0.000000s ]
INFO: [ app_begin ] --START--
INFO: Run Behavior\ReadHtmlCacheBehavior [ RunTime:0.001000s ]
INFO: [ app_begin ] --END-- [ RunTime:0.001000s ]
SQL: SHOW COLUMNS FROM `ps_tree` [ RunTime:0.0020s ]
SQL: SELECT branch_id as id,parent_id as pId,`name`,`course_id` FROM `ps_tree`  [ RunTime:0.0000s ]
SQL: SELECT `branch_id` FROM `ps_tree` WHERE ( parent_id=1 )  [ RunTime:0.0010s ]
SQL: SELECT `branch_id` FROM `ps_tree` WHERE ( parent_id=2 )  [ RunTime:0.0000s ]
SQL: SELECT `branch_id` FROM `ps_tree` WHERE ( parent_id=3 )  [ RunTime:0.0030s ]
SQL: SELECT `branch_id` FROM `ps_tree` WHERE ( parent_id=4 )  [ RunTime:0.0000s ]
SQL: SELECT `branch_id` FROM `ps_tree` WHERE ( parent_id=5 )  [ RunTime:0.0000s ]
SQL: SELECT `branch_id` FROM `ps_tree` WHERE ( parent_id=6 )  [ RunTime:0.0010s ]
SQL: SELECT `branch_id` FROM `ps_tree` WHERE ( parent_id=7 )  [ RunTime:0.0000s ]
SQL: SELECT `branch_id` FROM `ps_tree` WHERE ( parent_id=8 )  [ RunTime:0.0010s ]
SQL: SELECT `branch_id` FROM `ps_tree` WHERE ( parent_id=9 )  [ RunTime:0.0000s ]
SQL: SELECT `branch_id` FROM `ps_tree` WHERE ( parent_id=10 )  [ RunTime:0.0000s ]
SQL: SELECT `branch_id` FROM `ps_tree` WHERE ( parent_id=11 )  [ RunTime:0.0000s ]
SQL: SELECT `branch_id` FROM `ps_tree` WHERE ( parent_id=12 )  [ RunTime:0.0000s ]
SQL: SELECT `branch_id` FROM `ps_tree` WHERE ( parent_id=15 )  [ RunTime:0.0000s ]
SQL: SELECT `branch_id` FROM `ps_tree` WHERE ( parent_id=16 )  [ RunTime:0.0000s ]
SQL: SELECT `branch_id` FROM `ps_tree` WHERE ( parent_id=17 )  [ RunTime:0.0000s ]
SQL: SELECT `branch_id` FROM `ps_tree` WHERE ( parent_id=18 )  [ RunTime:0.0010s ]
SQL: SELECT `branch_id` FROM `ps_tree` WHERE ( parent_id=19 )  [ RunTime:0.0000s ]
SQL: SELECT `branch_id` FROM `ps_tree` WHERE ( parent_id=20 )  [ RunTime:0.0010s ]
SQL: SELECT `branch_id` FROM `ps_tree` WHERE ( parent_id=21 )  [ RunTime:0.0000s ]
SQL: SELECT `branch_id` FROM `ps_tree` WHERE ( parent_id=22 )  [ RunTime:0.0000s ]
SQL: SELECT `branch_id` FROM `ps_tree` WHERE ( parent_id=23 )  [ RunTime:0.0010s ]
SQL: SELECT `branch_id` FROM `ps_tree` WHERE ( parent_id=24 )  [ RunTime:0.0000s ]
SQL: SELECT `branch_id` FROM `ps_tree` WHERE ( parent_id=25 )  [ RunTime:0.0000s ]
SQL: SELECT `branch_id` FROM `ps_tree` WHERE ( parent_id=26 )  [ RunTime:0.0000s ]
INFO: [ app_end ] --START--
INFO: Run Behavior\ShowPageTraceBehavior [ RunTime:0.000000s ]
INFO: [ app_end ] --END-- [ RunTime:0.000000s ]

[ 2017-02-14T14:53:46+08:00 ] ::1 /PShunt/index.php/Admin/Result/result
INFO: [ app_init ] --START--
INFO: Run Behavior\BuildLiteBehavior [ RunTime:0.000000s ]
INFO: [ app_init ] --END-- [ RunTime:0.001000s ]
INFO: [ app_begin ] --START--
INFO: Run Behavior\ReadHtmlCacheBehavior [ RunTime:0.001000s ]
INFO: [ app_begin ] --END-- [ RunTime:0.001000s ]
INFO: [ view_parse ] --START--
INFO: [ template_filter ] --START--
INFO: Run Behavior\ContentReplaceBehavior [ RunTime:0.000000s ]
INFO: [ template_filter ] --END-- [ RunTime:0.000000s ]
INFO: Run Behavior\ParseTemplateBehavior [ RunTime:0.005001s ]
INFO: [ view_parse ] --END-- [ RunTime:0.005001s ]
INFO: [ view_filter ] --START--
INFO: Run Behavior\WriteHtmlCacheBehavior [ RunTime:0.000000s ]
INFO: [ view_filter ] --END-- [ RunTime:0.000000s ]
INFO: [ app_end ] --START--
INFO: Run Behavior\ShowPageTraceBehavior [ RunTime:0.001000s ]
INFO: [ app_end ] --END-- [ RunTime:0.001000s ]

[ 2017-02-14T14:57:52+08:00 ] ::1 /PShunt/index.php/Admin/Result/result
INFO: [ app_init ] --START--
INFO: Run Behavior\BuildLiteBehavior [ RunTime:0.000000s ]
INFO: [ app_init ] --END-- [ RunTime:0.001000s ]
INFO: [ app_begin ] --START--
INFO: Run Behavior\ReadHtmlCacheBehavior [ RunTime:0.001000s ]
INFO: [ app_begin ] --END-- [ RunTime:0.001000s ]
INFO: [ view_parse ] --START--
INFO: [ template_filter ] --START--
INFO: Run Behavior\ContentReplaceBehavior [ RunTime:0.000000s ]
INFO: [ template_filter ] --END-- [ RunTime:0.000000s ]
INFO: Run Behavior\ParseTemplateBehavior [ RunTime:0.005001s ]
INFO: [ view_parse ] --END-- [ RunTime:0.005001s ]
INFO: [ view_filter ] --START--
INFO: Run Behavior\WriteHtmlCacheBehavior [ RunTime:0.001000s ]
INFO: [ view_filter ] --END-- [ RunTime:0.001000s ]
INFO: [ app_end ] --START--
INFO: Run Behavior\ShowPageTraceBehavior [ RunTime:0.000000s ]
INFO: [ app_end ] --END-- [ RunTime:0.000000s ]

[ 2017-02-14T15:09:32+08:00 ] ::1 /PShunt/index.php/Admin/Result/result
INFO: [ app_init ] --START--
INFO: Run Behavior\BuildLiteBehavior [ RunTime:0.000000s ]
INFO: [ app_init ] --END-- [ RunTime:0.000000s ]
INFO: [ app_begin ] --START--
INFO: Run Behavior\ReadHtmlCacheBehavior [ RunTime:0.001000s ]
INFO: [ app_begin ] --END-- [ RunTime:0.001000s ]
INFO: [ view_parse ] --START--
INFO: [ template_filter ] --START--
INFO: Run Behavior\ContentReplaceBehavior [ RunTime:0.000000s ]
INFO: [ template_filter ] --END-- [ RunTime:0.000000s ]
INFO: Run Behavior\ParseTemplateBehavior [ RunTime:0.004000s ]
INFO: [ view_parse ] --END-- [ RunTime:0.004000s ]
INFO: [ view_filter ] --START--
INFO: Run Behavior\WriteHtmlCacheBehavior [ RunTime:0.001001s ]
INFO: [ view_filter ] --END-- [ RunTime:0.001001s ]
INFO: [ app_end ] --START--
INFO: Run Behavior\ShowPageTraceBehavior [ RunTime:0.000000s ]
INFO: [ app_end ] --END-- [ RunTime:0.000000s ]

[ 2017-02-14T15:09:44+08:00 ] ::1 /PShunt/index.php/Admin/Result/result
INFO: [ app_init ] --START--
INFO: Run Behavior\BuildLiteBehavior [ RunTime:0.000000s ]
INFO: [ app_init ] --END-- [ RunTime:0.000000s ]
INFO: [ app_begin ] --START--
INFO: Run Behavior\ReadHtmlCacheBehavior [ RunTime:0.002000s ]
INFO: [ app_begin ] --END-- [ RunTime:0.002000s ]
INFO: [ view_parse ] --START--
INFO: [ template_filter ] --START--
INFO: Run Behavior\ContentReplaceBehavior [ RunTime:0.000000s ]
INFO: [ template_filter ] --END-- [ RunTime:0.000000s ]
INFO: Run Behavior\ParseTemplateBehavior [ RunTime:0.005000s ]
INFO: [ view_parse ] --END-- [ RunTime:0.005000s ]
INFO: [ view_filter ] --START--
INFO: Run Behavior\WriteHtmlCacheBehavior [ RunTime:0.001000s ]
INFO: [ view_filter ] --END-- [ RunTime:0.001000s ]
INFO: [ app_end ] --START--
INFO: Run Behavior\ShowPageTraceBehavior [ RunTime:0.000000s ]
INFO: [ app_end ] --END-- [ RunTime:0.000000s ]

[ 2017-02-14T15:09:48+08:00 ] ::1 /PShunt/index.php/Admin/Project/project
INFO: [ app_init ] --START--
INFO: Run Behavior\BuildLiteBehavior [ RunTime:0.000000s ]
INFO: [ app_init ] --END-- [ RunTime:0.000000s ]
INFO: [ app_begin ] --START--
INFO: Run Behavior\ReadHtmlCacheBehavior [ RunTime:0.001000s ]
INFO: [ app_begin ] --END-- [ RunTime:0.001000s ]
SQL: SHOW COLUMNS FROM `ps_tree` [ RunTime:0.0010s ]
SQL: select max(`branch_id`) as maxid from `ps_tree [ RunTime:0.0000s ]
INFO: [ view_parse ] --START--
INFO: [ template_filter ] --START--
INFO: Run Behavior\ContentReplaceBehavior [ RunTime:0.000000s ]
INFO: [ template_filter ] --END-- [ RunTime:0.000000s ]
INFO: Run Behavior\ParseTemplateBehavior [ RunTime:0.007001s ]
INFO: [ view_parse ] --END-- [ RunTime:0.007001s ]
INFO: [ view_filter ] --START--
INFO: Run Behavior\WriteHtmlCacheBehavior [ RunTime:0.000000s ]
INFO: [ view_filter ] --END-- [ RunTime:0.000000s ]
INFO: [ app_end ] --START--
INFO: Run Behavior\ShowPageTraceBehavior [ RunTime:0.003000s ]
INFO: [ app_end ] --END-- [ RunTime:0.003000s ]

[ 2017-02-14T15:09:48+08:00 ] ::1 /PShunt/index.php/Admin/Project/getTree
INFO: [ app_init ] --START--
INFO: Run Behavior\BuildLiteBehavior [ RunTime:0.000000s ]
INFO: [ app_init ] --END-- [ RunTime:0.000000s ]
INFO: [ app_begin ] --START--
INFO: Run Behavior\ReadHtmlCacheBehavior [ RunTime:0.000000s ]
INFO: [ app_begin ] --END-- [ RunTime:0.000000s ]
SQL: SHOW COLUMNS FROM `ps_tree` [ RunTime:0.0020s ]
SQL: SELECT branch_id as id,parent_id as pId,`name`,`course_id` FROM `ps_tree`  [ RunTime:0.0000s ]
SQL: SELECT `branch_id` FROM `ps_tree` WHERE ( parent_id=1 )  [ RunTime:0.0000s ]
SQL: SELECT `branch_id` FROM `ps_tree` WHERE ( parent_id=2 )  [ RunTime:0.0000s ]
SQL: SELECT `branch_id` FROM `ps_tree` WHERE ( parent_id=3 )  [ RunTime:0.0000s ]
SQL: SELECT `branch_id` FROM `ps_tree` WHERE ( parent_id=4 )  [ RunTime:0.0000s ]
SQL: SELECT `branch_id` FROM `ps_tree` WHERE ( parent_id=5 )  [ RunTime:0.0000s ]
SQL: SELECT `branch_id` FROM `ps_tree` WHERE ( parent_id=6 )  [ RunTime:0.0010s ]
SQL: SELECT `branch_id` FROM `ps_tree` WHERE ( parent_id=7 )  [ RunTime:0.0000s ]
SQL: SELECT `branch_id` FROM `ps_tree` WHERE ( parent_id=8 )  [ RunTime:0.0000s ]
SQL: SELECT `branch_id` FROM `ps_tree` WHERE ( parent_id=9 )  [ RunTime:0.0000s ]
SQL: SELECT `branch_id` FROM `ps_tree` WHERE ( parent_id=10 )  [ RunTime:0.0000s ]
SQL: SELECT `branch_id` FROM `ps_tree` WHERE ( parent_id=11 )  [ RunTime:0.0000s ]
SQL: SELECT `branch_id` FROM `ps_tree` WHERE ( parent_id=12 )  [ RunTime:0.0010s ]
SQL: SELECT `branch_id` FROM `ps_tree` WHERE ( parent_id=15 )  [ RunTime:0.0000s ]
SQL: SELECT `branch_id` FROM `ps_tree` WHERE ( parent_id=16 )  [ RunTime:0.0000s ]
SQL: SELECT `branch_id` FROM `ps_tree` WHERE ( parent_id=17 )  [ RunTime:0.0000s ]
SQL: SELECT `branch_id` FROM `ps_tree` WHERE ( parent_id=18 )  [ RunTime:0.0000s ]
SQL: SELECT `branch_id` FROM `ps_tree` WHERE ( parent_id=19 )  [ RunTime:0.0000s ]
SQL: SELECT `branch_id` FROM `ps_tree` WHERE ( parent_id=20 )  [ RunTime:0.0000s ]
SQL: SELECT `branch_id` FROM `ps_tree` WHERE ( parent_id=21 )  [ RunTime:0.0000s ]
SQL: SELECT `branch_id` FROM `ps_tree` WHERE ( parent_id=22 )  [ RunTime:0.0000s ]
SQL: SELECT `branch_id` FROM `ps_tree` WHERE ( parent_id=23 )  [ RunTime:0.0000s ]
SQL: SELECT `branch_id` FROM `ps_tree` WHERE ( parent_id=24 )  [ RunTime:0.0000s ]
SQL: SELECT `branch_id` FROM `ps_tree` WHERE ( parent_id=25 )  [ RunTime:0.0000s ]
SQL: SELECT `branch_id` FROM `ps_tree` WHERE ( parent_id=26 )  [ RunTime:0.0000s ]
INFO: [ app_end ] --START--
INFO: Run Behavior\ShowPageTraceBehavior [ RunTime:0.000000s ]
INFO: [ app_end ] --END-- [ RunTime:0.000000s ]

[ 2017-02-14T15:09:49+08:00 ] ::1 /PShunt/index.php/Admin/Student/student
INFO: [ app_init ] --START--
INFO: Run Behavior\BuildLiteBehavior [ RunTime:0.000000s ]
INFO: [ app_init ] --END-- [ RunTime:0.000000s ]
INFO: [ app_begin ] --START--
INFO: Run Behavior\ReadHtmlCacheBehavior [ RunTime:0.000000s ]
INFO: [ app_begin ] --END-- [ RunTime:0.000000s ]
SQL: SHOW COLUMNS FROM `ps_student` [ RunTime:0.0020s ]
SQL: SELECT DISTINCT `si_grade`,`si_profession`,`si_class` FROM `ps_student` WHERE 1   [ RunTime:0.0010s ]
NOTIC: [8] Undefined variable: str D:\xampp\htdocs\PShunt\App\Admin\Controller\StudentController.class.php 第 29 行.
INFO: [ view_parse ] --START--
INFO: [ template_filter ] --START--
INFO: Run Behavior\ContentReplaceBehavior [ RunTime:0.000000s ]
INFO: [ template_filter ] --END-- [ RunTime:0.000000s ]
INFO: Run Behavior\ParseTemplateBehavior [ RunTime:0.005000s ]
INFO: [ view_parse ] --END-- [ RunTime:0.005000s ]
INFO: [ view_filter ] --START--
INFO: Run Behavior\WriteHtmlCacheBehavior [ RunTime:0.000000s ]
INFO: [ view_filter ] --END-- [ RunTime:0.001000s ]
INFO: [ app_end ] --START--
INFO: Run Behavior\ShowPageTraceBehavior [ RunTime:0.000000s ]
INFO: [ app_end ] --END-- [ RunTime:0.000000s ]

[ 2017-02-14T15:09:50+08:00 ] ::1 /PShunt/index.php/Admin/Student/getAllStudentInfo?order=asc&offset=0&limit=20
INFO: [ app_init ] --START--
INFO: Run Behavior\BuildLiteBehavior [ RunTime:0.000000s ]
INFO: [ app_init ] --END-- [ RunTime:0.000000s ]
INFO: [ app_begin ] --START--
INFO: Run Behavior\ReadHtmlCacheBehavior [ RunTime:0.001000s ]
INFO: [ app_begin ] --END-- [ RunTime:0.001000s ]
SQL: SHOW COLUMNS FROM `ps_student` [ RunTime:0.0030s ]
SQL: SELECT `si_number`, `si_name`, `si_sex`, `si_grade`, `si_profession`, `si_class` FROM `ps_student` WHERE 1  [ RunTime:0.0030s ]
INFO: [ app_end ] --START--
INFO: Run Behavior\ShowPageTraceBehavior [ RunTime:0.001001s ]
INFO: [ app_end ] --END-- [ RunTime:0.002001s ]

[ 2017-02-14T15:09:51+08:00 ] ::1 /PShunt/index.php/Admin/Result/result
INFO: [ app_init ] --START--
INFO: Run Behavior\BuildLiteBehavior [ RunTime:0.000000s ]
INFO: [ app_init ] --END-- [ RunTime:0.000000s ]
INFO: [ app_begin ] --START--
INFO: Run Behavior\ReadHtmlCacheBehavior [ RunTime:0.001000s ]
INFO: [ app_begin ] --END-- [ RunTime:0.001000s ]
INFO: [ view_parse ] --START--
INFO: [ template_filter ] --START--
INFO: Run Behavior\ContentReplaceBehavior [ RunTime:0.000000s ]
INFO: [ template_filter ] --END-- [ RunTime:0.000000s ]
INFO: Run Behavior\ParseTemplateBehavior [ RunTime:0.005000s ]
INFO: [ view_parse ] --END-- [ RunTime:0.006000s ]
INFO: [ view_filter ] --START--
INFO: Run Behavior\WriteHtmlCacheBehavior [ RunTime:0.000000s ]
INFO: [ view_filter ] --END-- [ RunTime:0.000000s ]
INFO: [ app_end ] --START--
INFO: Run Behavior\ShowPageTraceBehavior [ RunTime:0.001000s ]
INFO: [ app_end ] --END-- [ RunTime:0.001000s ]

[ 2017-02-14T15:39:42+08:00 ] ::1 /PShunt/index.php/Admin/Result/result
INFO: [ app_init ] --START--
INFO: Run Behavior\BuildLiteBehavior [ RunTime:0.000000s ]
INFO: [ app_init ] --END-- [ RunTime:0.001000s ]
INFO: [ app_begin ] --START--
INFO: Run Behavior\ReadHtmlCacheBehavior [ RunTime:0.001000s ]
INFO: [ app_begin ] --END-- [ RunTime:0.001000s ]
INFO: [ view_parse ] --START--
INFO: [ template_filter ] --START--
INFO: Run Behavior\ContentReplaceBehavior [ RunTime:0.000000s ]
INFO: [ template_filter ] --END-- [ RunTime:0.000000s ]
INFO: Run Behavior\ParseTemplateBehavior [ RunTime:0.005000s ]
INFO: [ view_parse ] --END-- [ RunTime:0.005000s ]
INFO: [ view_filter ] --START--
INFO: Run Behavior\WriteHtmlCacheBehavior [ RunTime:0.000000s ]
INFO: [ view_filter ] --END-- [ RunTime:0.000000s ]
INFO: [ app_end ] --START--
INFO: Run Behavior\ShowPageTraceBehavior [ RunTime:0.001000s ]
INFO: [ app_end ] --END-- [ RunTime:0.001000s ]

[ 2017-02-14T15:41:07+08:00 ] ::1 /PShunt/index.php/Admin/Result/result
INFO: [ app_init ] --START--
INFO: Run Behavior\BuildLiteBehavior [ RunTime:0.000000s ]
INFO: [ app_init ] --END-- [ RunTime:0.000000s ]
INFO: [ app_begin ] --START--
INFO: Run Behavior\ReadHtmlCacheBehavior [ RunTime:0.000000s ]
INFO: [ app_begin ] --END-- [ RunTime:0.000000s ]
INFO: [ view_parse ] --START--
INFO: [ template_filter ] --START--
INFO: Run Behavior\ContentReplaceBehavior [ RunTime:0.000000s ]
INFO: [ template_filter ] --END-- [ RunTime:0.000000s ]
INFO: Run Behavior\ParseTemplateBehavior [ RunTime:0.005000s ]
INFO: [ view_parse ] --END-- [ RunTime:0.005000s ]
INFO: [ view_filter ] --START--
INFO: Run Behavior\WriteHtmlCacheBehavior [ RunTime:0.000000s ]
INFO: [ view_filter ] --END-- [ RunTime:0.000000s ]
INFO: [ app_end ] --START--
INFO: Run Behavior\ShowPageTraceBehavior [ RunTime:0.001000s ]
INFO: [ app_end ] --END-- [ RunTime:0.001000s ]

[ 2017-02-14T15:44:18+08:00 ] ::1 /PShunt/index.php/Admin/Result/result
INFO: [ app_init ] --START--
INFO: Run Behavior\BuildLiteBehavior [ RunTime:0.000000s ]
INFO: [ app_init ] --END-- [ RunTime:0.000000s ]
INFO: [ app_begin ] --START--
INFO: Run Behavior\ReadHtmlCacheBehavior [ RunTime:0.001000s ]
INFO: [ app_begin ] --END-- [ RunTime:0.001000s ]
INFO: [ view_parse ] --START--
INFO: [ template_filter ] --START--
INFO: Run Behavior\ContentReplaceBehavior [ RunTime:0.000000s ]
INFO: [ template_filter ] --END-- [ RunTime:0.000000s ]
INFO: Run Behavior\ParseTemplateBehavior [ RunTime:0.006000s ]
INFO: [ view_parse ] --END-- [ RunTime:0.006000s ]
INFO: [ view_filter ] --START--
INFO: Run Behavior\WriteHtmlCacheBehavior [ RunTime:0.000000s ]
INFO: [ view_filter ] --END-- [ RunTime:0.000000s ]
INFO: [ app_end ] --START--
INFO: Run Behavior\ShowPageTraceBehavior [ RunTime:0.001001s ]
INFO: [ app_end ] --END-- [ RunTime:0.001001s ]

[ 2017-02-14T15:45:29+08:00 ] ::1 /PShunt/index.php/Admin/Result/result
INFO: [ app_init ] --START--
INFO: Run Behavior\BuildLiteBehavior [ RunTime:0.000000s ]
INFO: [ app_init ] --END-- [ RunTime:0.000000s ]
INFO: [ app_begin ] --START--
INFO: Run Behavior\ReadHtmlCacheBehavior [ RunTime:0.001000s ]
INFO: [ app_begin ] --END-- [ RunTime:0.001000s ]
INFO: [ view_parse ] --START--
INFO: [ template_filter ] --START--
INFO: Run Behavior\ContentReplaceBehavior [ RunTime:0.001000s ]
INFO: [ template_filter ] --END-- [ RunTime:0.001000s ]
INFO: Run Behavior\ParseTemplateBehavior [ RunTime:0.007001s ]
INFO: [ view_parse ] --END-- [ RunTime:0.007001s ]
INFO: [ view_filter ] --START--
INFO: Run Behavior\WriteHtmlCacheBehavior [ RunTime:0.001000s ]
INFO: [ view_filter ] --END-- [ RunTime:0.001000s ]
INFO: [ app_end ] --START--
INFO: Run Behavior\ShowPageTraceBehavior [ RunTime:0.001000s ]
INFO: [ app_end ] --END-- [ RunTime:0.001000s ]

[ 2017-02-14T15:46:55+08:00 ] ::1 /PShunt/index.php/Admin/Result/result
INFO: [ app_init ] --START--
INFO: Run Behavior\BuildLiteBehavior [ RunTime:0.000000s ]
INFO: [ app_init ] --END-- [ RunTime:0.001000s ]
INFO: [ app_begin ] --START--
INFO: Run Behavior\ReadHtmlCacheBehavior [ RunTime:0.000000s ]
INFO: [ app_begin ] --END-- [ RunTime:0.000000s ]
INFO: [ view_parse ] --START--
INFO: [ template_filter ] --START--
INFO: Run Behavior\ContentReplaceBehavior [ RunTime:0.000000s ]
INFO: [ template_filter ] --END-- [ RunTime:0.000000s ]
INFO: Run Behavior\ParseTemplateBehavior [ RunTime:0.007000s ]
INFO: [ view_parse ] --END-- [ RunTime:0.007000s ]
INFO: [ view_filter ] --START--
INFO: Run Behavior\WriteHtmlCacheBehavior [ RunTime:0.000000s ]
INFO: [ view_filter ] --END-- [ RunTime:0.000000s ]
INFO: [ app_end ] --START--
INFO: Run Behavior\ShowPageTraceBehavior [ RunTime:0.001001s ]
INFO: [ app_end ] --END-- [ RunTime:0.001001s ]

[ 2017-02-14T15:46:56+08:00 ] ::1 /PShunt/index.php/Admin/Result/result
INFO: [ app_init ] --START--
INFO: Run Behavior\BuildLiteBehavior [ RunTime:0.000000s ]
INFO: [ app_init ] --END-- [ RunTime:0.000000s ]
INFO: [ app_begin ] --START--
INFO: Run Behavior\ReadHtmlCacheBehavior [ RunTime:0.001000s ]
INFO: [ app_begin ] --END-- [ RunTime:0.001000s ]
INFO: [ view_parse ] --START--
INFO: [ template_filter ] --START--
INFO: Run Behavior\ContentReplaceBehavior [ RunTime:0.000000s ]
INFO: [ template_filter ] --END-- [ RunTime:0.000000s ]
INFO: Run Behavior\ParseTemplateBehavior [ RunTime:0.005000s ]
INFO: [ view_parse ] --END-- [ RunTime:0.005000s ]
INFO: [ view_filter ] --START--
INFO: Run Behavior\WriteHtmlCacheBehavior [ RunTime:0.000000s ]
INFO: [ view_filter ] --END-- [ RunTime:0.000000s ]
INFO: [ app_end ] --START--
INFO: Run Behavior\ShowPageTraceBehavior [ RunTime:0.001000s ]
INFO: [ app_end ] --END-- [ RunTime:0.001000s ]

[ 2017-02-14T15:48:23+08:00 ] ::1 /PShunt/index.php/Admin/Result/result
INFO: [ app_init ] --START--
INFO: Run Behavior\BuildLiteBehavior [ RunTime:0.000000s ]
INFO: [ app_init ] --END-- [ RunTime:0.000000s ]
INFO: [ app_begin ] --START--
INFO: Run Behavior\ReadHtmlCacheBehavior [ RunTime:0.000000s ]
INFO: [ app_begin ] --END-- [ RunTime:0.000000s ]
INFO: [ view_parse ] --START--
INFO: [ template_filter ] --START--
INFO: Run Behavior\ContentReplaceBehavior [ RunTime:0.000000s ]
INFO: [ template_filter ] --END-- [ RunTime:0.000000s ]
INFO: Run Behavior\ParseTemplateBehavior [ RunTime:0.007000s ]
INFO: [ view_parse ] --END-- [ RunTime:0.007000s ]
INFO: [ view_filter ] --START--
INFO: Run Behavior\WriteHtmlCacheBehavior [ RunTime:0.000000s ]
INFO: [ view_filter ] --END-- [ RunTime:0.000000s ]
INFO: [ app_end ] --START--
INFO: Run Behavior\ShowPageTraceBehavior [ RunTime:0.001000s ]
INFO: [ app_end ] --END-- [ RunTime:0.001000s ]

[ 2017-02-14T15:48:30+08:00 ] ::1 /PShunt/index.php/Admin/Result/result
INFO: [ app_init ] --START--
INFO: Run Behavior\BuildLiteBehavior [ RunTime:0.000000s ]
INFO: [ app_init ] --END-- [ RunTime:0.001000s ]
INFO: [ app_begin ] --START--
INFO: Run Behavior\ReadHtmlCacheBehavior [ RunTime:0.000000s ]
INFO: [ app_begin ] --END-- [ RunTime:0.000000s ]
INFO: [ view_parse ] --START--
INFO: [ template_filter ] --START--
INFO: Run Behavior\ContentReplaceBehavior [ RunTime:0.000000s ]
INFO: [ template_filter ] --END-- [ RunTime:0.000000s ]
INFO: Run Behavior\ParseTemplateBehavior [ RunTime:0.006001s ]
INFO: [ view_parse ] --END-- [ RunTime:0.006001s ]
INFO: [ view_filter ] --START--
INFO: Run Behavior\WriteHtmlCacheBehavior [ RunTime:0.001000s ]
INFO: [ view_filter ] --END-- [ RunTime:0.001000s ]
INFO: [ app_end ] --START--
INFO: Run Behavior\ShowPageTraceBehavior [ RunTime:0.000000s ]
INFO: [ app_end ] --END-- [ RunTime:0.000000s ]

[ 2017-02-14T15:50:25+08:00 ] ::1 /PShunt/index.php/Admin/Result/result
INFO: [ app_init ] --START--
INFO: Run Behavior\BuildLiteBehavior [ RunTime:0.000000s ]
INFO: [ app_init ] --END-- [ RunTime:0.002000s ]
INFO: [ app_begin ] --START--
INFO: Run Behavior\ReadHtmlCacheBehavior [ RunTime:0.001000s ]
INFO: [ app_begin ] --END-- [ RunTime:0.001000s ]
INFO: [ view_parse ] --START--
INFO: [ template_filter ] --START--
INFO: Run Behavior\ContentReplaceBehavior [ RunTime:0.000000s ]
INFO: [ template_filter ] --END-- [ RunTime:0.000000s ]
INFO: Run Behavior\ParseTemplateBehavior [ RunTime:0.005000s ]
INFO: [ view_parse ] --END-- [ RunTime:0.005000s ]
INFO: [ view_filter ] --START--
INFO: Run Behavior\WriteHtmlCacheBehavior [ RunTime:0.000000s ]
INFO: [ view_filter ] --END-- [ RunTime:0.000000s ]
INFO: [ app_end ] --START--
INFO: Run Behavior\ShowPageTraceBehavior [ RunTime:0.001000s ]
INFO: [ app_end ] --END-- [ RunTime:0.001000s ]

[ 2017-02-14T15:50:36+08:00 ] ::1 /PShunt/index.php/Admin/Result/result
INFO: [ app_init ] --START--
INFO: Run Behavior\BuildLiteBehavior [ RunTime:0.000000s ]
INFO: [ app_init ] --END-- [ RunTime:0.000000s ]
INFO: [ app_begin ] --START--
INFO: Run Behavior\ReadHtmlCacheBehavior [ RunTime:0.001000s ]
INFO: [ app_begin ] --END-- [ RunTime:0.001000s ]
INFO: [ view_parse ] --START--
INFO: [ template_filter ] --START--
INFO: Run Behavior\ContentReplaceBehavior [ RunTime:0.000000s ]
INFO: [ template_filter ] --END-- [ RunTime:0.000000s ]
INFO: Run Behavior\ParseTemplateBehavior [ RunTime:0.005001s ]
INFO: [ view_parse ] --END-- [ RunTime:0.005001s ]
INFO: [ view_filter ] --START--
INFO: Run Behavior\WriteHtmlCacheBehavior [ RunTime:0.000000s ]
INFO: [ view_filter ] --END-- [ RunTime:0.000000s ]
INFO: [ app_end ] --START--
INFO: Run Behavior\ShowPageTraceBehavior [ RunTime:0.001000s ]
INFO: [ app_end ] --END-- [ RunTime:0.001000s ]

[ 2017-02-14T15:50:45+08:00 ] ::1 /PShunt/index.php/Admin/Result/result
INFO: [ app_init ] --START--
INFO: Run Behavior\BuildLiteBehavior [ RunTime:0.000000s ]
INFO: [ app_init ] --END-- [ RunTime:0.000000s ]
INFO: [ app_begin ] --START--
INFO: Run Behavior\ReadHtmlCacheBehavior [ RunTime:0.001000s ]
INFO: [ app_begin ] --END-- [ RunTime:0.001000s ]
INFO: [ view_parse ] --START--
INFO: [ template_filter ] --START--
INFO: Run Behavior\ContentReplaceBehavior [ RunTime:0.000000s ]
INFO: [ template_filter ] --END-- [ RunTime:0.000000s ]
INFO: Run Behavior\ParseTemplateBehavior [ RunTime:0.005000s ]
INFO: [ view_parse ] --END-- [ RunTime:0.005000s ]
INFO: [ view_filter ] --START--
INFO: Run Behavior\WriteHtmlCacheBehavior [ RunTime:0.001000s ]
INFO: [ view_filter ] --END-- [ RunTime:0.001000s ]
INFO: [ app_end ] --START--
INFO: Run Behavior\ShowPageTraceBehavior [ RunTime:0.000000s ]
INFO: [ app_end ] --END-- [ RunTime:0.000000s ]

[ 2017-02-14T15:50:53+08:00 ] ::1 /PShunt/index.php/Admin/Result/result
INFO: [ app_init ] --START--
INFO: Run Behavior\BuildLiteBehavior [ RunTime:0.000000s ]
INFO: [ app_init ] --END-- [ RunTime:0.000000s ]
INFO: [ app_begin ] --START--
INFO: Run Behavior\ReadHtmlCacheBehavior [ RunTime:0.001000s ]
INFO: [ app_begin ] --END-- [ RunTime:0.001000s ]
INFO: [ view_parse ] --START--
INFO: [ template_filter ] --START--
INFO: Run Behavior\ContentReplaceBehavior [ RunTime:0.001000s ]
INFO: [ template_filter ] --END-- [ RunTime:0.001000s ]
INFO: Run Behavior\ParseTemplateBehavior [ RunTime:0.005000s ]
INFO: [ view_parse ] --END-- [ RunTime:0.005000s ]
INFO: [ view_filter ] --START--
INFO: Run Behavior\WriteHtmlCacheBehavior [ RunTime:0.001000s ]
INFO: [ view_filter ] --END-- [ RunTime:0.001000s ]
INFO: [ app_end ] --START--
INFO: Run Behavior\ShowPageTraceBehavior [ RunTime:0.000000s ]
INFO: [ app_end ] --END-- [ RunTime:0.000000s ]

[ 2017-02-14T17:28:07+08:00 ] ::1 /PShunt/index.php/Admin/Result/result
INFO: [ app_init ] --START--
INFO: Run Behavior\BuildLiteBehavior [ RunTime:0.000000s ]
INFO: [ app_init ] --END-- [ RunTime:0.217013s ]
INFO: [ app_begin ] --START--
INFO: Run Behavior\ReadHtmlCacheBehavior [ RunTime:0.024001s ]
INFO: [ app_begin ] --END-- [ RunTime:0.024001s ]
INFO: [ view_parse ] --START--
INFO: [ template_filter ] --START--
INFO: Run Behavior\ContentReplaceBehavior [ RunTime:0.086005s ]
INFO: [ template_filter ] --END-- [ RunTime:0.086005s ]
INFO: Run Behavior\ParseTemplateBehavior [ RunTime:0.372021s ]
INFO: [ view_parse ] --END-- [ RunTime:0.372021s ]
INFO: [ view_filter ] --START--
INFO: Run Behavior\WriteHtmlCacheBehavior [ RunTime:0.046003s ]
INFO: [ view_filter ] --END-- [ RunTime:0.046003s ]
INFO: [ app_end ] --START--
INFO: Run Behavior\ShowPageTraceBehavior [ RunTime:0.018001s ]
INFO: [ app_end ] --END-- [ RunTime:0.018001s ]

[ 2017-02-14T17:45:30+08:00 ] ::1 /PShunt/index.php/Admin/Project/project
INFO: [ app_init ] --START--
INFO: Run Behavior\BuildLiteBehavior [ RunTime:0.000000s ]
INFO: [ app_init ] --END-- [ RunTime:0.000000s ]
INFO: [ app_begin ] --START--
INFO: Run Behavior\ReadHtmlCacheBehavior [ RunTime:0.000000s ]
INFO: [ app_begin ] --END-- [ RunTime:0.000000s ]
SQL: SHOW COLUMNS FROM `ps_tree` [ RunTime:0.0010s ]
SQL: select max(`branch_id`) as maxid from `ps_tree [ RunTime:0.0000s ]
INFO: [ view_parse ] --START--
INFO: [ template_filter ] --START--
INFO: Run Behavior\ContentReplaceBehavior [ RunTime:0.000000s ]
INFO: [ template_filter ] --END-- [ RunTime:0.000000s ]
INFO: Run Behavior\ParseTemplateBehavior [ RunTime:0.022001s ]
INFO: [ view_parse ] --END-- [ RunTime:0.022001s ]
INFO: [ view_filter ] --START--
INFO: Run Behavior\WriteHtmlCacheBehavior [ RunTime:0.000000s ]
INFO: [ view_filter ] --END-- [ RunTime:0.000000s ]
INFO: [ app_end ] --START--
INFO: Run Behavior\ShowPageTraceBehavior [ RunTime:0.001001s ]
INFO: [ app_end ] --END-- [ RunTime:0.001001s ]

[ 2017-02-14T17:45:31+08:00 ] ::1 /PShunt/index.php/Admin/Project/getTree
INFO: [ app_init ] --START--
INFO: Run Behavior\BuildLiteBehavior [ RunTime:0.000000s ]
INFO: [ app_init ] --END-- [ RunTime:0.001000s ]
INFO: [ app_begin ] --START--
INFO: Run Behavior\ReadHtmlCacheBehavior [ RunTime:0.001000s ]
INFO: [ app_begin ] --END-- [ RunTime:0.001000s ]
SQL: SHOW COLUMNS FROM `ps_tree` [ RunTime:0.0010s ]
SQL: SELECT branch_id as id,parent_id as pId,`name`,`course_id` FROM `ps_tree`  [ RunTime:0.0000s ]
SQL: SELECT `branch_id` FROM `ps_tree` WHERE ( parent_id=1 )  [ RunTime:0.0000s ]
SQL: SELECT `branch_id` FROM `ps_tree` WHERE ( parent_id=2 )  [ RunTime:0.0010s ]
SQL: SELECT `branch_id` FROM `ps_tree` WHERE ( parent_id=3 )  [ RunTime:0.0000s ]
SQL: SELECT `branch_id` FROM `ps_tree` WHERE ( parent_id=4 )  [ RunTime:0.0000s ]
SQL: SELECT `branch_id` FROM `ps_tree` WHERE ( parent_id=5 )  [ RunTime:0.0000s ]
SQL: SELECT `branch_id` FROM `ps_tree` WHERE ( parent_id=6 )  [ RunTime:0.0000s ]
SQL: SELECT `branch_id` FROM `ps_tree` WHERE ( parent_id=7 )  [ RunTime:0.0000s ]
SQL: SELECT `branch_id` FROM `ps_tree` WHERE ( parent_id=8 )  [ RunTime:0.0000s ]
SQL: SELECT `branch_id` FROM `ps_tree` WHERE ( parent_id=9 )  [ RunTime:0.0010s ]
SQL: SELECT `branch_id` FROM `ps_tree` WHERE ( parent_id=10 )  [ RunTime:0.0000s ]
SQL: SELECT `branch_id` FROM `ps_tree` WHERE ( parent_id=11 )  [ RunTime:0.0000s ]
SQL: SELECT `branch_id` FROM `ps_tree` WHERE ( parent_id=12 )  [ RunTime:0.0000s ]
SQL: SELECT `branch_id` FROM `ps_tree` WHERE ( parent_id=15 )  [ RunTime:0.0000s ]
SQL: SELECT `branch_id` FROM `ps_tree` WHERE ( parent_id=16 )  [ RunTime:0.0000s ]
SQL: SELECT `branch_id` FROM `ps_tree` WHERE ( parent_id=17 )  [ RunTime:0.0000s ]
SQL: SELECT `branch_id` FROM `ps_tree` WHERE ( parent_id=18 )  [ RunTime:0.0000s ]
SQL: SELECT `branch_id` FROM `ps_tree` WHERE ( parent_id=19 )  [ RunTime:0.0000s ]
SQL: SELECT `branch_id` FROM `ps_tree` WHERE ( parent_id=20 )  [ RunTime:0.0000s ]
SQL: SELECT `branch_id` FROM `ps_tree` WHERE ( parent_id=21 )  [ RunTime:0.0000s ]
SQL: SELECT `branch_id` FROM `ps_tree` WHERE ( parent_id=22 )  [ RunTime:0.0000s ]
SQL: SELECT `branch_id` FROM `ps_tree` WHERE ( parent_id=23 )  [ RunTime:0.0000s ]
SQL: SELECT `branch_id` FROM `ps_tree` WHERE ( parent_id=24 )  [ RunTime:0.0000s ]
SQL: SELECT `branch_id` FROM `ps_tree` WHERE ( parent_id=25 )  [ RunTime:0.0010s ]
SQL: SELECT `branch_id` FROM `ps_tree` WHERE ( parent_id=26 )  [ RunTime:0.0000s ]
INFO: [ app_end ] --START--
INFO: Run Behavior\ShowPageTraceBehavior [ RunTime:0.000000s ]
INFO: [ app_end ] --END-- [ RunTime:0.000000s ]

[ 2017-02-14T17:45:36+08:00 ] ::1 /PShunt/index.php/Admin/Project/selectClass?c_id=10
INFO: [ app_init ] --START--
INFO: Run Behavior\BuildLiteBehavior [ RunTime:0.000000s ]
INFO: [ app_init ] --END-- [ RunTime:0.000000s ]
INFO: [ app_begin ] --START--
INFO: Run Behavior\ReadHtmlCacheBehavior [ RunTime:0.000000s ]
INFO: [ app_begin ] --END-- [ RunTime:0.000000s ]
SQL: SHOW COLUMNS FROM `ps_course` [ RunTime:0.0020s ]
SQL: SELECT `c_name`,`c_teacher`,`c_introduce` FROM `ps_course` WHERE `c_id` = 10  [ RunTime:0.0000s ]
INFO: [ app_end ] --START--
INFO: Run Behavior\ShowPageTraceBehavior [ RunTime:0.001000s ]
INFO: [ app_end ] --END-- [ RunTime:0.001000s ]

[ 2017-02-14T17:45:37+08:00 ] ::1 /PShunt/index.php/Admin/Project/selectClass?c_id=10
INFO: [ app_init ] --START--
INFO: Run Behavior\BuildLiteBehavior [ RunTime:0.000000s ]
INFO: [ app_init ] --END-- [ RunTime:0.001000s ]
INFO: [ app_begin ] --START--
INFO: Run Behavior\ReadHtmlCacheBehavior [ RunTime:0.001000s ]
INFO: [ app_begin ] --END-- [ RunTime:0.001000s ]
SQL: SHOW COLUMNS FROM `ps_course` [ RunTime:0.0030s ]
SQL: SELECT `c_name`,`c_teacher`,`c_introduce` FROM `ps_course` WHERE `c_id` = 10  [ RunTime:0.0000s ]
INFO: [ app_end ] --START--
INFO: Run Behavior\ShowPageTraceBehavior [ RunTime:0.001000s ]
INFO: [ app_end ] --END-- [ RunTime:0.001000s ]

[ 2017-02-14T17:45:42+08:00 ] ::1 /PShunt/index.php/Admin/Project/selectClass?c_id=23
INFO: [ app_init ] --START--
INFO: Run Behavior\BuildLiteBehavior [ RunTime:0.000000s ]
INFO: [ app_init ] --END-- [ RunTime:0.000000s ]
INFO: [ app_begin ] --START--
INFO: Run Behavior\ReadHtmlCacheBehavior [ RunTime:0.000000s ]
INFO: [ app_begin ] --END-- [ RunTime:0.000000s ]
SQL: SHOW COLUMNS FROM `ps_course` [ RunTime:0.0020s ]
SQL: SELECT `c_name`,`c_teacher`,`c_introduce` FROM `ps_course` WHERE `c_id` = 23  [ RunTime:0.0000s ]
INFO: [ app_end ] --START--
INFO: Run Behavior\ShowPageTraceBehavior [ RunTime:0.001000s ]
INFO: [ app_end ] --END-- [ RunTime:0.001000s ]

[ 2017-02-14T17:45:43+08:00 ] ::1 /PShunt/index.php/Admin/Project/selectClass?c_id=23
INFO: [ app_init ] --START--
INFO: Run Behavior\BuildLiteBehavior [ RunTime:0.000000s ]
INFO: [ app_init ] --END-- [ RunTime:0.000000s ]
INFO: [ app_begin ] --START--
INFO: Run Behavior\ReadHtmlCacheBehavior [ RunTime:0.000000s ]
INFO: [ app_begin ] --END-- [ RunTime:0.000000s ]
SQL: SHOW COLUMNS FROM `ps_course` [ RunTime:0.0020s ]
SQL: SELECT `c_name`,`c_teacher`,`c_introduce` FROM `ps_course` WHERE `c_id` = 23  [ RunTime:0.0010s ]
INFO: [ app_end ] --START--
INFO: Run Behavior\ShowPageTraceBehavior [ RunTime:0.000000s ]
INFO: [ app_end ] --END-- [ RunTime:0.000000s ]

[ 2017-02-14T17:45:45+08:00 ] ::1 /PShunt/index.php/Admin/Project/selectClass?c_id=11
INFO: [ app_init ] --START--
INFO: Run Behavior\BuildLiteBehavior [ RunTime:0.000000s ]
INFO: [ app_init ] --END-- [ RunTime:0.000000s ]
INFO: [ app_begin ] --START--
INFO: Run Behavior\ReadHtmlCacheBehavior [ RunTime:0.000000s ]
INFO: [ app_begin ] --END-- [ RunTime:0.000000s ]
SQL: SHOW COLUMNS FROM `ps_course` [ RunTime:0.0020s ]
SQL: SELECT `c_name`,`c_teacher`,`c_introduce` FROM `ps_course` WHERE `c_id` = 11  [ RunTime:0.0000s ]
INFO: [ app_end ] --START--
INFO: Run Behavior\ShowPageTraceBehavior [ RunTime:0.000000s ]
INFO: [ app_end ] --END-- [ RunTime:0.001000s ]

[ 2017-02-14T17:45:46+08:00 ] ::1 /PShunt/index.php/Admin/Project/selectClass?c_id=11
INFO: [ app_init ] --START--
INFO: Run Behavior\BuildLiteBehavior [ RunTime:0.000000s ]
INFO: [ app_init ] --END-- [ RunTime:0.000000s ]
INFO: [ app_begin ] --START--
INFO: Run Behavior\ReadHtmlCacheBehavior [ RunTime:0.000000s ]
INFO: [ app_begin ] --END-- [ RunTime:0.000000s ]
SQL: SHOW COLUMNS FROM `ps_course` [ RunTime:0.0010s ]
SQL: SELECT `c_name`,`c_teacher`,`c_introduce` FROM `ps_course` WHERE `c_id` = 11  [ RunTime:0.0010s ]
INFO: [ app_end ] --START--
INFO: Run Behavior\ShowPageTraceBehavior [ RunTime:0.000000s ]
INFO: [ app_end ] --END-- [ RunTime:0.000000s ]

[ 2017-02-14T17:46:02+08:00 ] ::1 /PShunt/index.php/Admin/Result/result
INFO: [ app_init ] --START--
INFO: Run Behavior\BuildLiteBehavior [ RunTime:0.000000s ]
INFO: [ app_init ] --END-- [ RunTime:0.000000s ]
INFO: [ app_begin ] --START--
INFO: Run Behavior\ReadHtmlCacheBehavior [ RunTime:0.001000s ]
INFO: [ app_begin ] --END-- [ RunTime:0.001000s ]
INFO: [ view_parse ] --START--
INFO: [ template_filter ] --START--
INFO: Run Behavior\ContentReplaceBehavior [ RunTime:0.000000s ]
INFO: [ template_filter ] --END-- [ RunTime:0.000000s ]
INFO: Run Behavior\ParseTemplateBehavior [ RunTime:0.005001s ]
INFO: [ view_parse ] --END-- [ RunTime:0.005001s ]
INFO: [ view_filter ] --START--
INFO: Run Behavior\WriteHtmlCacheBehavior [ RunTime:0.001000s ]
INFO: [ view_filter ] --END-- [ RunTime:0.001000s ]
INFO: [ app_end ] --START--
INFO: Run Behavior\ShowPageTraceBehavior [ RunTime:0.001000s ]
INFO: [ app_end ] --END-- [ RunTime:0.001000s ]

[ 2017-02-14T17:50:25+08:00 ] ::1 /PShunt/index.php/Admin/Result/result
INFO: [ app_init ] --START--
INFO: Run Behavior\BuildLiteBehavior [ RunTime:0.000000s ]
INFO: [ app_init ] --END-- [ RunTime:0.001000s ]
INFO: [ app_begin ] --START--
INFO: Run Behavior\ReadHtmlCacheBehavior [ RunTime:0.001000s ]
INFO: [ app_begin ] --END-- [ RunTime:0.001000s ]
INFO: [ view_parse ] --START--
INFO: [ template_filter ] --START--
INFO: Run Behavior\ContentReplaceBehavior [ RunTime:0.000000s ]
INFO: [ template_filter ] --END-- [ RunTime:0.000000s ]
INFO: Run Behavior\ParseTemplateBehavior [ RunTime:0.009000s ]
INFO: [ view_parse ] --END-- [ RunTime:0.009000s ]
INFO: [ view_filter ] --START--
INFO: Run Behavior\WriteHtmlCacheBehavior [ RunTime:0.001000s ]
INFO: [ view_filter ] --END-- [ RunTime:0.001000s ]
INFO: [ app_end ] --START--
INFO: Run Behavior\ShowPageTraceBehavior [ RunTime:0.001000s ]
INFO: [ app_end ] --END-- [ RunTime:0.001000s ]

[ 2017-02-14T23:38:54+08:00 ] ::1 /PShunt/index.php/Admin/Login/login
INFO: [ app_init ] --START--
INFO: Run Behavior\BuildLiteBehavior [ RunTime:0.000000s ]
INFO: [ app_init ] --END-- [ RunTime:0.159010s ]
INFO: [ app_begin ] --START--
INFO: Run Behavior\ReadHtmlCacheBehavior [ RunTime:0.022002s ]
INFO: [ app_begin ] --END-- [ RunTime:0.022002s ]
INFO: [ view_parse ] --START--
INFO: [ template_filter ] --START--
INFO: Run Behavior\ContentReplaceBehavior [ RunTime:0.016001s ]
INFO: [ template_filter ] --END-- [ RunTime:0.017001s ]
INFO: Run Behavior\ParseTemplateBehavior [ RunTime:0.121007s ]
INFO: [ view_parse ] --END-- [ RunTime:0.121007s ]
INFO: [ view_filter ] --START--
INFO: Run Behavior\WriteHtmlCacheBehavior [ RunTime:0.000000s ]
INFO: [ view_filter ] --END-- [ RunTime:0.000000s ]
INFO: [ app_end ] --START--
INFO: Run Behavior\ShowPageTraceBehavior [ RunTime:0.001000s ]
INFO: [ app_end ] --END-- [ RunTime:0.001000s ]

[ 2017-02-14T23:39:00+08:00 ] ::1 /PShunt/index.php/Admin/Login/doLogin
INFO: [ app_init ] --START--
INFO: Run Behavior\BuildLiteBehavior [ RunTime:0.000000s ]
INFO: [ app_init ] --END-- [ RunTime:0.001001s ]
INFO: [ app_begin ] --START--
INFO: Run Behavior\ReadHtmlCacheBehavior [ RunTime:0.001000s ]
INFO: [ app_begin ] --END-- [ RunTime:0.001000s ]
SQL: SHOW COLUMNS FROM `ps_manger` [ RunTime:0.0460s ]
SQL: SELECT `m_id` FROM `ps_manger` WHERE `m_name` = 'Admin' AND `m_password` = '123456' LIMIT 1   [ RunTime:0.0510s ]
INFO: [ view_parse ] --START--
INFO: [ template_filter ] --START--
INFO: Run Behavior\ContentReplaceBehavior [ RunTime:0.001000s ]
INFO: [ template_filter ] --END-- [ RunTime:0.001000s ]
INFO: Run Behavior\ParseTemplateBehavior [ RunTime:0.019001s ]
INFO: [ view_parse ] --END-- [ RunTime:0.019001s ]
INFO: [ view_filter ] --START--
INFO: Run Behavior\WriteHtmlCacheBehavior [ RunTime:0.001000s ]
INFO: [ view_filter ] --END-- [ RunTime:0.001000s ]
INFO: [ app_end ] --START--
INFO: Run Behavior\ShowPageTraceBehavior [ RunTime:0.000000s ]
INFO: [ app_end ] --END-- [ RunTime:0.000000s ]

[ 2017-02-14T23:39:01+08:00 ] ::1 /PShunt/index.php/Admin/Student/student.html
INFO: [ app_init ] --START--
INFO: Run Behavior\BuildLiteBehavior [ RunTime:0.000000s ]
INFO: [ app_init ] --END-- [ RunTime:0.000000s ]
INFO: [ app_begin ] --START--
INFO: Run Behavior\ReadHtmlCacheBehavior [ RunTime:0.000000s ]
INFO: [ app_begin ] --END-- [ RunTime:0.000000s ]
SQL: SHOW COLUMNS FROM `ps_student` [ RunTime:0.0030s ]
SQL: SELECT DISTINCT `si_grade`,`si_profession`,`si_class` FROM `ps_student` WHERE 1   [ RunTime:0.0400s ]
NOTIC: [8] Undefined variable: str D:\xampp\htdocs\PShunt\App\Admin\Controller\StudentController.class.php 第 29 行.
INFO: [ view_parse ] --START--
INFO: [ template_filter ] --START--
INFO: Run Behavior\ContentReplaceBehavior [ RunTime:0.000000s ]
INFO: [ template_filter ] --END-- [ RunTime:0.000000s ]
INFO: Run Behavior\ParseTemplateBehavior [ RunTime:0.022002s ]
INFO: [ view_parse ] --END-- [ RunTime:0.022002s ]
INFO: [ view_filter ] --START--
INFO: Run Behavior\WriteHtmlCacheBehavior [ RunTime:0.000000s ]
INFO: [ view_filter ] --END-- [ RunTime:0.000000s ]
INFO: [ app_end ] --START--
INFO: Run Behavior\ShowPageTraceBehavior [ RunTime:0.001000s ]
INFO: [ app_end ] --END-- [ RunTime:0.001000s ]

[ 2017-02-14T23:39:02+08:00 ] ::1 /PShunt/index.php/Admin/Student/getAllStudentInfo?order=asc&offset=0&limit=20
INFO: [ app_init ] --START--
INFO: Run Behavior\BuildLiteBehavior [ RunTime:0.000000s ]
INFO: [ app_init ] --END-- [ RunTime:0.000000s ]
INFO: [ app_begin ] --START--
INFO: Run Behavior\ReadHtmlCacheBehavior [ RunTime:0.000000s ]
INFO: [ app_begin ] --END-- [ RunTime:0.000000s ]
SQL: SHOW COLUMNS FROM `ps_student` [ RunTime:0.0490s ]
SQL: SELECT `si_number`, `si_name`, `si_sex`, `si_grade`, `si_profession`, `si_class` FROM `ps_student` WHERE 1  [ RunTime:0.0810s ]
INFO: [ app_end ] --START--
INFO: Run Behavior\ShowPageTraceBehavior [ RunTime:0.001000s ]
INFO: [ app_end ] --END-- [ RunTime:0.001000s ]

[ 2017-02-14T23:39:05+08:00 ] ::1 /PShunt/index.php/Admin/Result/result
INFO: [ app_init ] --START--
INFO: Run Behavior\BuildLiteBehavior [ RunTime:0.000000s ]
INFO: [ app_init ] --END-- [ RunTime:0.001000s ]
INFO: [ app_begin ] --START--
INFO: Run Behavior\ReadHtmlCacheBehavior [ RunTime:0.000000s ]
INFO: [ app_begin ] --END-- [ RunTime:0.000000s ]
INFO: [ view_parse ] --START--
INFO: [ template_filter ] --START--
INFO: Run Behavior\ContentReplaceBehavior [ RunTime:0.000000s ]
INFO: [ template_filter ] --END-- [ RunTime:0.000000s ]
INFO: Run Behavior\ParseTemplateBehavior [ RunTime:0.004000s ]
INFO: [ view_parse ] --END-- [ RunTime:0.005000s ]
INFO: [ view_filter ] --START--
INFO: Run Behavior\WriteHtmlCacheBehavior [ RunTime:0.000000s ]
INFO: [ view_filter ] --END-- [ RunTime:0.001000s ]
INFO: [ app_end ] --START--
INFO: Run Behavior\ShowPageTraceBehavior [ RunTime:0.000000s ]
INFO: [ app_end ] --END-- [ RunTime:0.000000s ]

[ 2017-02-14T23:39:07+08:00 ] ::1 /PShunt/index.php/Admin/Result/
INFO: [ app_init ] --START--
INFO: Run Behavior\BuildLiteBehavior [ RunTime:0.000000s ]
INFO: [ app_init ] --END-- [ RunTime:0.000000s ]
INFO: [ app_begin ] --START--
INFO: Run Behavior\ReadHtmlCacheBehavior [ RunTime:0.000000s ]
INFO: [ app_begin ] --END-- [ RunTime:0.000000s ]
ERR: 非法操作:index

[ 2017-02-14T23:40:29+08:00 ] ::1 /PShunt/index.php/Admin/Result/result
INFO: [ app_init ] --START--
INFO: Run Behavior\BuildLiteBehavior [ RunTime:0.000000s ]
INFO: [ app_init ] --END-- [ RunTime:0.001000s ]
INFO: [ app_begin ] --START--
INFO: Run Behavior\ReadHtmlCacheBehavior [ RunTime:0.000000s ]
INFO: [ app_begin ] --END-- [ RunTime:0.000000s ]
INFO: [ view_parse ] --START--
INFO: [ template_filter ] --START--
INFO: Run Behavior\ContentReplaceBehavior [ RunTime:0.000000s ]
INFO: [ template_filter ] --END-- [ RunTime:0.000000s ]
INFO: Run Behavior\ParseTemplateBehavior [ RunTime:0.005000s ]
INFO: [ view_parse ] --END-- [ RunTime:0.005000s ]
INFO: [ view_filter ] --START--
INFO: Run Behavior\WriteHtmlCacheBehavior [ RunTime:0.000000s ]
INFO: [ view_filter ] --END-- [ RunTime:0.001000s ]
INFO: [ app_end ] --START--
INFO: Run Behavior\ShowPageTraceBehavior [ RunTime:0.000000s ]
INFO: [ app_end ] --END-- [ RunTime:0.000000s ]

[ 2017-02-14T23:56:14+08:00 ] ::1 /PShunt/index.php/Admin/Result/result
INFO: [ app_init ] --START--
INFO: Run Behavior\BuildLiteBehavior [ RunTime:0.000000s ]
INFO: [ app_init ] --END-- [ RunTime:0.001000s ]
INFO: [ app_begin ] --START--
INFO: Run Behavior\ReadHtmlCacheBehavior [ RunTime:0.001000s ]
INFO: [ app_begin ] --END-- [ RunTime:0.001000s ]
INFO: [ view_parse ] --START--
INFO: [ template_filter ] --START--
INFO: Run Behavior\ContentReplaceBehavior [ RunTime:0.000000s ]
INFO: [ template_filter ] --END-- [ RunTime:0.000000s ]
INFO: Run Behavior\ParseTemplateBehavior [ RunTime:0.004000s ]
INFO: [ view_parse ] --END-- [ RunTime:0.004000s ]
INFO: [ view_filter ] --START--
INFO: Run Behavior\WriteHtmlCacheBehavior [ RunTime:0.001001s ]
INFO: [ view_filter ] --END-- [ RunTime:0.001001s ]
INFO: [ app_end ] --START--
INFO: Run Behavior\ShowPageTraceBehavior [ RunTime:0.000000s ]
INFO: [ app_end ] --END-- [ RunTime:0.000000s ]

