[ 2017-02-13T00:50:47+08:00 ] ::1 /PShunt/index.php/Admin/Login/login
INFO: [ app_init ] --START--
INFO: Run Behavior\BuildLiteBehavior [ RunTime:0.000000s ]
INFO: [ app_init ] --END-- [ RunTime:0.001000s ]
INFO: [ app_begin ] --START--
INFO: Run Behavior\ReadHtmlCacheBehavior [ RunTime:0.000000s ]
INFO: [ app_begin ] --END-- [ RunTime:0.000000s ]
INFO: [ view_parse ] --START--
INFO: [ template_filter ] --START--
INFO: Run Behavior\ContentReplaceBehavior [ RunTime:0.001000s ]
INFO: [ template_filter ] --END-- [ RunTime:0.001000s ]
INFO: Run Behavior\ParseTemplateBehavior [ RunTime:0.073004s ]
INFO: [ view_parse ] --END-- [ RunTime:0.073004s ]
INFO: [ view_filter ] --START--
INFO: Run Behavior\WriteHtmlCacheBehavior [ RunTime:0.000000s ]
INFO: [ view_filter ] --END-- [ RunTime:0.000000s ]
INFO: [ app_end ] --START--
INFO: Run Behavior\ShowPageTraceBehavior [ RunTime:0.001000s ]
INFO: [ app_end ] --END-- [ RunTime:0.001000s ]

[ 2017-02-13T00:50:49+08:00 ] ::1 /PShunt/index.php/Admin/Login/doLogin
INFO: [ app_init ] --START--
INFO: Run Behavior\BuildLiteBehavior [ RunTime:0.000000s ]
INFO: [ app_init ] --END-- [ RunTime:0.001000s ]
INFO: [ app_begin ] --START--
INFO: Run Behavior\ReadHtmlCacheBehavior [ RunTime:0.001000s ]
INFO: [ app_begin ] --END-- [ RunTime:0.001000s ]
SQL: SHOW COLUMNS FROM `ps_manger` [ RunTime:0.0840s ]
SQL: SELECT `m_id` FROM `ps_manger` WHERE `m_name` = 'Admin' AND `m_password` = '123456' LIMIT 1   [ RunTime:0.0000s ]
INFO: [ view_parse ] --START--
INFO: [ template_filter ] --START--
INFO: Run Behavior\ContentReplaceBehavior [ RunTime:0.000000s ]
INFO: [ template_filter ] --END-- [ RunTime:0.000000s ]
INFO: Run Behavior\ParseTemplateBehavior [ RunTime:0.018001s ]
INFO: [ view_parse ] --END-- [ RunTime:0.018001s ]
INFO: [ view_filter ] --START--
INFO: Run Behavior\WriteHtmlCacheBehavior [ RunTime:0.000000s ]
INFO: [ view_filter ] --END-- [ RunTime:0.000000s ]
INFO: [ app_end ] --START--
INFO: Run Behavior\ShowPageTraceBehavior [ RunTime:0.000000s ]
INFO: [ app_end ] --END-- [ RunTime:0.000000s ]

[ 2017-02-13T00:50:50+08:00 ] ::1 /PShunt/index.php/Admin/Student/student.html
INFO: [ app_init ] --START--
INFO: Run Behavior\BuildLiteBehavior [ RunTime:0.000000s ]
INFO: [ app_init ] --END-- [ RunTime:0.000000s ]
INFO: [ app_begin ] --START--
INFO: Run Behavior\ReadHtmlCacheBehavior [ RunTime:0.001000s ]
INFO: [ app_begin ] --END-- [ RunTime:0.001000s ]
SQL: SHOW COLUMNS FROM `ps_student` [ RunTime:0.0020s ]
SQL: SELECT DISTINCT `si_grade`,`si_profession`,`si_class` FROM `ps_student` WHERE 1   [ RunTime:0.0180s ]
NOTIC: [8] Undefined variable: str D:\xampp\htdocs\PShunt\App\Admin\Controller\StudentController.class.php 第 29 行.
INFO: [ view_parse ] --START--
INFO: [ template_filter ] --START--
INFO: Run Behavior\ContentReplaceBehavior [ RunTime:0.000000s ]
INFO: [ template_filter ] --END-- [ RunTime:0.000000s ]
INFO: Run Behavior\ParseTemplateBehavior [ RunTime:0.006000s ]
INFO: [ view_parse ] --END-- [ RunTime:0.006000s ]
INFO: [ view_filter ] --START--
INFO: Run Behavior\WriteHtmlCacheBehavior [ RunTime:0.000000s ]
INFO: [ view_filter ] --END-- [ RunTime:0.000000s ]
INFO: [ app_end ] --START--
INFO: Run Behavior\ShowPageTraceBehavior [ RunTime:0.000000s ]
INFO: [ app_end ] --END-- [ RunTime:0.000000s ]

[ 2017-02-13T00:50:51+08:00 ] ::1 /PShunt/index.php/Admin/Student/getAllStudentInfo?order=asc&offset=0&limit=20
INFO: [ app_init ] --START--
INFO: Run Behavior\BuildLiteBehavior [ RunTime:0.000000s ]
INFO: [ app_init ] --END-- [ RunTime:0.001000s ]
INFO: [ app_begin ] --START--
INFO: Run Behavior\ReadHtmlCacheBehavior [ RunTime:0.001000s ]
INFO: [ app_begin ] --END-- [ RunTime:0.001000s ]
SQL: SHOW COLUMNS FROM `ps_student` [ RunTime:0.0020s ]
SQL: SELECT `si_number`, `si_name`, `si_sex`, `si_grade`, `si_profession`, `si_class` FROM `ps_student` WHERE 1  [ RunTime:0.0020s ]
INFO: [ app_end ] --START--
INFO: Run Behavior\ShowPageTraceBehavior [ RunTime:0.001000s ]
INFO: [ app_end ] --END-- [ RunTime:0.001000s ]

[ 2017-02-13T00:51:03+08:00 ] ::1 /PShunt/index.php/Admin/Project/project
INFO: [ app_init ] --START--
INFO: Run Behavior\BuildLiteBehavior [ RunTime:0.000000s ]
INFO: [ app_init ] --END-- [ RunTime:0.001000s ]
INFO: [ app_begin ] --START--
INFO: Run Behavior\ReadHtmlCacheBehavior [ RunTime:0.001000s ]
INFO: [ app_begin ] --END-- [ RunTime:0.001000s ]
SQL: SHOW COLUMNS FROM `ps_tree` [ RunTime:0.0010s ]
SQL: select max(`branch_id`) as maxid from `ps_tree [ RunTime:0.0000s ]
INFO: [ view_parse ] --START--
INFO: [ template_filter ] --START--
INFO: Run Behavior\ContentReplaceBehavior [ RunTime:0.000000s ]
INFO: [ template_filter ] --END-- [ RunTime:0.000000s ]
INFO: Run Behavior\ParseTemplateBehavior [ RunTime:0.006001s ]
INFO: [ view_parse ] --END-- [ RunTime:0.006001s ]
INFO: [ view_filter ] --START--
INFO: Run Behavior\WriteHtmlCacheBehavior [ RunTime:0.000000s ]
INFO: [ view_filter ] --END-- [ RunTime:0.000000s ]
INFO: [ app_end ] --START--
INFO: Run Behavior\ShowPageTraceBehavior [ RunTime:0.000000s ]
INFO: [ app_end ] --END-- [ RunTime:0.000000s ]

[ 2017-02-13T00:51:03+08:00 ] ::1 /PShunt/index.php/Admin/Project/getTree
INFO: [ app_init ] --START--
INFO: Run Behavior\BuildLiteBehavior [ RunTime:0.000000s ]
INFO: [ app_init ] --END-- [ RunTime:0.001000s ]
INFO: [ app_begin ] --START--
INFO: Run Behavior\ReadHtmlCacheBehavior [ RunTime:0.001000s ]
INFO: [ app_begin ] --END-- [ RunTime:0.001000s ]
SQL: SHOW COLUMNS FROM `ps_tree` [ RunTime:0.0010s ]
SQL: SELECT branch_id as id,parent_id as pId,`name`,`course_id` FROM `ps_tree`  [ RunTime:0.0010s ]
SQL: SELECT `branch_id` FROM `ps_tree` WHERE ( parent_id=1 )  [ RunTime:0.0000s ]
SQL: SELECT `branch_id` FROM `ps_tree` WHERE ( parent_id=2 )  [ RunTime:0.0000s ]
SQL: SELECT `branch_id` FROM `ps_tree` WHERE ( parent_id=3 )  [ RunTime:0.0000s ]
SQL: SELECT `branch_id` FROM `ps_tree` WHERE ( parent_id=4 )  [ RunTime:0.0000s ]
SQL: SELECT `branch_id` FROM `ps_tree` WHERE ( parent_id=5 )  [ RunTime:0.0000s ]
SQL: SELECT `branch_id` FROM `ps_tree` WHERE ( parent_id=6 )  [ RunTime:0.0000s ]
SQL: SELECT `branch_id` FROM `ps_tree` WHERE ( parent_id=7 )  [ RunTime:0.0000s ]
SQL: SELECT `branch_id` FROM `ps_tree` WHERE ( parent_id=8 )  [ RunTime:0.0010s ]
SQL: SELECT `branch_id` FROM `ps_tree` WHERE ( parent_id=9 )  [ RunTime:0.0000s ]
SQL: SELECT `branch_id` FROM `ps_tree` WHERE ( parent_id=10 )  [ RunTime:0.0000s ]
SQL: SELECT `branch_id` FROM `ps_tree` WHERE ( parent_id=11 )  [ RunTime:0.0000s ]
SQL: SELECT `branch_id` FROM `ps_tree` WHERE ( parent_id=12 )  [ RunTime:0.0000s ]
SQL: SELECT `branch_id` FROM `ps_tree` WHERE ( parent_id=14 )  [ RunTime:0.0010s ]
SQL: SELECT `branch_id` FROM `ps_tree` WHERE ( parent_id=15 )  [ RunTime:0.0000s ]
SQL: SELECT `branch_id` FROM `ps_tree` WHERE ( parent_id=16 )  [ RunTime:0.0000s ]
SQL: SELECT `branch_id` FROM `ps_tree` WHERE ( parent_id=17 )  [ RunTime:0.0000s ]
SQL: SELECT `branch_id` FROM `ps_tree` WHERE ( parent_id=18 )  [ RunTime:0.0000s ]
SQL: SELECT `branch_id` FROM `ps_tree` WHERE ( parent_id=19 )  [ RunTime:0.0000s ]
SQL: SELECT `branch_id` FROM `ps_tree` WHERE ( parent_id=20 )  [ RunTime:0.0000s ]
SQL: SELECT `branch_id` FROM `ps_tree` WHERE ( parent_id=21 )  [ RunTime:0.0000s ]
SQL: SELECT `branch_id` FROM `ps_tree` WHERE ( parent_id=22 )  [ RunTime:0.0000s ]
SQL: SELECT `branch_id` FROM `ps_tree` WHERE ( parent_id=23 )  [ RunTime:0.0000s ]
SQL: SELECT `branch_id` FROM `ps_tree` WHERE ( parent_id=24 )  [ RunTime:0.0000s ]
SQL: SELECT `branch_id` FROM `ps_tree` WHERE ( parent_id=25 )  [ RunTime:0.0000s ]
INFO: [ app_end ] --START--
INFO: Run Behavior\ShowPageTraceBehavior [ RunTime:0.000000s ]
INFO: [ app_end ] --END-- [ RunTime:0.000000s ]

[ 2017-02-13T00:51:04+08:00 ] ::1 /PShunt/index.php/Admin/Project/selectClass?c_id=9
INFO: [ app_init ] --START--
INFO: Run Behavior\BuildLiteBehavior [ RunTime:0.000000s ]
INFO: [ app_init ] --END-- [ RunTime:0.000000s ]
INFO: [ app_begin ] --START--
INFO: Run Behavior\ReadHtmlCacheBehavior [ RunTime:0.000000s ]
INFO: [ app_begin ] --END-- [ RunTime:0.001000s ]
SQL: SHOW COLUMNS FROM `ps_course` [ RunTime:0.0020s ]
SQL: SELECT `c_name`,`c_teacher`,`c_introduce` FROM `ps_course` WHERE `c_id` = 9  [ RunTime:0.0000s ]
INFO: [ app_end ] --START--
INFO: Run Behavior\ShowPageTraceBehavior [ RunTime:0.001000s ]
INFO: [ app_end ] --END-- [ RunTime:0.001000s ]

[ 2017-02-13T00:51:09+08:00 ] ::1 /PShunt/index.php/Admin/Project/selectClass?c_id=9
INFO: [ app_init ] --START--
INFO: Run Behavior\BuildLiteBehavior [ RunTime:0.000000s ]
INFO: [ app_init ] --END-- [ RunTime:0.001000s ]
INFO: [ app_begin ] --START--
INFO: Run Behavior\ReadHtmlCacheBehavior [ RunTime:0.000000s ]
INFO: [ app_begin ] --END-- [ RunTime:0.000000s ]
SQL: SHOW COLUMNS FROM `ps_course` [ RunTime:0.0020s ]
SQL: SELECT `c_name`,`c_teacher`,`c_introduce` FROM `ps_course` WHERE `c_id` = 9  [ RunTime:0.0000s ]
INFO: [ app_end ] --START--
INFO: Run Behavior\ShowPageTraceBehavior [ RunTime:0.001000s ]
INFO: [ app_end ] --END-- [ RunTime:0.001000s ]

[ 2017-02-13T00:51:11+08:00 ] ::1 /PShunt/index.php/Admin/Project/selectClass?c_id=9
INFO: [ app_init ] --START--
INFO: Run Behavior\BuildLiteBehavior [ RunTime:0.000000s ]
INFO: [ app_init ] --END-- [ RunTime:0.000000s ]
INFO: [ app_begin ] --START--
INFO: Run Behavior\ReadHtmlCacheBehavior [ RunTime:0.000000s ]
INFO: [ app_begin ] --END-- [ RunTime:0.000000s ]
SQL: SHOW COLUMNS FROM `ps_course` [ RunTime:0.0020s ]
SQL: SELECT `c_name`,`c_teacher`,`c_introduce` FROM `ps_course` WHERE `c_id` = 9  [ RunTime:0.0000s ]
INFO: [ app_end ] --START--
INFO: Run Behavior\ShowPageTraceBehavior [ RunTime:0.001000s ]
INFO: [ app_end ] --END-- [ RunTime:0.001000s ]

[ 2017-02-13T00:51:11+08:00 ] ::1 /PShunt/index.php/Admin/Project/selectClass?c_id=9
INFO: [ app_init ] --START--
INFO: Run Behavior\BuildLiteBehavior [ RunTime:0.000000s ]
INFO: [ app_init ] --END-- [ RunTime:0.000000s ]
INFO: [ app_begin ] --START--
INFO: Run Behavior\ReadHtmlCacheBehavior [ RunTime:0.000000s ]
INFO: [ app_begin ] --END-- [ RunTime:0.000000s ]
SQL: SHOW COLUMNS FROM `ps_course` [ RunTime:0.0010s ]
SQL: SELECT `c_name`,`c_teacher`,`c_introduce` FROM `ps_course` WHERE `c_id` = 9  [ RunTime:0.0000s ]
INFO: [ app_end ] --START--
INFO: Run Behavior\ShowPageTraceBehavior [ RunTime:0.001000s ]
INFO: [ app_end ] --END-- [ RunTime:0.001000s ]

[ 2017-02-13T00:51:11+08:00 ] ::1 /PShunt/index.php/Admin/Project/selectClass?c_id=9
INFO: [ app_init ] --START--
INFO: Run Behavior\BuildLiteBehavior [ RunTime:0.000000s ]
INFO: [ app_init ] --END-- [ RunTime:0.000000s ]
INFO: [ app_begin ] --START--
INFO: Run Behavior\ReadHtmlCacheBehavior [ RunTime:0.000000s ]
INFO: [ app_begin ] --END-- [ RunTime:0.000000s ]
SQL: SHOW COLUMNS FROM `ps_course` [ RunTime:0.0010s ]
SQL: SELECT `c_name`,`c_teacher`,`c_introduce` FROM `ps_course` WHERE `c_id` = 9  [ RunTime:0.0000s ]
INFO: [ app_end ] --START--
INFO: Run Behavior\ShowPageTraceBehavior [ RunTime:0.000000s ]
INFO: [ app_end ] --END-- [ RunTime:0.000000s ]

[ 2017-02-13T00:51:18+08:00 ] ::1 /PShunt/index.php/Admin/Project/selectClass?c_id=9
INFO: [ app_init ] --START--
INFO: Run Behavior\BuildLiteBehavior [ RunTime:0.000000s ]
INFO: [ app_init ] --END-- [ RunTime:0.001000s ]
INFO: [ app_begin ] --START--
INFO: Run Behavior\ReadHtmlCacheBehavior [ RunTime:0.000000s ]
INFO: [ app_begin ] --END-- [ RunTime:0.000000s ]
SQL: SHOW COLUMNS FROM `ps_course` [ RunTime:0.0010s ]
SQL: SELECT `c_name`,`c_teacher`,`c_introduce` FROM `ps_course` WHERE `c_id` = 9  [ RunTime:0.0000s ]
INFO: [ app_end ] --START--
INFO: Run Behavior\ShowPageTraceBehavior [ RunTime:0.000000s ]
INFO: [ app_end ] --END-- [ RunTime:0.000000s ]

[ 2017-02-13T00:51:22+08:00 ] ::1 /PShunt/index.php/Admin/Project/removeBranch?id=14&course_id=9
INFO: [ app_init ] --START--
INFO: Run Behavior\BuildLiteBehavior [ RunTime:0.000000s ]
INFO: [ app_init ] --END-- [ RunTime:0.001000s ]
INFO: [ app_begin ] --START--
INFO: Run Behavior\ReadHtmlCacheBehavior [ RunTime:0.000000s ]
INFO: [ app_begin ] --END-- [ RunTime:0.000000s ]
SQL: SHOW COLUMNS FROM `ps_tree` [ RunTime:0.0020s ]
SQL: DELETE FROM `ps_tree` WHERE ( branch_id =14 ) [ RunTime:0.1260s ]
SQL: SHOW COLUMNS FROM `ps_course` [ RunTime:0.0020s ]
SQL: DELETE FROM `ps_course` WHERE ( c_id = 9 ) [ RunTime:0.2580s ]
INFO: [ app_end ] --START--
INFO: Run Behavior\ShowPageTraceBehavior [ RunTime:0.000000s ]
INFO: [ app_end ] --END-- [ RunTime:0.000000s ]

[ 2017-02-13T00:51:24+08:00 ] ::1 /PShunt/index.php/Admin/Project/getTree
INFO: [ app_init ] --START--
INFO: Run Behavior\BuildLiteBehavior [ RunTime:0.000000s ]
INFO: [ app_init ] --END-- [ RunTime:0.001000s ]
INFO: [ app_begin ] --START--
INFO: Run Behavior\ReadHtmlCacheBehavior [ RunTime:0.000000s ]
INFO: [ app_begin ] --END-- [ RunTime:0.000000s ]
SQL: SHOW COLUMNS FROM `ps_tree` [ RunTime:0.0020s ]
SQL: SELECT branch_id as id,parent_id as pId,`name`,`course_id` FROM `ps_tree`  [ RunTime:0.0000s ]
SQL: SELECT `branch_id` FROM `ps_tree` WHERE ( parent_id=1 )  [ RunTime:0.0000s ]
SQL: SELECT `branch_id` FROM `ps_tree` WHERE ( parent_id=2 )  [ RunTime:0.0000s ]
SQL: SELECT `branch_id` FROM `ps_tree` WHERE ( parent_id=3 )  [ RunTime:0.0000s ]
SQL: SELECT `branch_id` FROM `ps_tree` WHERE ( parent_id=4 )  [ RunTime:0.0000s ]
SQL: SELECT `branch_id` FROM `ps_tree` WHERE ( parent_id=5 )  [ RunTime:0.0000s ]
SQL: SELECT `branch_id` FROM `ps_tree` WHERE ( parent_id=6 )  [ RunTime:0.0000s ]
SQL: SELECT `branch_id` FROM `ps_tree` WHERE ( parent_id=7 )  [ RunTime:0.0000s ]
SQL: SELECT `branch_id` FROM `ps_tree` WHERE ( parent_id=8 )  [ RunTime:0.0000s ]
SQL: SELECT `branch_id` FROM `ps_tree` WHERE ( parent_id=9 )  [ RunTime:0.0000s ]
SQL: SELECT `branch_id` FROM `ps_tree` WHERE ( parent_id=10 )  [ RunTime:0.0000s ]
SQL: SELECT `branch_id` FROM `ps_tree` WHERE ( parent_id=11 )  [ RunTime:0.0000s ]
SQL: SELECT `branch_id` FROM `ps_tree` WHERE ( parent_id=12 )  [ RunTime:0.0000s ]
SQL: SELECT `branch_id` FROM `ps_tree` WHERE ( parent_id=15 )  [ RunTime:0.0000s ]
SQL: SELECT `branch_id` FROM `ps_tree` WHERE ( parent_id=16 )  [ RunTime:0.0000s ]
SQL: SELECT `branch_id` FROM `ps_tree` WHERE ( parent_id=17 )  [ RunTime:0.0000s ]
SQL: SELECT `branch_id` FROM `ps_tree` WHERE ( parent_id=18 )  [ RunTime:0.0000s ]
SQL: SELECT `branch_id` FROM `ps_tree` WHERE ( parent_id=19 )  [ RunTime:0.0000s ]
SQL: SELECT `branch_id` FROM `ps_tree` WHERE ( parent_id=20 )  [ RunTime:0.0000s ]
SQL: SELECT `branch_id` FROM `ps_tree` WHERE ( parent_id=21 )  [ RunTime:0.0000s ]
SQL: SELECT `branch_id` FROM `ps_tree` WHERE ( parent_id=22 )  [ RunTime:0.0000s ]
SQL: SELECT `branch_id` FROM `ps_tree` WHERE ( parent_id=23 )  [ RunTime:0.0000s ]
SQL: SELECT `branch_id` FROM `ps_tree` WHERE ( parent_id=24 )  [ RunTime:0.0000s ]
SQL: SELECT `branch_id` FROM `ps_tree` WHERE ( parent_id=25 )  [ RunTime:0.0000s ]
INFO: [ app_end ] --START--
INFO: Run Behavior\ShowPageTraceBehavior [ RunTime:0.001000s ]
INFO: [ app_end ] --END-- [ RunTime:0.001000s ]

[ 2017-02-13T00:51:25+08:00 ] ::1 /PShunt/index.php/Admin/Project/addBranch?pId=7&name=new%20node26&level=3
INFO: [ app_init ] --START--
INFO: Run Behavior\BuildLiteBehavior [ RunTime:0.000000s ]
INFO: [ app_init ] --END-- [ RunTime:0.000000s ]
INFO: [ app_begin ] --START--
INFO: Run Behavior\ReadHtmlCacheBehavior [ RunTime:0.000000s ]
INFO: [ app_begin ] --END-- [ RunTime:0.000000s ]
SQL: SHOW COLUMNS FROM `ps_tree` [ RunTime:0.0880s ]
SQL: SELECT max(branch_id) FROM `ps_tree`  [ RunTime:0.0000s ]
NOTIC: [8] Undefined offset: 0 D:\xampp\htdocs\PShunt\App\Admin\Controller\ProjectController.class.php 第 131 行.
SQL: INSERT INTO `ps_tree` (`parent_id`,`name`,`tlevel`,`branch_id`) VALUES ('7','new node26','4',NULL) [ RunTime:0.0720s ]
INFO: [ app_end ] --START--
INFO: Run Behavior\ShowPageTraceBehavior [ RunTime:0.001001s ]
INFO: [ app_end ] --END-- [ RunTime:0.001001s ]

[ 2017-02-13T00:51:26+08:00 ] ::1 /PShunt/index.php/Admin/Project/getTree
INFO: [ app_init ] --START--
INFO: Run Behavior\BuildLiteBehavior [ RunTime:0.000000s ]
INFO: [ app_init ] --END-- [ RunTime:0.000000s ]
INFO: [ app_begin ] --START--
INFO: Run Behavior\ReadHtmlCacheBehavior [ RunTime:0.001000s ]
INFO: [ app_begin ] --END-- [ RunTime:0.001000s ]
SQL: SHOW COLUMNS FROM `ps_tree` [ RunTime:0.0020s ]
SQL: SELECT branch_id as id,parent_id as pId,`name`,`course_id` FROM `ps_tree`  [ RunTime:0.0000s ]
SQL: SELECT `branch_id` FROM `ps_tree` WHERE ( parent_id=1 )  [ RunTime:0.0000s ]
SQL: SELECT `branch_id` FROM `ps_tree` WHERE ( parent_id=2 )  [ RunTime:0.0000s ]
SQL: SELECT `branch_id` FROM `ps_tree` WHERE ( parent_id=3 )  [ RunTime:0.0000s ]
SQL: SELECT `branch_id` FROM `ps_tree` WHERE ( parent_id=4 )  [ RunTime:0.0010s ]
SQL: SELECT `branch_id` FROM `ps_tree` WHERE ( parent_id=5 )  [ RunTime:0.0000s ]
SQL: SELECT `branch_id` FROM `ps_tree` WHERE ( parent_id=6 )  [ RunTime:0.0000s ]
SQL: SELECT `branch_id` FROM `ps_tree` WHERE ( parent_id=7 )  [ RunTime:0.0010s ]
SQL: SELECT `branch_id` FROM `ps_tree` WHERE ( parent_id=8 )  [ RunTime:0.0000s ]
SQL: SELECT `branch_id` FROM `ps_tree` WHERE ( parent_id=9 )  [ RunTime:0.0010s ]
SQL: SELECT `branch_id` FROM `ps_tree` WHERE ( parent_id=10 )  [ RunTime:0.0000s ]
SQL: SELECT `branch_id` FROM `ps_tree` WHERE ( parent_id=11 )  [ RunTime:0.0000s ]
SQL: SELECT `branch_id` FROM `ps_tree` WHERE ( parent_id=12 )  [ RunTime:0.0010s ]
SQL: SELECT `branch_id` FROM `ps_tree` WHERE ( parent_id=15 )  [ RunTime:0.0000s ]
SQL: SELECT `branch_id` FROM `ps_tree` WHERE ( parent_id=16 )  [ RunTime:0.0000s ]
SQL: SELECT `branch_id` FROM `ps_tree` WHERE ( parent_id=17 )  [ RunTime:0.0000s ]
SQL: SELECT `branch_id` FROM `ps_tree` WHERE ( parent_id=18 )  [ RunTime:0.0000s ]
SQL: SELECT `branch_id` FROM `ps_tree` WHERE ( parent_id=19 )  [ RunTime:0.0000s ]
SQL: SELECT `branch_id` FROM `ps_tree` WHERE ( parent_id=20 )  [ RunTime:0.0010s ]
SQL: SELECT `branch_id` FROM `ps_tree` WHERE ( parent_id=21 )  [ RunTime:0.0000s ]
SQL: SELECT `branch_id` FROM `ps_tree` WHERE ( parent_id=22 )  [ RunTime:0.0000s ]
SQL: SELECT `branch_id` FROM `ps_tree` WHERE ( parent_id=23 )  [ RunTime:0.0000s ]
SQL: SELECT `branch_id` FROM `ps_tree` WHERE ( parent_id=24 )  [ RunTime:0.0000s ]
SQL: SELECT `branch_id` FROM `ps_tree` WHERE ( parent_id=25 )  [ RunTime:0.0010s ]
SQL: SELECT `branch_id` FROM `ps_tree` WHERE ( parent_id=26 )  [ RunTime:0.0000s ]
INFO: [ app_end ] --START--
INFO: Run Behavior\ShowPageTraceBehavior [ RunTime:0.000000s ]
INFO: [ app_end ] --END-- [ RunTime:0.000000s ]

[ 2017-02-13T00:51:42+08:00 ] ::1 /PShunt/index.php/Admin/Project/setName?id=26&newName=JAVA%20WEB%E5%BC%80%E5%8F%91%E6%8A%80%E6%9C%AF&course_id=null
INFO: [ app_init ] --START--
INFO: Run Behavior\BuildLiteBehavior [ RunTime:0.000000s ]
INFO: [ app_init ] --END-- [ RunTime:0.001000s ]
INFO: [ app_begin ] --START--
INFO: Run Behavior\ReadHtmlCacheBehavior [ RunTime:0.000000s ]
INFO: [ app_begin ] --END-- [ RunTime:0.000000s ]
SQL: SHOW COLUMNS FROM `ps_tree` [ RunTime:0.0020s ]
SQL: UPDATE `ps_tree` SET `name`='JAVA WEB开发技术' WHERE ( branch_id = 26 ) [ RunTime:0.0620s ]
SQL: SHOW COLUMNS FROM `ps_course` [ RunTime:0.0020s ]
SQL: UPDATE `ps_course` SET `c_name`='JAVA WEB开发技术' WHERE ( c_id = 0 ) [ RunTime:0.0000s ]
INFO: [ app_end ] --START--
INFO: Run Behavior\ShowPageTraceBehavior [ RunTime:0.001000s ]
INFO: [ app_end ] --END-- [ RunTime:0.001000s ]

[ 2017-02-13T00:51:48+08:00 ] ::1 /PShunt/index.php/Admin/Project/addBranch?pId=26&name=new%20node27&level=4
INFO: [ app_init ] --START--
INFO: Run Behavior\BuildLiteBehavior [ RunTime:0.000000s ]
INFO: [ app_init ] --END-- [ RunTime:0.001000s ]
INFO: [ app_begin ] --START--
INFO: Run Behavior\ReadHtmlCacheBehavior [ RunTime:0.001000s ]
INFO: [ app_begin ] --END-- [ RunTime:0.001000s ]
SQL: SHOW COLUMNS FROM `ps_tree` [ RunTime:0.0020s ]
SQL: SELECT max(branch_id) FROM `ps_tree`  [ RunTime:0.0000s ]
NOTIC: [8] Undefined offset: 0 D:\xampp\htdocs\PShunt\App\Admin\Controller\ProjectController.class.php 第 131 行.
SQL: INSERT INTO `ps_tree` (`parent_id`,`name`,`tlevel`,`branch_id`) VALUES ('26','new node27','5',NULL) [ RunTime:0.0760s ]
INFO: [ app_end ] --START--
INFO: Run Behavior\ShowPageTraceBehavior [ RunTime:0.001000s ]
INFO: [ app_end ] --END-- [ RunTime:0.001000s ]

[ 2017-02-13T00:51:50+08:00 ] ::1 /PShunt/index.php/Admin/Project/getTree
INFO: [ app_init ] --START--
INFO: Run Behavior\BuildLiteBehavior [ RunTime:0.000000s ]
INFO: [ app_init ] --END-- [ RunTime:0.001000s ]
INFO: [ app_begin ] --START--
INFO: Run Behavior\ReadHtmlCacheBehavior [ RunTime:0.000000s ]
INFO: [ app_begin ] --END-- [ RunTime:0.000000s ]
SQL: SHOW COLUMNS FROM `ps_tree` [ RunTime:0.0010s ]
SQL: SELECT branch_id as id,parent_id as pId,`name`,`course_id` FROM `ps_tree`  [ RunTime:0.0010s ]
SQL: SELECT `branch_id` FROM `ps_tree` WHERE ( parent_id=1 )  [ RunTime:0.0000s ]
SQL: SELECT `branch_id` FROM `ps_tree` WHERE ( parent_id=2 )  [ RunTime:0.0000s ]
SQL: SELECT `branch_id` FROM `ps_tree` WHERE ( parent_id=3 )  [ RunTime:0.0000s ]
SQL: SELECT `branch_id` FROM `ps_tree` WHERE ( parent_id=4 )  [ RunTime:0.0010s ]
SQL: SELECT `branch_id` FROM `ps_tree` WHERE ( parent_id=5 )  [ RunTime:0.0010s ]
SQL: SELECT `branch_id` FROM `ps_tree` WHERE ( parent_id=6 )  [ RunTime:0.0010s ]
SQL: SELECT `branch_id` FROM `ps_tree` WHERE ( parent_id=7 )  [ RunTime:0.0000s ]
SQL: SELECT `branch_id` FROM `ps_tree` WHERE ( parent_id=8 )  [ RunTime:0.0000s ]
SQL: SELECT `branch_id` FROM `ps_tree` WHERE ( parent_id=9 )  [ RunTime:0.0000s ]
SQL: SELECT `branch_id` FROM `ps_tree` WHERE ( parent_id=10 )  [ RunTime:0.0010s ]
SQL: SELECT `branch_id` FROM `ps_tree` WHERE ( parent_id=11 )  [ RunTime:0.0000s ]
SQL: SELECT `branch_id` FROM `ps_tree` WHERE ( parent_id=12 )  [ RunTime:0.0000s ]
SQL: SELECT `branch_id` FROM `ps_tree` WHERE ( parent_id=15 )  [ RunTime:0.0000s ]
SQL: SELECT `branch_id` FROM `ps_tree` WHERE ( parent_id=16 )  [ RunTime:0.0010s ]
SQL: SELECT `branch_id` FROM `ps_tree` WHERE ( parent_id=17 )  [ RunTime:0.0000s ]
SQL: SELECT `branch_id` FROM `ps_tree` WHERE ( parent_id=18 )  [ RunTime:0.0000s ]
SQL: SELECT `branch_id` FROM `ps_tree` WHERE ( parent_id=19 )  [ RunTime:0.0000s ]
SQL: SELECT `branch_id` FROM `ps_tree` WHERE ( parent_id=20 )  [ RunTime:0.0000s ]
SQL: SELECT `branch_id` FROM `ps_tree` WHERE ( parent_id=21 )  [ RunTime:0.0010s ]
SQL: SELECT `branch_id` FROM `ps_tree` WHERE ( parent_id=22 )  [ RunTime:0.0000s ]
SQL: SELECT `branch_id` FROM `ps_tree` WHERE ( parent_id=23 )  [ RunTime:0.0000s ]
SQL: SELECT `branch_id` FROM `ps_tree` WHERE ( parent_id=24 )  [ RunTime:0.0000s ]
SQL: SELECT `branch_id` FROM `ps_tree` WHERE ( parent_id=25 )  [ RunTime:0.0000s ]
SQL: SELECT `branch_id` FROM `ps_tree` WHERE ( parent_id=26 )  [ RunTime:0.0010s ]
SQL: SELECT `branch_id` FROM `ps_tree` WHERE ( parent_id=27 )  [ RunTime:0.0000s ]
INFO: [ app_end ] --START--
INFO: Run Behavior\ShowPageTraceBehavior [ RunTime:0.000000s ]
INFO: [ app_end ] --END-- [ RunTime:0.000000s ]

[ 2017-02-13T00:52:22+08:00 ] ::1 /PShunt/index.php/Admin/Project/setName?id=27&newName=JAVA%20WEB%E5%BC%80%E5%8F%91%E6%8A%80%E6%9C%AF&course_id=null
INFO: [ app_init ] --START--
INFO: Run Behavior\BuildLiteBehavior [ RunTime:0.000000s ]
INFO: [ app_init ] --END-- [ RunTime:0.000000s ]
INFO: [ app_begin ] --START--
INFO: Run Behavior\ReadHtmlCacheBehavior [ RunTime:0.000000s ]
INFO: [ app_begin ] --END-- [ RunTime:0.001001s ]
SQL: SHOW COLUMNS FROM `ps_tree` [ RunTime:0.0020s ]
SQL: UPDATE `ps_tree` SET `name`='JAVA WEB开发技术' WHERE ( branch_id = 27 ) [ RunTime:0.0780s ]
SQL: SHOW COLUMNS FROM `ps_course` [ RunTime:0.0010s ]
SQL: UPDATE `ps_course` SET `c_name`='JAVA WEB开发技术' WHERE ( c_id = 0 ) [ RunTime:0.0010s ]
INFO: [ app_end ] --START--
INFO: Run Behavior\ShowPageTraceBehavior [ RunTime:0.000000s ]
INFO: [ app_end ] --END-- [ RunTime:0.000000s ]

[ 2017-02-13T00:52:29+08:00 ] ::1 /PShunt/index.php/Admin/Project/addCourse
INFO: [ app_init ] --START--
INFO: Run Behavior\BuildLiteBehavior [ RunTime:0.000000s ]
INFO: [ app_init ] --END-- [ RunTime:0.000000s ]
INFO: [ app_begin ] --START--
INFO: Run Behavior\ReadHtmlCacheBehavior [ RunTime:0.001000s ]
INFO: [ app_begin ] --END-- [ RunTime:0.001000s ]
SQL: SHOW COLUMNS FROM `ps_course` [ RunTime:0.0030s ]
SQL: SHOW COLUMNS FROM `ps_tree` [ RunTime:0.0040s ]
SQL: SELECT `c_id` FROM `ps_course` WHERE ( c_teacher = '李老师' AND c_name = 'WEB开发技术' )  [ RunTime:0.0000s ]
SQL: INSERT INTO `ps_course` (`c_name`,`c_teacher`,`c_introduce`) VALUES ('WEB开发技术','李老师','主要讲解包括Java Web开发中常用的各种框架和新兴技术，包括Struts 2.0、Spring、Hibernate和Ajax等，这些技术在实际的项目开发中应用广泛。最后《软件工程系列规划教材:Java Web开发技术》结合Struts 2.0+Spring+Hibernate开发了一个虚拟文件管理系统，在系统中展示了Struts 2.0、Spring、Hibernate的具体使用方法。') [ RunTime:0.1640s ]
SQL: SELECT `c_id` FROM `ps_course` WHERE ( c_teacher = '李老师' AND c_name = 'WEB开发技术' )  [ RunTime:0.0010s ]
SQL: UPDATE `ps_tree` SET `course_id`='21' WHERE ( branch_id = 27 ) [ RunTime:0.1770s ]
INFO: [ app_end ] --START--
INFO: Run Behavior\ShowPageTraceBehavior [ RunTime:0.000000s ]
INFO: [ app_end ] --END-- [ RunTime:0.000000s ]

[ 2017-02-13T00:52:31+08:00 ] ::1 /PShunt/index.php/Admin/Project/getTree
INFO: [ app_init ] --START--
INFO: Run Behavior\BuildLiteBehavior [ RunTime:0.000000s ]
INFO: [ app_init ] --END-- [ RunTime:0.000000s ]
INFO: [ app_begin ] --START--
INFO: Run Behavior\ReadHtmlCacheBehavior [ RunTime:0.001000s ]
INFO: [ app_begin ] --END-- [ RunTime:0.001000s ]
SQL: SHOW COLUMNS FROM `ps_tree` [ RunTime:0.0010s ]
SQL: SELECT branch_id as id,parent_id as pId,`name`,`course_id` FROM `ps_tree`  [ RunTime:0.0000s ]
SQL: SELECT `branch_id` FROM `ps_tree` WHERE ( parent_id=1 )  [ RunTime:0.0000s ]
SQL: SELECT `branch_id` FROM `ps_tree` WHERE ( parent_id=2 )  [ RunTime:0.0010s ]
SQL: SELECT `branch_id` FROM `ps_tree` WHERE ( parent_id=3 )  [ RunTime:0.0000s ]
SQL: SELECT `branch_id` FROM `ps_tree` WHERE ( parent_id=4 )  [ RunTime:0.0000s ]
SQL: SELECT `branch_id` FROM `ps_tree` WHERE ( parent_id=5 )  [ RunTime:0.0000s ]
SQL: SELECT `branch_id` FROM `ps_tree` WHERE ( parent_id=6 )  [ RunTime:0.0010s ]
SQL: SELECT `branch_id` FROM `ps_tree` WHERE ( parent_id=7 )  [ RunTime:0.0000s ]
SQL: SELECT `branch_id` FROM `ps_tree` WHERE ( parent_id=8 )  [ RunTime:0.0000s ]
SQL: SELECT `branch_id` FROM `ps_tree` WHERE ( parent_id=9 )  [ RunTime:0.0000s ]
SQL: SELECT `branch_id` FROM `ps_tree` WHERE ( parent_id=10 )  [ RunTime:0.0010s ]
SQL: SELECT `branch_id` FROM `ps_tree` WHERE ( parent_id=11 )  [ RunTime:0.0000s ]
SQL: SELECT `branch_id` FROM `ps_tree` WHERE ( parent_id=12 )  [ RunTime:0.0000s ]
SQL: SELECT `branch_id` FROM `ps_tree` WHERE ( parent_id=15 )  [ RunTime:0.0000s ]
SQL: SELECT `branch_id` FROM `ps_tree` WHERE ( parent_id=16 )  [ RunTime:0.0000s ]
SQL: SELECT `branch_id` FROM `ps_tree` WHERE ( parent_id=17 )  [ RunTime:0.0000s ]
SQL: SELECT `branch_id` FROM `ps_tree` WHERE ( parent_id=18 )  [ RunTime:0.0000s ]
SQL: SELECT `branch_id` FROM `ps_tree` WHERE ( parent_id=19 )  [ RunTime:0.0000s ]
SQL: SELECT `branch_id` FROM `ps_tree` WHERE ( parent_id=20 )  [ RunTime:0.0000s ]
SQL: SELECT `branch_id` FROM `ps_tree` WHERE ( parent_id=21 )  [ RunTime:0.0000s ]
SQL: SELECT `branch_id` FROM `ps_tree` WHERE ( parent_id=22 )  [ RunTime:0.0000s ]
SQL: SELECT `branch_id` FROM `ps_tree` WHERE ( parent_id=23 )  [ RunTime:0.0000s ]
SQL: SELECT `branch_id` FROM `ps_tree` WHERE ( parent_id=24 )  [ RunTime:0.0000s ]
SQL: SELECT `branch_id` FROM `ps_tree` WHERE ( parent_id=25 )  [ RunTime:0.0000s ]
SQL: SELECT `branch_id` FROM `ps_tree` WHERE ( parent_id=26 )  [ RunTime:0.0000s ]
SQL: SELECT `branch_id` FROM `ps_tree` WHERE ( parent_id=27 )  [ RunTime:0.0000s ]
INFO: [ app_end ] --START--
INFO: Run Behavior\ShowPageTraceBehavior [ RunTime:0.001000s ]
INFO: [ app_end ] --END-- [ RunTime:0.001000s ]

[ 2017-02-13T00:52:33+08:00 ] ::1 /PShunt/index.php/Admin/Project/addBranch?pId=26&name=new%20node28&level=4
INFO: [ app_init ] --START--
INFO: Run Behavior\BuildLiteBehavior [ RunTime:0.000000s ]
INFO: [ app_init ] --END-- [ RunTime:0.000000s ]
INFO: [ app_begin ] --START--
INFO: Run Behavior\ReadHtmlCacheBehavior [ RunTime:0.001000s ]
INFO: [ app_begin ] --END-- [ RunTime:0.001000s ]
SQL: SHOW COLUMNS FROM `ps_tree` [ RunTime:0.0010s ]
SQL: SELECT max(branch_id) FROM `ps_tree`  [ RunTime:0.0000s ]
NOTIC: [8] Undefined offset: 0 D:\xampp\htdocs\PShunt\App\Admin\Controller\ProjectController.class.php 第 131 行.
SQL: INSERT INTO `ps_tree` (`parent_id`,`name`,`tlevel`,`branch_id`) VALUES ('26','new node28','5',NULL) [ RunTime:0.2270s ]
INFO: [ app_end ] --START--
INFO: Run Behavior\ShowPageTraceBehavior [ RunTime:0.000000s ]
INFO: [ app_end ] --END-- [ RunTime:0.000000s ]

[ 2017-02-13T00:52:34+08:00 ] ::1 /PShunt/index.php/Admin/Project/getTree
INFO: [ app_init ] --START--
INFO: Run Behavior\BuildLiteBehavior [ RunTime:0.000000s ]
INFO: [ app_init ] --END-- [ RunTime:0.001000s ]
INFO: [ app_begin ] --START--
INFO: Run Behavior\ReadHtmlCacheBehavior [ RunTime:0.000000s ]
INFO: [ app_begin ] --END-- [ RunTime:0.000000s ]
SQL: SHOW COLUMNS FROM `ps_tree` [ RunTime:0.0010s ]
SQL: SELECT branch_id as id,parent_id as pId,`name`,`course_id` FROM `ps_tree`  [ RunTime:0.0010s ]
SQL: SELECT `branch_id` FROM `ps_tree` WHERE ( parent_id=1 )  [ RunTime:0.0000s ]
SQL: SELECT `branch_id` FROM `ps_tree` WHERE ( parent_id=2 )  [ RunTime:0.0000s ]
SQL: SELECT `branch_id` FROM `ps_tree` WHERE ( parent_id=3 )  [ RunTime:0.0010s ]
SQL: SELECT `branch_id` FROM `ps_tree` WHERE ( parent_id=4 )  [ RunTime:0.0000s ]
SQL: SELECT `branch_id` FROM `ps_tree` WHERE ( parent_id=5 )  [ RunTime:0.0000s ]
SQL: SELECT `branch_id` FROM `ps_tree` WHERE ( parent_id=6 )  [ RunTime:0.0010s ]
SQL: SELECT `branch_id` FROM `ps_tree` WHERE ( parent_id=7 )  [ RunTime:0.0010s ]
SQL: SELECT `branch_id` FROM `ps_tree` WHERE ( parent_id=8 )  [ RunTime:0.0000s ]
SQL: SELECT `branch_id` FROM `ps_tree` WHERE ( parent_id=9 )  [ RunTime:0.0000s ]
SQL: SELECT `branch_id` FROM `ps_tree` WHERE ( parent_id=10 )  [ RunTime:0.0000s ]
SQL: SELECT `branch_id` FROM `ps_tree` WHERE ( parent_id=11 )  [ RunTime:0.0010s ]
SQL: SELECT `branch_id` FROM `ps_tree` WHERE ( parent_id=12 )  [ RunTime:0.0000s ]
SQL: SELECT `branch_id` FROM `ps_tree` WHERE ( parent_id=15 )  [ RunTime:0.0010s ]
SQL: SELECT `branch_id` FROM `ps_tree` WHERE ( parent_id=16 )  [ RunTime:0.0010s ]
SQL: SELECT `branch_id` FROM `ps_tree` WHERE ( parent_id=17 )  [ RunTime:0.0000s ]
SQL: SELECT `branch_id` FROM `ps_tree` WHERE ( parent_id=18 )  [ RunTime:0.0000s ]
SQL: SELECT `branch_id` FROM `ps_tree` WHERE ( parent_id=19 )  [ RunTime:0.0000s ]
SQL: SELECT `branch_id` FROM `ps_tree` WHERE ( parent_id=20 )  [ RunTime:0.0000s ]
SQL: SELECT `branch_id` FROM `ps_tree` WHERE ( parent_id=21 )  [ RunTime:0.0000s ]
SQL: SELECT `branch_id` FROM `ps_tree` WHERE ( parent_id=22 )  [ RunTime:0.0000s ]
SQL: SELECT `branch_id` FROM `ps_tree` WHERE ( parent_id=23 )  [ RunTime:0.0010s ]
SQL: SELECT `branch_id` FROM `ps_tree` WHERE ( parent_id=24 )  [ RunTime:0.0000s ]
SQL: SELECT `branch_id` FROM `ps_tree` WHERE ( parent_id=25 )  [ RunTime:0.0000s ]
SQL: SELECT `branch_id` FROM `ps_tree` WHERE ( parent_id=26 )  [ RunTime:0.0000s ]
SQL: SELECT `branch_id` FROM `ps_tree` WHERE ( parent_id=27 )  [ RunTime:0.0010s ]
SQL: SELECT `branch_id` FROM `ps_tree` WHERE ( parent_id=28 )  [ RunTime:0.0000s ]
INFO: [ app_end ] --START--
INFO: Run Behavior\ShowPageTraceBehavior [ RunTime:0.000000s ]
INFO: [ app_end ] --END-- [ RunTime:0.000000s ]

[ 2017-02-13T00:52:53+08:00 ] ::1 /PShunt/index.php/Admin/Project/setName?id=28&newName=JAVA%20WEB%E5%BC%80%E5%8F%91%E6%8A%80%E6%9C%AF&course_id=null
INFO: [ app_init ] --START--
INFO: Run Behavior\BuildLiteBehavior [ RunTime:0.000000s ]
INFO: [ app_init ] --END-- [ RunTime:0.000000s ]
INFO: [ app_begin ] --START--
INFO: Run Behavior\ReadHtmlCacheBehavior [ RunTime:0.001000s ]
INFO: [ app_begin ] --END-- [ RunTime:0.001000s ]
SQL: SHOW COLUMNS FROM `ps_tree` [ RunTime:0.0020s ]
SQL: UPDATE `ps_tree` SET `name`='JAVA WEB开发技术' WHERE ( branch_id = 28 ) [ RunTime:0.1010s ]
SQL: SHOW COLUMNS FROM `ps_course` [ RunTime:0.0010s ]
SQL: UPDATE `ps_course` SET `c_name`='JAVA WEB开发技术' WHERE ( c_id = 0 ) [ RunTime:0.0000s ]
INFO: [ app_end ] --START--
INFO: Run Behavior\ShowPageTraceBehavior [ RunTime:0.000000s ]
INFO: [ app_end ] --END-- [ RunTime:0.000000s ]

[ 2017-02-13T00:53:01+08:00 ] ::1 /PShunt/index.php/Admin/Project/addCourse
INFO: [ app_init ] --START--
INFO: Run Behavior\BuildLiteBehavior [ RunTime:0.000000s ]
INFO: [ app_init ] --END-- [ RunTime:0.000000s ]
INFO: [ app_begin ] --START--
INFO: Run Behavior\ReadHtmlCacheBehavior [ RunTime:0.000000s ]
INFO: [ app_begin ] --END-- [ RunTime:0.000000s ]
SQL: SHOW COLUMNS FROM `ps_course` [ RunTime:0.0010s ]
SQL: SHOW COLUMNS FROM `ps_tree` [ RunTime:0.0010s ]
SQL: SELECT `c_id` FROM `ps_course` WHERE ( c_teacher = '王老师' AND c_name = 'WEB开发技术' )  [ RunTime:0.0000s ]
SQL: INSERT INTO `ps_course` (`c_name`,`c_teacher`,`c_introduce`) VALUES ('WEB开发技术','王老师','主要讲解包括Java Web开发中常用的各种框架和新兴技术，包括Struts 2.0、Spring、Hibernate和Ajax等，这些技术在实际的项目开发中应用广泛。最后《软件工程系列规划教材:Java Web开发技术》结合Struts 2.0+Spring+Hibernate开发了一个虚拟文件管理系统，在系统中展示了Struts 2.0、Spring、Hibernate的具体使用方法。') [ RunTime:0.0730s ]
SQL: SELECT `c_id` FROM `ps_course` WHERE ( c_teacher = '王老师' AND c_name = 'WEB开发技术' )  [ RunTime:0.0010s ]
SQL: UPDATE `ps_tree` SET `course_id`='22' WHERE ( branch_id = 28 ) [ RunTime:0.0950s ]
INFO: [ app_end ] --START--
INFO: Run Behavior\ShowPageTraceBehavior [ RunTime:0.001000s ]
INFO: [ app_end ] --END-- [ RunTime:0.001000s ]

[ 2017-02-13T00:53:02+08:00 ] ::1 /PShunt/index.php/Admin/Project/getTree
INFO: [ app_init ] --START--
INFO: Run Behavior\BuildLiteBehavior [ RunTime:0.000000s ]
INFO: [ app_init ] --END-- [ RunTime:0.000000s ]
INFO: [ app_begin ] --START--
INFO: Run Behavior\ReadHtmlCacheBehavior [ RunTime:0.001000s ]
INFO: [ app_begin ] --END-- [ RunTime:0.001000s ]
SQL: SHOW COLUMNS FROM `ps_tree` [ RunTime:0.0010s ]
SQL: SELECT branch_id as id,parent_id as pId,`name`,`course_id` FROM `ps_tree`  [ RunTime:0.0000s ]
SQL: SELECT `branch_id` FROM `ps_tree` WHERE ( parent_id=1 )  [ RunTime:0.0000s ]
SQL: SELECT `branch_id` FROM `ps_tree` WHERE ( parent_id=2 )  [ RunTime:0.0010s ]
SQL: SELECT `branch_id` FROM `ps_tree` WHERE ( parent_id=3 )  [ RunTime:0.0000s ]
SQL: SELECT `branch_id` FROM `ps_tree` WHERE ( parent_id=4 )  [ RunTime:0.0000s ]
SQL: SELECT `branch_id` FROM `ps_tree` WHERE ( parent_id=5 )  [ RunTime:0.0000s ]
SQL: SELECT `branch_id` FROM `ps_tree` WHERE ( parent_id=6 )  [ RunTime:0.0010s ]
SQL: SELECT `branch_id` FROM `ps_tree` WHERE ( parent_id=7 )  [ RunTime:0.0000s ]
SQL: SELECT `branch_id` FROM `ps_tree` WHERE ( parent_id=8 )  [ RunTime:0.0000s ]
SQL: SELECT `branch_id` FROM `ps_tree` WHERE ( parent_id=9 )  [ RunTime:0.0010s ]
SQL: SELECT `branch_id` FROM `ps_tree` WHERE ( parent_id=10 )  [ RunTime:0.0000s ]
SQL: SELECT `branch_id` FROM `ps_tree` WHERE ( parent_id=11 )  [ RunTime:0.0010s ]
SQL: SELECT `branch_id` FROM `ps_tree` WHERE ( parent_id=12 )  [ RunTime:0.0000s ]
SQL: SELECT `branch_id` FROM `ps_tree` WHERE ( parent_id=15 )  [ RunTime:0.0000s ]
SQL: SELECT `branch_id` FROM `ps_tree` WHERE ( parent_id=16 )  [ RunTime:0.0000s ]
SQL: SELECT `branch_id` FROM `ps_tree` WHERE ( parent_id=17 )  [ RunTime:0.0010s ]
SQL: SELECT `branch_id` FROM `ps_tree` WHERE ( parent_id=18 )  [ RunTime:0.0000s ]
SQL: SELECT `branch_id` FROM `ps_tree` WHERE ( parent_id=19 )  [ RunTime:0.0000s ]
SQL: SELECT `branch_id` FROM `ps_tree` WHERE ( parent_id=20 )  [ RunTime:0.0000s ]
SQL: SELECT `branch_id` FROM `ps_tree` WHERE ( parent_id=21 )  [ RunTime:0.0000s ]
SQL: SELECT `branch_id` FROM `ps_tree` WHERE ( parent_id=22 )  [ RunTime:0.0000s ]
SQL: SELECT `branch_id` FROM `ps_tree` WHERE ( parent_id=23 )  [ RunTime:0.0000s ]
SQL: SELECT `branch_id` FROM `ps_tree` WHERE ( parent_id=24 )  [ RunTime:0.0000s ]
SQL: SELECT `branch_id` FROM `ps_tree` WHERE ( parent_id=25 )  [ RunTime:0.0010s ]
SQL: SELECT `branch_id` FROM `ps_tree` WHERE ( parent_id=26 )  [ RunTime:0.0000s ]
SQL: SELECT `branch_id` FROM `ps_tree` WHERE ( parent_id=27 )  [ RunTime:0.0000s ]
SQL: SELECT `branch_id` FROM `ps_tree` WHERE ( parent_id=28 )  [ RunTime:0.0000s ]
INFO: [ app_end ] --START--
INFO: Run Behavior\ShowPageTraceBehavior [ RunTime:0.001000s ]
INFO: [ app_end ] --END-- [ RunTime:0.001000s ]

[ 2017-02-13T00:53:05+08:00 ] ::1 /PShunt/index.php/Admin/Project/selectClass?c_id=21
INFO: [ app_init ] --START--
INFO: Run Behavior\BuildLiteBehavior [ RunTime:0.000000s ]
INFO: [ app_init ] --END-- [ RunTime:0.000000s ]
INFO: [ app_begin ] --START--
INFO: Run Behavior\ReadHtmlCacheBehavior [ RunTime:0.000000s ]
INFO: [ app_begin ] --END-- [ RunTime:0.002000s ]
SQL: SHOW COLUMNS FROM `ps_course` [ RunTime:0.0010s ]
SQL: SELECT `c_name`,`c_teacher`,`c_introduce` FROM `ps_course` WHERE `c_id` = 21  [ RunTime:0.0000s ]
INFO: [ app_end ] --START--
INFO: Run Behavior\ShowPageTraceBehavior [ RunTime:0.000000s ]
INFO: [ app_end ] --END-- [ RunTime:0.000000s ]

[ 2017-02-13T00:53:05+08:00 ] ::1 /PShunt/index.php/Admin/Project/selectClass?c_id=21
INFO: [ app_init ] --START--
INFO: Run Behavior\BuildLiteBehavior [ RunTime:0.000000s ]
INFO: [ app_init ] --END-- [ RunTime:0.000000s ]
INFO: [ app_begin ] --START--
INFO: Run Behavior\ReadHtmlCacheBehavior [ RunTime:0.000000s ]
INFO: [ app_begin ] --END-- [ RunTime:0.000000s ]
SQL: SHOW COLUMNS FROM `ps_course` [ RunTime:0.0030s ]
SQL: SELECT `c_name`,`c_teacher`,`c_introduce` FROM `ps_course` WHERE `c_id` = 21  [ RunTime:0.0010s ]
INFO: [ app_end ] --START--
INFO: Run Behavior\ShowPageTraceBehavior [ RunTime:0.001000s ]
INFO: [ app_end ] --END-- [ RunTime:0.001000s ]

[ 2017-02-13T00:53:06+08:00 ] ::1 /PShunt/index.php/Admin/Project/selectClass?c_id=21
INFO: [ app_init ] --START--
INFO: Run Behavior\BuildLiteBehavior [ RunTime:0.000000s ]
INFO: [ app_init ] --END-- [ RunTime:0.000000s ]
INFO: [ app_begin ] --START--
INFO: Run Behavior\ReadHtmlCacheBehavior [ RunTime:0.000000s ]
INFO: [ app_begin ] --END-- [ RunTime:0.000000s ]
SQL: SHOW COLUMNS FROM `ps_course` [ RunTime:0.0010s ]
SQL: SELECT `c_name`,`c_teacher`,`c_introduce` FROM `ps_course` WHERE `c_id` = 21  [ RunTime:0.0000s ]
INFO: [ app_end ] --START--
INFO: Run Behavior\ShowPageTraceBehavior [ RunTime:0.001000s ]
INFO: [ app_end ] --END-- [ RunTime:0.001000s ]

[ 2017-02-13T00:53:20+08:00 ] ::1 /PShunt/index.php/Admin/Project/setName?id=27&newName=JAVA%20WEB%E5%BC%80%E5%8F%91%E6%8A%80%E6%9C%AF%EF%BC%88%E6%9D%8E%EF%BC%89&course_id=21
INFO: [ app_init ] --START--
INFO: Run Behavior\BuildLiteBehavior [ RunTime:0.000000s ]
INFO: [ app_init ] --END-- [ RunTime:0.001000s ]
INFO: [ app_begin ] --START--
INFO: Run Behavior\ReadHtmlCacheBehavior [ RunTime:0.000000s ]
INFO: [ app_begin ] --END-- [ RunTime:0.000000s ]
SQL: SHOW COLUMNS FROM `ps_tree` [ RunTime:0.0020s ]
SQL: UPDATE `ps_tree` SET `name`='JAVA WEB开发技术（李）' WHERE ( branch_id = 27 ) [ RunTime:0.0670s ]
SQL: SHOW COLUMNS FROM `ps_course` [ RunTime:0.0010s ]
SQL: UPDATE `ps_course` SET `c_name`='JAVA WEB开发技术（李）' WHERE ( c_id = 21 ) [ RunTime:0.0350s ]
INFO: [ app_end ] --START--
INFO: Run Behavior\ShowPageTraceBehavior [ RunTime:0.001000s ]
INFO: [ app_end ] --END-- [ RunTime:0.001000s ]

[ 2017-02-13T00:53:24+08:00 ] ::1 /PShunt/index.php/Admin/Project/selectClass?c_id=22
INFO: [ app_init ] --START--
INFO: Run Behavior\BuildLiteBehavior [ RunTime:0.000000s ]
INFO: [ app_init ] --END-- [ RunTime:0.000000s ]
INFO: [ app_begin ] --START--
INFO: Run Behavior\ReadHtmlCacheBehavior [ RunTime:0.000000s ]
INFO: [ app_begin ] --END-- [ RunTime:0.000000s ]
SQL: SHOW COLUMNS FROM `ps_course` [ RunTime:0.0010s ]
SQL: SELECT `c_name`,`c_teacher`,`c_introduce` FROM `ps_course` WHERE `c_id` = 22  [ RunTime:0.0000s ]
INFO: [ app_end ] --START--
INFO: Run Behavior\ShowPageTraceBehavior [ RunTime:0.000000s ]
INFO: [ app_end ] --END-- [ RunTime:0.000000s ]

[ 2017-02-13T00:53:24+08:00 ] ::1 /PShunt/index.php/Admin/Project/selectClass?c_id=22
INFO: [ app_init ] --START--
INFO: Run Behavior\BuildLiteBehavior [ RunTime:0.000000s ]
INFO: [ app_init ] --END-- [ RunTime:0.000000s ]
INFO: [ app_begin ] --START--
INFO: Run Behavior\ReadHtmlCacheBehavior [ RunTime:0.000000s ]
INFO: [ app_begin ] --END-- [ RunTime:0.000000s ]
SQL: SHOW COLUMNS FROM `ps_course` [ RunTime:0.0020s ]
SQL: SELECT `c_name`,`c_teacher`,`c_introduce` FROM `ps_course` WHERE `c_id` = 22  [ RunTime:0.0010s ]
INFO: [ app_end ] --START--
INFO: Run Behavior\ShowPageTraceBehavior [ RunTime:0.000000s ]
INFO: [ app_end ] --END-- [ RunTime:0.000000s ]

[ 2017-02-13T00:53:24+08:00 ] ::1 /PShunt/index.php/Admin/Project/selectClass?c_id=22
INFO: [ app_init ] --START--
INFO: Run Behavior\BuildLiteBehavior [ RunTime:0.000000s ]
INFO: [ app_init ] --END-- [ RunTime:0.001000s ]
INFO: [ app_begin ] --START--
INFO: Run Behavior\ReadHtmlCacheBehavior [ RunTime:0.000000s ]
INFO: [ app_begin ] --END-- [ RunTime:0.000000s ]
SQL: SHOW COLUMNS FROM `ps_course` [ RunTime:0.0010s ]
SQL: SELECT `c_name`,`c_teacher`,`c_introduce` FROM `ps_course` WHERE `c_id` = 22  [ RunTime:0.0010s ]
INFO: [ app_end ] --START--
INFO: Run Behavior\ShowPageTraceBehavior [ RunTime:0.000000s ]
INFO: [ app_end ] --END-- [ RunTime:0.000000s ]

[ 2017-02-13T00:53:25+08:00 ] ::1 /PShunt/index.php/Admin/Project/selectClass?c_id=22
INFO: [ app_init ] --START--
INFO: Run Behavior\BuildLiteBehavior [ RunTime:0.000000s ]
INFO: [ app_init ] --END-- [ RunTime:0.000000s ]
INFO: [ app_begin ] --START--
INFO: Run Behavior\ReadHtmlCacheBehavior [ RunTime:0.000000s ]
INFO: [ app_begin ] --END-- [ RunTime:0.000000s ]
SQL: SHOW COLUMNS FROM `ps_course` [ RunTime:0.0030s ]
SQL: SELECT `c_name`,`c_teacher`,`c_introduce` FROM `ps_course` WHERE `c_id` = 22  [ RunTime:0.0010s ]
INFO: [ app_end ] --START--
INFO: Run Behavior\ShowPageTraceBehavior [ RunTime:0.000000s ]
INFO: [ app_end ] --END-- [ RunTime:0.000000s ]

[ 2017-02-13T00:53:26+08:00 ] ::1 /PShunt/index.php/Admin/Project/selectClass?c_id=22
INFO: [ app_init ] --START--
INFO: Run Behavior\BuildLiteBehavior [ RunTime:0.000000s ]
INFO: [ app_init ] --END-- [ RunTime:0.000000s ]
INFO: [ app_begin ] --START--
INFO: Run Behavior\ReadHtmlCacheBehavior [ RunTime:0.000000s ]
INFO: [ app_begin ] --END-- [ RunTime:0.000000s ]
SQL: SHOW COLUMNS FROM `ps_course` [ RunTime:0.0020s ]
SQL: SELECT `c_name`,`c_teacher`,`c_introduce` FROM `ps_course` WHERE `c_id` = 22  [ RunTime:0.0010s ]
INFO: [ app_end ] --START--
INFO: Run Behavior\ShowPageTraceBehavior [ RunTime:0.000000s ]
INFO: [ app_end ] --END-- [ RunTime:0.000000s ]

[ 2017-02-13T00:53:27+08:00 ] ::1 /PShunt/index.php/Admin/Project/selectClass?c_id=22
INFO: [ app_init ] --START--
INFO: Run Behavior\BuildLiteBehavior [ RunTime:0.000000s ]
INFO: [ app_init ] --END-- [ RunTime:0.000000s ]
INFO: [ app_begin ] --START--
INFO: Run Behavior\ReadHtmlCacheBehavior [ RunTime:0.001000s ]
INFO: [ app_begin ] --END-- [ RunTime:0.001000s ]
SQL: SHOW COLUMNS FROM `ps_course` [ RunTime:0.0020s ]
SQL: SELECT `c_name`,`c_teacher`,`c_introduce` FROM `ps_course` WHERE `c_id` = 22  [ RunTime:0.0000s ]
INFO: [ app_end ] --START--
INFO: Run Behavior\ShowPageTraceBehavior [ RunTime:0.000000s ]
INFO: [ app_end ] --END-- [ RunTime:0.000000s ]

[ 2017-02-13T00:53:27+08:00 ] ::1 /PShunt/index.php/Admin/Project/selectClass?c_id=22
INFO: [ app_init ] --START--
INFO: Run Behavior\BuildLiteBehavior [ RunTime:0.000000s ]
INFO: [ app_init ] --END-- [ RunTime:0.000000s ]
INFO: [ app_begin ] --START--
INFO: Run Behavior\ReadHtmlCacheBehavior [ RunTime:0.001000s ]
INFO: [ app_begin ] --END-- [ RunTime:0.001000s ]
SQL: SHOW COLUMNS FROM `ps_course` [ RunTime:0.0020s ]
SQL: SELECT `c_name`,`c_teacher`,`c_introduce` FROM `ps_course` WHERE `c_id` = 22  [ RunTime:0.0000s ]
INFO: [ app_end ] --START--
INFO: Run Behavior\ShowPageTraceBehavior [ RunTime:0.001001s ]
INFO: [ app_end ] --END-- [ RunTime:0.001001s ]

[ 2017-02-13T00:53:27+08:00 ] ::1 /PShunt/index.php/Admin/Project/selectClass?c_id=22
INFO: [ app_init ] --START--
INFO: Run Behavior\BuildLiteBehavior [ RunTime:0.000000s ]
INFO: [ app_init ] --END-- [ RunTime:0.000000s ]
INFO: [ app_begin ] --START--
INFO: Run Behavior\ReadHtmlCacheBehavior [ RunTime:0.000000s ]
INFO: [ app_begin ] --END-- [ RunTime:0.000000s ]
SQL: SHOW COLUMNS FROM `ps_course` [ RunTime:0.0020s ]
SQL: SELECT `c_name`,`c_teacher`,`c_introduce` FROM `ps_course` WHERE `c_id` = 22  [ RunTime:0.0000s ]
INFO: [ app_end ] --START--
INFO: Run Behavior\ShowPageTraceBehavior [ RunTime:0.001000s ]
INFO: [ app_end ] --END-- [ RunTime:0.001000s ]

[ 2017-02-13T00:53:39+08:00 ] ::1 /PShunt/index.php/Admin/Project/setName?id=28&newName=JAVA%20WEB%E5%BC%80%E5%8F%91%E6%8A%80%E6%9C%AF%EF%BC%88%E7%8E%8B%EF%BC%89&course_id=22
INFO: [ app_init ] --START--
INFO: Run Behavior\BuildLiteBehavior [ RunTime:0.000000s ]
INFO: [ app_init ] --END-- [ RunTime:0.000000s ]
INFO: [ app_begin ] --START--
INFO: Run Behavior\ReadHtmlCacheBehavior [ RunTime:0.002000s ]
INFO: [ app_begin ] --END-- [ RunTime:0.002000s ]
SQL: SHOW COLUMNS FROM `ps_tree` [ RunTime:0.0010s ]
SQL: UPDATE `ps_tree` SET `name`='JAVA WEB开发技术（王）' WHERE ( branch_id = 28 ) [ RunTime:0.0540s ]
SQL: SHOW COLUMNS FROM `ps_course` [ RunTime:0.0020s ]
SQL: UPDATE `ps_course` SET `c_name`='JAVA WEB开发技术（王）' WHERE ( c_id = 22 ) [ RunTime:0.0390s ]
INFO: [ app_end ] --START--
INFO: Run Behavior\ShowPageTraceBehavior [ RunTime:0.000000s ]
INFO: [ app_end ] --END-- [ RunTime:0.000000s ]

[ 2017-02-13T13:25:11+08:00 ] ::1 /PShunt/index.php/Admin/Login/login
INFO: [ app_init ] --START--
INFO: Run Behavior\BuildLiteBehavior [ RunTime:0.000000s ]
INFO: [ app_init ] --END-- [ RunTime:0.001000s ]
INFO: [ app_begin ] --START--
INFO: Run Behavior\ReadHtmlCacheBehavior [ RunTime:0.001000s ]
INFO: [ app_begin ] --END-- [ RunTime:0.001000s ]
INFO: [ view_parse ] --START--
INFO: [ template_filter ] --START--
INFO: Run Behavior\ContentReplaceBehavior [ RunTime:0.000000s ]
INFO: [ template_filter ] --END-- [ RunTime:0.000000s ]
INFO: Run Behavior\ParseTemplateBehavior [ RunTime:0.018001s ]
INFO: [ view_parse ] --END-- [ RunTime:0.018001s ]
INFO: [ view_filter ] --START--
INFO: Run Behavior\WriteHtmlCacheBehavior [ RunTime:0.000000s ]
INFO: [ view_filter ] --END-- [ RunTime:0.000000s ]
INFO: [ app_end ] --START--
INFO: Run Behavior\ShowPageTraceBehavior [ RunTime:0.001000s ]
INFO: [ app_end ] --END-- [ RunTime:0.001000s ]

[ 2017-02-13T13:25:13+08:00 ] ::1 /PShunt/index.php/Admin/Login/doLogin
INFO: [ app_init ] --START--
INFO: Run Behavior\BuildLiteBehavior [ RunTime:0.001000s ]
INFO: [ app_init ] --END-- [ RunTime:0.001000s ]
INFO: [ app_begin ] --START--
INFO: Run Behavior\ReadHtmlCacheBehavior [ RunTime:0.002000s ]
INFO: [ app_begin ] --END-- [ RunTime:0.002000s ]
SQL: SHOW COLUMNS FROM `ps_manger` [ RunTime:0.0050s ]
SQL: SELECT `m_id` FROM `ps_manger` WHERE `m_name` = 'Admin' AND `m_password` = '123456' LIMIT 1   [ RunTime:0.0000s ]
INFO: [ view_parse ] --START--
INFO: [ template_filter ] --START--
INFO: Run Behavior\ContentReplaceBehavior [ RunTime:0.000000s ]
INFO: [ template_filter ] --END-- [ RunTime:0.000000s ]
INFO: Run Behavior\ParseTemplateBehavior [ RunTime:0.046003s ]
INFO: [ view_parse ] --END-- [ RunTime:0.047003s ]
INFO: [ view_filter ] --START--
INFO: Run Behavior\WriteHtmlCacheBehavior [ RunTime:0.000000s ]
INFO: [ view_filter ] --END-- [ RunTime:0.000000s ]
INFO: [ app_end ] --START--
INFO: Run Behavior\ShowPageTraceBehavior [ RunTime:0.001000s ]
INFO: [ app_end ] --END-- [ RunTime:0.001000s ]

[ 2017-02-13T13:25:15+08:00 ] ::1 /PShunt/index.php/Admin/Student/student.html
INFO: [ app_init ] --START--
INFO: Run Behavior\BuildLiteBehavior [ RunTime:0.000000s ]
INFO: [ app_init ] --END-- [ RunTime:0.000000s ]
INFO: [ app_begin ] --START--
INFO: Run Behavior\ReadHtmlCacheBehavior [ RunTime:0.001000s ]
INFO: [ app_begin ] --END-- [ RunTime:0.001000s ]
SQL: SHOW COLUMNS FROM `ps_student` [ RunTime:0.0010s ]
SQL: SELECT DISTINCT `si_grade`,`si_profession`,`si_class` FROM `ps_student` WHERE 1   [ RunTime:0.0160s ]
NOTIC: [8] Undefined variable: str D:\xampp\htdocs\PShunt\App\Admin\Controller\StudentController.class.php 第 29 行.
INFO: [ view_parse ] --START--
INFO: [ template_filter ] --START--
INFO: Run Behavior\ContentReplaceBehavior [ RunTime:0.000000s ]
INFO: [ template_filter ] --END-- [ RunTime:0.000000s ]
INFO: Run Behavior\ParseTemplateBehavior [ RunTime:0.025001s ]
INFO: [ view_parse ] --END-- [ RunTime:0.026001s ]
INFO: [ view_filter ] --START--
INFO: Run Behavior\WriteHtmlCacheBehavior [ RunTime:0.000000s ]
INFO: [ view_filter ] --END-- [ RunTime:0.000000s ]
INFO: [ app_end ] --START--
INFO: Run Behavior\ShowPageTraceBehavior [ RunTime:0.001000s ]
INFO: [ app_end ] --END-- [ RunTime:0.001000s ]

[ 2017-02-13T13:25:15+08:00 ] ::1 /PShunt/index.php/Admin/Student/getAllStudentInfo?order=asc&offset=0&limit=20
INFO: [ app_init ] --START--
INFO: Run Behavior\BuildLiteBehavior [ RunTime:0.000000s ]
INFO: [ app_init ] --END-- [ RunTime:0.000000s ]
INFO: [ app_begin ] --START--
INFO: Run Behavior\ReadHtmlCacheBehavior [ RunTime:0.000000s ]
INFO: [ app_begin ] --END-- [ RunTime:0.000000s ]
SQL: SHOW COLUMNS FROM `ps_student` [ RunTime:0.0020s ]
SQL: SELECT `si_number`, `si_name`, `si_sex`, `si_grade`, `si_profession`, `si_class` FROM `ps_student` WHERE 1  [ RunTime:0.0030s ]
INFO: [ app_end ] --START--
INFO: Run Behavior\ShowPageTraceBehavior [ RunTime:0.002000s ]
INFO: [ app_end ] --END-- [ RunTime:0.002000s ]

[ 2017-02-13T13:25:18+08:00 ] ::1 /PShunt/index.php/Admin/Project/project
INFO: [ app_init ] --START--
INFO: Run Behavior\BuildLiteBehavior [ RunTime:0.000000s ]
INFO: [ app_init ] --END-- [ RunTime:0.000000s ]
INFO: [ app_begin ] --START--
INFO: Run Behavior\ReadHtmlCacheBehavior [ RunTime:0.000000s ]
INFO: [ app_begin ] --END-- [ RunTime:0.000000s ]
SQL: SHOW COLUMNS FROM `ps_tree` [ RunTime:0.0010s ]
SQL: select max(`branch_id`) as maxid from `ps_tree [ RunTime:0.0000s ]
INFO: [ view_parse ] --START--
INFO: [ template_filter ] --START--
INFO: Run Behavior\ContentReplaceBehavior [ RunTime:0.000000s ]
INFO: [ template_filter ] --END-- [ RunTime:0.000000s ]
INFO: Run Behavior\ParseTemplateBehavior [ RunTime:0.017000s ]
INFO: [ view_parse ] --END-- [ RunTime:0.017000s ]
INFO: [ view_filter ] --START--
INFO: Run Behavior\WriteHtmlCacheBehavior [ RunTime:0.000000s ]
INFO: [ view_filter ] --END-- [ RunTime:0.000000s ]
INFO: [ app_end ] --START--
INFO: Run Behavior\ShowPageTraceBehavior [ RunTime:0.000000s ]
INFO: [ app_end ] --END-- [ RunTime:0.000000s ]

[ 2017-02-13T13:25:18+08:00 ] ::1 /PShunt/index.php/Admin/Project/getTree
INFO: [ app_init ] --START--
INFO: Run Behavior\BuildLiteBehavior [ RunTime:0.000000s ]
INFO: [ app_init ] --END-- [ RunTime:0.001000s ]
INFO: [ app_begin ] --START--
INFO: Run Behavior\ReadHtmlCacheBehavior [ RunTime:0.001000s ]
INFO: [ app_begin ] --END-- [ RunTime:0.001000s ]
SQL: SHOW COLUMNS FROM `ps_tree` [ RunTime:0.0010s ]
SQL: SELECT branch_id as id,parent_id as pId,`name`,`course_id` FROM `ps_tree`  [ RunTime:0.0000s ]
SQL: SELECT `branch_id` FROM `ps_tree` WHERE ( parent_id=1 )  [ RunTime:0.0000s ]
SQL: SELECT `branch_id` FROM `ps_tree` WHERE ( parent_id=2 )  [ RunTime:0.0010s ]
SQL: SELECT `branch_id` FROM `ps_tree` WHERE ( parent_id=3 )  [ RunTime:0.0000s ]
SQL: SELECT `branch_id` FROM `ps_tree` WHERE ( parent_id=4 )  [ RunTime:0.0000s ]
SQL: SELECT `branch_id` FROM `ps_tree` WHERE ( parent_id=5 )  [ RunTime:0.0000s ]
SQL: SELECT `branch_id` FROM `ps_tree` WHERE ( parent_id=6 )  [ RunTime:0.0000s ]
SQL: SELECT `branch_id` FROM `ps_tree` WHERE ( parent_id=7 )  [ RunTime:0.0000s ]
SQL: SELECT `branch_id` FROM `ps_tree` WHERE ( parent_id=8 )  [ RunTime:0.0000s ]
SQL: SELECT `branch_id` FROM `ps_tree` WHERE ( parent_id=9 )  [ RunTime:0.0000s ]
SQL: SELECT `branch_id` FROM `ps_tree` WHERE ( parent_id=10 )  [ RunTime:0.0000s ]
SQL: SELECT `branch_id` FROM `ps_tree` WHERE ( parent_id=11 )  [ RunTime:0.0010s ]
SQL: SELECT `branch_id` FROM `ps_tree` WHERE ( parent_id=12 )  [ RunTime:0.0000s ]
SQL: SELECT `branch_id` FROM `ps_tree` WHERE ( parent_id=15 )  [ RunTime:0.0000s ]
SQL: SELECT `branch_id` FROM `ps_tree` WHERE ( parent_id=16 )  [ RunTime:0.0000s ]
SQL: SELECT `branch_id` FROM `ps_tree` WHERE ( parent_id=17 )  [ RunTime:0.0000s ]
SQL: SELECT `branch_id` FROM `ps_tree` WHERE ( parent_id=18 )  [ RunTime:0.0010s ]
SQL: SELECT `branch_id` FROM `ps_tree` WHERE ( parent_id=19 )  [ RunTime:0.0000s ]
SQL: SELECT `branch_id` FROM `ps_tree` WHERE ( parent_id=20 )  [ RunTime:0.0000s ]
SQL: SELECT `branch_id` FROM `ps_tree` WHERE ( parent_id=21 )  [ RunTime:0.0000s ]
SQL: SELECT `branch_id` FROM `ps_tree` WHERE ( parent_id=22 )  [ RunTime:0.0000s ]
SQL: SELECT `branch_id` FROM `ps_tree` WHERE ( parent_id=23 )  [ RunTime:0.0000s ]
SQL: SELECT `branch_id` FROM `ps_tree` WHERE ( parent_id=24 )  [ RunTime:0.0000s ]
SQL: SELECT `branch_id` FROM `ps_tree` WHERE ( parent_id=25 )  [ RunTime:0.0000s ]
SQL: SELECT `branch_id` FROM `ps_tree` WHERE ( parent_id=26 )  [ RunTime:0.0000s ]
SQL: SELECT `branch_id` FROM `ps_tree` WHERE ( parent_id=27 )  [ RunTime:0.0010s ]
SQL: SELECT `branch_id` FROM `ps_tree` WHERE ( parent_id=28 )  [ RunTime:0.0000s ]
INFO: [ app_end ] --START--
INFO: Run Behavior\ShowPageTraceBehavior [ RunTime:0.001000s ]
INFO: [ app_end ] --END-- [ RunTime:0.001000s ]

[ 2017-02-13T13:25:23+08:00 ] ::1 /PShunt/index.php/Admin/Project/selectClass?c_id=21
INFO: [ app_init ] --START--
INFO: Run Behavior\BuildLiteBehavior [ RunTime:0.000000s ]
INFO: [ app_init ] --END-- [ RunTime:0.001000s ]
INFO: [ app_begin ] --START--
INFO: Run Behavior\ReadHtmlCacheBehavior [ RunTime:0.001000s ]
INFO: [ app_begin ] --END-- [ RunTime:0.001000s ]
SQL: SHOW COLUMNS FROM `ps_course` [ RunTime:0.0020s ]
SQL: SELECT `c_name`,`c_teacher`,`c_introduce` FROM `ps_course` WHERE `c_id` = 21  [ RunTime:0.0000s ]
INFO: [ app_end ] --START--
INFO: Run Behavior\ShowPageTraceBehavior [ RunTime:0.001000s ]
INFO: [ app_end ] --END-- [ RunTime:0.001000s ]

[ 2017-02-13T13:25:28+08:00 ] ::1 /PShunt/index.php/Admin/Project/removeBranch?id=27&course_id=21
INFO: [ app_init ] --START--
INFO: Run Behavior\BuildLiteBehavior [ RunTime:0.000000s ]
INFO: [ app_init ] --END-- [ RunTime:0.001000s ]
INFO: [ app_begin ] --START--
INFO: Run Behavior\ReadHtmlCacheBehavior [ RunTime:0.001000s ]
INFO: [ app_begin ] --END-- [ RunTime:0.001000s ]
SQL: SHOW COLUMNS FROM `ps_tree` [ RunTime:0.0020s ]
SQL: DELETE FROM `ps_tree` WHERE ( branch_id =27 ) [ RunTime:0.1820s ]
SQL: SHOW COLUMNS FROM `ps_course` [ RunTime:0.0020s ]
SQL: DELETE FROM `ps_course` WHERE ( c_id = 21 ) [ RunTime:0.0530s ]
INFO: [ app_end ] --START--
INFO: Run Behavior\ShowPageTraceBehavior [ RunTime:0.001000s ]
INFO: [ app_end ] --END-- [ RunTime:0.001000s ]

[ 2017-02-13T13:25:29+08:00 ] ::1 /PShunt/index.php/Admin/Project/getTree
INFO: [ app_init ] --START--
INFO: Run Behavior\BuildLiteBehavior [ RunTime:0.000000s ]
INFO: [ app_init ] --END-- [ RunTime:0.000000s ]
INFO: [ app_begin ] --START--
INFO: Run Behavior\ReadHtmlCacheBehavior [ RunTime:0.001000s ]
INFO: [ app_begin ] --END-- [ RunTime:0.001000s ]
SQL: SHOW COLUMNS FROM `ps_tree` [ RunTime:0.0010s ]
SQL: SELECT branch_id as id,parent_id as pId,`name`,`course_id` FROM `ps_tree`  [ RunTime:0.0010s ]
SQL: SELECT `branch_id` FROM `ps_tree` WHERE ( parent_id=1 )  [ RunTime:0.0000s ]
SQL: SELECT `branch_id` FROM `ps_tree` WHERE ( parent_id=2 )  [ RunTime:0.0000s ]
SQL: SELECT `branch_id` FROM `ps_tree` WHERE ( parent_id=3 )  [ RunTime:0.0000s ]
SQL: SELECT `branch_id` FROM `ps_tree` WHERE ( parent_id=4 )  [ RunTime:0.0010s ]
SQL: SELECT `branch_id` FROM `ps_tree` WHERE ( parent_id=5 )  [ RunTime:0.0000s ]
SQL: SELECT `branch_id` FROM `ps_tree` WHERE ( parent_id=6 )  [ RunTime:0.0000s ]
SQL: SELECT `branch_id` FROM `ps_tree` WHERE ( parent_id=7 )  [ RunTime:0.0000s ]
SQL: SELECT `branch_id` FROM `ps_tree` WHERE ( parent_id=8 )  [ RunTime:0.0000s ]
SQL: SELECT `branch_id` FROM `ps_tree` WHERE ( parent_id=9 )  [ RunTime:0.0000s ]
SQL: SELECT `branch_id` FROM `ps_tree` WHERE ( parent_id=10 )  [ RunTime:0.0010s ]
SQL: SELECT `branch_id` FROM `ps_tree` WHERE ( parent_id=11 )  [ RunTime:0.0000s ]
SQL: SELECT `branch_id` FROM `ps_tree` WHERE ( parent_id=12 )  [ RunTime:0.0000s ]
SQL: SELECT `branch_id` FROM `ps_tree` WHERE ( parent_id=15 )  [ RunTime:0.0000s ]
SQL: SELECT `branch_id` FROM `ps_tree` WHERE ( parent_id=16 )  [ RunTime:0.0000s ]
SQL: SELECT `branch_id` FROM `ps_tree` WHERE ( parent_id=17 )  [ RunTime:0.0000s ]
SQL: SELECT `branch_id` FROM `ps_tree` WHERE ( parent_id=18 )  [ RunTime:0.0000s ]
SQL: SELECT `branch_id` FROM `ps_tree` WHERE ( parent_id=19 )  [ RunTime:0.0000s ]
SQL: SELECT `branch_id` FROM `ps_tree` WHERE ( parent_id=20 )  [ RunTime:0.0000s ]
SQL: SELECT `branch_id` FROM `ps_tree` WHERE ( parent_id=21 )  [ RunTime:0.0000s ]
SQL: SELECT `branch_id` FROM `ps_tree` WHERE ( parent_id=22 )  [ RunTime:0.0000s ]
SQL: SELECT `branch_id` FROM `ps_tree` WHERE ( parent_id=23 )  [ RunTime:0.0010s ]
SQL: SELECT `branch_id` FROM `ps_tree` WHERE ( parent_id=24 )  [ RunTime:0.0000s ]
SQL: SELECT `branch_id` FROM `ps_tree` WHERE ( parent_id=25 )  [ RunTime:0.0000s ]
SQL: SELECT `branch_id` FROM `ps_tree` WHERE ( parent_id=26 )  [ RunTime:0.0000s ]
SQL: SELECT `branch_id` FROM `ps_tree` WHERE ( parent_id=28 )  [ RunTime:0.0000s ]
INFO: [ app_end ] --START--
INFO: Run Behavior\ShowPageTraceBehavior [ RunTime:0.001001s ]
INFO: [ app_end ] --END-- [ RunTime:0.001001s ]

[ 2017-02-13T13:25:30+08:00 ] ::1 /PShunt/index.php/Admin/Project/selectClass?c_id=22
INFO: [ app_init ] --START--
INFO: Run Behavior\BuildLiteBehavior [ RunTime:0.000000s ]
INFO: [ app_init ] --END-- [ RunTime:0.000000s ]
INFO: [ app_begin ] --START--
INFO: Run Behavior\ReadHtmlCacheBehavior [ RunTime:0.000000s ]
INFO: [ app_begin ] --END-- [ RunTime:0.000000s ]
SQL: SHOW COLUMNS FROM `ps_course` [ RunTime:0.0020s ]
SQL: SELECT `c_name`,`c_teacher`,`c_introduce` FROM `ps_course` WHERE `c_id` = 22  [ RunTime:0.0000s ]
INFO: [ app_end ] --START--
INFO: Run Behavior\ShowPageTraceBehavior [ RunTime:0.001000s ]
INFO: [ app_end ] --END-- [ RunTime:0.001000s ]

[ 2017-02-13T13:25:31+08:00 ] ::1 /PShunt/index.php/Admin/Project/removeBranch?id=28&course_id=22
INFO: [ app_init ] --START--
INFO: Run Behavior\BuildLiteBehavior [ RunTime:0.000000s ]
INFO: [ app_init ] --END-- [ RunTime:0.001000s ]
INFO: [ app_begin ] --START--
INFO: Run Behavior\ReadHtmlCacheBehavior [ RunTime:0.000000s ]
INFO: [ app_begin ] --END-- [ RunTime:0.000000s ]
SQL: SHOW COLUMNS FROM `ps_tree` [ RunTime:0.0010s ]
SQL: DELETE FROM `ps_tree` WHERE ( branch_id =28 ) [ RunTime:0.0730s ]
SQL: SHOW COLUMNS FROM `ps_course` [ RunTime:0.0020s ]
SQL: DELETE FROM `ps_course` WHERE ( c_id = 22 ) [ RunTime:0.0360s ]
INFO: [ app_end ] --START--
INFO: Run Behavior\ShowPageTraceBehavior [ RunTime:0.001000s ]
INFO: [ app_end ] --END-- [ RunTime:0.001000s ]

[ 2017-02-13T13:25:32+08:00 ] ::1 /PShunt/index.php/Admin/Project/getTree
INFO: [ app_init ] --START--
INFO: Run Behavior\BuildLiteBehavior [ RunTime:0.000000s ]
INFO: [ app_init ] --END-- [ RunTime:0.001000s ]
INFO: [ app_begin ] --START--
INFO: Run Behavior\ReadHtmlCacheBehavior [ RunTime:0.000000s ]
INFO: [ app_begin ] --END-- [ RunTime:0.000000s ]
SQL: SHOW COLUMNS FROM `ps_tree` [ RunTime:0.0010s ]
SQL: SELECT branch_id as id,parent_id as pId,`name`,`course_id` FROM `ps_tree`  [ RunTime:0.0000s ]
SQL: SELECT `branch_id` FROM `ps_tree` WHERE ( parent_id=1 )  [ RunTime:0.0000s ]
SQL: SELECT `branch_id` FROM `ps_tree` WHERE ( parent_id=2 )  [ RunTime:0.0010s ]
SQL: SELECT `branch_id` FROM `ps_tree` WHERE ( parent_id=3 )  [ RunTime:0.0000s ]
SQL: SELECT `branch_id` FROM `ps_tree` WHERE ( parent_id=4 )  [ RunTime:0.0550s ]
SQL: SELECT `branch_id` FROM `ps_tree` WHERE ( parent_id=5 )  [ RunTime:0.0000s ]
SQL: SELECT `branch_id` FROM `ps_tree` WHERE ( parent_id=6 )  [ RunTime:0.0010s ]
SQL: SELECT `branch_id` FROM `ps_tree` WHERE ( parent_id=7 )  [ RunTime:0.0000s ]
SQL: SELECT `branch_id` FROM `ps_tree` WHERE ( parent_id=8 )  [ RunTime:0.0000s ]
SQL: SELECT `branch_id` FROM `ps_tree` WHERE ( parent_id=9 )  [ RunTime:0.0000s ]
SQL: SELECT `branch_id` FROM `ps_tree` WHERE ( parent_id=10 )  [ RunTime:0.0010s ]
SQL: SELECT `branch_id` FROM `ps_tree` WHERE ( parent_id=11 )  [ RunTime:0.0000s ]
SQL: SELECT `branch_id` FROM `ps_tree` WHERE ( parent_id=12 )  [ RunTime:0.0000s ]
SQL: SELECT `branch_id` FROM `ps_tree` WHERE ( parent_id=15 )  [ RunTime:0.0000s ]
SQL: SELECT `branch_id` FROM `ps_tree` WHERE ( parent_id=16 )  [ RunTime:0.0010s ]
SQL: SELECT `branch_id` FROM `ps_tree` WHERE ( parent_id=17 )  [ RunTime:0.0000s ]
SQL: SELECT `branch_id` FROM `ps_tree` WHERE ( parent_id=18 )  [ RunTime:0.0000s ]
SQL: SELECT `branch_id` FROM `ps_tree` WHERE ( parent_id=19 )  [ RunTime:0.0000s ]
SQL: SELECT `branch_id` FROM `ps_tree` WHERE ( parent_id=20 )  [ RunTime:0.0010s ]
SQL: SELECT `branch_id` FROM `ps_tree` WHERE ( parent_id=21 )  [ RunTime:0.0000s ]
SQL: SELECT `branch_id` FROM `ps_tree` WHERE ( parent_id=22 )  [ RunTime:0.0000s ]
SQL: SELECT `branch_id` FROM `ps_tree` WHERE ( parent_id=23 )  [ RunTime:0.0000s ]
SQL: SELECT `branch_id` FROM `ps_tree` WHERE ( parent_id=24 )  [ RunTime:0.0010s ]
SQL: SELECT `branch_id` FROM `ps_tree` WHERE ( parent_id=25 )  [ RunTime:0.0000s ]
SQL: SELECT `branch_id` FROM `ps_tree` WHERE ( parent_id=26 )  [ RunTime:0.0000s ]
INFO: [ app_end ] --START--
INFO: Run Behavior\ShowPageTraceBehavior [ RunTime:0.001000s ]
INFO: [ app_end ] --END-- [ RunTime:0.001000s ]

[ 2017-02-13T13:27:09+08:00 ] ::1 /PShunt/index.php/Admin/Project/addCourse
INFO: [ app_init ] --START--
INFO: Run Behavior\BuildLiteBehavior [ RunTime:0.000000s ]
INFO: [ app_init ] --END-- [ RunTime:0.001000s ]
INFO: [ app_begin ] --START--
INFO: Run Behavior\ReadHtmlCacheBehavior [ RunTime:0.001000s ]
INFO: [ app_begin ] --END-- [ RunTime:0.001000s ]
SQL: SHOW COLUMNS FROM `ps_course` [ RunTime:0.0060s ]
SQL: SHOW COLUMNS FROM `ps_tree` [ RunTime:0.0010s ]
SQL: SELECT `c_id` FROM `ps_course` WHERE ( c_teacher = '王老师' AND c_name = 'JAVA WEB开发技术' )  [ RunTime:0.0010s ]
SQL: INSERT INTO `ps_course` (`c_name`,`c_teacher`,`c_introduce`) VALUES ('JAVA WEB开发技术','王老师','Web开发中客户端技术的基础知识，包括JavaSc ript、CSS、AJAX等，这些技术都是Web应用中常用的客户端技术。本书讲解了JSP/S rvlet技术的基础知识，并提供了一个综合案例展示其具体应用，它们是Java Web服务端技术的基石，也是学习Java Web开发所要必须掌握的技术。') [ RunTime:0.4200s ]
SQL: SELECT `c_id` FROM `ps_course` WHERE ( c_teacher = '王老师' AND c_name = 'JAVA WEB开发技术' )  [ RunTime:0.0000s ]
SQL: UPDATE `ps_tree` SET `course_id`='23' WHERE ( branch_id = 26 ) [ RunTime:0.0880s ]
INFO: [ app_end ] --START--
INFO: Run Behavior\ShowPageTraceBehavior [ RunTime:0.001000s ]
INFO: [ app_end ] --END-- [ RunTime:0.001000s ]

[ 2017-02-13T13:27:10+08:00 ] ::1 /PShunt/index.php/Admin/Project/getTree
INFO: [ app_init ] --START--
INFO: Run Behavior\BuildLiteBehavior [ RunTime:0.000000s ]
INFO: [ app_init ] --END-- [ RunTime:0.000000s ]
INFO: [ app_begin ] --START--
INFO: Run Behavior\ReadHtmlCacheBehavior [ RunTime:0.000000s ]
INFO: [ app_begin ] --END-- [ RunTime:0.000000s ]
SQL: SHOW COLUMNS FROM `ps_tree` [ RunTime:0.0010s ]
SQL: SELECT branch_id as id,parent_id as pId,`name`,`course_id` FROM `ps_tree`  [ RunTime:0.0010s ]
SQL: SELECT `branch_id` FROM `ps_tree` WHERE ( parent_id=1 )  [ RunTime:0.0000s ]
SQL: SELECT `branch_id` FROM `ps_tree` WHERE ( parent_id=2 )  [ RunTime:0.0000s ]
SQL: SELECT `branch_id` FROM `ps_tree` WHERE ( parent_id=3 )  [ RunTime:0.0000s ]
SQL: SELECT `branch_id` FROM `ps_tree` WHERE ( parent_id=4 )  [ RunTime:0.0000s ]
SQL: SELECT `branch_id` FROM `ps_tree` WHERE ( parent_id=5 )  [ RunTime:0.0000s ]
SQL: SELECT `branch_id` FROM `ps_tree` WHERE ( parent_id=6 )  [ RunTime:0.0000s ]
SQL: SELECT `branch_id` FROM `ps_tree` WHERE ( parent_id=7 )  [ RunTime:0.0000s ]
SQL: SELECT `branch_id` FROM `ps_tree` WHERE ( parent_id=8 )  [ RunTime:0.0000s ]
SQL: SELECT `branch_id` FROM `ps_tree` WHERE ( parent_id=9 )  [ RunTime:0.0000s ]
SQL: SELECT `branch_id` FROM `ps_tree` WHERE ( parent_id=10 )  [ RunTime:0.0000s ]
SQL: SELECT `branch_id` FROM `ps_tree` WHERE ( parent_id=11 )  [ RunTime:0.0010s ]
SQL: SELECT `branch_id` FROM `ps_tree` WHERE ( parent_id=12 )  [ RunTime:0.0000s ]
SQL: SELECT `branch_id` FROM `ps_tree` WHERE ( parent_id=15 )  [ RunTime:0.0000s ]
SQL: SELECT `branch_id` FROM `ps_tree` WHERE ( parent_id=16 )  [ RunTime:0.0000s ]
SQL: SELECT `branch_id` FROM `ps_tree` WHERE ( parent_id=17 )  [ RunTime:0.0010s ]
SQL: SELECT `branch_id` FROM `ps_tree` WHERE ( parent_id=18 )  [ RunTime:0.0000s ]
SQL: SELECT `branch_id` FROM `ps_tree` WHERE ( parent_id=19 )  [ RunTime:0.0000s ]
SQL: SELECT `branch_id` FROM `ps_tree` WHERE ( parent_id=20 )  [ RunTime:0.0000s ]
SQL: SELECT `branch_id` FROM `ps_tree` WHERE ( parent_id=21 )  [ RunTime:0.0010s ]
SQL: SELECT `branch_id` FROM `ps_tree` WHERE ( parent_id=22 )  [ RunTime:0.0000s ]
SQL: SELECT `branch_id` FROM `ps_tree` WHERE ( parent_id=23 )  [ RunTime:0.0000s ]
SQL: SELECT `branch_id` FROM `ps_tree` WHERE ( parent_id=24 )  [ RunTime:0.0000s ]
SQL: SELECT `branch_id` FROM `ps_tree` WHERE ( parent_id=25 )  [ RunTime:0.0010s ]
SQL: SELECT `branch_id` FROM `ps_tree` WHERE ( parent_id=26 )  [ RunTime:0.0000s ]
INFO: [ app_end ] --START--
INFO: Run Behavior\ShowPageTraceBehavior [ RunTime:0.000000s ]
INFO: [ app_end ] --END-- [ RunTime:0.000000s ]

[ 2017-02-13T14:01:52+08:00 ] ::1 /PShunt/index.php/Admin/Project/project
INFO: [ app_init ] --START--
INFO: Run Behavior\BuildLiteBehavior [ RunTime:0.000000s ]
INFO: [ app_init ] --END-- [ RunTime:0.000000s ]
INFO: [ app_begin ] --START--
INFO: Run Behavior\ReadHtmlCacheBehavior [ RunTime:0.001000s ]
INFO: [ app_begin ] --END-- [ RunTime:0.001000s ]
SQL: SHOW COLUMNS FROM `ps_tree` [ RunTime:0.0020s ]
SQL: select max(`branch_id`) as maxid from `ps_tree [ RunTime:0.0000s ]
INFO: [ view_parse ] --START--
INFO: [ template_filter ] --START--
INFO: Run Behavior\ContentReplaceBehavior [ RunTime:0.000000s ]
INFO: [ template_filter ] --END-- [ RunTime:0.001000s ]
INFO: Run Behavior\ParseTemplateBehavior [ RunTime:0.006001s ]
INFO: [ view_parse ] --END-- [ RunTime:0.006001s ]
INFO: [ view_filter ] --START--
INFO: Run Behavior\WriteHtmlCacheBehavior [ RunTime:0.001000s ]
INFO: [ view_filter ] --END-- [ RunTime:0.001000s ]
INFO: [ app_end ] --START--
INFO: Run Behavior\ShowPageTraceBehavior [ RunTime:0.001000s ]
INFO: [ app_end ] --END-- [ RunTime:0.001000s ]

[ 2017-02-13T14:01:52+08:00 ] ::1 /PShunt/index.php/Admin/Project/getTree
INFO: [ app_init ] --START--
INFO: Run Behavior\BuildLiteBehavior [ RunTime:0.000000s ]
INFO: [ app_init ] --END-- [ RunTime:0.000000s ]
INFO: [ app_begin ] --START--
INFO: Run Behavior\ReadHtmlCacheBehavior [ RunTime:0.000000s ]
INFO: [ app_begin ] --END-- [ RunTime:0.000000s ]
SQL: SHOW COLUMNS FROM `ps_tree` [ RunTime:0.0010s ]
SQL: SELECT branch_id as id,parent_id as pId,`name`,`course_id` FROM `ps_tree`  [ RunTime:0.0010s ]
SQL: SELECT `branch_id` FROM `ps_tree` WHERE ( parent_id=1 )  [ RunTime:0.0000s ]
SQL: SELECT `branch_id` FROM `ps_tree` WHERE ( parent_id=2 )  [ RunTime:0.0000s ]
SQL: SELECT `branch_id` FROM `ps_tree` WHERE ( parent_id=3 )  [ RunTime:0.0000s ]
SQL: SELECT `branch_id` FROM `ps_tree` WHERE ( parent_id=4 )  [ RunTime:0.0010s ]
SQL: SELECT `branch_id` FROM `ps_tree` WHERE ( parent_id=5 )  [ RunTime:0.0000s ]
SQL: SELECT `branch_id` FROM `ps_tree` WHERE ( parent_id=6 )  [ RunTime:0.0000s ]
SQL: SELECT `branch_id` FROM `ps_tree` WHERE ( parent_id=7 )  [ RunTime:0.0000s ]
SQL: SELECT `branch_id` FROM `ps_tree` WHERE ( parent_id=8 )  [ RunTime:0.0000s ]
SQL: SELECT `branch_id` FROM `ps_tree` WHERE ( parent_id=9 )  [ RunTime:0.0010s ]
SQL: SELECT `branch_id` FROM `ps_tree` WHERE ( parent_id=10 )  [ RunTime:0.0000s ]
SQL: SELECT `branch_id` FROM `ps_tree` WHERE ( parent_id=11 )  [ RunTime:0.0000s ]
SQL: SELECT `branch_id` FROM `ps_tree` WHERE ( parent_id=12 )  [ RunTime:0.0000s ]
SQL: SELECT `branch_id` FROM `ps_tree` WHERE ( parent_id=15 )  [ RunTime:0.0000s ]
SQL: SELECT `branch_id` FROM `ps_tree` WHERE ( parent_id=16 )  [ RunTime:0.0000s ]
SQL: SELECT `branch_id` FROM `ps_tree` WHERE ( parent_id=17 )  [ RunTime:0.0000s ]
SQL: SELECT `branch_id` FROM `ps_tree` WHERE ( parent_id=18 )  [ RunTime:0.0000s ]
SQL: SELECT `branch_id` FROM `ps_tree` WHERE ( parent_id=19 )  [ RunTime:0.0000s ]
SQL: SELECT `branch_id` FROM `ps_tree` WHERE ( parent_id=20 )  [ RunTime:0.0000s ]
SQL: SELECT `branch_id` FROM `ps_tree` WHERE ( parent_id=21 )  [ RunTime:0.0000s ]
SQL: SELECT `branch_id` FROM `ps_tree` WHERE ( parent_id=22 )  [ RunTime:0.0000s ]
SQL: SELECT `branch_id` FROM `ps_tree` WHERE ( parent_id=23 )  [ RunTime:0.0010s ]
SQL: SELECT `branch_id` FROM `ps_tree` WHERE ( parent_id=24 )  [ RunTime:0.0000s ]
SQL: SELECT `branch_id` FROM `ps_tree` WHERE ( parent_id=25 )  [ RunTime:0.0000s ]
SQL: SELECT `branch_id` FROM `ps_tree` WHERE ( parent_id=26 )  [ RunTime:0.0000s ]
INFO: [ app_end ] --START--
INFO: Run Behavior\ShowPageTraceBehavior [ RunTime:0.001000s ]
INFO: [ app_end ] --END-- [ RunTime:0.001000s ]

