[ 2017-02-08T19:26:45+08:00 ] ::1 /PShunt/index.php/Admin/Login/login
INFO: [ app_init ] --START--
INFO: Run Behavior\BuildLiteBehavior [ RunTime:0.000000s ]
INFO: [ app_init ] --END-- [ RunTime:0.001000s ]
INFO: [ app_begin ] --START--
INFO: Run Behavior\ReadHtmlCacheBehavior [ RunTime:0.000000s ]
INFO: [ app_begin ] --END-- [ RunTime:0.000000s ]
INFO: [ view_parse ] --START--
INFO: [ template_filter ] --START--
INFO: Run Behavior\ContentReplaceBehavior [ RunTime:0.000000s ]
INFO: [ template_filter ] --END-- [ RunTime:0.000000s ]
INFO: Run Behavior\ParseTemplateBehavior [ RunTime:0.005000s ]
INFO: [ view_parse ] --END-- [ RunTime:0.005000s ]
INFO: [ view_filter ] --START--
INFO: Run Behavior\WriteHtmlCacheBehavior [ RunTime:0.000000s ]
INFO: [ view_filter ] --END-- [ RunTime:0.000000s ]
INFO: [ app_end ] --START--
INFO: Run Behavior\ShowPageTraceBehavior [ RunTime:0.001000s ]
INFO: [ app_end ] --END-- [ RunTime:0.001000s ]

[ 2017-02-08T19:27:55+08:00 ] ::1 /PShunt/index.php/Admin/Login/doLogin
INFO: [ app_init ] --START--
INFO: Run Behavior\BuildLiteBehavior [ RunTime:0.000000s ]
INFO: [ app_init ] --END-- [ RunTime:0.001000s ]
INFO: [ app_begin ] --START--
INFO: Run Behavior\ReadHtmlCacheBehavior [ RunTime:0.001000s ]
INFO: [ app_begin ] --END-- [ RunTime:0.001000s ]
SQL: SHOW COLUMNS FROM `ps_manger` [ RunTime:0.4150s ]
SQL: SELECT `m_id` FROM `ps_manger` WHERE `m_name` = 'Admin' AND `m_password` = '123456' LIMIT 1   [ RunTime:0.0010s ]
INFO: [ view_parse ] --START--
INFO: [ template_filter ] --START--
INFO: Run Behavior\ContentReplaceBehavior [ RunTime:0.000000s ]
INFO: [ template_filter ] --END-- [ RunTime:0.000000s ]
INFO: Run Behavior\ParseTemplateBehavior [ RunTime:0.005000s ]
INFO: [ view_parse ] --END-- [ RunTime:0.005000s ]
INFO: [ view_filter ] --START--
INFO: Run Behavior\WriteHtmlCacheBehavior [ RunTime:0.000000s ]
INFO: [ view_filter ] --END-- [ RunTime:0.000000s ]
INFO: [ app_end ] --START--
INFO: Run Behavior\ShowPageTraceBehavior [ RunTime:0.001000s ]
INFO: [ app_end ] --END-- [ RunTime:0.001000s ]

[ 2017-02-08T19:27:56+08:00 ] ::1 /PShunt/index.php/Admin/Student/student.html
INFO: [ app_init ] --START--
INFO: Run Behavior\BuildLiteBehavior [ RunTime:0.000000s ]
INFO: [ app_init ] --END-- [ RunTime:0.000000s ]
INFO: [ app_begin ] --START--
INFO: Run Behavior\ReadHtmlCacheBehavior [ RunTime:0.000000s ]
INFO: [ app_begin ] --END-- [ RunTime:0.001000s ]
SQL: SHOW COLUMNS FROM `ps_student` [ RunTime:0.0210s ]
SQL: SELECT DISTINCT `si_grade`,`si_profession`,`si_class` FROM `ps_student` WHERE 1   [ RunTime:0.0360s ]
NOTIC: [8] Undefined variable: str D:\xampp\htdocs\PShunt\App\Admin\Controller\StudentController.class.php 第 29 行.
INFO: [ view_parse ] --START--
INFO: [ template_filter ] --START--
INFO: Run Behavior\ContentReplaceBehavior [ RunTime:0.000000s ]
INFO: [ template_filter ] --END-- [ RunTime:0.000000s ]
INFO: Run Behavior\ParseTemplateBehavior [ RunTime:0.045003s ]
INFO: [ view_parse ] --END-- [ RunTime:0.045003s ]
INFO: [ view_filter ] --START--
INFO: Run Behavior\WriteHtmlCacheBehavior [ RunTime:0.001000s ]
INFO: [ view_filter ] --END-- [ RunTime:0.001000s ]
INFO: [ app_end ] --START--
INFO: Run Behavior\ShowPageTraceBehavior [ RunTime:0.001000s ]
INFO: [ app_end ] --END-- [ RunTime:0.001000s ]

[ 2017-02-08T19:27:56+08:00 ] ::1 /PShunt/index.php/Admin/Student/getAllStudentInfo?order=asc&offset=0&limit=20
INFO: [ app_init ] --START--
INFO: Run Behavior\BuildLiteBehavior [ RunTime:0.000000s ]
INFO: [ app_init ] --END-- [ RunTime:0.000000s ]
INFO: [ app_begin ] --START--
INFO: Run Behavior\ReadHtmlCacheBehavior [ RunTime:0.001000s ]
INFO: [ app_begin ] --END-- [ RunTime:0.001000s ]
SQL: SHOW COLUMNS FROM `ps_student` [ RunTime:0.0040s ]
SQL: SELECT `si_number`, `si_name`, `si_sex`, `si_grade`, `si_profession`, `si_class` FROM `ps_student` WHERE 1  [ RunTime:0.0060s ]
INFO: [ app_end ] --START--
INFO: Run Behavior\ShowPageTraceBehavior [ RunTime:0.001000s ]
INFO: [ app_end ] --END-- [ RunTime:0.001000s ]

[ 2017-02-08T19:27:58+08:00 ] ::1 /PShunt/index.php/Admin/Project/project
INFO: [ app_init ] --START--
INFO: Run Behavior\BuildLiteBehavior [ RunTime:0.000000s ]
INFO: [ app_init ] --END-- [ RunTime:0.002000s ]
INFO: [ app_begin ] --START--
INFO: Run Behavior\ReadHtmlCacheBehavior [ RunTime:0.000000s ]
INFO: [ app_begin ] --END-- [ RunTime:0.000000s ]
SQL: SHOW COLUMNS FROM `ps_tree` [ RunTime:0.0170s ]
SQL: select max(`branch_id`) as maxid from `ps_tree [ RunTime:0.0000s ]
INFO: [ view_parse ] --START--
INFO: [ template_filter ] --START--
INFO: Run Behavior\ContentReplaceBehavior [ RunTime:0.000000s ]
INFO: [ template_filter ] --END-- [ RunTime:0.000000s ]
INFO: Run Behavior\ParseTemplateBehavior [ RunTime:0.007001s ]
INFO: [ view_parse ] --END-- [ RunTime:0.007001s ]
INFO: [ view_filter ] --START--
INFO: Run Behavior\WriteHtmlCacheBehavior [ RunTime:0.000000s ]
INFO: [ view_filter ] --END-- [ RunTime:0.000000s ]
INFO: [ app_end ] --START--
INFO: Run Behavior\ShowPageTraceBehavior [ RunTime:0.001000s ]
INFO: [ app_end ] --END-- [ RunTime:0.001000s ]

[ 2017-02-08T19:27:58+08:00 ] ::1 /PShunt/index.php/Admin/Project/getTree
INFO: [ app_init ] --START--
INFO: Run Behavior\BuildLiteBehavior [ RunTime:0.000000s ]
INFO: [ app_init ] --END-- [ RunTime:0.001000s ]
INFO: [ app_begin ] --START--
INFO: Run Behavior\ReadHtmlCacheBehavior [ RunTime:0.000000s ]
INFO: [ app_begin ] --END-- [ RunTime:0.001001s ]
SQL: SHOW COLUMNS FROM `ps_tree` [ RunTime:0.0030s ]
SQL: SELECT branch_id as id,parent_id as pId,`name`,`course_id` FROM `ps_tree`  [ RunTime:0.0000s ]
SQL: SELECT `branch_id` FROM `ps_tree` WHERE ( parent_id=1 )  [ RunTime:0.0000s ]
SQL: SELECT `branch_id` FROM `ps_tree` WHERE ( parent_id=2 )  [ RunTime:0.0000s ]
SQL: SELECT `branch_id` FROM `ps_tree` WHERE ( parent_id=3 )  [ RunTime:0.0000s ]
SQL: SELECT `branch_id` FROM `ps_tree` WHERE ( parent_id=4 )  [ RunTime:0.0010s ]
SQL: SELECT `branch_id` FROM `ps_tree` WHERE ( parent_id=5 )  [ RunTime:0.0000s ]
SQL: SELECT `branch_id` FROM `ps_tree` WHERE ( parent_id=6 )  [ RunTime:0.0000s ]
SQL: SELECT `branch_id` FROM `ps_tree` WHERE ( parent_id=7 )  [ RunTime:0.0010s ]
SQL: SELECT `branch_id` FROM `ps_tree` WHERE ( parent_id=8 )  [ RunTime:0.0000s ]
SQL: SELECT `branch_id` FROM `ps_tree` WHERE ( parent_id=9 )  [ RunTime:0.0000s ]
SQL: SELECT `branch_id` FROM `ps_tree` WHERE ( parent_id=10 )  [ RunTime:0.0000s ]
SQL: SELECT `branch_id` FROM `ps_tree` WHERE ( parent_id=11 )  [ RunTime:0.0000s ]
SQL: SELECT `branch_id` FROM `ps_tree` WHERE ( parent_id=12 )  [ RunTime:0.0000s ]
SQL: SELECT `branch_id` FROM `ps_tree` WHERE ( parent_id=14 )  [ RunTime:0.0000s ]
SQL: SELECT `branch_id` FROM `ps_tree` WHERE ( parent_id=15 )  [ RunTime:0.0010s ]
SQL: SELECT `branch_id` FROM `ps_tree` WHERE ( parent_id=16 )  [ RunTime:0.0000s ]
SQL: SELECT `branch_id` FROM `ps_tree` WHERE ( parent_id=17 )  [ RunTime:0.0000s ]
SQL: SELECT `branch_id` FROM `ps_tree` WHERE ( parent_id=18 )  [ RunTime:0.0000s ]
SQL: SELECT `branch_id` FROM `ps_tree` WHERE ( parent_id=19 )  [ RunTime:0.0000s ]
SQL: SELECT `branch_id` FROM `ps_tree` WHERE ( parent_id=20 )  [ RunTime:0.0010s ]
SQL: SELECT `branch_id` FROM `ps_tree` WHERE ( parent_id=21 )  [ RunTime:0.0000s ]
SQL: SELECT `branch_id` FROM `ps_tree` WHERE ( parent_id=22 )  [ RunTime:0.0000s ]
SQL: SELECT `branch_id` FROM `ps_tree` WHERE ( parent_id=23 )  [ RunTime:0.0000s ]
SQL: SELECT `branch_id` FROM `ps_tree` WHERE ( parent_id=24 )  [ RunTime:0.0000s ]
SQL: SELECT `branch_id` FROM `ps_tree` WHERE ( parent_id=25 )  [ RunTime:0.0000s ]
INFO: [ app_end ] --START--
INFO: Run Behavior\ShowPageTraceBehavior [ RunTime:0.001000s ]
INFO: [ app_end ] --END-- [ RunTime:0.001000s ]

[ 2017-02-08T19:28:01+08:00 ] ::1 /PShunt/index.php/Admin/Student/student
INFO: [ app_init ] --START--
INFO: Run Behavior\BuildLiteBehavior [ RunTime:0.000000s ]
INFO: [ app_init ] --END-- [ RunTime:0.000000s ]
INFO: [ app_begin ] --START--
INFO: Run Behavior\ReadHtmlCacheBehavior [ RunTime:0.001000s ]
INFO: [ app_begin ] --END-- [ RunTime:0.001000s ]
SQL: SHOW COLUMNS FROM `ps_student` [ RunTime:0.0030s ]
SQL: SELECT DISTINCT `si_grade`,`si_profession`,`si_class` FROM `ps_student` WHERE 1   [ RunTime:0.0020s ]
NOTIC: [8] Undefined variable: str D:\xampp\htdocs\PShunt\App\Admin\Controller\StudentController.class.php 第 29 行.
INFO: [ view_parse ] --START--
INFO: [ template_filter ] --START--
INFO: Run Behavior\ContentReplaceBehavior [ RunTime:0.000000s ]
INFO: [ template_filter ] --END-- [ RunTime:0.000000s ]
INFO: Run Behavior\ParseTemplateBehavior [ RunTime:0.004000s ]
INFO: [ view_parse ] --END-- [ RunTime:0.004000s ]
INFO: [ view_filter ] --START--
INFO: Run Behavior\WriteHtmlCacheBehavior [ RunTime:0.001000s ]
INFO: [ view_filter ] --END-- [ RunTime:0.001000s ]
INFO: [ app_end ] --START--
INFO: Run Behavior\ShowPageTraceBehavior [ RunTime:0.000000s ]
INFO: [ app_end ] --END-- [ RunTime:0.000000s ]

[ 2017-02-08T19:28:02+08:00 ] ::1 /PShunt/index.php/Admin/Student/getAllStudentInfo?order=asc&offset=0&limit=20
INFO: [ app_init ] --START--
INFO: Run Behavior\BuildLiteBehavior [ RunTime:0.000000s ]
INFO: [ app_init ] --END-- [ RunTime:0.000000s ]
INFO: [ app_begin ] --START--
INFO: Run Behavior\ReadHtmlCacheBehavior [ RunTime:0.000000s ]
INFO: [ app_begin ] --END-- [ RunTime:0.000000s ]
SQL: SHOW COLUMNS FROM `ps_student` [ RunTime:0.0020s ]
SQL: SELECT `si_number`, `si_name`, `si_sex`, `si_grade`, `si_profession`, `si_class` FROM `ps_student` WHERE 1  [ RunTime:0.0150s ]
INFO: [ app_end ] --START--
INFO: Run Behavior\ShowPageTraceBehavior [ RunTime:0.000000s ]
INFO: [ app_end ] --END-- [ RunTime:0.000000s ]

[ 2017-02-08T19:33:22+08:00 ] ::1 /PShunt/index.php/Admin/Project/project
INFO: [ app_init ] --START--
INFO: Run Behavior\BuildLiteBehavior [ RunTime:0.000000s ]
INFO: [ app_init ] --END-- [ RunTime:0.001000s ]
INFO: [ app_begin ] --START--
INFO: Run Behavior\ReadHtmlCacheBehavior [ RunTime:0.000000s ]
INFO: [ app_begin ] --END-- [ RunTime:0.000000s ]
SQL: SHOW COLUMNS FROM `ps_tree` [ RunTime:0.0020s ]
SQL: select max(`branch_id`) as maxid from `ps_tree [ RunTime:0.0000s ]
INFO: [ view_parse ] --START--
INFO: [ template_filter ] --START--
INFO: Run Behavior\ContentReplaceBehavior [ RunTime:0.001000s ]
INFO: [ template_filter ] --END-- [ RunTime:0.001000s ]
INFO: Run Behavior\ParseTemplateBehavior [ RunTime:0.007001s ]
INFO: [ view_parse ] --END-- [ RunTime:0.008001s ]
INFO: [ view_filter ] --START--
INFO: Run Behavior\WriteHtmlCacheBehavior [ RunTime:0.000000s ]
INFO: [ view_filter ] --END-- [ RunTime:0.000000s ]
INFO: [ app_end ] --START--
INFO: Run Behavior\ShowPageTraceBehavior [ RunTime:0.001000s ]
INFO: [ app_end ] --END-- [ RunTime:0.001000s ]

[ 2017-02-08T19:33:22+08:00 ] ::1 /PShunt/index.php/Admin/Project/getTree
INFO: [ app_init ] --START--
INFO: Run Behavior\BuildLiteBehavior [ RunTime:0.000000s ]
INFO: [ app_init ] --END-- [ RunTime:0.001000s ]
INFO: [ app_begin ] --START--
INFO: Run Behavior\ReadHtmlCacheBehavior [ RunTime:0.001000s ]
INFO: [ app_begin ] --END-- [ RunTime:0.001000s ]
SQL: SHOW COLUMNS FROM `ps_tree` [ RunTime:0.0010s ]
SQL: SELECT branch_id as id,parent_id as pId,`name`,`course_id` FROM `ps_tree`  [ RunTime:0.0000s ]
SQL: SELECT `branch_id` FROM `ps_tree` WHERE ( parent_id=1 )  [ RunTime:0.0000s ]
SQL: SELECT `branch_id` FROM `ps_tree` WHERE ( parent_id=2 )  [ RunTime:0.0000s ]
SQL: SELECT `branch_id` FROM `ps_tree` WHERE ( parent_id=3 )  [ RunTime:0.0000s ]
SQL: SELECT `branch_id` FROM `ps_tree` WHERE ( parent_id=4 )  [ RunTime:0.0000s ]
SQL: SELECT `branch_id` FROM `ps_tree` WHERE ( parent_id=5 )  [ RunTime:0.0000s ]
SQL: SELECT `branch_id` FROM `ps_tree` WHERE ( parent_id=6 )  [ RunTime:0.0000s ]
SQL: SELECT `branch_id` FROM `ps_tree` WHERE ( parent_id=7 )  [ RunTime:0.0010s ]
SQL: SELECT `branch_id` FROM `ps_tree` WHERE ( parent_id=8 )  [ RunTime:0.0000s ]
SQL: SELECT `branch_id` FROM `ps_tree` WHERE ( parent_id=9 )  [ RunTime:0.0000s ]
SQL: SELECT `branch_id` FROM `ps_tree` WHERE ( parent_id=10 )  [ RunTime:0.0000s ]
SQL: SELECT `branch_id` FROM `ps_tree` WHERE ( parent_id=11 )  [ RunTime:0.0000s ]
SQL: SELECT `branch_id` FROM `ps_tree` WHERE ( parent_id=12 )  [ RunTime:0.0000s ]
SQL: SELECT `branch_id` FROM `ps_tree` WHERE ( parent_id=14 )  [ RunTime:0.0000s ]
SQL: SELECT `branch_id` FROM `ps_tree` WHERE ( parent_id=15 )  [ RunTime:0.0000s ]
SQL: SELECT `branch_id` FROM `ps_tree` WHERE ( parent_id=16 )  [ RunTime:0.0000s ]
SQL: SELECT `branch_id` FROM `ps_tree` WHERE ( parent_id=17 )  [ RunTime:0.0000s ]
SQL: SELECT `branch_id` FROM `ps_tree` WHERE ( parent_id=18 )  [ RunTime:0.0010s ]
SQL: SELECT `branch_id` FROM `ps_tree` WHERE ( parent_id=19 )  [ RunTime:0.0000s ]
SQL: SELECT `branch_id` FROM `ps_tree` WHERE ( parent_id=20 )  [ RunTime:0.0000s ]
SQL: SELECT `branch_id` FROM `ps_tree` WHERE ( parent_id=21 )  [ RunTime:0.0000s ]
SQL: SELECT `branch_id` FROM `ps_tree` WHERE ( parent_id=22 )  [ RunTime:0.0000s ]
SQL: SELECT `branch_id` FROM `ps_tree` WHERE ( parent_id=23 )  [ RunTime:0.0010s ]
SQL: SELECT `branch_id` FROM `ps_tree` WHERE ( parent_id=24 )  [ RunTime:0.0000s ]
SQL: SELECT `branch_id` FROM `ps_tree` WHERE ( parent_id=25 )  [ RunTime:0.0000s ]
INFO: [ app_end ] --START--
INFO: Run Behavior\ShowPageTraceBehavior [ RunTime:0.001000s ]
INFO: [ app_end ] --END-- [ RunTime:0.001000s ]

[ 2017-02-08T19:33:24+08:00 ] ::1 /PShunt/index.php/Admin/Project/selectClass?c_id=9
INFO: [ app_init ] --START--
INFO: Run Behavior\BuildLiteBehavior [ RunTime:0.000000s ]
INFO: [ app_init ] --END-- [ RunTime:0.000000s ]
INFO: [ app_begin ] --START--
INFO: Run Behavior\ReadHtmlCacheBehavior [ RunTime:0.000000s ]
INFO: [ app_begin ] --END-- [ RunTime:0.000000s ]
SQL: SHOW COLUMNS FROM `ps_course` [ RunTime:0.0130s ]
SQL: SELECT `c_name`,`c_teacher`,`c_introduce` FROM `ps_course` WHERE `c_id` = 9  [ RunTime:0.0010s ]
INFO: [ app_end ] --START--
INFO: Run Behavior\ShowPageTraceBehavior [ RunTime:0.000000s ]
INFO: [ app_end ] --END-- [ RunTime:0.000000s ]

[ 2017-02-08T19:33:25+08:00 ] ::1 /PShunt/index.php/Admin/Project/selectClass?c_id=9
INFO: [ app_init ] --START--
INFO: Run Behavior\BuildLiteBehavior [ RunTime:0.000000s ]
INFO: [ app_init ] --END-- [ RunTime:0.001000s ]
INFO: [ app_begin ] --START--
INFO: Run Behavior\ReadHtmlCacheBehavior [ RunTime:0.001000s ]
INFO: [ app_begin ] --END-- [ RunTime:0.001000s ]
SQL: SHOW COLUMNS FROM `ps_course` [ RunTime:0.0020s ]
SQL: SELECT `c_name`,`c_teacher`,`c_introduce` FROM `ps_course` WHERE `c_id` = 9  [ RunTime:0.0010s ]
INFO: [ app_end ] --START--
INFO: Run Behavior\ShowPageTraceBehavior [ RunTime:0.001000s ]
INFO: [ app_end ] --END-- [ RunTime:0.001000s ]

[ 2017-02-08T19:33:25+08:00 ] ::1 /PShunt/index.php/Admin/Project/selectClass?c_id=9
INFO: [ app_init ] --START--
INFO: Run Behavior\BuildLiteBehavior [ RunTime:0.000000s ]
INFO: [ app_init ] --END-- [ RunTime:0.000000s ]
INFO: [ app_begin ] --START--
INFO: Run Behavior\ReadHtmlCacheBehavior [ RunTime:0.000000s ]
INFO: [ app_begin ] --END-- [ RunTime:0.000000s ]
SQL: SHOW COLUMNS FROM `ps_course` [ RunTime:0.0010s ]
SQL: SELECT `c_name`,`c_teacher`,`c_introduce` FROM `ps_course` WHERE `c_id` = 9  [ RunTime:0.0000s ]
INFO: [ app_end ] --START--
INFO: Run Behavior\ShowPageTraceBehavior [ RunTime:0.000000s ]
INFO: [ app_end ] --END-- [ RunTime:0.000000s ]

[ 2017-02-08T19:33:35+08:00 ] ::1 /PShunt/index.php/Admin/Project/selectClass?c_id=9
INFO: [ app_init ] --START--
INFO: Run Behavior\BuildLiteBehavior [ RunTime:0.000000s ]
INFO: [ app_init ] --END-- [ RunTime:0.000000s ]
INFO: [ app_begin ] --START--
INFO: Run Behavior\ReadHtmlCacheBehavior [ RunTime:0.000000s ]
INFO: [ app_begin ] --END-- [ RunTime:0.000000s ]
SQL: SHOW COLUMNS FROM `ps_course` [ RunTime:0.0020s ]
SQL: SELECT `c_name`,`c_teacher`,`c_introduce` FROM `ps_course` WHERE `c_id` = 9  [ RunTime:0.0000s ]
INFO: [ app_end ] --START--
INFO: Run Behavior\ShowPageTraceBehavior [ RunTime:0.000000s ]
INFO: [ app_end ] --END-- [ RunTime:0.001000s ]

[ 2017-02-08T19:33:36+08:00 ] ::1 /PShunt/index.php/Admin/Project/selectClass?c_id=9
INFO: [ app_init ] --START--
INFO: Run Behavior\BuildLiteBehavior [ RunTime:0.000000s ]
INFO: [ app_init ] --END-- [ RunTime:0.000000s ]
INFO: [ app_begin ] --START--
INFO: Run Behavior\ReadHtmlCacheBehavior [ RunTime:0.000000s ]
INFO: [ app_begin ] --END-- [ RunTime:0.000000s ]
SQL: SHOW COLUMNS FROM `ps_course` [ RunTime:0.0010s ]
SQL: SELECT `c_name`,`c_teacher`,`c_introduce` FROM `ps_course` WHERE `c_id` = 9  [ RunTime:0.0000s ]
INFO: [ app_end ] --START--
INFO: Run Behavior\ShowPageTraceBehavior [ RunTime:0.000000s ]
INFO: [ app_end ] --END-- [ RunTime:0.000000s ]

[ 2017-02-08T19:41:21+08:00 ] ::1 /PShunt/index.php/Admin/Project/project
INFO: [ app_init ] --START--
INFO: Run Behavior\BuildLiteBehavior [ RunTime:0.000000s ]
INFO: [ app_init ] --END-- [ RunTime:0.000000s ]
INFO: [ app_begin ] --START--
INFO: Run Behavior\ReadHtmlCacheBehavior [ RunTime:0.000000s ]
INFO: [ app_begin ] --END-- [ RunTime:0.001000s ]
SQL: SHOW COLUMNS FROM `ps_tree` [ RunTime:0.0020s ]
SQL: select max(`branch_id`) as maxid from `ps_tree [ RunTime:0.0000s ]
INFO: [ view_parse ] --START--
INFO: [ template_filter ] --START--
INFO: Run Behavior\ContentReplaceBehavior [ RunTime:0.000000s ]
INFO: [ template_filter ] --END-- [ RunTime:0.000000s ]
INFO: Run Behavior\ParseTemplateBehavior [ RunTime:0.005000s ]
INFO: [ view_parse ] --END-- [ RunTime:0.005000s ]
INFO: [ view_filter ] --START--
INFO: Run Behavior\WriteHtmlCacheBehavior [ RunTime:0.000000s ]
INFO: [ view_filter ] --END-- [ RunTime:0.000000s ]
INFO: [ app_end ] --START--
INFO: Run Behavior\ShowPageTraceBehavior [ RunTime:0.000000s ]
INFO: [ app_end ] --END-- [ RunTime:0.000000s ]

[ 2017-02-08T19:41:22+08:00 ] ::1 /PShunt/index.php/Admin/Project/getTree
INFO: [ app_init ] --START--
INFO: Run Behavior\BuildLiteBehavior [ RunTime:0.000000s ]
INFO: [ app_init ] --END-- [ RunTime:0.000000s ]
INFO: [ app_begin ] --START--
INFO: Run Behavior\ReadHtmlCacheBehavior [ RunTime:0.000000s ]
INFO: [ app_begin ] --END-- [ RunTime:0.000000s ]
SQL: SHOW COLUMNS FROM `ps_tree` [ RunTime:0.0020s ]
SQL: SELECT branch_id as id,parent_id as pId,`name`,`course_id` FROM `ps_tree`  [ RunTime:0.0000s ]
SQL: SELECT `branch_id` FROM `ps_tree` WHERE ( parent_id=1 )  [ RunTime:0.0010s ]
SQL: SELECT `branch_id` FROM `ps_tree` WHERE ( parent_id=2 )  [ RunTime:0.0000s ]
SQL: SELECT `branch_id` FROM `ps_tree` WHERE ( parent_id=3 )  [ RunTime:0.0000s ]
SQL: SELECT `branch_id` FROM `ps_tree` WHERE ( parent_id=4 )  [ RunTime:0.0000s ]
SQL: SELECT `branch_id` FROM `ps_tree` WHERE ( parent_id=5 )  [ RunTime:0.0000s ]
SQL: SELECT `branch_id` FROM `ps_tree` WHERE ( parent_id=6 )  [ RunTime:0.0000s ]
SQL: SELECT `branch_id` FROM `ps_tree` WHERE ( parent_id=7 )  [ RunTime:0.0010s ]
SQL: SELECT `branch_id` FROM `ps_tree` WHERE ( parent_id=8 )  [ RunTime:0.0000s ]
SQL: SELECT `branch_id` FROM `ps_tree` WHERE ( parent_id=9 )  [ RunTime:0.0000s ]
SQL: SELECT `branch_id` FROM `ps_tree` WHERE ( parent_id=10 )  [ RunTime:0.0000s ]
SQL: SELECT `branch_id` FROM `ps_tree` WHERE ( parent_id=11 )  [ RunTime:0.0000s ]
SQL: SELECT `branch_id` FROM `ps_tree` WHERE ( parent_id=12 )  [ RunTime:0.0000s ]
SQL: SELECT `branch_id` FROM `ps_tree` WHERE ( parent_id=14 )  [ RunTime:0.0000s ]
SQL: SELECT `branch_id` FROM `ps_tree` WHERE ( parent_id=15 )  [ RunTime:0.0000s ]
SQL: SELECT `branch_id` FROM `ps_tree` WHERE ( parent_id=16 )  [ RunTime:0.0000s ]
SQL: SELECT `branch_id` FROM `ps_tree` WHERE ( parent_id=17 )  [ RunTime:0.0000s ]
SQL: SELECT `branch_id` FROM `ps_tree` WHERE ( parent_id=18 )  [ RunTime:0.0000s ]
SQL: SELECT `branch_id` FROM `ps_tree` WHERE ( parent_id=19 )  [ RunTime:0.0000s ]
SQL: SELECT `branch_id` FROM `ps_tree` WHERE ( parent_id=20 )  [ RunTime:0.0000s ]
SQL: SELECT `branch_id` FROM `ps_tree` WHERE ( parent_id=21 )  [ RunTime:0.0010s ]
SQL: SELECT `branch_id` FROM `ps_tree` WHERE ( parent_id=22 )  [ RunTime:0.0000s ]
SQL: SELECT `branch_id` FROM `ps_tree` WHERE ( parent_id=23 )  [ RunTime:0.0000s ]
SQL: SELECT `branch_id` FROM `ps_tree` WHERE ( parent_id=24 )  [ RunTime:0.0000s ]
SQL: SELECT `branch_id` FROM `ps_tree` WHERE ( parent_id=25 )  [ RunTime:0.0000s ]
INFO: [ app_end ] --START--
INFO: Run Behavior\ShowPageTraceBehavior [ RunTime:0.001000s ]
INFO: [ app_end ] --END-- [ RunTime:0.001000s ]

[ 2017-02-08T19:41:23+08:00 ] ::1 /PShunt/index.php/Admin/Project/selectClass?c_id=9
INFO: [ app_init ] --START--
INFO: Run Behavior\BuildLiteBehavior [ RunTime:0.000000s ]
INFO: [ app_init ] --END-- [ RunTime:0.000000s ]
INFO: [ app_begin ] --START--
INFO: Run Behavior\ReadHtmlCacheBehavior [ RunTime:0.000000s ]
INFO: [ app_begin ] --END-- [ RunTime:0.000000s ]
SQL: SHOW COLUMNS FROM `ps_course` [ RunTime:0.0030s ]
SQL: SELECT `c_name`,`c_teacher`,`c_introduce` FROM `ps_course` WHERE `c_id` = 9  [ RunTime:0.0000s ]
INFO: [ app_end ] --START--
INFO: Run Behavior\ShowPageTraceBehavior [ RunTime:0.000000s ]
INFO: [ app_end ] --END-- [ RunTime:0.000000s ]

[ 2017-02-08T19:41:23+08:00 ] ::1 /PShunt/index.php/Admin/Project/selectClass?c_id=9
INFO: [ app_init ] --START--
INFO: Run Behavior\BuildLiteBehavior [ RunTime:0.000000s ]
INFO: [ app_init ] --END-- [ RunTime:0.001000s ]
INFO: [ app_begin ] --START--
INFO: Run Behavior\ReadHtmlCacheBehavior [ RunTime:0.003000s ]
INFO: [ app_begin ] --END-- [ RunTime:0.003000s ]
SQL: SHOW COLUMNS FROM `ps_course` [ RunTime:0.0020s ]
SQL: SELECT `c_name`,`c_teacher`,`c_introduce` FROM `ps_course` WHERE `c_id` = 9  [ RunTime:0.0000s ]
INFO: [ app_end ] --START--
INFO: Run Behavior\ShowPageTraceBehavior [ RunTime:0.001000s ]
INFO: [ app_end ] --END-- [ RunTime:0.001000s ]

[ 2017-02-08T19:41:23+08:00 ] ::1 /PShunt/index.php/Admin/Project/selectClass?c_id=9
INFO: [ app_init ] --START--
INFO: Run Behavior\BuildLiteBehavior [ RunTime:0.000000s ]
INFO: [ app_init ] --END-- [ RunTime:0.000000s ]
INFO: [ app_begin ] --START--
INFO: Run Behavior\ReadHtmlCacheBehavior [ RunTime:0.001000s ]
INFO: [ app_begin ] --END-- [ RunTime:0.001000s ]
SQL: SHOW COLUMNS FROM `ps_course` [ RunTime:0.0040s ]
SQL: SELECT `c_name`,`c_teacher`,`c_introduce` FROM `ps_course` WHERE `c_id` = 9  [ RunTime:0.0000s ]
INFO: [ app_end ] --START--
INFO: Run Behavior\ShowPageTraceBehavior [ RunTime:0.001000s ]
INFO: [ app_end ] --END-- [ RunTime:0.001000s ]

[ 2017-02-08T19:41:40+08:00 ] ::1 /PShunt/index.php/Admin/Project/project
INFO: [ app_init ] --START--
INFO: Run Behavior\BuildLiteBehavior [ RunTime:0.000000s ]
INFO: [ app_init ] --END-- [ RunTime:0.000000s ]
INFO: [ app_begin ] --START--
INFO: Run Behavior\ReadHtmlCacheBehavior [ RunTime:0.001000s ]
INFO: [ app_begin ] --END-- [ RunTime:0.001000s ]
SQL: SHOW COLUMNS FROM `ps_tree` [ RunTime:0.0010s ]
SQL: select max(`branch_id`) as maxid from `ps_tree [ RunTime:0.0010s ]
INFO: [ view_parse ] --START--
INFO: [ template_filter ] --START--
INFO: Run Behavior\ContentReplaceBehavior [ RunTime:0.001000s ]
INFO: [ template_filter ] --END-- [ RunTime:0.001000s ]
INFO: Run Behavior\ParseTemplateBehavior [ RunTime:0.006000s ]
INFO: [ view_parse ] --END-- [ RunTime:0.006000s ]
INFO: [ view_filter ] --START--
INFO: Run Behavior\WriteHtmlCacheBehavior [ RunTime:0.001000s ]
INFO: [ view_filter ] --END-- [ RunTime:0.001000s ]
INFO: [ app_end ] --START--
INFO: Run Behavior\ShowPageTraceBehavior [ RunTime:0.001000s ]
INFO: [ app_end ] --END-- [ RunTime:0.001000s ]

[ 2017-02-08T19:41:41+08:00 ] ::1 /PShunt/index.php/Admin/Project/getTree
INFO: [ app_init ] --START--
INFO: Run Behavior\BuildLiteBehavior [ RunTime:0.000000s ]
INFO: [ app_init ] --END-- [ RunTime:0.000000s ]
INFO: [ app_begin ] --START--
INFO: Run Behavior\ReadHtmlCacheBehavior [ RunTime:0.000000s ]
INFO: [ app_begin ] --END-- [ RunTime:0.001000s ]
SQL: SHOW COLUMNS FROM `ps_tree` [ RunTime:0.0020s ]
SQL: SELECT branch_id as id,parent_id as pId,`name`,`course_id` FROM `ps_tree`  [ RunTime:0.0000s ]
SQL: SELECT `branch_id` FROM `ps_tree` WHERE ( parent_id=1 )  [ RunTime:0.0010s ]
SQL: SELECT `branch_id` FROM `ps_tree` WHERE ( parent_id=2 )  [ RunTime:0.0000s ]
SQL: SELECT `branch_id` FROM `ps_tree` WHERE ( parent_id=3 )  [ RunTime:0.0000s ]
SQL: SELECT `branch_id` FROM `ps_tree` WHERE ( parent_id=4 )  [ RunTime:0.0000s ]
SQL: SELECT `branch_id` FROM `ps_tree` WHERE ( parent_id=5 )  [ RunTime:0.0010s ]
SQL: SELECT `branch_id` FROM `ps_tree` WHERE ( parent_id=6 )  [ RunTime:0.0000s ]
SQL: SELECT `branch_id` FROM `ps_tree` WHERE ( parent_id=7 )  [ RunTime:0.0000s ]
SQL: SELECT `branch_id` FROM `ps_tree` WHERE ( parent_id=8 )  [ RunTime:0.0000s ]
SQL: SELECT `branch_id` FROM `ps_tree` WHERE ( parent_id=9 )  [ RunTime:0.0010s ]
SQL: SELECT `branch_id` FROM `ps_tree` WHERE ( parent_id=10 )  [ RunTime:0.0000s ]
SQL: SELECT `branch_id` FROM `ps_tree` WHERE ( parent_id=11 )  [ RunTime:0.0000s ]
SQL: SELECT `branch_id` FROM `ps_tree` WHERE ( parent_id=12 )  [ RunTime:0.0000s ]
SQL: SELECT `branch_id` FROM `ps_tree` WHERE ( parent_id=14 )  [ RunTime:0.0000s ]
SQL: SELECT `branch_id` FROM `ps_tree` WHERE ( parent_id=15 )  [ RunTime:0.0000s ]
SQL: SELECT `branch_id` FROM `ps_tree` WHERE ( parent_id=16 )  [ RunTime:0.0000s ]
SQL: SELECT `branch_id` FROM `ps_tree` WHERE ( parent_id=17 )  [ RunTime:0.0000s ]
SQL: SELECT `branch_id` FROM `ps_tree` WHERE ( parent_id=18 )  [ RunTime:0.0000s ]
SQL: SELECT `branch_id` FROM `ps_tree` WHERE ( parent_id=19 )  [ RunTime:0.0010s ]
SQL: SELECT `branch_id` FROM `ps_tree` WHERE ( parent_id=20 )  [ RunTime:0.0000s ]
SQL: SELECT `branch_id` FROM `ps_tree` WHERE ( parent_id=21 )  [ RunTime:0.0000s ]
SQL: SELECT `branch_id` FROM `ps_tree` WHERE ( parent_id=22 )  [ RunTime:0.0000s ]
SQL: SELECT `branch_id` FROM `ps_tree` WHERE ( parent_id=23 )  [ RunTime:0.0000s ]
SQL: SELECT `branch_id` FROM `ps_tree` WHERE ( parent_id=24 )  [ RunTime:0.0010s ]
SQL: SELECT `branch_id` FROM `ps_tree` WHERE ( parent_id=25 )  [ RunTime:0.0000s ]
INFO: [ app_end ] --START--
INFO: Run Behavior\ShowPageTraceBehavior [ RunTime:0.000000s ]
INFO: [ app_end ] --END-- [ RunTime:0.000000s ]

[ 2017-02-08T19:41:43+08:00 ] ::1 /PShunt/index.php/Admin/Project/selectClass?c_id=9
INFO: [ app_init ] --START--
INFO: Run Behavior\BuildLiteBehavior [ RunTime:0.000000s ]
INFO: [ app_init ] --END-- [ RunTime:0.000000s ]
INFO: [ app_begin ] --START--
INFO: Run Behavior\ReadHtmlCacheBehavior [ RunTime:0.000000s ]
INFO: [ app_begin ] --END-- [ RunTime:0.000000s ]
SQL: SHOW COLUMNS FROM `ps_course` [ RunTime:0.0020s ]
SQL: SELECT `c_name`,`c_teacher`,`c_introduce` FROM `ps_course` WHERE `c_id` = 9  [ RunTime:0.0000s ]
INFO: [ app_end ] --START--
INFO: Run Behavior\ShowPageTraceBehavior [ RunTime:0.001000s ]
INFO: [ app_end ] --END-- [ RunTime:0.002000s ]

[ 2017-02-08T19:41:43+08:00 ] ::1 /PShunt/index.php/Admin/Project/selectClass?c_id=9
INFO: [ app_init ] --START--
INFO: Run Behavior\BuildLiteBehavior [ RunTime:0.000000s ]
INFO: [ app_init ] --END-- [ RunTime:0.000000s ]
INFO: [ app_begin ] --START--
INFO: Run Behavior\ReadHtmlCacheBehavior [ RunTime:0.001000s ]
INFO: [ app_begin ] --END-- [ RunTime:0.001000s ]
SQL: SHOW COLUMNS FROM `ps_course` [ RunTime:0.0010s ]
SQL: SELECT `c_name`,`c_teacher`,`c_introduce` FROM `ps_course` WHERE `c_id` = 9  [ RunTime:0.0000s ]
INFO: [ app_end ] --START--
INFO: Run Behavior\ShowPageTraceBehavior [ RunTime:0.000000s ]
INFO: [ app_end ] --END-- [ RunTime:0.000000s ]

[ 2017-02-08T19:41:43+08:00 ] ::1 /PShunt/index.php/Admin/Project/selectClass?c_id=9
INFO: [ app_init ] --START--
INFO: Run Behavior\BuildLiteBehavior [ RunTime:0.000000s ]
INFO: [ app_init ] --END-- [ RunTime:0.000000s ]
INFO: [ app_begin ] --START--
INFO: Run Behavior\ReadHtmlCacheBehavior [ RunTime:0.000000s ]
INFO: [ app_begin ] --END-- [ RunTime:0.000000s ]
SQL: SHOW COLUMNS FROM `ps_course` [ RunTime:0.0020s ]
SQL: SELECT `c_name`,`c_teacher`,`c_introduce` FROM `ps_course` WHERE `c_id` = 9  [ RunTime:0.0000s ]
INFO: [ app_end ] --START--
INFO: Run Behavior\ShowPageTraceBehavior [ RunTime:0.001001s ]
INFO: [ app_end ] --END-- [ RunTime:0.001001s ]

[ 2017-02-08T20:19:15+08:00 ] ::1 /PShunt/index.php/Admin/Login/login
INFO: [ app_init ] --START--
INFO: Run Behavior\BuildLiteBehavior [ RunTime:0.002000s ]
INFO: [ app_init ] --END-- [ RunTime:0.002000s ]
INFO: [ app_begin ] --START--
INFO: Run Behavior\ReadHtmlCacheBehavior [ RunTime:0.000000s ]
INFO: [ app_begin ] --END-- [ RunTime:0.000000s ]
INFO: [ view_parse ] --START--
INFO: [ template_filter ] --START--
INFO: Run Behavior\ContentReplaceBehavior [ RunTime:0.000000s ]
INFO: [ template_filter ] --END-- [ RunTime:0.000000s ]
INFO: Run Behavior\ParseTemplateBehavior [ RunTime:0.004000s ]
INFO: [ view_parse ] --END-- [ RunTime:0.004000s ]
INFO: [ view_filter ] --START--
INFO: Run Behavior\WriteHtmlCacheBehavior [ RunTime:0.000000s ]
INFO: [ view_filter ] --END-- [ RunTime:0.000000s ]
INFO: [ app_end ] --START--
INFO: Run Behavior\ShowPageTraceBehavior [ RunTime:0.000000s ]
INFO: [ app_end ] --END-- [ RunTime:0.000000s ]

[ 2017-02-08T20:19:20+08:00 ] ::1 /PShunt/index.php/Admin/Login/doLogin
INFO: [ app_init ] --START--
INFO: Run Behavior\BuildLiteBehavior [ RunTime:0.000000s ]
INFO: [ app_init ] --END-- [ RunTime:0.000000s ]
INFO: [ app_begin ] --START--
INFO: Run Behavior\ReadHtmlCacheBehavior [ RunTime:0.000000s ]
INFO: [ app_begin ] --END-- [ RunTime:0.000000s ]
SQL: SHOW COLUMNS FROM `ps_manger` [ RunTime:0.0020s ]
SQL: SELECT `m_id` FROM `ps_manger` WHERE `m_name` = 'Admin' AND `m_password` = '123456' LIMIT 1   [ RunTime:0.0000s ]
INFO: [ view_parse ] --START--
INFO: [ template_filter ] --START--
INFO: Run Behavior\ContentReplaceBehavior [ RunTime:0.000000s ]
INFO: [ template_filter ] --END-- [ RunTime:0.000000s ]
INFO: Run Behavior\ParseTemplateBehavior [ RunTime:0.004000s ]
INFO: [ view_parse ] --END-- [ RunTime:0.004000s ]
INFO: [ view_filter ] --START--
INFO: Run Behavior\WriteHtmlCacheBehavior [ RunTime:0.000000s ]
INFO: [ view_filter ] --END-- [ RunTime:0.000000s ]
INFO: [ app_end ] --START--
INFO: Run Behavior\ShowPageTraceBehavior [ RunTime:0.001000s ]
INFO: [ app_end ] --END-- [ RunTime:0.001000s ]

[ 2017-02-08T20:19:21+08:00 ] ::1 /PShunt/index.php/Admin/Student/student.html
INFO: [ app_init ] --START--
INFO: Run Behavior\BuildLiteBehavior [ RunTime:0.000000s ]
INFO: [ app_init ] --END-- [ RunTime:0.000000s ]
INFO: [ app_begin ] --START--
INFO: Run Behavior\ReadHtmlCacheBehavior [ RunTime:0.000000s ]
INFO: [ app_begin ] --END-- [ RunTime:0.001000s ]
SQL: SHOW COLUMNS FROM `ps_student` [ RunTime:0.0020s ]
SQL: SELECT DISTINCT `si_grade`,`si_profession`,`si_class` FROM `ps_student` WHERE 1   [ RunTime:0.0010s ]
NOTIC: [8] Undefined variable: str D:\xampp\htdocs\PShunt\App\Admin\Controller\StudentController.class.php 第 29 行.
INFO: [ view_parse ] --START--
INFO: [ template_filter ] --START--
INFO: Run Behavior\ContentReplaceBehavior [ RunTime:0.000000s ]
INFO: [ template_filter ] --END-- [ RunTime:0.000000s ]
INFO: Run Behavior\ParseTemplateBehavior [ RunTime:0.005000s ]
INFO: [ view_parse ] --END-- [ RunTime:0.005000s ]
INFO: [ view_filter ] --START--
INFO: Run Behavior\WriteHtmlCacheBehavior [ RunTime:0.000000s ]
INFO: [ view_filter ] --END-- [ RunTime:0.000000s ]
INFO: [ app_end ] --START--
INFO: Run Behavior\ShowPageTraceBehavior [ RunTime:0.000000s ]
INFO: [ app_end ] --END-- [ RunTime:0.000000s ]

[ 2017-02-08T20:19:21+08:00 ] ::1 /PShunt/index.php/Admin/Student/getAllStudentInfo?order=asc&offset=0&limit=20
INFO: [ app_init ] --START--
INFO: Run Behavior\BuildLiteBehavior [ RunTime:0.000000s ]
INFO: [ app_init ] --END-- [ RunTime:0.000000s ]
INFO: [ app_begin ] --START--
INFO: Run Behavior\ReadHtmlCacheBehavior [ RunTime:0.000000s ]
INFO: [ app_begin ] --END-- [ RunTime:0.001000s ]
SQL: SHOW COLUMNS FROM `ps_student` [ RunTime:0.0030s ]
SQL: SELECT `si_number`, `si_name`, `si_sex`, `si_grade`, `si_profession`, `si_class` FROM `ps_student` WHERE 1  [ RunTime:0.0030s ]
INFO: [ app_end ] --START--
INFO: Run Behavior\ShowPageTraceBehavior [ RunTime:0.000000s ]
INFO: [ app_end ] --END-- [ RunTime:0.000000s ]

[ 2017-02-08T20:19:32+08:00 ] ::1 /PShunt/index.php/Admin/Student/conditionQuery?number=&name=&grade=2015&profession=%E8%AE%A1%E7%AE%97%E6%9C%BA%E7%A7%91%E5%AD%A6%E4%B8%8E%E6%8A%80%E6%9C%AF&classs=1&order=asc&offset=0&limit=20
INFO: [ app_init ] --START--
INFO: Run Behavior\BuildLiteBehavior [ RunTime:0.000000s ]
INFO: [ app_init ] --END-- [ RunTime:0.001000s ]
INFO: [ app_begin ] --START--
INFO: Run Behavior\ReadHtmlCacheBehavior [ RunTime:0.001000s ]
INFO: [ app_begin ] --END-- [ RunTime:0.001000s ]
SQL: SHOW COLUMNS FROM `ps_student` [ RunTime:0.0010s ]
SQL: SELECT `si_number`,`si_name`,`si_sex`,`si_grade`,`si_profession`,`si_class` FROM `ps_student` WHERE `si_grade` = 2015 AND `si_profession` = '计算机科学与技术' AND `si_class` = 1  [ RunTime:0.0000s ]
INFO: [ app_end ] --START--
INFO: Run Behavior\ShowPageTraceBehavior [ RunTime:0.001000s ]
INFO: [ app_end ] --END-- [ RunTime:0.001000s ]

[ 2017-02-08T20:19:38+08:00 ] ::1 /PShunt/index.php/Admin/Student/getExcel
INFO: [ app_init ] --START--
INFO: Run Behavior\BuildLiteBehavior [ RunTime:0.000000s ]
INFO: [ app_init ] --END-- [ RunTime:0.000000s ]
INFO: [ app_begin ] --START--
INFO: Run Behavior\ReadHtmlCacheBehavior [ RunTime:0.000000s ]
INFO: [ app_begin ] --END-- [ RunTime:0.000000s ]
INFO: [ app_end ] --START--
INFO: Run Behavior\ShowPageTraceBehavior [ RunTime:0.000000s ]
INFO: [ app_end ] --END-- [ RunTime:0.000000s ]

