[ 2017-03-16T00:00:25+08:00 ] ::1 /PShunt/index.php/Admin/Choice/choice?number=123
INFO: [ app_init ] --START--
INFO: Run Behavior\BuildLiteBehavior [ RunTime:0.000000s ]
INFO: [ app_init ] --END-- [ RunTime:0.000000s ]
INFO: [ app_begin ] --START--
INFO: Run Behavior\ReadHtmlCacheBehavior [ RunTime:0.000000s ]
INFO: [ app_begin ] --END-- [ RunTime:0.000000s ]
SQL: SHOW COLUMNS FROM `ps_s_course` [ RunTime:0.0050s ]
SQL: SHOW COLUMNS FROM `ps_course` [ RunTime:0.0060s ]
SQL: SHOW COLUMNS FROM `ps_student` [ RunTime:0.0020s ]
SQL: SELECT `si_name`,`si_sex`,`si_grade`,`si_profession`,`si_class`,`si_ischange` FROM `ps_student` WHERE ( si_number = 123 )  [ RunTime:0.0000s ]
SQL: SELECT courseID AS c_id FROM `ps_s_course` WHERE ( SNumber = 123 )  [ RunTime:0.0010s ]
SQL: SELECT `c_id`,`c_name`,`c_teacher` FROM `ps_course` WHERE (  `c_id` = '10' ) OR (  `c_id` = '23' ) OR (  `c_id` = '19' ) OR (  `c_id` = '20' )  [ RunTime:0.0000s ]
SQL: SELECT count(`SNumber`) as count FROM `ps_s_course` WHERE ( courseID = 10 )  [ RunTime:0.0000s ]
NOTIC: [8] Undefined variable: temp E:\DevelopTools\xampp\htdocs\PShunt\App\Admin\Controller\ChoiceController.class.php 第 49 行.
SQL: SELECT count(`SNumber`) as count FROM `ps_s_course` WHERE ( courseID = 19 )  [ RunTime:0.0000s ]
SQL: SELECT count(`SNumber`) as count FROM `ps_s_course` WHERE ( courseID = 20 )  [ RunTime:0.0010s ]
SQL: SELECT count(`SNumber`) as count FROM `ps_s_course` WHERE ( courseID = 23 )  [ RunTime:0.0000s ]
INFO: [ view_parse ] --START--
INFO: [ template_filter ] --START--
INFO: Run Behavior\ContentReplaceBehavior [ RunTime:0.000000s ]
INFO: [ template_filter ] --END-- [ RunTime:0.000000s ]
INFO: Run Behavior\ParseTemplateBehavior [ RunTime:0.007000s ]
INFO: [ view_parse ] --END-- [ RunTime:0.007000s ]
INFO: [ view_filter ] --START--
INFO: Run Behavior\WriteHtmlCacheBehavior [ RunTime:0.001001s ]
INFO: [ view_filter ] --END-- [ RunTime:0.001001s ]
INFO: [ app_end ] --START--
INFO: Run Behavior\ShowPageTraceBehavior [ RunTime:0.001000s ]
INFO: [ app_end ] --END-- [ RunTime:0.001000s ]

[ 2017-03-16T00:03:33+08:00 ] ::1 /PShunt/index.php/Admin/Choice/choice?number=123
INFO: [ app_init ] --START--
INFO: Run Behavior\BuildLiteBehavior [ RunTime:0.000000s ]
INFO: [ app_init ] --END-- [ RunTime:0.001000s ]
INFO: [ app_begin ] --START--
INFO: Run Behavior\ReadHtmlCacheBehavior [ RunTime:0.001000s ]
INFO: [ app_begin ] --END-- [ RunTime:0.001000s ]
SQL: SHOW COLUMNS FROM `ps_s_course` [ RunTime:0.0040s ]
SQL: SHOW COLUMNS FROM `ps_course` [ RunTime:0.0030s ]
SQL: SHOW COLUMNS FROM `ps_student` [ RunTime:0.0020s ]
SQL: SELECT `si_name`,`si_sex`,`si_grade`,`si_profession`,`si_class`,`si_ischange` FROM `ps_student` WHERE ( si_number = 123 )  [ RunTime:0.0000s ]
SQL: SELECT courseID AS c_id FROM `ps_s_course` WHERE ( SNumber = 123 )  [ RunTime:0.0010s ]
SQL: SELECT `c_id`,`c_name`,`c_teacher` FROM `ps_course` WHERE (  `c_id` = '10' ) OR (  `c_id` = '23' ) OR (  `c_id` = '19' ) OR (  `c_id` = '20' )  [ RunTime:0.0000s ]
SQL: SELECT count(`SNumber`) as count FROM `ps_s_course` WHERE ( courseID = 10 )  [ RunTime:0.0000s ]
NOTIC: [8] Undefined variable: temp E:\DevelopTools\xampp\htdocs\PShunt\App\Admin\Controller\ChoiceController.class.php 第 49 行.
SQL: SELECT count(`SNumber`) as count FROM `ps_s_course` WHERE ( courseID = 19 )  [ RunTime:0.0000s ]
SQL: SELECT count(`SNumber`) as count FROM `ps_s_course` WHERE ( courseID = 20 )  [ RunTime:0.0000s ]
SQL: SELECT count(`SNumber`) as count FROM `ps_s_course` WHERE ( courseID = 23 )  [ RunTime:0.0000s ]
INFO: [ view_parse ] --START--
INFO: [ template_filter ] --START--
INFO: Run Behavior\ContentReplaceBehavior [ RunTime:0.000000s ]
INFO: [ template_filter ] --END-- [ RunTime:0.000000s ]
INFO: Run Behavior\ParseTemplateBehavior [ RunTime:0.009000s ]
INFO: [ view_parse ] --END-- [ RunTime:0.009000s ]
INFO: [ view_filter ] --START--
INFO: Run Behavior\WriteHtmlCacheBehavior [ RunTime:0.000000s ]
INFO: [ view_filter ] --END-- [ RunTime:0.000000s ]
INFO: [ app_end ] --START--
INFO: Run Behavior\ShowPageTraceBehavior [ RunTime:0.000000s ]
INFO: [ app_end ] --END-- [ RunTime:0.000000s ]

[ 2017-03-16T00:04:16+08:00 ] ::1 /PShunt/index.php/Admin/Choice/choice?number=123
INFO: [ app_init ] --START--
INFO: Run Behavior\BuildLiteBehavior [ RunTime:0.000000s ]
INFO: [ app_init ] --END-- [ RunTime:0.000000s ]
INFO: [ app_begin ] --START--
INFO: Run Behavior\ReadHtmlCacheBehavior [ RunTime:0.000000s ]
INFO: [ app_begin ] --END-- [ RunTime:0.000000s ]
SQL: SHOW COLUMNS FROM `ps_s_course` [ RunTime:0.0010s ]
SQL: SHOW COLUMNS FROM `ps_course` [ RunTime:0.0010s ]
SQL: SHOW COLUMNS FROM `ps_student` [ RunTime:0.0070s ]
SQL: SELECT `si_name`,`si_sex`,`si_grade`,`si_profession`,`si_class`,`si_ischange` FROM `ps_student` WHERE ( si_number = 123 )  [ RunTime:0.0020s ]
SQL: SELECT courseID AS c_id FROM `ps_s_course` WHERE ( SNumber = 123 )  [ RunTime:0.0010s ]
SQL: SELECT `c_id`,`c_name`,`c_teacher` FROM `ps_course` WHERE (  `c_id` = '10' ) OR (  `c_id` = '23' ) OR (  `c_id` = '19' ) OR (  `c_id` = '20' )  [ RunTime:0.0000s ]
SQL: SELECT count(`SNumber`) as count FROM `ps_s_course` WHERE ( courseID = 10 )  [ RunTime:0.0000s ]
NOTIC: [8] Undefined variable: temp E:\DevelopTools\xampp\htdocs\PShunt\App\Admin\Controller\ChoiceController.class.php 第 49 行.
SQL: SELECT count(`SNumber`) as count FROM `ps_s_course` WHERE ( courseID = 19 )  [ RunTime:0.0000s ]
SQL: SELECT count(`SNumber`) as count FROM `ps_s_course` WHERE ( courseID = 20 )  [ RunTime:0.0000s ]
SQL: SELECT count(`SNumber`) as count FROM `ps_s_course` WHERE ( courseID = 23 )  [ RunTime:0.0010s ]
INFO: [ view_parse ] --START--
INFO: [ template_filter ] --START--
INFO: Run Behavior\ContentReplaceBehavior [ RunTime:0.000000s ]
INFO: [ template_filter ] --END-- [ RunTime:0.000000s ]
INFO: Run Behavior\ParseTemplateBehavior [ RunTime:0.008001s ]
INFO: [ view_parse ] --END-- [ RunTime:0.009001s ]
INFO: [ view_filter ] --START--
INFO: Run Behavior\WriteHtmlCacheBehavior [ RunTime:0.000000s ]
INFO: [ view_filter ] --END-- [ RunTime:0.000000s ]
INFO: [ app_end ] --START--
INFO: Run Behavior\ShowPageTraceBehavior [ RunTime:0.002000s ]
INFO: [ app_end ] --END-- [ RunTime:0.002000s ]

[ 2017-03-16T00:15:22+08:00 ] ::1 /PShunt/index.php/Admin/Choice/choice?number=123
INFO: [ app_init ] --START--
INFO: Run Behavior\BuildLiteBehavior [ RunTime:0.000000s ]
INFO: [ app_init ] --END-- [ RunTime:0.002000s ]
INFO: [ app_begin ] --START--
INFO: Run Behavior\ReadHtmlCacheBehavior [ RunTime:0.001000s ]
INFO: [ app_begin ] --END-- [ RunTime:0.002000s ]
SQL: SHOW COLUMNS FROM `ps_s_course` [ RunTime:0.0020s ]
SQL: SHOW COLUMNS FROM `ps_course` [ RunTime:0.0020s ]
SQL: SHOW COLUMNS FROM `ps_student` [ RunTime:0.0010s ]
SQL: SELECT `si_name`,`si_sex`,`si_grade`,`si_profession`,`si_class`,`si_ischange` FROM `ps_student` WHERE ( si_number = 123 )  [ RunTime:0.0000s ]
SQL: SELECT courseID AS c_id FROM `ps_s_course` WHERE ( SNumber = 123 )  [ RunTime:0.0000s ]
SQL: SELECT `c_id`,`c_name`,`c_teacher` FROM `ps_course` WHERE (  `c_id` = '10' ) OR (  `c_id` = '23' ) OR (  `c_id` = '19' ) OR (  `c_id` = '20' )  [ RunTime:0.0010s ]
SQL: SELECT count(`SNumber`) as count FROM `ps_s_course` WHERE ( courseID = 10 )  [ RunTime:0.0010s ]
NOTIC: [8] Undefined variable: temp E:\DevelopTools\xampp\htdocs\PShunt\App\Admin\Controller\ChoiceController.class.php 第 49 行.
SQL: SELECT count(`SNumber`) as count FROM `ps_s_course` WHERE ( courseID = 19 )  [ RunTime:0.0000s ]
SQL: SELECT count(`SNumber`) as count FROM `ps_s_course` WHERE ( courseID = 20 )  [ RunTime:0.0010s ]
SQL: SELECT count(`SNumber`) as count FROM `ps_s_course` WHERE ( courseID = 23 )  [ RunTime:0.0000s ]
INFO: [ view_parse ] --START--
INFO: [ template_filter ] --START--
INFO: Run Behavior\ContentReplaceBehavior [ RunTime:0.000000s ]
INFO: [ template_filter ] --END-- [ RunTime:0.000000s ]
INFO: Run Behavior\ParseTemplateBehavior [ RunTime:0.006000s ]
INFO: [ view_parse ] --END-- [ RunTime:0.006000s ]
INFO: [ view_filter ] --START--
INFO: Run Behavior\WriteHtmlCacheBehavior [ RunTime:0.001000s ]
INFO: [ view_filter ] --END-- [ RunTime:0.001000s ]
INFO: [ app_end ] --START--
INFO: Run Behavior\ShowPageTraceBehavior [ RunTime:0.000000s ]
INFO: [ app_end ] --END-- [ RunTime:0.000000s ]

[ 2017-03-16T00:16:37+08:00 ] ::1 /PShunt/index.php/Admin/Choice/choice?number=123
INFO: [ app_init ] --START--
INFO: Run Behavior\BuildLiteBehavior [ RunTime:0.000000s ]
INFO: [ app_init ] --END-- [ RunTime:0.000000s ]
INFO: [ app_begin ] --START--
INFO: Run Behavior\ReadHtmlCacheBehavior [ RunTime:0.001000s ]
INFO: [ app_begin ] --END-- [ RunTime:0.001000s ]
SQL: SHOW COLUMNS FROM `ps_s_course` [ RunTime:0.0020s ]
SQL: SHOW COLUMNS FROM `ps_course` [ RunTime:0.0060s ]
SQL: SHOW COLUMNS FROM `ps_student` [ RunTime:0.0030s ]
SQL: SELECT `si_name`,`si_sex`,`si_grade`,`si_profession`,`si_class`,`si_ischange` FROM `ps_student` WHERE ( si_number = 123 )  [ RunTime:0.0000s ]
SQL: SELECT courseID AS c_id FROM `ps_s_course` WHERE ( SNumber = 123 )  [ RunTime:0.0000s ]
SQL: SELECT `c_id`,`c_name`,`c_teacher` FROM `ps_course` WHERE (  `c_id` = '10' ) OR (  `c_id` = '23' ) OR (  `c_id` = '19' ) OR (  `c_id` = '20' )  [ RunTime:0.0000s ]
SQL: SELECT count(`SNumber`) as count FROM `ps_s_course` WHERE ( courseID = 10 )  [ RunTime:0.0000s ]
NOTIC: [8] Undefined variable: temp E:\DevelopTools\xampp\htdocs\PShunt\App\Admin\Controller\ChoiceController.class.php 第 49 行.
SQL: SELECT count(`SNumber`) as count FROM `ps_s_course` WHERE ( courseID = 19 )  [ RunTime:0.0000s ]
SQL: SELECT count(`SNumber`) as count FROM `ps_s_course` WHERE ( courseID = 20 )  [ RunTime:0.0000s ]
SQL: SELECT count(`SNumber`) as count FROM `ps_s_course` WHERE ( courseID = 23 )  [ RunTime:0.0000s ]
INFO: [ view_parse ] --START--
INFO: [ template_filter ] --START--
INFO: Run Behavior\ContentReplaceBehavior [ RunTime:0.000000s ]
INFO: [ template_filter ] --END-- [ RunTime:0.000000s ]
INFO: Run Behavior\ParseTemplateBehavior [ RunTime:0.006000s ]
INFO: [ view_parse ] --END-- [ RunTime:0.006000s ]
INFO: [ view_filter ] --START--
INFO: Run Behavior\WriteHtmlCacheBehavior [ RunTime:0.000000s ]
INFO: [ view_filter ] --END-- [ RunTime:0.000000s ]
INFO: [ app_end ] --START--
INFO: Run Behavior\ShowPageTraceBehavior [ RunTime:0.000000s ]
INFO: [ app_end ] --END-- [ RunTime:0.001000s ]

[ 2017-03-16T00:16:57+08:00 ] ::1 /PShunt/index.php/Admin/Choice/choice?number=123
INFO: [ app_init ] --START--
INFO: Run Behavior\BuildLiteBehavior [ RunTime:0.000000s ]
INFO: [ app_init ] --END-- [ RunTime:0.000000s ]
INFO: [ app_begin ] --START--
INFO: Run Behavior\ReadHtmlCacheBehavior [ RunTime:0.001000s ]
INFO: [ app_begin ] --END-- [ RunTime:0.001000s ]
SQL: SHOW COLUMNS FROM `ps_s_course` [ RunTime:0.0030s ]
SQL: SHOW COLUMNS FROM `ps_course` [ RunTime:0.0010s ]
SQL: SHOW COLUMNS FROM `ps_student` [ RunTime:0.0010s ]
SQL: SELECT `si_name`,`si_sex`,`si_grade`,`si_profession`,`si_class`,`si_ischange` FROM `ps_student` WHERE ( si_number = 123 )  [ RunTime:0.0000s ]
SQL: SELECT courseID AS c_id FROM `ps_s_course` WHERE ( SNumber = 123 )  [ RunTime:0.0000s ]
SQL: SELECT `c_id`,`c_name`,`c_teacher` FROM `ps_course` WHERE (  `c_id` = '10' ) OR (  `c_id` = '23' ) OR (  `c_id` = '19' ) OR (  `c_id` = '20' )  [ RunTime:0.0000s ]
SQL: SELECT count(`SNumber`) as count FROM `ps_s_course` WHERE ( courseID = 10 )  [ RunTime:0.0010s ]
NOTIC: [8] Undefined variable: temp E:\DevelopTools\xampp\htdocs\PShunt\App\Admin\Controller\ChoiceController.class.php 第 49 行.
SQL: SELECT count(`SNumber`) as count FROM `ps_s_course` WHERE ( courseID = 19 )  [ RunTime:0.0000s ]
SQL: SELECT count(`SNumber`) as count FROM `ps_s_course` WHERE ( courseID = 20 )  [ RunTime:0.0010s ]
SQL: SELECT count(`SNumber`) as count FROM `ps_s_course` WHERE ( courseID = 23 )  [ RunTime:0.0000s ]
INFO: [ view_parse ] --START--
INFO: [ template_filter ] --START--
INFO: Run Behavior\ContentReplaceBehavior [ RunTime:0.000000s ]
INFO: [ template_filter ] --END-- [ RunTime:0.000000s ]
INFO: Run Behavior\ParseTemplateBehavior [ RunTime:0.009001s ]
INFO: [ view_parse ] --END-- [ RunTime:0.009001s ]
INFO: [ view_filter ] --START--
INFO: Run Behavior\WriteHtmlCacheBehavior [ RunTime:0.000000s ]
INFO: [ view_filter ] --END-- [ RunTime:0.000000s ]
INFO: [ app_end ] --START--
INFO: Run Behavior\ShowPageTraceBehavior [ RunTime:0.001000s ]
INFO: [ app_end ] --END-- [ RunTime:0.001000s ]

[ 2017-03-16T00:23:33+08:00 ] ::1 /PShunt/index.php/Admin/Choice/choice?number=123
INFO: [ app_init ] --START--
INFO: Run Behavior\BuildLiteBehavior [ RunTime:0.000000s ]
INFO: [ app_init ] --END-- [ RunTime:0.001001s ]
INFO: [ app_begin ] --START--
INFO: Run Behavior\ReadHtmlCacheBehavior [ RunTime:0.000000s ]
INFO: [ app_begin ] --END-- [ RunTime:0.000000s ]
SQL: SHOW COLUMNS FROM `ps_s_course` [ RunTime:0.0040s ]
SQL: SHOW COLUMNS FROM `ps_course` [ RunTime:0.0020s ]
SQL: SHOW COLUMNS FROM `ps_student` [ RunTime:0.0010s ]
SQL: SELECT `si_name`,`si_sex`,`si_grade`,`si_profession`,`si_class`,`si_ischange` FROM `ps_student` WHERE ( si_number = 123 )  [ RunTime:0.0010s ]
SQL: SELECT courseID AS c_id FROM `ps_s_course` WHERE ( SNumber = 123 )  [ RunTime:0.0010s ]
SQL: SELECT `c_id`,`c_name`,`c_teacher` FROM `ps_course` WHERE (  `c_id` = '10' ) OR (  `c_id` = '23' ) OR (  `c_id` = '19' ) OR (  `c_id` = '20' )  [ RunTime:0.0000s ]
SQL: SELECT count(`SNumber`) as count FROM `ps_s_course` WHERE ( courseID = 10 )  [ RunTime:0.0000s ]
NOTIC: [8] Undefined variable: temp E:\DevelopTools\xampp\htdocs\PShunt\App\Admin\Controller\ChoiceController.class.php 第 49 行.
SQL: SELECT count(`SNumber`) as count FROM `ps_s_course` WHERE ( courseID = 19 )  [ RunTime:0.0000s ]
SQL: SELECT count(`SNumber`) as count FROM `ps_s_course` WHERE ( courseID = 20 )  [ RunTime:0.0000s ]
SQL: SELECT count(`SNumber`) as count FROM `ps_s_course` WHERE ( courseID = 23 )  [ RunTime:0.0000s ]
INFO: [ view_parse ] --START--
INFO: [ template_filter ] --START--
INFO: Run Behavior\ContentReplaceBehavior [ RunTime:0.000000s ]
INFO: [ template_filter ] --END-- [ RunTime:0.000000s ]
INFO: Run Behavior\ParseTemplateBehavior [ RunTime:0.006000s ]
INFO: [ view_parse ] --END-- [ RunTime:0.006000s ]
INFO: [ view_filter ] --START--
INFO: Run Behavior\WriteHtmlCacheBehavior [ RunTime:0.001000s ]
INFO: [ view_filter ] --END-- [ RunTime:0.001000s ]
INFO: [ app_end ] --START--
INFO: Run Behavior\ShowPageTraceBehavior [ RunTime:0.001000s ]
INFO: [ app_end ] --END-- [ RunTime:0.001000s ]

[ 2017-03-16T00:24:01+08:00 ] ::1 /PShunt/index.php/Admin/Choice/choice?number=123
INFO: [ app_init ] --START--
INFO: Run Behavior\BuildLiteBehavior [ RunTime:0.000000s ]
INFO: [ app_init ] --END-- [ RunTime:0.000000s ]
INFO: [ app_begin ] --START--
INFO: Run Behavior\ReadHtmlCacheBehavior [ RunTime:0.000000s ]
INFO: [ app_begin ] --END-- [ RunTime:0.000000s ]
SQL: SHOW COLUMNS FROM `ps_s_course` [ RunTime:0.0020s ]
SQL: SHOW COLUMNS FROM `ps_course` [ RunTime:0.0010s ]
SQL: SHOW COLUMNS FROM `ps_student` [ RunTime:0.0010s ]
SQL: SELECT `si_name`,`si_sex`,`si_grade`,`si_profession`,`si_class`,`si_ischange` FROM `ps_student` WHERE ( si_number = 123 )  [ RunTime:0.0000s ]
SQL: SELECT courseID AS c_id FROM `ps_s_course` WHERE ( SNumber = 123 )  [ RunTime:0.0000s ]
SQL: SELECT `c_id`,`c_name`,`c_teacher` FROM `ps_course` WHERE (  `c_id` = '10' ) OR (  `c_id` = '23' ) OR (  `c_id` = '19' ) OR (  `c_id` = '20' )  [ RunTime:0.0010s ]
SQL: SELECT count(`SNumber`) as count FROM `ps_s_course` WHERE ( courseID = 10 )  [ RunTime:0.0000s ]
NOTIC: [8] Undefined variable: temp E:\DevelopTools\xampp\htdocs\PShunt\App\Admin\Controller\ChoiceController.class.php 第 49 行.
SQL: SELECT count(`SNumber`) as count FROM `ps_s_course` WHERE ( courseID = 19 )  [ RunTime:0.0010s ]
SQL: SELECT count(`SNumber`) as count FROM `ps_s_course` WHERE ( courseID = 20 )  [ RunTime:0.0000s ]
SQL: SELECT count(`SNumber`) as count FROM `ps_s_course` WHERE ( courseID = 23 )  [ RunTime:0.0000s ]
INFO: [ view_parse ] --START--
INFO: [ template_filter ] --START--
INFO: Run Behavior\ContentReplaceBehavior [ RunTime:0.000000s ]
INFO: [ template_filter ] --END-- [ RunTime:0.000000s ]
INFO: Run Behavior\ParseTemplateBehavior [ RunTime:0.005001s ]
INFO: [ view_parse ] --END-- [ RunTime:0.005001s ]
INFO: [ view_filter ] --START--
INFO: Run Behavior\WriteHtmlCacheBehavior [ RunTime:0.000000s ]
INFO: [ view_filter ] --END-- [ RunTime:0.001000s ]
INFO: [ app_end ] --START--
INFO: Run Behavior\ShowPageTraceBehavior [ RunTime:0.000000s ]
INFO: [ app_end ] --END-- [ RunTime:0.000000s ]

[ 2017-03-16T00:24:53+08:00 ] ::1 /PShunt/index.php/Admin/Choice/choice?number=123
INFO: [ app_init ] --START--
INFO: Run Behavior\BuildLiteBehavior [ RunTime:0.000000s ]
INFO: [ app_init ] --END-- [ RunTime:0.001001s ]
INFO: [ app_begin ] --START--
INFO: Run Behavior\ReadHtmlCacheBehavior [ RunTime:0.001000s ]
INFO: [ app_begin ] --END-- [ RunTime:0.001000s ]
SQL: SHOW COLUMNS FROM `ps_s_course` [ RunTime:0.0040s ]
SQL: SHOW COLUMNS FROM `ps_course` [ RunTime:0.0020s ]
SQL: SHOW COLUMNS FROM `ps_student` [ RunTime:0.0020s ]
SQL: SELECT `si_name`,`si_sex`,`si_grade`,`si_profession`,`si_class`,`si_ischange` FROM `ps_student` WHERE ( si_number = 123 )  [ RunTime:0.0000s ]
SQL: SELECT courseID AS c_id FROM `ps_s_course` WHERE ( SNumber = 123 )  [ RunTime:0.0000s ]
SQL: SELECT `c_id`,`c_name`,`c_teacher` FROM `ps_course` WHERE (  `c_id` = '10' ) OR (  `c_id` = '23' ) OR (  `c_id` = '19' ) OR (  `c_id` = '20' )  [ RunTime:0.0010s ]
SQL: SELECT count(`SNumber`) as count FROM `ps_s_course` WHERE ( courseID = 10 )  [ RunTime:0.0000s ]
NOTIC: [8] Undefined variable: temp E:\DevelopTools\xampp\htdocs\PShunt\App\Admin\Controller\ChoiceController.class.php 第 49 行.
SQL: SELECT count(`SNumber`) as count FROM `ps_s_course` WHERE ( courseID = 19 )  [ RunTime:0.0000s ]
SQL: SELECT count(`SNumber`) as count FROM `ps_s_course` WHERE ( courseID = 20 )  [ RunTime:0.0000s ]
SQL: SELECT count(`SNumber`) as count FROM `ps_s_course` WHERE ( courseID = 23 )  [ RunTime:0.0000s ]
INFO: [ view_parse ] --START--
INFO: [ template_filter ] --START--
INFO: Run Behavior\ContentReplaceBehavior [ RunTime:0.000000s ]
INFO: [ template_filter ] --END-- [ RunTime:0.000000s ]
INFO: Run Behavior\ParseTemplateBehavior [ RunTime:0.007000s ]
INFO: [ view_parse ] --END-- [ RunTime:0.007000s ]
INFO: [ view_filter ] --START--
INFO: Run Behavior\WriteHtmlCacheBehavior [ RunTime:0.001000s ]
INFO: [ view_filter ] --END-- [ RunTime:0.001000s ]
INFO: [ app_end ] --START--
INFO: Run Behavior\ShowPageTraceBehavior [ RunTime:0.001000s ]
INFO: [ app_end ] --END-- [ RunTime:0.001000s ]

[ 2017-03-16T00:27:39+08:00 ] ::1 /PShunt/index.php/Admin/Choice/choice?number=123
INFO: [ app_init ] --START--
INFO: Run Behavior\BuildLiteBehavior [ RunTime:0.000000s ]
INFO: [ app_init ] --END-- [ RunTime:0.001000s ]
INFO: [ app_begin ] --START--
INFO: Run Behavior\ReadHtmlCacheBehavior [ RunTime:0.001000s ]
INFO: [ app_begin ] --END-- [ RunTime:0.001000s ]
SQL: SHOW COLUMNS FROM `ps_s_course` [ RunTime:0.0030s ]
SQL: SHOW COLUMNS FROM `ps_course` [ RunTime:0.0010s ]
SQL: SHOW COLUMNS FROM `ps_student` [ RunTime:0.0010s ]
SQL: SELECT `si_name`,`si_sex`,`si_grade`,`si_profession`,`si_class`,`si_ischange` FROM `ps_student` WHERE ( si_number = 123 )  [ RunTime:0.0000s ]
SQL: SELECT courseID AS c_id FROM `ps_s_course` WHERE ( SNumber = 123 )  [ RunTime:0.0000s ]
SQL: SELECT `c_id`,`c_name`,`c_teacher` FROM `ps_course` WHERE (  `c_id` = '10' ) OR (  `c_id` = '23' ) OR (  `c_id` = '19' ) OR (  `c_id` = '20' )  [ RunTime:0.0010s ]
SQL: SELECT count(`SNumber`) as count FROM `ps_s_course` WHERE ( courseID = 10 )  [ RunTime:0.0000s ]
NOTIC: [8] Undefined variable: temp E:\DevelopTools\xampp\htdocs\PShunt\App\Admin\Controller\ChoiceController.class.php 第 49 行.
SQL: SELECT count(`SNumber`) as count FROM `ps_s_course` WHERE ( courseID = 19 )  [ RunTime:0.0000s ]
SQL: SELECT count(`SNumber`) as count FROM `ps_s_course` WHERE ( courseID = 20 )  [ RunTime:0.0000s ]
SQL: SELECT count(`SNumber`) as count FROM `ps_s_course` WHERE ( courseID = 23 )  [ RunTime:0.0000s ]
INFO: [ view_parse ] --START--
INFO: [ template_filter ] --START--
INFO: Run Behavior\ContentReplaceBehavior [ RunTime:0.000000s ]
INFO: [ template_filter ] --END-- [ RunTime:0.000000s ]
INFO: Run Behavior\ParseTemplateBehavior [ RunTime:0.009001s ]
INFO: [ view_parse ] --END-- [ RunTime:0.009001s ]
INFO: [ view_filter ] --START--
INFO: Run Behavior\WriteHtmlCacheBehavior [ RunTime:0.000000s ]
INFO: [ view_filter ] --END-- [ RunTime:0.000000s ]
INFO: [ app_end ] --START--
INFO: Run Behavior\ShowPageTraceBehavior [ RunTime:0.001000s ]
INFO: [ app_end ] --END-- [ RunTime:0.001000s ]

[ 2017-03-16T00:27:58+08:00 ] ::1 /PShunt/index.php/Admin/Choice/choice?number=123
INFO: [ app_init ] --START--
INFO: Run Behavior\BuildLiteBehavior [ RunTime:0.000000s ]
INFO: [ app_init ] --END-- [ RunTime:0.002000s ]
INFO: [ app_begin ] --START--
INFO: Run Behavior\ReadHtmlCacheBehavior [ RunTime:0.001000s ]
INFO: [ app_begin ] --END-- [ RunTime:0.001000s ]
SQL: SHOW COLUMNS FROM `ps_s_course` [ RunTime:0.0030s ]
SQL: SHOW COLUMNS FROM `ps_course` [ RunTime:0.0010s ]
SQL: SHOW COLUMNS FROM `ps_student` [ RunTime:0.0020s ]
SQL: SELECT `si_name`,`si_sex`,`si_grade`,`si_profession`,`si_class`,`si_ischange` FROM `ps_student` WHERE ( si_number = 123 )  [ RunTime:0.0010s ]
SQL: SELECT courseID AS c_id FROM `ps_s_course` WHERE ( SNumber = 123 )  [ RunTime:0.0000s ]
SQL: SELECT `c_id`,`c_name`,`c_teacher` FROM `ps_course` WHERE (  `c_id` = '10' ) OR (  `c_id` = '23' ) OR (  `c_id` = '19' ) OR (  `c_id` = '20' )  [ RunTime:0.0000s ]
SQL: SELECT count(`SNumber`) as count FROM `ps_s_course` WHERE ( courseID = 10 )  [ RunTime:0.0010s ]
NOTIC: [8] Undefined variable: temp E:\DevelopTools\xampp\htdocs\PShunt\App\Admin\Controller\ChoiceController.class.php 第 49 行.
SQL: SELECT count(`SNumber`) as count FROM `ps_s_course` WHERE ( courseID = 19 )  [ RunTime:0.0000s ]
SQL: SELECT count(`SNumber`) as count FROM `ps_s_course` WHERE ( courseID = 20 )  [ RunTime:0.0000s ]
SQL: SELECT count(`SNumber`) as count FROM `ps_s_course` WHERE ( courseID = 23 )  [ RunTime:0.0010s ]
INFO: [ view_parse ] --START--
INFO: [ template_filter ] --START--
INFO: Run Behavior\ContentReplaceBehavior [ RunTime:0.000000s ]
INFO: [ template_filter ] --END-- [ RunTime:0.000000s ]
INFO: Run Behavior\ParseTemplateBehavior [ RunTime:0.007000s ]
INFO: [ view_parse ] --END-- [ RunTime:0.007000s ]
INFO: [ view_filter ] --START--
INFO: Run Behavior\WriteHtmlCacheBehavior [ RunTime:0.000000s ]
INFO: [ view_filter ] --END-- [ RunTime:0.000000s ]
INFO: [ app_end ] --START--
INFO: Run Behavior\ShowPageTraceBehavior [ RunTime:0.001000s ]
INFO: [ app_end ] --END-- [ RunTime:0.001000s ]

[ 2017-03-16T00:28:28+08:00 ] ::1 /PShunt/index.php/Admin/Choice/choice?number=123
INFO: [ app_init ] --START--
INFO: Run Behavior\BuildLiteBehavior [ RunTime:0.000000s ]
INFO: [ app_init ] --END-- [ RunTime:0.000000s ]
INFO: [ app_begin ] --START--
INFO: Run Behavior\ReadHtmlCacheBehavior [ RunTime:0.000000s ]
INFO: [ app_begin ] --END-- [ RunTime:0.000000s ]
SQL: SHOW COLUMNS FROM `ps_s_course` [ RunTime:0.0020s ]
SQL: SHOW COLUMNS FROM `ps_course` [ RunTime:0.0020s ]
SQL: SHOW COLUMNS FROM `ps_student` [ RunTime:0.0040s ]
SQL: SELECT `si_name`,`si_sex`,`si_grade`,`si_profession`,`si_class`,`si_ischange` FROM `ps_student` WHERE ( si_number = 123 )  [ RunTime:0.0010s ]
SQL: SELECT courseID AS c_id FROM `ps_s_course` WHERE ( SNumber = 123 )  [ RunTime:0.0000s ]
SQL: SELECT `c_id`,`c_name`,`c_teacher` FROM `ps_course` WHERE (  `c_id` = '10' ) OR (  `c_id` = '23' ) OR (  `c_id` = '19' ) OR (  `c_id` = '20' )  [ RunTime:0.0000s ]
SQL: SELECT count(`SNumber`) as count FROM `ps_s_course` WHERE ( courseID = 10 )  [ RunTime:0.0000s ]
NOTIC: [8] Undefined variable: temp E:\DevelopTools\xampp\htdocs\PShunt\App\Admin\Controller\ChoiceController.class.php 第 49 行.
SQL: SELECT count(`SNumber`) as count FROM `ps_s_course` WHERE ( courseID = 19 )  [ RunTime:0.0000s ]
SQL: SELECT count(`SNumber`) as count FROM `ps_s_course` WHERE ( courseID = 20 )  [ RunTime:0.0000s ]
SQL: SELECT count(`SNumber`) as count FROM `ps_s_course` WHERE ( courseID = 23 )  [ RunTime:0.0000s ]
INFO: [ view_parse ] --START--
INFO: [ template_filter ] --START--
INFO: Run Behavior\ContentReplaceBehavior [ RunTime:0.000000s ]
INFO: [ template_filter ] --END-- [ RunTime:0.000000s ]
INFO: Run Behavior\ParseTemplateBehavior [ RunTime:0.005000s ]
INFO: [ view_parse ] --END-- [ RunTime:0.005000s ]
INFO: [ view_filter ] --START--
INFO: Run Behavior\WriteHtmlCacheBehavior [ RunTime:0.000000s ]
INFO: [ view_filter ] --END-- [ RunTime:0.000000s ]
INFO: [ app_end ] --START--
INFO: Run Behavior\ShowPageTraceBehavior [ RunTime:0.001000s ]
INFO: [ app_end ] --END-- [ RunTime:0.001000s ]

[ 2017-03-16T00:29:01+08:00 ] ::1 /PShunt/index.php/Admin/Choice/choice?number=123
INFO: [ app_init ] --START--
INFO: Run Behavior\BuildLiteBehavior [ RunTime:0.000000s ]
INFO: [ app_init ] --END-- [ RunTime:0.001000s ]
INFO: [ app_begin ] --START--
INFO: Run Behavior\ReadHtmlCacheBehavior [ RunTime:0.001001s ]
INFO: [ app_begin ] --END-- [ RunTime:0.001001s ]
SQL: SHOW COLUMNS FROM `ps_s_course` [ RunTime:0.0030s ]
SQL: SHOW COLUMNS FROM `ps_course` [ RunTime:0.0010s ]
SQL: SHOW COLUMNS FROM `ps_student` [ RunTime:0.0020s ]
SQL: SELECT `si_name`,`si_sex`,`si_grade`,`si_profession`,`si_class`,`si_ischange` FROM `ps_student` WHERE ( si_number = 123 )  [ RunTime:0.0000s ]
SQL: SELECT courseID AS c_id FROM `ps_s_course` WHERE ( SNumber = 123 )  [ RunTime:0.0000s ]
SQL: SELECT `c_id`,`c_name`,`c_teacher` FROM `ps_course` WHERE (  `c_id` = '10' ) OR (  `c_id` = '23' ) OR (  `c_id` = '19' ) OR (  `c_id` = '20' )  [ RunTime:0.0000s ]
SQL: SELECT count(`SNumber`) as count FROM `ps_s_course` WHERE ( courseID = 10 )  [ RunTime:0.0000s ]
NOTIC: [8] Undefined variable: temp E:\DevelopTools\xampp\htdocs\PShunt\App\Admin\Controller\ChoiceController.class.php 第 49 行.
SQL: SELECT count(`SNumber`) as count FROM `ps_s_course` WHERE ( courseID = 19 )  [ RunTime:0.0000s ]
SQL: SELECT count(`SNumber`) as count FROM `ps_s_course` WHERE ( courseID = 20 )  [ RunTime:0.0000s ]
SQL: SELECT count(`SNumber`) as count FROM `ps_s_course` WHERE ( courseID = 23 )  [ RunTime:0.0010s ]
INFO: [ view_parse ] --START--
INFO: [ template_filter ] --START--
INFO: Run Behavior\ContentReplaceBehavior [ RunTime:0.000000s ]
INFO: [ template_filter ] --END-- [ RunTime:0.000000s ]
INFO: Run Behavior\ParseTemplateBehavior [ RunTime:0.007001s ]
INFO: [ view_parse ] --END-- [ RunTime:0.007001s ]
INFO: [ view_filter ] --START--
INFO: Run Behavior\WriteHtmlCacheBehavior [ RunTime:0.000000s ]
INFO: [ view_filter ] --END-- [ RunTime:0.000000s ]
INFO: [ app_end ] --START--
INFO: Run Behavior\ShowPageTraceBehavior [ RunTime:0.001000s ]
INFO: [ app_end ] --END-- [ RunTime:0.001000s ]

[ 2017-03-16T00:29:14+08:00 ] ::1 /PShunt/index.php/Admin/Choice/choice?number=123
INFO: [ app_init ] --START--
INFO: Run Behavior\BuildLiteBehavior [ RunTime:0.000000s ]
INFO: [ app_init ] --END-- [ RunTime:0.001000s ]
INFO: [ app_begin ] --START--
INFO: Run Behavior\ReadHtmlCacheBehavior [ RunTime:0.002000s ]
INFO: [ app_begin ] --END-- [ RunTime:0.002000s ]
SQL: SHOW COLUMNS FROM `ps_s_course` [ RunTime:0.0040s ]
SQL: SHOW COLUMNS FROM `ps_course` [ RunTime:0.0030s ]
SQL: SHOW COLUMNS FROM `ps_student` [ RunTime:0.0030s ]
SQL: SELECT `si_name`,`si_sex`,`si_grade`,`si_profession`,`si_class`,`si_ischange` FROM `ps_student` WHERE ( si_number = 123 )  [ RunTime:0.0000s ]
SQL: SELECT courseID AS c_id FROM `ps_s_course` WHERE ( SNumber = 123 )  [ RunTime:0.0000s ]
SQL: SELECT `c_id`,`c_name`,`c_teacher` FROM `ps_course` WHERE (  `c_id` = '10' ) OR (  `c_id` = '23' ) OR (  `c_id` = '19' ) OR (  `c_id` = '20' )  [ RunTime:0.0000s ]
SQL: SELECT count(`SNumber`) as count FROM `ps_s_course` WHERE ( courseID = 10 )  [ RunTime:0.0000s ]
NOTIC: [8] Undefined variable: temp E:\DevelopTools\xampp\htdocs\PShunt\App\Admin\Controller\ChoiceController.class.php 第 49 行.
SQL: SELECT count(`SNumber`) as count FROM `ps_s_course` WHERE ( courseID = 19 )  [ RunTime:0.0000s ]
SQL: SELECT count(`SNumber`) as count FROM `ps_s_course` WHERE ( courseID = 20 )  [ RunTime:0.0000s ]
SQL: SELECT count(`SNumber`) as count FROM `ps_s_course` WHERE ( courseID = 23 )  [ RunTime:0.0000s ]
INFO: [ view_parse ] --START--
INFO: [ template_filter ] --START--
INFO: Run Behavior\ContentReplaceBehavior [ RunTime:0.000000s ]
INFO: [ template_filter ] --END-- [ RunTime:0.000000s ]
INFO: Run Behavior\ParseTemplateBehavior [ RunTime:0.010001s ]
INFO: [ view_parse ] --END-- [ RunTime:0.010001s ]
INFO: [ view_filter ] --START--
INFO: Run Behavior\WriteHtmlCacheBehavior [ RunTime:0.000000s ]
INFO: [ view_filter ] --END-- [ RunTime:0.000000s ]
INFO: [ app_end ] --START--
INFO: Run Behavior\ShowPageTraceBehavior [ RunTime:0.000000s ]
INFO: [ app_end ] --END-- [ RunTime:0.000000s ]

[ 2017-03-16T00:31:09+08:00 ] ::1 /PShunt/index.php/Admin/Choice/choice?number=123
INFO: [ app_init ] --START--
INFO: Run Behavior\BuildLiteBehavior [ RunTime:0.000000s ]
INFO: [ app_init ] --END-- [ RunTime:0.000000s ]
INFO: [ app_begin ] --START--
INFO: Run Behavior\ReadHtmlCacheBehavior [ RunTime:0.000000s ]
INFO: [ app_begin ] --END-- [ RunTime:0.000000s ]
SQL: SHOW COLUMNS FROM `ps_s_course` [ RunTime:0.0010s ]
SQL: SHOW COLUMNS FROM `ps_course` [ RunTime:0.0030s ]
SQL: SHOW COLUMNS FROM `ps_student` [ RunTime:0.0030s ]
SQL: SELECT `si_name`,`si_sex`,`si_grade`,`si_profession`,`si_class`,`si_ischange` FROM `ps_student` WHERE ( si_number = 123 )  [ RunTime:0.0000s ]
SQL: SELECT courseID AS c_id FROM `ps_s_course` WHERE ( SNumber = 123 )  [ RunTime:0.0000s ]
SQL: SELECT `c_id`,`c_name`,`c_teacher` FROM `ps_course` WHERE (  `c_id` = '10' ) OR (  `c_id` = '23' ) OR (  `c_id` = '19' ) OR (  `c_id` = '20' )  [ RunTime:0.0000s ]
SQL: SELECT count(`SNumber`) as count FROM `ps_s_course` WHERE ( courseID = 10 )  [ RunTime:0.0000s ]
NOTIC: [8] Undefined variable: temp E:\DevelopTools\xampp\htdocs\PShunt\App\Admin\Controller\ChoiceController.class.php 第 49 行.
SQL: SELECT count(`SNumber`) as count FROM `ps_s_course` WHERE ( courseID = 19 )  [ RunTime:0.0000s ]
SQL: SELECT count(`SNumber`) as count FROM `ps_s_course` WHERE ( courseID = 20 )  [ RunTime:0.0000s ]
SQL: SELECT count(`SNumber`) as count FROM `ps_s_course` WHERE ( courseID = 23 )  [ RunTime:0.0000s ]
INFO: [ view_parse ] --START--
INFO: [ template_filter ] --START--
INFO: Run Behavior\ContentReplaceBehavior [ RunTime:0.000000s ]
INFO: [ template_filter ] --END-- [ RunTime:0.000000s ]
INFO: Run Behavior\ParseTemplateBehavior [ RunTime:0.004000s ]
INFO: [ view_parse ] --END-- [ RunTime:0.004000s ]
INFO: [ view_filter ] --START--
INFO: Run Behavior\WriteHtmlCacheBehavior [ RunTime:0.001000s ]
INFO: [ view_filter ] --END-- [ RunTime:0.001000s ]
INFO: [ app_end ] --START--
INFO: Run Behavior\ShowPageTraceBehavior [ RunTime:0.000000s ]
INFO: [ app_end ] --END-- [ RunTime:0.000000s ]

[ 2017-03-16T00:35:03+08:00 ] ::1 /PShunt/index.php/Admin/Choice/choice?number=123
INFO: [ app_init ] --START--
INFO: Run Behavior\BuildLiteBehavior [ RunTime:0.000000s ]
INFO: [ app_init ] --END-- [ RunTime:0.000000s ]
INFO: [ app_begin ] --START--
INFO: Run Behavior\ReadHtmlCacheBehavior [ RunTime:0.000000s ]
INFO: [ app_begin ] --END-- [ RunTime:0.000000s ]
SQL: SHOW COLUMNS FROM `ps_s_course` [ RunTime:0.0060s ]
SQL: SHOW COLUMNS FROM `ps_course` [ RunTime:0.0020s ]
SQL: SHOW COLUMNS FROM `ps_student` [ RunTime:0.0020s ]
SQL: SELECT `si_name`,`si_sex`,`si_grade`,`si_profession`,`si_class`,`si_ischange` FROM `ps_student` WHERE ( si_number = 123 )  [ RunTime:0.0000s ]
SQL: SELECT courseID AS c_id FROM `ps_s_course` WHERE ( SNumber = 123 )  [ RunTime:0.0010s ]
SQL: SELECT `c_id`,`c_name`,`c_teacher` FROM `ps_course` WHERE (  `c_id` = '10' ) OR (  `c_id` = '23' ) OR (  `c_id` = '19' ) OR (  `c_id` = '20' )  [ RunTime:0.0000s ]
SQL: SELECT count(`SNumber`) as count FROM `ps_s_course` WHERE ( courseID = 10 )  [ RunTime:0.0000s ]
NOTIC: [8] Undefined variable: temp E:\DevelopTools\xampp\htdocs\PShunt\App\Admin\Controller\ChoiceController.class.php 第 49 行.
SQL: SELECT count(`SNumber`) as count FROM `ps_s_course` WHERE ( courseID = 19 )  [ RunTime:0.0000s ]
SQL: SELECT count(`SNumber`) as count FROM `ps_s_course` WHERE ( courseID = 20 )  [ RunTime:0.0000s ]
SQL: SELECT count(`SNumber`) as count FROM `ps_s_course` WHERE ( courseID = 23 )  [ RunTime:0.0010s ]
INFO: [ view_parse ] --START--
INFO: [ template_filter ] --START--
INFO: Run Behavior\ContentReplaceBehavior [ RunTime:0.001000s ]
INFO: [ template_filter ] --END-- [ RunTime:0.001000s ]
INFO: Run Behavior\ParseTemplateBehavior [ RunTime:0.011001s ]
INFO: [ view_parse ] --END-- [ RunTime:0.012001s ]
INFO: [ view_filter ] --START--
INFO: Run Behavior\WriteHtmlCacheBehavior [ RunTime:0.000000s ]
INFO: [ view_filter ] --END-- [ RunTime:0.000000s ]
INFO: [ app_end ] --START--
INFO: Run Behavior\ShowPageTraceBehavior [ RunTime:0.000000s ]
INFO: [ app_end ] --END-- [ RunTime:0.000000s ]

[ 2017-03-16T00:35:06+08:00 ] ::1 /PShunt/index.php/Admin/Choice/clearChoice
INFO: [ app_init ] --START--
INFO: Run Behavior\BuildLiteBehavior [ RunTime:0.000000s ]
INFO: [ app_init ] --END-- [ RunTime:0.001001s ]
INFO: [ app_begin ] --START--
INFO: Run Behavior\ReadHtmlCacheBehavior [ RunTime:0.001000s ]
INFO: [ app_begin ] --END-- [ RunTime:0.001000s ]
SQL: SHOW COLUMNS FROM `ps_s_course` [ RunTime:0.0020s ]
SQL: SHOW COLUMNS FROM `ps_course` [ RunTime:0.0020s ]
SQL: SHOW COLUMNS FROM `ps_student` [ RunTime:0.0020s ]
INFO: [ app_end ] --START--
INFO: Run Behavior\ShowPageTraceBehavior [ RunTime:0.000000s ]
INFO: [ app_end ] --END-- [ RunTime:0.001000s ]

[ 2017-03-16T00:35:59+08:00 ] ::1 /PShunt/index.php/Admin/Choice/choice?number=123
INFO: [ app_init ] --START--
INFO: Run Behavior\BuildLiteBehavior [ RunTime:0.000000s ]
INFO: [ app_init ] --END-- [ RunTime:0.001000s ]
INFO: [ app_begin ] --START--
INFO: Run Behavior\ReadHtmlCacheBehavior [ RunTime:0.000000s ]
INFO: [ app_begin ] --END-- [ RunTime:0.000000s ]
SQL: SHOW COLUMNS FROM `ps_s_course` [ RunTime:0.0020s ]
SQL: SHOW COLUMNS FROM `ps_course` [ RunTime:0.0010s ]
SQL: SHOW COLUMNS FROM `ps_student` [ RunTime:0.0010s ]
SQL: SELECT `si_name`,`si_sex`,`si_grade`,`si_profession`,`si_class`,`si_ischange` FROM `ps_student` WHERE ( si_number = 123 )  [ RunTime:0.0010s ]
SQL: SELECT courseID AS c_id FROM `ps_s_course` WHERE ( SNumber = 123 )  [ RunTime:0.0000s ]
SQL: SELECT `c_id`,`c_name`,`c_teacher` FROM `ps_course` WHERE (  `c_id` = '10' ) OR (  `c_id` = '23' ) OR (  `c_id` = '19' ) OR (  `c_id` = '20' )  [ RunTime:0.0000s ]
SQL: SELECT count(`SNumber`) as count FROM `ps_s_course` WHERE ( courseID = 10 )  [ RunTime:0.0000s ]
NOTIC: [8] Undefined variable: temp E:\DevelopTools\xampp\htdocs\PShunt\App\Admin\Controller\ChoiceController.class.php 第 49 行.
SQL: SELECT count(`SNumber`) as count FROM `ps_s_course` WHERE ( courseID = 19 )  [ RunTime:0.0000s ]
SQL: SELECT count(`SNumber`) as count FROM `ps_s_course` WHERE ( courseID = 20 )  [ RunTime:0.0000s ]
SQL: SELECT count(`SNumber`) as count FROM `ps_s_course` WHERE ( courseID = 23 )  [ RunTime:0.0000s ]
INFO: [ view_parse ] --START--
INFO: [ template_filter ] --START--
INFO: Run Behavior\ContentReplaceBehavior [ RunTime:0.000000s ]
INFO: [ template_filter ] --END-- [ RunTime:0.000000s ]
INFO: Run Behavior\ParseTemplateBehavior [ RunTime:0.006001s ]
INFO: [ view_parse ] --END-- [ RunTime:0.006001s ]
INFO: [ view_filter ] --START--
INFO: Run Behavior\WriteHtmlCacheBehavior [ RunTime:0.001000s ]
INFO: [ view_filter ] --END-- [ RunTime:0.001000s ]
INFO: [ app_end ] --START--
INFO: Run Behavior\ShowPageTraceBehavior [ RunTime:0.001000s ]
INFO: [ app_end ] --END-- [ RunTime:0.001000s ]

[ 2017-03-16T00:36:03+08:00 ] ::1 /PShunt/index.php/Admin/Choice/clearChoice
INFO: [ app_init ] --START--
INFO: Run Behavior\BuildLiteBehavior [ RunTime:0.000000s ]
INFO: [ app_init ] --END-- [ RunTime:0.001000s ]
INFO: [ app_begin ] --START--
INFO: Run Behavior\ReadHtmlCacheBehavior [ RunTime:0.001000s ]
INFO: [ app_begin ] --END-- [ RunTime:0.001000s ]
SQL: SHOW COLUMNS FROM `ps_s_course` [ RunTime:0.0010s ]
SQL: SHOW COLUMNS FROM `ps_course` [ RunTime:0.0010s ]
SQL: SHOW COLUMNS FROM `ps_student` [ RunTime:0.0010s ]
INFO: [ app_end ] --START--
INFO: Run Behavior\ShowPageTraceBehavior [ RunTime:0.000000s ]
INFO: [ app_end ] --END-- [ RunTime:0.000000s ]

[ 2017-03-16T00:39:47+08:00 ] ::1 /PShunt/index.php/Admin/Student/student.html
INFO: [ app_init ] --START--
INFO: Run Behavior\BuildLiteBehavior [ RunTime:0.000000s ]
INFO: [ app_init ] --END-- [ RunTime:0.001000s ]
INFO: [ app_begin ] --START--
INFO: Run Behavior\ReadHtmlCacheBehavior [ RunTime:0.000000s ]
INFO: [ app_begin ] --END-- [ RunTime:0.000000s ]
SQL: SHOW COLUMNS FROM `ps_student` [ RunTime:0.0020s ]
SQL: SELECT DISTINCT `si_grade`,`si_profession`,`si_class` FROM `ps_student` WHERE 1   [ RunTime:0.0010s ]
NOTIC: [8] Undefined variable: str E:\DevelopTools\xampp\htdocs\PShunt\App\Admin\Controller\StudentController.class.php 第 35 行.
INFO: [ view_parse ] --START--
INFO: [ template_filter ] --START--
INFO: Run Behavior\ContentReplaceBehavior [ RunTime:0.000000s ]
INFO: [ template_filter ] --END-- [ RunTime:0.000000s ]
INFO: Run Behavior\ParseTemplateBehavior [ RunTime:0.007001s ]
INFO: [ view_parse ] --END-- [ RunTime:0.009001s ]
INFO: [ view_filter ] --START--
INFO: Run Behavior\WriteHtmlCacheBehavior [ RunTime:0.000000s ]
INFO: [ view_filter ] --END-- [ RunTime:0.000000s ]
INFO: [ app_end ] --START--
INFO: Run Behavior\ShowPageTraceBehavior [ RunTime:0.000000s ]
INFO: [ app_end ] --END-- [ RunTime:0.000000s ]

[ 2017-03-16T00:39:47+08:00 ] ::1 /PShunt/index.php/Admin/Student/getAllStudentInfo?order=asc&offset=0&limit=20
INFO: [ app_init ] --START--
INFO: Run Behavior\BuildLiteBehavior [ RunTime:0.000000s ]
INFO: [ app_init ] --END-- [ RunTime:0.001000s ]
INFO: [ app_begin ] --START--
INFO: Run Behavior\ReadHtmlCacheBehavior [ RunTime:0.000000s ]
INFO: [ app_begin ] --END-- [ RunTime:0.000000s ]
SQL: SHOW COLUMNS FROM `ps_student` [ RunTime:0.0030s ]
SQL: SELECT `si_number`, `si_name`, `si_sex`, `si_grade`, `si_profession`, `si_class` FROM `ps_student` WHERE 1  [ RunTime:0.0030s ]
INFO: [ app_end ] --START--
INFO: Run Behavior\ShowPageTraceBehavior [ RunTime:0.001001s ]
INFO: [ app_end ] --END-- [ RunTime:0.001001s ]

[ 2017-03-16T00:45:10+08:00 ] ::1 /PShunt/index.php/Admin/Student/student.html
INFO: [ app_init ] --START--
INFO: Run Behavior\BuildLiteBehavior [ RunTime:0.000000s ]
INFO: [ app_init ] --END-- [ RunTime:0.000000s ]
INFO: [ app_begin ] --START--
INFO: Run Behavior\ReadHtmlCacheBehavior [ RunTime:0.001000s ]
INFO: [ app_begin ] --END-- [ RunTime:0.001000s ]
SQL: SHOW COLUMNS FROM `ps_student` [ RunTime:0.0030s ]
SQL: SELECT DISTINCT `si_grade`,`si_profession`,`si_class` FROM `ps_student` WHERE 1   [ RunTime:0.0010s ]
NOTIC: [8] Undefined variable: str E:\DevelopTools\xampp\htdocs\PShunt\App\Admin\Controller\StudentController.class.php 第 35 行.
INFO: [ view_parse ] --START--
INFO: [ template_filter ] --START--
INFO: Run Behavior\ContentReplaceBehavior [ RunTime:0.000000s ]
INFO: [ template_filter ] --END-- [ RunTime:0.000000s ]
INFO: Run Behavior\ParseTemplateBehavior [ RunTime:0.006001s ]
INFO: [ view_parse ] --END-- [ RunTime:0.006001s ]
INFO: [ view_filter ] --START--
INFO: Run Behavior\WriteHtmlCacheBehavior [ RunTime:0.000000s ]
INFO: [ view_filter ] --END-- [ RunTime:0.000000s ]
INFO: [ app_end ] --START--
INFO: Run Behavior\ShowPageTraceBehavior [ RunTime:0.001000s ]
INFO: [ app_end ] --END-- [ RunTime:0.001000s ]

[ 2017-03-16T00:45:10+08:00 ] ::1 /PShunt/index.php/Admin/Student/getAllStudentInfo?order=asc&offset=0&limit=20
INFO: [ app_init ] --START--
INFO: Run Behavior\BuildLiteBehavior [ RunTime:0.000000s ]
INFO: [ app_init ] --END-- [ RunTime:0.000000s ]
INFO: [ app_begin ] --START--
INFO: Run Behavior\ReadHtmlCacheBehavior [ RunTime:0.001000s ]
INFO: [ app_begin ] --END-- [ RunTime:0.001000s ]
SQL: SHOW COLUMNS FROM `ps_student` [ RunTime:0.0030s ]
SQL: SELECT `si_number`, `si_name`, `si_sex`, `si_grade`, `si_profession`, `si_class` FROM `ps_student` WHERE 1  [ RunTime:0.0030s ]
INFO: [ app_end ] --START--
INFO: Run Behavior\ShowPageTraceBehavior [ RunTime:0.000000s ]
INFO: [ app_end ] --END-- [ RunTime:0.000000s ]

[ 2017-03-16T00:45:13+08:00 ] ::1 /PShunt/index.php/Admin/Student/Choice/choice?number=123
INFO: [ app_init ] --START--
INFO: Run Behavior\BuildLiteBehavior [ RunTime:0.000000s ]
INFO: [ app_init ] --END-- [ RunTime:0.001000s ]
INFO: [ app_begin ] --START--
INFO: Run Behavior\ReadHtmlCacheBehavior [ RunTime:0.001000s ]
INFO: [ app_begin ] --END-- [ RunTime:0.001000s ]
ERR: 非法操作:Choice

[ 2017-03-16T00:47:03+08:00 ] ::1 /PShunt/index.php/Admin/Student/student.html
INFO: [ app_init ] --START--
INFO: Run Behavior\BuildLiteBehavior [ RunTime:0.000000s ]
INFO: [ app_init ] --END-- [ RunTime:0.000000s ]
INFO: [ app_begin ] --START--
INFO: Run Behavior\ReadHtmlCacheBehavior [ RunTime:0.001000s ]
INFO: [ app_begin ] --END-- [ RunTime:0.001000s ]
SQL: SHOW COLUMNS FROM `ps_student` [ RunTime:0.0040s ]
SQL: SELECT DISTINCT `si_grade`,`si_profession`,`si_class` FROM `ps_student` WHERE 1   [ RunTime:0.0010s ]
NOTIC: [8] Undefined variable: str E:\DevelopTools\xampp\htdocs\PShunt\App\Admin\Controller\StudentController.class.php 第 35 行.
INFO: [ view_parse ] --START--
INFO: [ template_filter ] --START--
INFO: Run Behavior\ContentReplaceBehavior [ RunTime:0.001000s ]
INFO: [ template_filter ] --END-- [ RunTime:0.001000s ]
INFO: Run Behavior\ParseTemplateBehavior [ RunTime:0.006000s ]
INFO: [ view_parse ] --END-- [ RunTime:0.006000s ]
INFO: [ view_filter ] --START--
INFO: Run Behavior\WriteHtmlCacheBehavior [ RunTime:0.001000s ]
INFO: [ view_filter ] --END-- [ RunTime:0.001000s ]
INFO: [ app_end ] --START--
INFO: Run Behavior\ShowPageTraceBehavior [ RunTime:0.000000s ]
INFO: [ app_end ] --END-- [ RunTime:0.000000s ]

[ 2017-03-16T00:47:03+08:00 ] ::1 /PShunt/index.php/Admin/Student/getAllStudentInfo?order=asc&offset=0&limit=20
INFO: [ app_init ] --START--
INFO: Run Behavior\BuildLiteBehavior [ RunTime:0.000000s ]
INFO: [ app_init ] --END-- [ RunTime:0.001000s ]
INFO: [ app_begin ] --START--
INFO: Run Behavior\ReadHtmlCacheBehavior [ RunTime:0.000000s ]
INFO: [ app_begin ] --END-- [ RunTime:0.000000s ]
SQL: SHOW COLUMNS FROM `ps_student` [ RunTime:0.0020s ]
SQL: SELECT `si_number`, `si_name`, `si_sex`, `si_grade`, `si_profession`, `si_class` FROM `ps_student` WHERE 1  [ RunTime:0.0020s ]
INFO: [ app_end ] --START--
INFO: Run Behavior\ShowPageTraceBehavior [ RunTime:0.001000s ]
INFO: [ app_end ] --END-- [ RunTime:0.001000s ]

[ 2017-03-16T00:47:05+08:00 ] ::1 /PShunt/index.php/Admin/Choice/choice?number=123
INFO: [ app_init ] --START--
INFO: Run Behavior\BuildLiteBehavior [ RunTime:0.000000s ]
INFO: [ app_init ] --END-- [ RunTime:0.001000s ]
INFO: [ app_begin ] --START--
INFO: Run Behavior\ReadHtmlCacheBehavior [ RunTime:0.001000s ]
INFO: [ app_begin ] --END-- [ RunTime:0.001000s ]
SQL: SHOW COLUMNS FROM `ps_s_course` [ RunTime:0.0040s ]
SQL: SHOW COLUMNS FROM `ps_course` [ RunTime:0.0040s ]
SQL: SHOW COLUMNS FROM `ps_student` [ RunTime:0.0030s ]
SQL: SELECT `si_name`,`si_sex`,`si_grade`,`si_profession`,`si_class`,`si_ischange` FROM `ps_student` WHERE ( si_number = 123 )  [ RunTime:0.0010s ]
SQL: SELECT courseID AS c_id FROM `ps_s_course` WHERE ( SNumber = 123 )  [ RunTime:0.0000s ]
SQL: SELECT `c_id`,`c_name`,`c_teacher` FROM `ps_course` WHERE (  `c_id` = '10' ) OR (  `c_id` = '23' ) OR (  `c_id` = '19' ) OR (  `c_id` = '20' )  [ RunTime:0.0000s ]
SQL: SELECT count(`SNumber`) as count FROM `ps_s_course` WHERE ( courseID = 10 )  [ RunTime:0.0000s ]
NOTIC: [8] Undefined variable: temp E:\DevelopTools\xampp\htdocs\PShunt\App\Admin\Controller\ChoiceController.class.php 第 49 行.
SQL: SELECT count(`SNumber`) as count FROM `ps_s_course` WHERE ( courseID = 19 )  [ RunTime:0.0000s ]
SQL: SELECT count(`SNumber`) as count FROM `ps_s_course` WHERE ( courseID = 20 )  [ RunTime:0.0010s ]
SQL: SELECT count(`SNumber`) as count FROM `ps_s_course` WHERE ( courseID = 23 )  [ RunTime:0.0000s ]
INFO: [ view_parse ] --START--
INFO: [ template_filter ] --START--
INFO: Run Behavior\ContentReplaceBehavior [ RunTime:0.000000s ]
INFO: [ template_filter ] --END-- [ RunTime:0.000000s ]
INFO: Run Behavior\ParseTemplateBehavior [ RunTime:0.008001s ]
INFO: [ view_parse ] --END-- [ RunTime:0.008001s ]
INFO: [ view_filter ] --START--
INFO: Run Behavior\WriteHtmlCacheBehavior [ RunTime:0.000000s ]
INFO: [ view_filter ] --END-- [ RunTime:0.000000s ]
INFO: [ app_end ] --START--
INFO: Run Behavior\ShowPageTraceBehavior [ RunTime:0.001000s ]
INFO: [ app_end ] --END-- [ RunTime:0.001000s ]

[ 2017-03-16T00:47:10+08:00 ] ::1 /PShunt/index.php/Admin/Choice/clearChoice
INFO: [ app_init ] --START--
INFO: Run Behavior\BuildLiteBehavior [ RunTime:0.000000s ]
INFO: [ app_init ] --END-- [ RunTime:0.001000s ]
INFO: [ app_begin ] --START--
INFO: Run Behavior\ReadHtmlCacheBehavior [ RunTime:0.000000s ]
INFO: [ app_begin ] --END-- [ RunTime:0.000000s ]
SQL: SHOW COLUMNS FROM `ps_s_course` [ RunTime:0.0020s ]
SQL: SHOW COLUMNS FROM `ps_course` [ RunTime:0.0010s ]
SQL: SHOW COLUMNS FROM `ps_student` [ RunTime:0.0010s ]
ERR: 1064:You have an error in your SQL syntax; check the manual that corresponds to your MariaDB server version for the right syntax to use near '%d )' at line 1
 [ SQL语句 ] : DELETE FROM `ps_s_course` WHERE ( SNumber = %d )
ERR: 1064:You have an error in your SQL syntax; check the manual that corresponds to your MariaDB server version for the right syntax to use near '%d )' at line 1
 [ SQL语句 ] : DELETE FROM `ps_s_course` WHERE ( SNumber = %d )

[ 2017-03-16T00:49:41+08:00 ] ::1 /PShunt/index.php/Admin/Choice/choice?number=123
INFO: [ app_init ] --START--
INFO: Run Behavior\BuildLiteBehavior [ RunTime:0.000000s ]
INFO: [ app_init ] --END-- [ RunTime:0.001000s ]
INFO: [ app_begin ] --START--
INFO: Run Behavior\ReadHtmlCacheBehavior [ RunTime:0.001000s ]
INFO: [ app_begin ] --END-- [ RunTime:0.001000s ]
SQL: SHOW COLUMNS FROM `ps_s_course` [ RunTime:0.0020s ]
SQL: SHOW COLUMNS FROM `ps_course` [ RunTime:0.0030s ]
SQL: SHOW COLUMNS FROM `ps_student` [ RunTime:0.0010s ]
SQL: SELECT `si_name`,`si_sex`,`si_grade`,`si_profession`,`si_class`,`si_ischange` FROM `ps_student` WHERE ( si_number = 123 )  [ RunTime:0.0000s ]
SQL: SELECT courseID AS c_id FROM `ps_s_course` WHERE ( SNumber = 123 )  [ RunTime:0.0000s ]
SQL: SELECT `c_id`,`c_name`,`c_teacher` FROM `ps_course` WHERE (  `c_id` = '10' ) OR (  `c_id` = '23' ) OR (  `c_id` = '19' ) OR (  `c_id` = '20' )  [ RunTime:0.0000s ]
SQL: SELECT count(`SNumber`) as count FROM `ps_s_course` WHERE ( courseID = 10 )  [ RunTime:0.0010s ]
NOTIC: [8] Undefined variable: temp E:\DevelopTools\xampp\htdocs\PShunt\App\Admin\Controller\ChoiceController.class.php 第 49 行.
SQL: SELECT count(`SNumber`) as count FROM `ps_s_course` WHERE ( courseID = 19 )  [ RunTime:0.0000s ]
SQL: SELECT count(`SNumber`) as count FROM `ps_s_course` WHERE ( courseID = 20 )  [ RunTime:0.0000s ]
SQL: SELECT count(`SNumber`) as count FROM `ps_s_course` WHERE ( courseID = 23 )  [ RunTime:0.0000s ]
INFO: [ view_parse ] --START--
INFO: [ template_filter ] --START--
INFO: Run Behavior\ContentReplaceBehavior [ RunTime:0.000000s ]
INFO: [ template_filter ] --END-- [ RunTime:0.000000s ]
INFO: Run Behavior\ParseTemplateBehavior [ RunTime:0.005000s ]
INFO: [ view_parse ] --END-- [ RunTime:0.005000s ]
INFO: [ view_filter ] --START--
INFO: Run Behavior\WriteHtmlCacheBehavior [ RunTime:0.000000s ]
INFO: [ view_filter ] --END-- [ RunTime:0.000000s ]
INFO: [ app_end ] --START--
INFO: Run Behavior\ShowPageTraceBehavior [ RunTime:0.001000s ]
INFO: [ app_end ] --END-- [ RunTime:0.001000s ]

[ 2017-03-16T00:49:43+08:00 ] ::1 /PShunt/index.php/Admin/Choice/clearChoice
INFO: [ app_init ] --START--
INFO: Run Behavior\BuildLiteBehavior [ RunTime:0.000000s ]
INFO: [ app_init ] --END-- [ RunTime:0.000000s ]
INFO: [ app_begin ] --START--
INFO: Run Behavior\ReadHtmlCacheBehavior [ RunTime:0.000000s ]
INFO: [ app_begin ] --END-- [ RunTime:0.000000s ]
SQL: SHOW COLUMNS FROM `ps_s_course` [ RunTime:0.0020s ]
SQL: SHOW COLUMNS FROM `ps_course` [ RunTime:0.0020s ]
SQL: SHOW COLUMNS FROM `ps_student` [ RunTime:0.0020s ]
ERR: 1064:You have an error in your SQL syntax; check the manual that corresponds to your MariaDB server version for the right syntax to use near '%d )' at line 1
 [ SQL语句 ] : DELETE FROM `ps_s_course` WHERE ( SNumber = %d )
ERR: 1064:You have an error in your SQL syntax; check the manual that corresponds to your MariaDB server version for the right syntax to use near '%d )' at line 1
 [ SQL语句 ] : DELETE FROM `ps_s_course` WHERE ( SNumber = %d )

[ 2017-03-16T00:50:30+08:00 ] ::1 /PShunt/index.php/Admin/Choice/choice?number=123
INFO: [ app_init ] --START--
INFO: Run Behavior\BuildLiteBehavior [ RunTime:0.000000s ]
INFO: [ app_init ] --END-- [ RunTime:0.001000s ]
INFO: [ app_begin ] --START--
INFO: Run Behavior\ReadHtmlCacheBehavior [ RunTime:0.001000s ]
INFO: [ app_begin ] --END-- [ RunTime:0.001000s ]
SQL: SHOW COLUMNS FROM `ps_s_course` [ RunTime:0.0020s ]
SQL: SHOW COLUMNS FROM `ps_course` [ RunTime:0.0020s ]
SQL: SHOW COLUMNS FROM `ps_student` [ RunTime:0.0010s ]
SQL: SELECT `si_name`,`si_sex`,`si_grade`,`si_profession`,`si_class`,`si_ischange` FROM `ps_student` WHERE ( si_number = 123 )  [ RunTime:0.0010s ]
SQL: SELECT courseID AS c_id FROM `ps_s_course` WHERE ( SNumber = 123 )  [ RunTime:0.0000s ]
SQL: SELECT `c_id`,`c_name`,`c_teacher` FROM `ps_course` WHERE (  `c_id` = '10' ) OR (  `c_id` = '23' ) OR (  `c_id` = '19' ) OR (  `c_id` = '20' )  [ RunTime:0.0000s ]
SQL: SELECT count(`SNumber`) as count FROM `ps_s_course` WHERE ( courseID = 10 )  [ RunTime:0.0000s ]
NOTIC: [8] Undefined variable: temp E:\DevelopTools\xampp\htdocs\PShunt\App\Admin\Controller\ChoiceController.class.php 第 49 行.
SQL: SELECT count(`SNumber`) as count FROM `ps_s_course` WHERE ( courseID = 19 )  [ RunTime:0.0010s ]
SQL: SELECT count(`SNumber`) as count FROM `ps_s_course` WHERE ( courseID = 20 )  [ RunTime:0.0000s ]
SQL: SELECT count(`SNumber`) as count FROM `ps_s_course` WHERE ( courseID = 23 )  [ RunTime:0.0000s ]
INFO: [ view_parse ] --START--
INFO: [ template_filter ] --START--
INFO: Run Behavior\ContentReplaceBehavior [ RunTime:0.000000s ]
INFO: [ template_filter ] --END-- [ RunTime:0.000000s ]
INFO: Run Behavior\ParseTemplateBehavior [ RunTime:0.006001s ]
INFO: [ view_parse ] --END-- [ RunTime:0.006001s ]
INFO: [ view_filter ] --START--
INFO: Run Behavior\WriteHtmlCacheBehavior [ RunTime:0.000000s ]
INFO: [ view_filter ] --END-- [ RunTime:0.000000s ]
INFO: [ app_end ] --START--
INFO: Run Behavior\ShowPageTraceBehavior [ RunTime:0.001000s ]
INFO: [ app_end ] --END-- [ RunTime:0.001000s ]

[ 2017-03-16T00:50:32+08:00 ] ::1 /PShunt/index.php/Admin/Choice/clearChoice
INFO: [ app_init ] --START--
INFO: Run Behavior\BuildLiteBehavior [ RunTime:0.000000s ]
INFO: [ app_init ] --END-- [ RunTime:0.000000s ]
INFO: [ app_begin ] --START--
INFO: Run Behavior\ReadHtmlCacheBehavior [ RunTime:0.000000s ]
INFO: [ app_begin ] --END-- [ RunTime:0.000000s ]
SQL: SHOW COLUMNS FROM `ps_s_course` [ RunTime:0.0020s ]
SQL: SHOW COLUMNS FROM `ps_course` [ RunTime:0.0020s ]
SQL: SHOW COLUMNS FROM `ps_student` [ RunTime:0.0020s ]
INFO: [ app_end ] --START--
INFO: Run Behavior\ShowPageTraceBehavior [ RunTime:0.001000s ]
INFO: [ app_end ] --END-- [ RunTime:0.001000s ]

[ 2017-03-16T00:52:47+08:00 ] ::1 /PShunt/index.php/Admin/Choice/choice?number=123
INFO: [ app_init ] --START--
INFO: Run Behavior\BuildLiteBehavior [ RunTime:0.000000s ]
INFO: [ app_init ] --END-- [ RunTime:0.000000s ]
INFO: [ app_begin ] --START--
INFO: Run Behavior\ReadHtmlCacheBehavior [ RunTime:0.001000s ]
INFO: [ app_begin ] --END-- [ RunTime:0.001000s ]
SQL: SHOW COLUMNS FROM `ps_s_course` [ RunTime:0.0030s ]
SQL: SHOW COLUMNS FROM `ps_course` [ RunTime:0.0020s ]
SQL: SHOW COLUMNS FROM `ps_student` [ RunTime:0.0010s ]
SQL: SELECT `si_name`,`si_sex`,`si_grade`,`si_profession`,`si_class`,`si_ischange` FROM `ps_student` WHERE ( si_number = 123 )  [ RunTime:0.0000s ]
SQL: SELECT courseID AS c_id FROM `ps_s_course` WHERE ( SNumber = 123 )  [ RunTime:0.0010s ]
SQL: SELECT `c_id`,`c_name`,`c_teacher` FROM `ps_course` WHERE (  `c_id` = '10' ) OR (  `c_id` = '23' ) OR (  `c_id` = '19' ) OR (  `c_id` = '20' )  [ RunTime:0.0000s ]
SQL: SELECT count(`SNumber`) as count FROM `ps_s_course` WHERE ( courseID = 10 )  [ RunTime:0.0000s ]
NOTIC: [8] Undefined variable: temp E:\DevelopTools\xampp\htdocs\PShunt\App\Admin\Controller\ChoiceController.class.php 第 50 行.
SQL: SELECT count(`SNumber`) as count FROM `ps_s_course` WHERE ( courseID = 19 )  [ RunTime:0.0000s ]
SQL: SELECT count(`SNumber`) as count FROM `ps_s_course` WHERE ( courseID = 20 )  [ RunTime:0.0000s ]
SQL: SELECT count(`SNumber`) as count FROM `ps_s_course` WHERE ( courseID = 23 )  [ RunTime:0.0000s ]
INFO: [ view_parse ] --START--
INFO: [ template_filter ] --START--
INFO: Run Behavior\ContentReplaceBehavior [ RunTime:0.000000s ]
INFO: [ template_filter ] --END-- [ RunTime:0.000000s ]
INFO: Run Behavior\ParseTemplateBehavior [ RunTime:0.007001s ]
INFO: [ view_parse ] --END-- [ RunTime:0.007001s ]
INFO: [ view_filter ] --START--
INFO: Run Behavior\WriteHtmlCacheBehavior [ RunTime:0.000000s ]
INFO: [ view_filter ] --END-- [ RunTime:0.000000s ]
INFO: [ app_end ] --START--
INFO: Run Behavior\ShowPageTraceBehavior [ RunTime:0.000000s ]
INFO: [ app_end ] --END-- [ RunTime:0.000000s ]

[ 2017-03-16T00:53:31+08:00 ] ::1 /PShunt/index.php/Admin/Choice/choice?number=123
INFO: [ app_init ] --START--
INFO: Run Behavior\BuildLiteBehavior [ RunTime:0.000000s ]
INFO: [ app_init ] --END-- [ RunTime:0.001000s ]
INFO: [ app_begin ] --START--
INFO: Run Behavior\ReadHtmlCacheBehavior [ RunTime:0.001000s ]
INFO: [ app_begin ] --END-- [ RunTime:0.001000s ]
SQL: SHOW COLUMNS FROM `ps_s_course` [ RunTime:0.0030s ]
SQL: SHOW COLUMNS FROM `ps_course` [ RunTime:0.0030s ]
SQL: SHOW COLUMNS FROM `ps_student` [ RunTime:0.0020s ]
SQL: SELECT `si_name`,`si_sex`,`si_grade`,`si_profession`,`si_class`,`si_ischange` FROM `ps_student` WHERE ( si_number = 123 )  [ RunTime:0.0000s ]
SQL: SELECT courseID AS c_id FROM `ps_s_course` WHERE ( SNumber = 123 )  [ RunTime:0.0000s ]
SQL: SELECT `c_id`,`c_name`,`c_teacher` FROM `ps_course` WHERE (  `c_id` = '10' ) OR (  `c_id` = '23' ) OR (  `c_id` = '19' ) OR (  `c_id` = '20' )  [ RunTime:0.0000s ]
SQL: SELECT count(`SNumber`) as count FROM `ps_s_course` WHERE ( courseID = 10 )  [ RunTime:0.0000s ]
NOTIC: [8] Undefined variable: temp E:\DevelopTools\xampp\htdocs\PShunt\App\Admin\Controller\ChoiceController.class.php 第 50 行.
SQL: SELECT count(`SNumber`) as count FROM `ps_s_course` WHERE ( courseID = 19 )  [ RunTime:0.0000s ]
SQL: SELECT count(`SNumber`) as count FROM `ps_s_course` WHERE ( courseID = 20 )  [ RunTime:0.0010s ]
SQL: SELECT count(`SNumber`) as count FROM `ps_s_course` WHERE ( courseID = 23 )  [ RunTime:0.0000s ]
INFO: [ view_parse ] --START--
INFO: [ template_filter ] --START--
INFO: Run Behavior\ContentReplaceBehavior [ RunTime:0.000000s ]
INFO: [ template_filter ] --END-- [ RunTime:0.000000s ]
INFO: Run Behavior\ParseTemplateBehavior [ RunTime:0.006000s ]
INFO: [ view_parse ] --END-- [ RunTime:0.007000s ]
INFO: [ view_filter ] --START--
INFO: Run Behavior\WriteHtmlCacheBehavior [ RunTime:0.000000s ]
INFO: [ view_filter ] --END-- [ RunTime:0.000000s ]
INFO: [ app_end ] --START--
INFO: Run Behavior\ShowPageTraceBehavior [ RunTime:0.001000s ]
INFO: [ app_end ] --END-- [ RunTime:0.001000s ]

[ 2017-03-16T00:53:44+08:00 ] ::1 /PShunt/index.php/Admin/Choice/choice?number=1310506258
INFO: [ app_init ] --START--
INFO: Run Behavior\BuildLiteBehavior [ RunTime:0.000000s ]
INFO: [ app_init ] --END-- [ RunTime:0.000000s ]
INFO: [ app_begin ] --START--
INFO: Run Behavior\ReadHtmlCacheBehavior [ RunTime:0.000000s ]
INFO: [ app_begin ] --END-- [ RunTime:0.000000s ]
SQL: SHOW COLUMNS FROM `ps_s_course` [ RunTime:0.0020s ]
SQL: SHOW COLUMNS FROM `ps_course` [ RunTime:0.0020s ]
SQL: SHOW COLUMNS FROM `ps_student` [ RunTime:0.0040s ]
SQL: SELECT `si_name`,`si_sex`,`si_grade`,`si_profession`,`si_class`,`si_ischange` FROM `ps_student` WHERE ( si_number = 1310506258 )  [ RunTime:0.0000s ]
SQL: SELECT courseID AS c_id FROM `ps_s_course` WHERE ( SNumber = 1310506258 )  [ RunTime:0.0000s ]
SQL: SELECT `c_id`,`c_name`,`c_teacher` FROM `ps_course`  [ RunTime:0.0000s ]
SQL: SELECT count(`SNumber`) as count FROM `ps_s_course` WHERE ( courseID = 10 )  [ RunTime:0.0000s ]
NOTIC: [8] Undefined variable: temp E:\DevelopTools\xampp\htdocs\PShunt\App\Admin\Controller\ChoiceController.class.php 第 50 行.
SQL: SELECT count(`SNumber`) as count FROM `ps_s_course` WHERE ( courseID = 11 )  [ RunTime:0.0000s ]
SQL: SELECT count(`SNumber`) as count FROM `ps_s_course` WHERE ( courseID = 12 )  [ RunTime:0.0000s ]
SQL: SELECT count(`SNumber`) as count FROM `ps_s_course` WHERE ( courseID = 13 )  [ RunTime:0.0000s ]
SQL: SELECT count(`SNumber`) as count FROM `ps_s_course` WHERE ( courseID = 14 )  [ RunTime:0.0000s ]
SQL: SELECT count(`SNumber`) as count FROM `ps_s_course` WHERE ( courseID = 15 )  [ RunTime:0.0000s ]
SQL: SELECT count(`SNumber`) as count FROM `ps_s_course` WHERE ( courseID = 16 )  [ RunTime:0.0000s ]
SQL: SELECT count(`SNumber`) as count FROM `ps_s_course` WHERE ( courseID = 17 )  [ RunTime:0.0000s ]
SQL: SELECT count(`SNumber`) as count FROM `ps_s_course` WHERE ( courseID = 18 )  [ RunTime:0.0000s ]
SQL: SELECT count(`SNumber`) as count FROM `ps_s_course` WHERE ( courseID = 19 )  [ RunTime:0.0000s ]
SQL: SELECT count(`SNumber`) as count FROM `ps_s_course` WHERE ( courseID = 20 )  [ RunTime:0.0000s ]
SQL: SELECT count(`SNumber`) as count FROM `ps_s_course` WHERE ( courseID = 23 )  [ RunTime:0.0000s ]
INFO: [ view_parse ] --START--
INFO: [ template_filter ] --START--
INFO: Run Behavior\ContentReplaceBehavior [ RunTime:0.000000s ]
INFO: [ template_filter ] --END-- [ RunTime:0.000000s ]
INFO: Run Behavior\ParseTemplateBehavior [ RunTime:0.004000s ]
INFO: [ view_parse ] --END-- [ RunTime:0.004000s ]
INFO: [ view_filter ] --START--
INFO: Run Behavior\WriteHtmlCacheBehavior [ RunTime:0.000000s ]
INFO: [ view_filter ] --END-- [ RunTime:0.000000s ]
INFO: [ app_end ] --START--
INFO: Run Behavior\ShowPageTraceBehavior [ RunTime:0.001000s ]
INFO: [ app_end ] --END-- [ RunTime:0.001000s ]

[ 2017-03-16T00:55:40+08:00 ] ::1 /PShunt/index.php/Admin/Choice/choice?number=1310506258
INFO: [ app_init ] --START--
INFO: Run Behavior\BuildLiteBehavior [ RunTime:0.000000s ]
INFO: [ app_init ] --END-- [ RunTime:0.001000s ]
INFO: [ app_begin ] --START--
INFO: Run Behavior\ReadHtmlCacheBehavior [ RunTime:0.000000s ]
INFO: [ app_begin ] --END-- [ RunTime:0.001000s ]
SQL: SHOW COLUMNS FROM `ps_s_course` [ RunTime:0.0020s ]
SQL: SHOW COLUMNS FROM `ps_course` [ RunTime:0.0020s ]
SQL: SHOW COLUMNS FROM `ps_student` [ RunTime:0.0020s ]
SQL: SELECT `si_name`,`si_sex`,`si_grade`,`si_profession`,`si_class`,`si_ischange` FROM `ps_student` WHERE ( si_number = 1310506258 )  [ RunTime:0.0000s ]
SQL: SELECT courseID AS c_id FROM `ps_s_course` WHERE ( SNumber = 1310506258 )  [ RunTime:0.0000s ]
INFO: [ view_parse ] --START--
INFO: [ template_filter ] --START--
INFO: Run Behavior\ContentReplaceBehavior [ RunTime:0.000000s ]
INFO: [ template_filter ] --END-- [ RunTime:0.000000s ]
INFO: Run Behavior\ParseTemplateBehavior [ RunTime:0.006000s ]
INFO: [ view_parse ] --END-- [ RunTime:0.006000s ]
INFO: [ view_filter ] --START--
INFO: Run Behavior\WriteHtmlCacheBehavior [ RunTime:0.000000s ]
INFO: [ view_filter ] --END-- [ RunTime:0.000000s ]
INFO: [ app_end ] --START--
INFO: Run Behavior\ShowPageTraceBehavior [ RunTime:0.001000s ]
INFO: [ app_end ] --END-- [ RunTime:0.001000s ]

[ 2017-03-16T00:57:24+08:00 ] ::1 /PShunt/index.php/Admin/Choice/choice?number=123
INFO: [ app_init ] --START--
INFO: Run Behavior\BuildLiteBehavior [ RunTime:0.000000s ]
INFO: [ app_init ] --END-- [ RunTime:0.000000s ]
INFO: [ app_begin ] --START--
INFO: Run Behavior\ReadHtmlCacheBehavior [ RunTime:0.001000s ]
INFO: [ app_begin ] --END-- [ RunTime:0.001000s ]
SQL: SHOW COLUMNS FROM `ps_s_course` [ RunTime:0.0020s ]
SQL: SHOW COLUMNS FROM `ps_course` [ RunTime:0.0020s ]
SQL: SHOW COLUMNS FROM `ps_student` [ RunTime:0.0020s ]
SQL: SELECT `si_name`,`si_sex`,`si_grade`,`si_profession`,`si_class`,`si_ischange` FROM `ps_student` WHERE ( si_number = 123 )  [ RunTime:0.0000s ]
SQL: SELECT courseID AS c_id FROM `ps_s_course` WHERE ( SNumber = 123 )  [ RunTime:0.0000s ]
SQL: SELECT `c_id`,`c_name`,`c_teacher` FROM `ps_course` WHERE (  `c_id` = '10' ) OR (  `c_id` = '23' ) OR (  `c_id` = '19' ) OR (  `c_id` = '20' )  [ RunTime:0.0010s ]
SQL: SELECT count(`SNumber`) as count FROM `ps_s_course` WHERE ( courseID = 10 )  [ RunTime:0.0000s ]
NOTIC: [8] Undefined variable: temp E:\DevelopTools\xampp\htdocs\PShunt\App\Admin\Controller\ChoiceController.class.php 第 53 行.
SQL: SELECT count(`SNumber`) as count FROM `ps_s_course` WHERE ( courseID = 19 )  [ RunTime:0.0000s ]
SQL: SELECT count(`SNumber`) as count FROM `ps_s_course` WHERE ( courseID = 20 )  [ RunTime:0.0000s ]
SQL: SELECT count(`SNumber`) as count FROM `ps_s_course` WHERE ( courseID = 23 )  [ RunTime:0.0000s ]
INFO: [ view_parse ] --START--
INFO: [ template_filter ] --START--
INFO: Run Behavior\ContentReplaceBehavior [ RunTime:0.000000s ]
INFO: [ template_filter ] --END-- [ RunTime:0.000000s ]
INFO: Run Behavior\ParseTemplateBehavior [ RunTime:0.005001s ]
INFO: [ view_parse ] --END-- [ RunTime:0.005001s ]
INFO: [ view_filter ] --START--
INFO: Run Behavior\WriteHtmlCacheBehavior [ RunTime:0.001000s ]
INFO: [ view_filter ] --END-- [ RunTime:0.001000s ]
INFO: [ app_end ] --START--
INFO: Run Behavior\ShowPageTraceBehavior [ RunTime:0.000000s ]
INFO: [ app_end ] --END-- [ RunTime:0.000000s ]

[ 2017-03-16T00:57:27+08:00 ] ::1 /PShunt/index.php/Admin/Choice/clearChoice
INFO: [ app_init ] --START--
INFO: Run Behavior\BuildLiteBehavior [ RunTime:0.000000s ]
INFO: [ app_init ] --END-- [ RunTime:0.000000s ]
INFO: [ app_begin ] --START--
INFO: Run Behavior\ReadHtmlCacheBehavior [ RunTime:0.000000s ]
INFO: [ app_begin ] --END-- [ RunTime:0.000000s ]
SQL: SHOW COLUMNS FROM `ps_s_course` [ RunTime:0.0020s ]
SQL: SHOW COLUMNS FROM `ps_course` [ RunTime:0.0010s ]
SQL: SHOW COLUMNS FROM `ps_student` [ RunTime:0.0040s ]
INFO: [ app_end ] --START--
INFO: Run Behavior\ShowPageTraceBehavior [ RunTime:0.001000s ]
INFO: [ app_end ] --END-- [ RunTime:0.001000s ]

[ 2017-03-16T01:01:04+08:00 ] ::1 /PShunt/index.php/Admin/Choice/choice?number=123
INFO: [ app_init ] --START--
INFO: Run Behavior\BuildLiteBehavior [ RunTime:0.000000s ]
INFO: [ app_init ] --END-- [ RunTime:0.001000s ]
INFO: [ app_begin ] --START--
INFO: Run Behavior\ReadHtmlCacheBehavior [ RunTime:0.001000s ]
INFO: [ app_begin ] --END-- [ RunTime:0.001000s ]
SQL: SHOW COLUMNS FROM `ps_s_course` [ RunTime:0.0030s ]
SQL: SHOW COLUMNS FROM `ps_course` [ RunTime:0.0270s ]
SQL: SHOW COLUMNS FROM `ps_student` [ RunTime:0.0020s ]
SQL: SELECT `si_name`,`si_sex`,`si_grade`,`si_profession`,`si_class`,`si_ischange` FROM `ps_student` WHERE ( si_number = 123 )  [ RunTime:0.0010s ]
SQL: SELECT courseID AS c_id FROM `ps_s_course` WHERE ( SNumber = 123 )  [ RunTime:0.0000s ]
SQL: SELECT `c_id`,`c_name`,`c_teacher` FROM `ps_course` WHERE (  `c_id` = '10' ) OR (  `c_id` = '23' ) OR (  `c_id` = '19' ) OR (  `c_id` = '20' )  [ RunTime:0.0000s ]
SQL: SELECT count(`SNumber`) as count FROM `ps_s_course` WHERE ( courseID = 10 )  [ RunTime:0.0000s ]
NOTIC: [8] Undefined variable: temp E:\DevelopTools\xampp\htdocs\PShunt\App\Admin\Controller\ChoiceController.class.php 第 53 行.
SQL: SELECT count(`SNumber`) as count FROM `ps_s_course` WHERE ( courseID = 19 )  [ RunTime:0.0010s ]
SQL: SELECT count(`SNumber`) as count FROM `ps_s_course` WHERE ( courseID = 20 )  [ RunTime:0.0000s ]
SQL: SELECT count(`SNumber`) as count FROM `ps_s_course` WHERE ( courseID = 23 )  [ RunTime:0.0000s ]
INFO: [ view_parse ] --START--
INFO: [ template_filter ] --START--
INFO: Run Behavior\ContentReplaceBehavior [ RunTime:0.001000s ]
INFO: [ template_filter ] --END-- [ RunTime:0.001000s ]
INFO: Run Behavior\ParseTemplateBehavior [ RunTime:0.004000s ]
INFO: [ view_parse ] --END-- [ RunTime:0.004000s ]
INFO: [ view_filter ] --START--
INFO: Run Behavior\WriteHtmlCacheBehavior [ RunTime:0.001000s ]
INFO: [ view_filter ] --END-- [ RunTime:0.001000s ]
INFO: [ app_end ] --START--
INFO: Run Behavior\ShowPageTraceBehavior [ RunTime:0.000000s ]
INFO: [ app_end ] --END-- [ RunTime:0.000000s ]

[ 2017-03-16T01:01:06+08:00 ] ::1 /PShunt/index.php/Admin/Choice/clearChoice?numbrt=123
INFO: [ app_init ] --START--
INFO: Run Behavior\BuildLiteBehavior [ RunTime:0.000000s ]
INFO: [ app_init ] --END-- [ RunTime:0.001000s ]
INFO: [ app_begin ] --START--
INFO: Run Behavior\ReadHtmlCacheBehavior [ RunTime:0.001000s ]
INFO: [ app_begin ] --END-- [ RunTime:0.001000s ]
SQL: SHOW COLUMNS FROM `ps_s_course` [ RunTime:0.0010s ]
SQL: SHOW COLUMNS FROM `ps_course` [ RunTime:0.0020s ]
SQL: SHOW COLUMNS FROM `ps_student` [ RunTime:0.0020s ]
INFO: [ app_end ] --START--
INFO: Run Behavior\ShowPageTraceBehavior [ RunTime:0.001000s ]
INFO: [ app_end ] --END-- [ RunTime:0.001000s ]

[ 2017-03-16T01:01:41+08:00 ] ::1 /PShunt/index.php/Admin/Choice/choice?number=123
INFO: [ app_init ] --START--
INFO: Run Behavior\BuildLiteBehavior [ RunTime:0.000000s ]
INFO: [ app_init ] --END-- [ RunTime:0.001000s ]
INFO: [ app_begin ] --START--
INFO: Run Behavior\ReadHtmlCacheBehavior [ RunTime:0.000000s ]
INFO: [ app_begin ] --END-- [ RunTime:0.000000s ]
SQL: SHOW COLUMNS FROM `ps_s_course` [ RunTime:0.0020s ]
SQL: SHOW COLUMNS FROM `ps_course` [ RunTime:0.0020s ]
SQL: SHOW COLUMNS FROM `ps_student` [ RunTime:0.0020s ]
SQL: SELECT `si_name`,`si_sex`,`si_grade`,`si_profession`,`si_class`,`si_ischange` FROM `ps_student` WHERE ( si_number = 123 )  [ RunTime:0.0000s ]
SQL: SELECT courseID AS c_id FROM `ps_s_course` WHERE ( SNumber = 123 )  [ RunTime:0.0010s ]
SQL: SELECT `c_id`,`c_name`,`c_teacher` FROM `ps_course` WHERE (  `c_id` = '10' ) OR (  `c_id` = '23' ) OR (  `c_id` = '19' ) OR (  `c_id` = '20' )  [ RunTime:0.0000s ]
SQL: SELECT count(`SNumber`) as count FROM `ps_s_course` WHERE ( courseID = 10 )  [ RunTime:0.0000s ]
NOTIC: [8] Undefined variable: temp E:\DevelopTools\xampp\htdocs\PShunt\App\Admin\Controller\ChoiceController.class.php 第 53 行.
SQL: SELECT count(`SNumber`) as count FROM `ps_s_course` WHERE ( courseID = 19 )  [ RunTime:0.0000s ]
SQL: SELECT count(`SNumber`) as count FROM `ps_s_course` WHERE ( courseID = 20 )  [ RunTime:0.0010s ]
SQL: SELECT count(`SNumber`) as count FROM `ps_s_course` WHERE ( courseID = 23 )  [ RunTime:0.0000s ]
INFO: [ view_parse ] --START--
INFO: [ template_filter ] --START--
INFO: Run Behavior\ContentReplaceBehavior [ RunTime:0.000000s ]
INFO: [ template_filter ] --END-- [ RunTime:0.000000s ]
INFO: Run Behavior\ParseTemplateBehavior [ RunTime:0.006001s ]
INFO: [ view_parse ] --END-- [ RunTime:0.006001s ]
INFO: [ view_filter ] --START--
INFO: Run Behavior\WriteHtmlCacheBehavior [ RunTime:0.000000s ]
INFO: [ view_filter ] --END-- [ RunTime:0.000000s ]
INFO: [ app_end ] --START--
INFO: Run Behavior\ShowPageTraceBehavior [ RunTime:0.001000s ]
INFO: [ app_end ] --END-- [ RunTime:0.001000s ]

[ 2017-03-16T01:01:43+08:00 ] ::1 /PShunt/index.php/Admin/Choice/clearChoice?number=123
INFO: [ app_init ] --START--
INFO: Run Behavior\BuildLiteBehavior [ RunTime:0.000000s ]
INFO: [ app_init ] --END-- [ RunTime:0.000000s ]
INFO: [ app_begin ] --START--
INFO: Run Behavior\ReadHtmlCacheBehavior [ RunTime:0.001000s ]
INFO: [ app_begin ] --END-- [ RunTime:0.001000s ]
SQL: SHOW COLUMNS FROM `ps_s_course` [ RunTime:0.0020s ]
SQL: SHOW COLUMNS FROM `ps_course` [ RunTime:0.0030s ]
SQL: SHOW COLUMNS FROM `ps_student` [ RunTime:0.0030s ]
SQL: DELETE FROM `ps_s_course` WHERE ( SNumber = 123 ) [ RunTime:0.1310s ]
INFO: [ app_end ] --START--
INFO: Run Behavior\ShowPageTraceBehavior [ RunTime:0.001000s ]
INFO: [ app_end ] --END-- [ RunTime:0.001000s ]

[ 2017-03-16T01:03:18+08:00 ] ::1 /PShunt/index.php/Admin/Choice/choice?number=123
INFO: [ app_init ] --START--
INFO: Run Behavior\BuildLiteBehavior [ RunTime:0.000000s ]
INFO: [ app_init ] --END-- [ RunTime:0.000000s ]
INFO: [ app_begin ] --START--
INFO: Run Behavior\ReadHtmlCacheBehavior [ RunTime:0.001000s ]
INFO: [ app_begin ] --END-- [ RunTime:0.001000s ]
SQL: SHOW COLUMNS FROM `ps_s_course` [ RunTime:0.0020s ]
SQL: SHOW COLUMNS FROM `ps_course` [ RunTime:0.0040s ]
SQL: SHOW COLUMNS FROM `ps_student` [ RunTime:0.0020s ]
SQL: SELECT `si_name`,`si_sex`,`si_grade`,`si_profession`,`si_class`,`si_ischange` FROM `ps_student` WHERE ( si_number = 123 )  [ RunTime:0.0000s ]
SQL: SELECT courseID AS c_id FROM `ps_s_course` WHERE ( SNumber = 123 )  [ RunTime:0.0000s ]
SQL: SELECT `c_id`,`c_name`,`c_teacher` FROM `ps_course` WHERE (  `c_id` = '10' ) OR (  `c_id` = '23' ) OR (  `c_id` = '13' ) OR (  `c_id` = '14' )  [ RunTime:0.0000s ]
SQL: SELECT count(`SNumber`) as count FROM `ps_s_course` WHERE ( courseID = 10 )  [ RunTime:0.0000s ]
NOTIC: [8] Undefined variable: temp E:\DevelopTools\xampp\htdocs\PShunt\App\Admin\Controller\ChoiceController.class.php 第 53 行.
SQL: SELECT count(`SNumber`) as count FROM `ps_s_course` WHERE ( courseID = 13 )  [ RunTime:0.0000s ]
SQL: SELECT count(`SNumber`) as count FROM `ps_s_course` WHERE ( courseID = 14 )  [ RunTime:0.0010s ]
SQL: SELECT count(`SNumber`) as count FROM `ps_s_course` WHERE ( courseID = 23 )  [ RunTime:0.0000s ]
INFO: [ view_parse ] --START--
INFO: [ template_filter ] --START--
INFO: Run Behavior\ContentReplaceBehavior [ RunTime:0.000000s ]
INFO: [ template_filter ] --END-- [ RunTime:0.000000s ]
INFO: Run Behavior\ParseTemplateBehavior [ RunTime:0.006000s ]
INFO: [ view_parse ] --END-- [ RunTime:0.006000s ]
INFO: [ view_filter ] --START--
INFO: Run Behavior\WriteHtmlCacheBehavior [ RunTime:0.001000s ]
INFO: [ view_filter ] --END-- [ RunTime:0.001000s ]
INFO: [ app_end ] --START--
INFO: Run Behavior\ShowPageTraceBehavior [ RunTime:0.001000s ]
INFO: [ app_end ] --END-- [ RunTime:0.001000s ]

[ 2017-03-16T01:03:20+08:00 ] ::1 /PShunt/index.php/Admin/Choice/clearChoice?number=123
INFO: [ app_init ] --START--
INFO: Run Behavior\BuildLiteBehavior [ RunTime:0.000000s ]
INFO: [ app_init ] --END-- [ RunTime:0.000000s ]
INFO: [ app_begin ] --START--
INFO: Run Behavior\ReadHtmlCacheBehavior [ RunTime:0.000000s ]
INFO: [ app_begin ] --END-- [ RunTime:0.001000s ]
SQL: SHOW COLUMNS FROM `ps_s_course` [ RunTime:0.0010s ]
SQL: SHOW COLUMNS FROM `ps_course` [ RunTime:0.0030s ]
SQL: SHOW COLUMNS FROM `ps_student` [ RunTime:0.0010s ]
SQL: DELETE FROM `ps_s_course` WHERE ( SNumber = 123 ) [ RunTime:0.0570s ]
INFO: [ app_end ] --START--
INFO: Run Behavior\ShowPageTraceBehavior [ RunTime:0.001000s ]
INFO: [ app_end ] --END-- [ RunTime:0.001000s ]

[ 2017-03-16T01:04:29+08:00 ] ::1 /PShunt/index.php/Admin/Choice/choice?number=1310506258
INFO: [ app_init ] --START--
INFO: Run Behavior\BuildLiteBehavior [ RunTime:0.000000s ]
INFO: [ app_init ] --END-- [ RunTime:0.001000s ]
INFO: [ app_begin ] --START--
INFO: Run Behavior\ReadHtmlCacheBehavior [ RunTime:0.001000s ]
INFO: [ app_begin ] --END-- [ RunTime:0.001000s ]
SQL: SHOW COLUMNS FROM `ps_s_course` [ RunTime:0.0020s ]
SQL: SHOW COLUMNS FROM `ps_course` [ RunTime:0.0030s ]
SQL: SHOW COLUMNS FROM `ps_student` [ RunTime:0.0010s ]
SQL: SELECT `si_name`,`si_sex`,`si_grade`,`si_profession`,`si_class`,`si_ischange` FROM `ps_student` WHERE ( si_number = 1310506258 )  [ RunTime:0.0000s ]
SQL: SELECT courseID AS c_id FROM `ps_s_course` WHERE ( SNumber = 1310506258 )  [ RunTime:0.0000s ]
INFO: [ view_parse ] --START--
INFO: [ template_filter ] --START--
INFO: Run Behavior\ContentReplaceBehavior [ RunTime:0.000000s ]
INFO: [ template_filter ] --END-- [ RunTime:0.000000s ]
INFO: Run Behavior\ParseTemplateBehavior [ RunTime:0.005000s ]
INFO: [ view_parse ] --END-- [ RunTime:0.005000s ]
INFO: [ view_filter ] --START--
INFO: Run Behavior\WriteHtmlCacheBehavior [ RunTime:0.000000s ]
INFO: [ view_filter ] --END-- [ RunTime:0.000000s ]
INFO: [ app_end ] --START--
INFO: Run Behavior\ShowPageTraceBehavior [ RunTime:0.001000s ]
INFO: [ app_end ] --END-- [ RunTime:0.001000s ]

[ 2017-03-16T01:09:41+08:00 ] ::1 /PShunt/index.php/Admin/Student/student.html
INFO: [ app_init ] --START--
INFO: Run Behavior\BuildLiteBehavior [ RunTime:0.000000s ]
INFO: [ app_init ] --END-- [ RunTime:0.000000s ]
INFO: [ app_begin ] --START--
INFO: Run Behavior\ReadHtmlCacheBehavior [ RunTime:0.001000s ]
INFO: [ app_begin ] --END-- [ RunTime:0.001000s ]
SQL: SHOW COLUMNS FROM `ps_student` [ RunTime:0.0020s ]
SQL: SELECT DISTINCT `si_grade`,`si_profession`,`si_class` FROM `ps_student` WHERE 1   [ RunTime:0.0010s ]
NOTIC: [8] Undefined variable: str E:\DevelopTools\xampp\htdocs\PShunt\App\Admin\Controller\StudentController.class.php 第 35 行.
INFO: [ view_parse ] --START--
INFO: [ template_filter ] --START--
INFO: Run Behavior\ContentReplaceBehavior [ RunTime:0.000000s ]
INFO: [ template_filter ] --END-- [ RunTime:0.000000s ]
INFO: Run Behavior\ParseTemplateBehavior [ RunTime:0.010000s ]
INFO: [ view_parse ] --END-- [ RunTime:0.010000s ]
INFO: [ view_filter ] --START--
INFO: Run Behavior\WriteHtmlCacheBehavior [ RunTime:0.000000s ]
INFO: [ view_filter ] --END-- [ RunTime:0.000000s ]
INFO: [ app_end ] --START--
INFO: Run Behavior\ShowPageTraceBehavior [ RunTime:0.001000s ]
INFO: [ app_end ] --END-- [ RunTime:0.001000s ]

[ 2017-03-16T01:09:41+08:00 ] ::1 /PShunt/index.php/Admin/Student/getAllStudentInfo?order=asc&offset=0&limit=20
INFO: [ app_init ] --START--
INFO: Run Behavior\BuildLiteBehavior [ RunTime:0.000000s ]
INFO: [ app_init ] --END-- [ RunTime:0.001000s ]
INFO: [ app_begin ] --START--
INFO: Run Behavior\ReadHtmlCacheBehavior [ RunTime:0.001000s ]
INFO: [ app_begin ] --END-- [ RunTime:0.001000s ]
SQL: SHOW COLUMNS FROM `ps_student` [ RunTime:0.0020s ]
SQL: SELECT `si_number`, `si_name`, `si_sex`, `si_grade`, `si_profession`, `si_class` FROM `ps_student` WHERE 1  [ RunTime:0.0020s ]
INFO: [ app_end ] --START--
INFO: Run Behavior\ShowPageTraceBehavior [ RunTime:0.000000s ]
INFO: [ app_end ] --END-- [ RunTime:0.000000s ]

[ 2017-03-16T01:09:43+08:00 ] ::1 /PShunt/index.php/Admin/Choice/choice?number=123
INFO: [ app_init ] --START--
INFO: Run Behavior\BuildLiteBehavior [ RunTime:0.000000s ]
INFO: [ app_init ] --END-- [ RunTime:0.000000s ]
INFO: [ app_begin ] --START--
INFO: Run Behavior\ReadHtmlCacheBehavior [ RunTime:0.000000s ]
INFO: [ app_begin ] --END-- [ RunTime:0.000000s ]
SQL: SHOW COLUMNS FROM `ps_s_course` [ RunTime:0.0010s ]
SQL: SHOW COLUMNS FROM `ps_course` [ RunTime:0.0020s ]
SQL: SHOW COLUMNS FROM `ps_student` [ RunTime:0.0020s ]
SQL: SELECT `si_name`,`si_sex`,`si_grade`,`si_profession`,`si_class`,`si_ischange` FROM `ps_student` WHERE ( si_number = 123 )  [ RunTime:0.0000s ]
SQL: SELECT courseID AS c_id FROM `ps_s_course` WHERE ( SNumber = 123 )  [ RunTime:0.0000s ]
INFO: [ view_parse ] --START--
INFO: [ template_filter ] --START--
INFO: Run Behavior\ContentReplaceBehavior [ RunTime:0.000000s ]
INFO: [ template_filter ] --END-- [ RunTime:0.000000s ]
INFO: Run Behavior\ParseTemplateBehavior [ RunTime:0.005000s ]
INFO: [ view_parse ] --END-- [ RunTime:0.005000s ]
INFO: [ view_filter ] --START--
INFO: Run Behavior\WriteHtmlCacheBehavior [ RunTime:0.000000s ]
INFO: [ view_filter ] --END-- [ RunTime:0.000000s ]
INFO: [ app_end ] --START--
INFO: Run Behavior\ShowPageTraceBehavior [ RunTime:0.000000s ]
INFO: [ app_end ] --END-- [ RunTime:0.000000s ]

[ 2017-03-16T01:10:32+08:00 ] ::1 /PShunt/index.php/Admin/Choice/choice?number=123
INFO: [ app_init ] --START--
INFO: Run Behavior\BuildLiteBehavior [ RunTime:0.000000s ]
INFO: [ app_init ] --END-- [ RunTime:0.000000s ]
INFO: [ app_begin ] --START--
INFO: Run Behavior\ReadHtmlCacheBehavior [ RunTime:0.000000s ]
INFO: [ app_begin ] --END-- [ RunTime:0.000000s ]
SQL: SHOW COLUMNS FROM `ps_s_course` [ RunTime:0.0020s ]
SQL: SHOW COLUMNS FROM `ps_course` [ RunTime:0.0020s ]
SQL: SHOW COLUMNS FROM `ps_student` [ RunTime:0.0020s ]
SQL: SELECT `si_name`,`si_sex`,`si_grade`,`si_profession`,`si_class`,`si_ischange` FROM `ps_student` WHERE ( si_number = 123 )  [ RunTime:0.0010s ]
SQL: SELECT courseID AS c_id FROM `ps_s_course` WHERE ( SNumber = 123 )  [ RunTime:0.0000s ]
INFO: [ view_parse ] --START--
INFO: [ template_filter ] --START--
INFO: Run Behavior\ContentReplaceBehavior [ RunTime:0.000000s ]
INFO: [ template_filter ] --END-- [ RunTime:0.000000s ]
INFO: Run Behavior\ParseTemplateBehavior [ RunTime:0.005000s ]
INFO: [ view_parse ] --END-- [ RunTime:0.005000s ]
INFO: [ view_filter ] --START--
INFO: Run Behavior\WriteHtmlCacheBehavior [ RunTime:0.000000s ]
INFO: [ view_filter ] --END-- [ RunTime:0.000000s ]
INFO: [ app_end ] --START--
INFO: Run Behavior\ShowPageTraceBehavior [ RunTime:0.000000s ]
INFO: [ app_end ] --END-- [ RunTime:0.001000s ]

[ 2017-03-16T01:10:34+08:00 ] ::1 /PShunt/index.php/Admin/Student/student.html
INFO: [ app_init ] --START--
INFO: Run Behavior\BuildLiteBehavior [ RunTime:0.000000s ]
INFO: [ app_init ] --END-- [ RunTime:0.001000s ]
INFO: [ app_begin ] --START--
INFO: Run Behavior\ReadHtmlCacheBehavior [ RunTime:0.001000s ]
INFO: [ app_begin ] --END-- [ RunTime:0.001000s ]
SQL: SHOW COLUMNS FROM `ps_student` [ RunTime:0.0020s ]
SQL: SELECT DISTINCT `si_grade`,`si_profession`,`si_class` FROM `ps_student` WHERE 1   [ RunTime:0.0010s ]
NOTIC: [8] Undefined variable: str E:\DevelopTools\xampp\htdocs\PShunt\App\Admin\Controller\StudentController.class.php 第 35 行.
INFO: [ view_parse ] --START--
INFO: [ template_filter ] --START--
INFO: Run Behavior\ContentReplaceBehavior [ RunTime:0.000000s ]
INFO: [ template_filter ] --END-- [ RunTime:0.000000s ]
INFO: Run Behavior\ParseTemplateBehavior [ RunTime:0.006000s ]
INFO: [ view_parse ] --END-- [ RunTime:0.006000s ]
INFO: [ view_filter ] --START--
INFO: Run Behavior\WriteHtmlCacheBehavior [ RunTime:0.001000s ]
INFO: [ view_filter ] --END-- [ RunTime:0.001000s ]
INFO: [ app_end ] --START--
INFO: Run Behavior\ShowPageTraceBehavior [ RunTime:0.000000s ]
INFO: [ app_end ] --END-- [ RunTime:0.000000s ]

[ 2017-03-16T01:10:35+08:00 ] ::1 /PShunt/index.php/Admin/Student/getAllStudentInfo?order=asc&offset=0&limit=20
INFO: [ app_init ] --START--
INFO: Run Behavior\BuildLiteBehavior [ RunTime:0.000000s ]
INFO: [ app_init ] --END-- [ RunTime:0.001000s ]
INFO: [ app_begin ] --START--
INFO: Run Behavior\ReadHtmlCacheBehavior [ RunTime:0.001001s ]
INFO: [ app_begin ] --END-- [ RunTime:0.001001s ]
SQL: SHOW COLUMNS FROM `ps_student` [ RunTime:0.0030s ]
SQL: SELECT `si_number`, `si_name`, `si_sex`, `si_grade`, `si_profession`, `si_class` FROM `ps_student` WHERE 1  [ RunTime:0.0050s ]
INFO: [ app_end ] --START--
INFO: Run Behavior\ShowPageTraceBehavior [ RunTime:0.001000s ]
INFO: [ app_end ] --END-- [ RunTime:0.001000s ]

[ 2017-03-16T01:10:37+08:00 ] ::1 /PShunt/index.php/Admin/Choice/choice?number=123
INFO: [ app_init ] --START--
INFO: Run Behavior\BuildLiteBehavior [ RunTime:0.000000s ]
INFO: [ app_init ] --END-- [ RunTime:0.000000s ]
INFO: [ app_begin ] --START--
INFO: Run Behavior\ReadHtmlCacheBehavior [ RunTime:0.000000s ]
INFO: [ app_begin ] --END-- [ RunTime:0.000000s ]
SQL: SHOW COLUMNS FROM `ps_s_course` [ RunTime:0.0020s ]
SQL: SHOW COLUMNS FROM `ps_course` [ RunTime:0.0020s ]
SQL: SHOW COLUMNS FROM `ps_student` [ RunTime:0.0040s ]
SQL: SELECT `si_name`,`si_sex`,`si_grade`,`si_profession`,`si_class`,`si_ischange` FROM `ps_student` WHERE ( si_number = 123 )  [ RunTime:0.0010s ]
SQL: SELECT courseID AS c_id FROM `ps_s_course` WHERE ( SNumber = 123 )  [ RunTime:0.0010s ]
INFO: [ view_parse ] --START--
INFO: [ template_filter ] --START--
INFO: Run Behavior\ContentReplaceBehavior [ RunTime:0.000000s ]
INFO: [ template_filter ] --END-- [ RunTime:0.000000s ]
INFO: Run Behavior\ParseTemplateBehavior [ RunTime:0.004000s ]
INFO: [ view_parse ] --END-- [ RunTime:0.004000s ]
INFO: [ view_filter ] --START--
INFO: Run Behavior\WriteHtmlCacheBehavior [ RunTime:0.001000s ]
INFO: [ view_filter ] --END-- [ RunTime:0.001000s ]
INFO: [ app_end ] --START--
INFO: Run Behavior\ShowPageTraceBehavior [ RunTime:0.000000s ]
INFO: [ app_end ] --END-- [ RunTime:0.000000s ]

[ 2017-03-16T01:11:56+08:00 ] ::1 /PShunt/index.php/Admin/Student/student.html
INFO: [ app_init ] --START--
INFO: Run Behavior\BuildLiteBehavior [ RunTime:0.000000s ]
INFO: [ app_init ] --END-- [ RunTime:0.000000s ]
INFO: [ app_begin ] --START--
INFO: Run Behavior\ReadHtmlCacheBehavior [ RunTime:0.002000s ]
INFO: [ app_begin ] --END-- [ RunTime:0.002000s ]
SQL: SHOW COLUMNS FROM `ps_student` [ RunTime:0.0010s ]
SQL: SELECT DISTINCT `si_grade`,`si_profession`,`si_class` FROM `ps_student` WHERE 1   [ RunTime:0.0000s ]
NOTIC: [8] Undefined variable: str E:\DevelopTools\xampp\htdocs\PShunt\App\Admin\Controller\StudentController.class.php 第 35 行.
INFO: [ view_parse ] --START--
INFO: [ template_filter ] --START--
INFO: Run Behavior\ContentReplaceBehavior [ RunTime:0.000000s ]
INFO: [ template_filter ] --END-- [ RunTime:0.000000s ]
INFO: Run Behavior\ParseTemplateBehavior [ RunTime:0.006001s ]
INFO: [ view_parse ] --END-- [ RunTime:0.006001s ]
INFO: [ view_filter ] --START--
INFO: Run Behavior\WriteHtmlCacheBehavior [ RunTime:0.000000s ]
INFO: [ view_filter ] --END-- [ RunTime:0.000000s ]
INFO: [ app_end ] --START--
INFO: Run Behavior\ShowPageTraceBehavior [ RunTime:0.000000s ]
INFO: [ app_end ] --END-- [ RunTime:0.000000s ]

[ 2017-03-16T01:11:56+08:00 ] ::1 /PShunt/index.php/Admin/Student/getAllStudentInfo?order=asc&offset=0&limit=20
INFO: [ app_init ] --START--
INFO: Run Behavior\BuildLiteBehavior [ RunTime:0.000000s ]
INFO: [ app_init ] --END-- [ RunTime:0.000000s ]
INFO: [ app_begin ] --START--
INFO: Run Behavior\ReadHtmlCacheBehavior [ RunTime:0.001000s ]
INFO: [ app_begin ] --END-- [ RunTime:0.001000s ]
SQL: SHOW COLUMNS FROM `ps_student` [ RunTime:0.0020s ]
SQL: SELECT `si_number`, `si_name`, `si_sex`, `si_grade`, `si_profession`, `si_class` FROM `ps_student` WHERE 1  [ RunTime:0.0030s ]
INFO: [ app_end ] --START--
INFO: Run Behavior\ShowPageTraceBehavior [ RunTime:0.000000s ]
INFO: [ app_end ] --END-- [ RunTime:0.001000s ]

[ 2017-03-16T01:11:57+08:00 ] ::1 /PShunt/index.php/Admin/Choice/choice?number=123
INFO: [ app_init ] --START--
INFO: Run Behavior\BuildLiteBehavior [ RunTime:0.000000s ]
INFO: [ app_init ] --END-- [ RunTime:0.000000s ]
INFO: [ app_begin ] --START--
INFO: Run Behavior\ReadHtmlCacheBehavior [ RunTime:0.001000s ]
INFO: [ app_begin ] --END-- [ RunTime:0.001000s ]
SQL: SHOW COLUMNS FROM `ps_s_course` [ RunTime:0.0020s ]
SQL: SHOW COLUMNS FROM `ps_course` [ RunTime:0.0020s ]
SQL: SHOW COLUMNS FROM `ps_student` [ RunTime:0.0020s ]
SQL: SELECT `si_name`,`si_sex`,`si_grade`,`si_profession`,`si_class`,`si_ischange` FROM `ps_student` WHERE ( si_number = 123 )  [ RunTime:0.0010s ]
SQL: SELECT courseID AS c_id FROM `ps_s_course` WHERE ( SNumber = 123 )  [ RunTime:0.0000s ]
INFO: [ view_parse ] --START--
INFO: [ template_filter ] --START--
INFO: Run Behavior\ContentReplaceBehavior [ RunTime:0.000000s ]
INFO: [ template_filter ] --END-- [ RunTime:0.000000s ]
INFO: Run Behavior\ParseTemplateBehavior [ RunTime:0.006001s ]
INFO: [ view_parse ] --END-- [ RunTime:0.006001s ]
INFO: [ view_filter ] --START--
INFO: Run Behavior\WriteHtmlCacheBehavior [ RunTime:0.000000s ]
INFO: [ view_filter ] --END-- [ RunTime:0.000000s ]
INFO: [ app_end ] --START--
INFO: Run Behavior\ShowPageTraceBehavior [ RunTime:0.001000s ]
INFO: [ app_end ] --END-- [ RunTime:0.001000s ]

[ 2017-03-16T01:12:10+08:00 ] ::1 /PShunt/index.php/Admin/Choice/choice?number=123
INFO: [ app_init ] --START--
INFO: Run Behavior\BuildLiteBehavior [ RunTime:0.000000s ]
INFO: [ app_init ] --END-- [ RunTime:0.000000s ]
INFO: [ app_begin ] --START--
INFO: Run Behavior\ReadHtmlCacheBehavior [ RunTime:0.000000s ]
INFO: [ app_begin ] --END-- [ RunTime:0.000000s ]
SQL: SHOW COLUMNS FROM `ps_s_course` [ RunTime:0.0010s ]
SQL: SHOW COLUMNS FROM `ps_course` [ RunTime:0.0010s ]
SQL: SHOW COLUMNS FROM `ps_student` [ RunTime:0.0010s ]
SQL: SELECT `si_name`,`si_sex`,`si_grade`,`si_profession`,`si_class`,`si_ischange` FROM `ps_student` WHERE ( si_number = 123 )  [ RunTime:0.0010s ]
SQL: SELECT courseID AS c_id FROM `ps_s_course` WHERE ( SNumber = 123 )  [ RunTime:0.0010s ]
INFO: [ view_parse ] --START--
INFO: [ template_filter ] --START--
INFO: Run Behavior\ContentReplaceBehavior [ RunTime:0.000000s ]
INFO: [ template_filter ] --END-- [ RunTime:0.000000s ]
INFO: Run Behavior\ParseTemplateBehavior [ RunTime:0.006000s ]
INFO: [ view_parse ] --END-- [ RunTime:0.006000s ]
INFO: [ view_filter ] --START--
INFO: Run Behavior\WriteHtmlCacheBehavior [ RunTime:0.000000s ]
INFO: [ view_filter ] --END-- [ RunTime:0.000000s ]
INFO: [ app_end ] --START--
INFO: Run Behavior\ShowPageTraceBehavior [ RunTime:0.001000s ]
INFO: [ app_end ] --END-- [ RunTime:0.001000s ]

[ 2017-03-16T01:12:26+08:00 ] ::1 /PShunt/index.php/Admin/Student/student.html
INFO: [ app_init ] --START--
INFO: Run Behavior\BuildLiteBehavior [ RunTime:0.000000s ]
INFO: [ app_init ] --END-- [ RunTime:0.000000s ]
INFO: [ app_begin ] --START--
INFO: Run Behavior\ReadHtmlCacheBehavior [ RunTime:0.000000s ]
INFO: [ app_begin ] --END-- [ RunTime:0.000000s ]
SQL: SHOW COLUMNS FROM `ps_student` [ RunTime:0.0020s ]
SQL: SELECT DISTINCT `si_grade`,`si_profession`,`si_class` FROM `ps_student` WHERE 1   [ RunTime:0.0010s ]
NOTIC: [8] Undefined variable: str E:\DevelopTools\xampp\htdocs\PShunt\App\Admin\Controller\StudentController.class.php 第 35 行.
INFO: [ view_parse ] --START--
INFO: [ template_filter ] --START--
INFO: Run Behavior\ContentReplaceBehavior [ RunTime:0.000000s ]
INFO: [ template_filter ] --END-- [ RunTime:0.000000s ]
INFO: Run Behavior\ParseTemplateBehavior [ RunTime:0.008000s ]
INFO: [ view_parse ] --END-- [ RunTime:0.008000s ]
INFO: [ view_filter ] --START--
INFO: Run Behavior\WriteHtmlCacheBehavior [ RunTime:0.000000s ]
INFO: [ view_filter ] --END-- [ RunTime:0.000000s ]
INFO: [ app_end ] --START--
INFO: Run Behavior\ShowPageTraceBehavior [ RunTime:0.001000s ]
INFO: [ app_end ] --END-- [ RunTime:0.001000s ]

[ 2017-03-16T01:12:26+08:00 ] ::1 /PShunt/index.php/Admin/Student/getAllStudentInfo?order=asc&offset=0&limit=20
INFO: [ app_init ] --START--
INFO: Run Behavior\BuildLiteBehavior [ RunTime:0.000000s ]
INFO: [ app_init ] --END-- [ RunTime:0.000000s ]
INFO: [ app_begin ] --START--
INFO: Run Behavior\ReadHtmlCacheBehavior [ RunTime:0.001000s ]
INFO: [ app_begin ] --END-- [ RunTime:0.001000s ]
SQL: SHOW COLUMNS FROM `ps_student` [ RunTime:0.0020s ]
SQL: SELECT `si_number`, `si_name`, `si_sex`, `si_grade`, `si_profession`, `si_class` FROM `ps_student` WHERE 1  [ RunTime:0.0040s ]
INFO: [ app_end ] --START--
INFO: Run Behavior\ShowPageTraceBehavior [ RunTime:0.001000s ]
INFO: [ app_end ] --END-- [ RunTime:0.001000s ]

[ 2017-03-16T01:12:27+08:00 ] ::1 /PShunt/index.php/Admin/Choice/choice?number=123
INFO: [ app_init ] --START--
INFO: Run Behavior\BuildLiteBehavior [ RunTime:0.000000s ]
INFO: [ app_init ] --END-- [ RunTime:0.001000s ]
INFO: [ app_begin ] --START--
INFO: Run Behavior\ReadHtmlCacheBehavior [ RunTime:0.001000s ]
INFO: [ app_begin ] --END-- [ RunTime:0.001000s ]
SQL: SHOW COLUMNS FROM `ps_s_course` [ RunTime:0.0010s ]
SQL: SHOW COLUMNS FROM `ps_course` [ RunTime:0.0010s ]
SQL: SHOW COLUMNS FROM `ps_student` [ RunTime:0.0010s ]
SQL: SELECT `si_name`,`si_sex`,`si_grade`,`si_profession`,`si_class`,`si_ischange` FROM `ps_student` WHERE ( si_number = 123 )  [ RunTime:0.0010s ]
SQL: SELECT courseID AS c_id FROM `ps_s_course` WHERE ( SNumber = 123 )  [ RunTime:0.0000s ]
INFO: [ view_parse ] --START--
INFO: [ template_filter ] --START--
INFO: Run Behavior\ContentReplaceBehavior [ RunTime:0.000000s ]
INFO: [ template_filter ] --END-- [ RunTime:0.000000s ]
INFO: Run Behavior\ParseTemplateBehavior [ RunTime:0.011001s ]
INFO: [ view_parse ] --END-- [ RunTime:0.011001s ]
INFO: [ view_filter ] --START--
INFO: Run Behavior\WriteHtmlCacheBehavior [ RunTime:0.000000s ]
INFO: [ view_filter ] --END-- [ RunTime:0.000000s ]
INFO: [ app_end ] --START--
INFO: Run Behavior\ShowPageTraceBehavior [ RunTime:0.001000s ]
INFO: [ app_end ] --END-- [ RunTime:0.001000s ]

[ 2017-03-16T01:13:00+08:00 ] ::1 /PShunt/index.php/Admin/Student/student.html
INFO: [ app_init ] --START--
INFO: Run Behavior\BuildLiteBehavior [ RunTime:0.000000s ]
INFO: [ app_init ] --END-- [ RunTime:0.000000s ]
INFO: [ app_begin ] --START--
INFO: Run Behavior\ReadHtmlCacheBehavior [ RunTime:0.000000s ]
INFO: [ app_begin ] --END-- [ RunTime:0.000000s ]
SQL: SHOW COLUMNS FROM `ps_student` [ RunTime:0.0040s ]
SQL: SELECT DISTINCT `si_grade`,`si_profession`,`si_class` FROM `ps_student` WHERE 1   [ RunTime:0.0020s ]
NOTIC: [8] Undefined variable: str E:\DevelopTools\xampp\htdocs\PShunt\App\Admin\Controller\StudentController.class.php 第 35 行.
INFO: [ view_parse ] --START--
INFO: [ template_filter ] --START--
INFO: Run Behavior\ContentReplaceBehavior [ RunTime:0.000000s ]
INFO: [ template_filter ] --END-- [ RunTime:0.000000s ]
INFO: Run Behavior\ParseTemplateBehavior [ RunTime:0.005001s ]
INFO: [ view_parse ] --END-- [ RunTime:0.005001s ]
INFO: [ view_filter ] --START--
INFO: Run Behavior\WriteHtmlCacheBehavior [ RunTime:0.000000s ]
INFO: [ view_filter ] --END-- [ RunTime:0.000000s ]
INFO: [ app_end ] --START--
INFO: Run Behavior\ShowPageTraceBehavior [ RunTime:0.000000s ]
INFO: [ app_end ] --END-- [ RunTime:0.000000s ]

[ 2017-03-16T01:13:01+08:00 ] ::1 /PShunt/index.php/Admin/Student/getAllStudentInfo?order=asc&offset=0&limit=20
INFO: [ app_init ] --START--
INFO: Run Behavior\BuildLiteBehavior [ RunTime:0.000000s ]
INFO: [ app_init ] --END-- [ RunTime:0.000000s ]
INFO: [ app_begin ] --START--
INFO: Run Behavior\ReadHtmlCacheBehavior [ RunTime:0.001000s ]
INFO: [ app_begin ] --END-- [ RunTime:0.001000s ]
SQL: SHOW COLUMNS FROM `ps_student` [ RunTime:0.0010s ]
SQL: SELECT `si_number`, `si_name`, `si_sex`, `si_grade`, `si_profession`, `si_class` FROM `ps_student` WHERE 1  [ RunTime:0.0020s ]
INFO: [ app_end ] --START--
INFO: Run Behavior\ShowPageTraceBehavior [ RunTime:0.001000s ]
INFO: [ app_end ] --END-- [ RunTime:0.001000s ]

[ 2017-03-16T01:13:03+08:00 ] ::1 /PShunt/index.php/Admin/Choice/choice?number=123
INFO: [ app_init ] --START--
INFO: Run Behavior\BuildLiteBehavior [ RunTime:0.000000s ]
INFO: [ app_init ] --END-- [ RunTime:0.001000s ]
INFO: [ app_begin ] --START--
INFO: Run Behavior\ReadHtmlCacheBehavior [ RunTime:0.001000s ]
INFO: [ app_begin ] --END-- [ RunTime:0.001000s ]
SQL: SHOW COLUMNS FROM `ps_s_course` [ RunTime:0.0020s ]
SQL: SHOW COLUMNS FROM `ps_course` [ RunTime:0.0030s ]
SQL: SHOW COLUMNS FROM `ps_student` [ RunTime:0.0010s ]
SQL: SELECT `si_name`,`si_sex`,`si_grade`,`si_profession`,`si_class`,`si_ischange` FROM `ps_student` WHERE ( si_number = 123 )  [ RunTime:0.0000s ]
SQL: SELECT courseID AS c_id FROM `ps_s_course` WHERE ( SNumber = 123 )  [ RunTime:0.0000s ]
INFO: [ view_parse ] --START--
INFO: [ template_filter ] --START--
INFO: Run Behavior\ContentReplaceBehavior [ RunTime:0.000000s ]
INFO: [ template_filter ] --END-- [ RunTime:0.000000s ]
INFO: Run Behavior\ParseTemplateBehavior [ RunTime:0.005001s ]
INFO: [ view_parse ] --END-- [ RunTime:0.005001s ]
INFO: [ view_filter ] --START--
INFO: Run Behavior\WriteHtmlCacheBehavior [ RunTime:0.000000s ]
INFO: [ view_filter ] --END-- [ RunTime:0.000000s ]
INFO: [ app_end ] --START--
INFO: Run Behavior\ShowPageTraceBehavior [ RunTime:0.000000s ]
INFO: [ app_end ] --END-- [ RunTime:0.000000s ]

[ 2017-03-16T01:13:49+08:00 ] ::1 /PShunt/index.php/Admin/Student/student.html
INFO: [ app_init ] --START--
INFO: Run Behavior\BuildLiteBehavior [ RunTime:0.000000s ]
INFO: [ app_init ] --END-- [ RunTime:0.000000s ]
INFO: [ app_begin ] --START--
INFO: Run Behavior\ReadHtmlCacheBehavior [ RunTime:0.001000s ]
INFO: [ app_begin ] --END-- [ RunTime:0.001000s ]
SQL: SHOW COLUMNS FROM `ps_student` [ RunTime:0.0030s ]
SQL: SELECT DISTINCT `si_grade`,`si_profession`,`si_class` FROM `ps_student` WHERE 1   [ RunTime:0.0010s ]
NOTIC: [8] Undefined variable: str E:\DevelopTools\xampp\htdocs\PShunt\App\Admin\Controller\StudentController.class.php 第 35 行.
INFO: [ view_parse ] --START--
INFO: [ template_filter ] --START--
INFO: Run Behavior\ContentReplaceBehavior [ RunTime:0.000000s ]
INFO: [ template_filter ] --END-- [ RunTime:0.000000s ]
INFO: Run Behavior\ParseTemplateBehavior [ RunTime:0.006000s ]
INFO: [ view_parse ] --END-- [ RunTime:0.006000s ]
INFO: [ view_filter ] --START--
INFO: Run Behavior\WriteHtmlCacheBehavior [ RunTime:0.000000s ]
INFO: [ view_filter ] --END-- [ RunTime:0.000000s ]
INFO: [ app_end ] --START--
INFO: Run Behavior\ShowPageTraceBehavior [ RunTime:0.000000s ]
INFO: [ app_end ] --END-- [ RunTime:0.001000s ]

[ 2017-03-16T01:13:49+08:00 ] ::1 /PShunt/index.php/Admin/Student/getAllStudentInfo?order=asc&offset=0&limit=20
INFO: [ app_init ] --START--
INFO: Run Behavior\BuildLiteBehavior [ RunTime:0.000000s ]
INFO: [ app_init ] --END-- [ RunTime:0.000000s ]
INFO: [ app_begin ] --START--
INFO: Run Behavior\ReadHtmlCacheBehavior [ RunTime:0.000000s ]
INFO: [ app_begin ] --END-- [ RunTime:0.000000s ]
SQL: SHOW COLUMNS FROM `ps_student` [ RunTime:0.0020s ]
SQL: SELECT `si_number`, `si_name`, `si_sex`, `si_grade`, `si_profession`, `si_class` FROM `ps_student` WHERE 1  [ RunTime:0.0030s ]
INFO: [ app_end ] --START--
INFO: Run Behavior\ShowPageTraceBehavior [ RunTime:0.001000s ]
INFO: [ app_end ] --END-- [ RunTime:0.001000s ]

[ 2017-03-16T01:13:51+08:00 ] ::1 /PShunt/index.php/Admin/Choice/choice?number=123
INFO: [ app_init ] --START--
INFO: Run Behavior\BuildLiteBehavior [ RunTime:0.000000s ]
INFO: [ app_init ] --END-- [ RunTime:0.000000s ]
INFO: [ app_begin ] --START--
INFO: Run Behavior\ReadHtmlCacheBehavior [ RunTime:0.001000s ]
INFO: [ app_begin ] --END-- [ RunTime:0.001000s ]
SQL: SHOW COLUMNS FROM `ps_s_course` [ RunTime:0.0030s ]
SQL: SHOW COLUMNS FROM `ps_course` [ RunTime:0.0010s ]
SQL: SHOW COLUMNS FROM `ps_student` [ RunTime:0.0010s ]
SQL: SELECT `si_name`,`si_sex`,`si_grade`,`si_profession`,`si_class`,`si_ischange` FROM `ps_student` WHERE ( si_number = 123 )  [ RunTime:0.0010s ]
SQL: SELECT courseID AS c_id FROM `ps_s_course` WHERE ( SNumber = 123 )  [ RunTime:0.0000s ]
INFO: [ view_parse ] --START--
INFO: [ template_filter ] --START--
INFO: Run Behavior\ContentReplaceBehavior [ RunTime:0.000000s ]
INFO: [ template_filter ] --END-- [ RunTime:0.000000s ]
INFO: Run Behavior\ParseTemplateBehavior [ RunTime:0.005000s ]
INFO: [ view_parse ] --END-- [ RunTime:0.005000s ]
INFO: [ view_filter ] --START--
INFO: Run Behavior\WriteHtmlCacheBehavior [ RunTime:0.000000s ]
INFO: [ view_filter ] --END-- [ RunTime:0.000000s ]
INFO: [ app_end ] --START--
INFO: Run Behavior\ShowPageTraceBehavior [ RunTime:0.001000s ]
INFO: [ app_end ] --END-- [ RunTime:0.001000s ]

[ 2017-03-16T01:14:25+08:00 ] ::1 /PShunt/index.php/Admin/Student/student.html
INFO: [ app_init ] --START--
INFO: Run Behavior\BuildLiteBehavior [ RunTime:0.000000s ]
INFO: [ app_init ] --END-- [ RunTime:0.001000s ]
INFO: [ app_begin ] --START--
INFO: Run Behavior\ReadHtmlCacheBehavior [ RunTime:0.001000s ]
INFO: [ app_begin ] --END-- [ RunTime:0.001000s ]
SQL: SHOW COLUMNS FROM `ps_student` [ RunTime:0.0010s ]
SQL: SELECT DISTINCT `si_grade`,`si_profession`,`si_class` FROM `ps_student` WHERE 1   [ RunTime:0.0010s ]
NOTIC: [8] Undefined variable: str E:\DevelopTools\xampp\htdocs\PShunt\App\Admin\Controller\StudentController.class.php 第 35 行.
INFO: [ view_parse ] --START--
INFO: [ template_filter ] --START--
INFO: Run Behavior\ContentReplaceBehavior [ RunTime:0.001000s ]
INFO: [ template_filter ] --END-- [ RunTime:0.001000s ]
INFO: Run Behavior\ParseTemplateBehavior [ RunTime:0.007000s ]
INFO: [ view_parse ] --END-- [ RunTime:0.007000s ]
INFO: [ view_filter ] --START--
INFO: Run Behavior\WriteHtmlCacheBehavior [ RunTime:0.001000s ]
INFO: [ view_filter ] --END-- [ RunTime:0.001000s ]
INFO: [ app_end ] --START--
INFO: Run Behavior\ShowPageTraceBehavior [ RunTime:0.001000s ]
INFO: [ app_end ] --END-- [ RunTime:0.001000s ]

[ 2017-03-16T01:14:25+08:00 ] ::1 /PShunt/index.php/Admin/Student/getAllStudentInfo?order=asc&offset=0&limit=20
INFO: [ app_init ] --START--
INFO: Run Behavior\BuildLiteBehavior [ RunTime:0.000000s ]
INFO: [ app_init ] --END-- [ RunTime:0.001000s ]
INFO: [ app_begin ] --START--
INFO: Run Behavior\ReadHtmlCacheBehavior [ RunTime:0.000000s ]
INFO: [ app_begin ] --END-- [ RunTime:0.000000s ]
SQL: SHOW COLUMNS FROM `ps_student` [ RunTime:0.0020s ]
SQL: SELECT `si_number`, `si_name`, `si_sex`, `si_grade`, `si_profession`, `si_class` FROM `ps_student` WHERE 1  [ RunTime:0.0020s ]
INFO: [ app_end ] --START--
INFO: Run Behavior\ShowPageTraceBehavior [ RunTime:0.001000s ]
INFO: [ app_end ] --END-- [ RunTime:0.001000s ]

[ 2017-03-16T01:14:27+08:00 ] ::1 /PShunt/index.php/Admin/Choice/choice?number=123
INFO: [ app_init ] --START--
INFO: Run Behavior\BuildLiteBehavior [ RunTime:0.000000s ]
INFO: [ app_init ] --END-- [ RunTime:0.000000s ]
INFO: [ app_begin ] --START--
INFO: Run Behavior\ReadHtmlCacheBehavior [ RunTime:0.000000s ]
INFO: [ app_begin ] --END-- [ RunTime:0.000000s ]
SQL: SHOW COLUMNS FROM `ps_s_course` [ RunTime:0.0020s ]
SQL: SHOW COLUMNS FROM `ps_course` [ RunTime:0.0050s ]
SQL: SHOW COLUMNS FROM `ps_student` [ RunTime:0.0020s ]
SQL: SELECT `si_name`,`si_sex`,`si_grade`,`si_profession`,`si_class`,`si_ischange` FROM `ps_student` WHERE ( si_number = 123 )  [ RunTime:0.0000s ]
SQL: SELECT courseID AS c_id FROM `ps_s_course` WHERE ( SNumber = 123 )  [ RunTime:0.0010s ]
INFO: [ view_parse ] --START--
INFO: [ template_filter ] --START--
INFO: Run Behavior\ContentReplaceBehavior [ RunTime:0.000000s ]
INFO: [ template_filter ] --END-- [ RunTime:0.000000s ]
INFO: Run Behavior\ParseTemplateBehavior [ RunTime:0.006000s ]
INFO: [ view_parse ] --END-- [ RunTime:0.006000s ]
INFO: [ view_filter ] --START--
INFO: Run Behavior\WriteHtmlCacheBehavior [ RunTime:0.000000s ]
INFO: [ view_filter ] --END-- [ RunTime:0.000000s ]
INFO: [ app_end ] --START--
INFO: Run Behavior\ShowPageTraceBehavior [ RunTime:0.001001s ]
INFO: [ app_end ] --END-- [ RunTime:0.001001s ]

